[2022-02-08 10:13:36,747] {processor.py:163} INFO - Started process (PID=628) to work on /home/airflow/.local/lib/python3.7/site-packages/airflow/example_dags/example_branch_day_of_week_operator.py
[2022-02-08 10:13:36,751] {processor.py:642} INFO - Processing file /home/airflow/.local/lib/python3.7/site-packages/airflow/example_dags/example_branch_day_of_week_operator.py for tasks to queue
[2022-02-08 10:13:36,753] {logging_mixin.py:109} INFO - [2022-02-08 10:13:36,752] {dagbag.py:500} INFO - Filling up the DagBag from /home/airflow/.local/lib/python3.7/site-packages/airflow/example_dags/example_branch_day_of_week_operator.py
[2022-02-08 10:13:36,818] {processor.py:654} INFO - DAG(s) dict_keys(['example_weekday_branch_operator']) retrieved from /home/airflow/.local/lib/python3.7/site-packages/airflow/example_dags/example_branch_day_of_week_operator.py
[2022-02-08 10:13:47,113] {logging_mixin.py:109} INFO - [2022-02-08 10:13:47,113] {manager.py:496} INFO - Created Permission View: can read on DAG:example_weekday_branch_operator
[2022-02-08 10:13:47,175] {logging_mixin.py:109} INFO - [2022-02-08 10:13:47,175] {manager.py:496} INFO - Created Permission View: can edit on DAG:example_weekday_branch_operator
[2022-02-08 10:13:47,178] {logging_mixin.py:109} INFO - [2022-02-08 10:13:47,177] {dag.py:2396} INFO - Sync 1 DAGs
[2022-02-08 10:13:47,224] {logging_mixin.py:109} INFO - [2022-02-08 10:13:47,223] {dag.py:2415} INFO - Creating ORM DAG for example_weekday_branch_operator
[2022-02-08 10:13:47,289] {logging_mixin.py:109} INFO - [2022-02-08 10:13:47,288] {dag.py:2935} INFO - Setting next_dagrun for example_weekday_branch_operator to 2022-02-07 00:00:00+00:00
[2022-02-08 10:13:47,369] {processor.py:171} INFO - Processing /home/airflow/.local/lib/python3.7/site-packages/airflow/example_dags/example_branch_day_of_week_operator.py took 10.629 seconds
[2022-02-08 10:14:18,410] {processor.py:163} INFO - Started process (PID=749) to work on /home/airflow/.local/lib/python3.7/site-packages/airflow/example_dags/example_branch_day_of_week_operator.py
[2022-02-08 10:14:18,416] {processor.py:642} INFO - Processing file /home/airflow/.local/lib/python3.7/site-packages/airflow/example_dags/example_branch_day_of_week_operator.py for tasks to queue
[2022-02-08 10:14:18,419] {logging_mixin.py:109} INFO - [2022-02-08 10:14:18,419] {dagbag.py:500} INFO - Filling up the DagBag from /home/airflow/.local/lib/python3.7/site-packages/airflow/example_dags/example_branch_day_of_week_operator.py
[2022-02-08 10:14:18,478] {processor.py:654} INFO - DAG(s) dict_keys(['example_weekday_branch_operator']) retrieved from /home/airflow/.local/lib/python3.7/site-packages/airflow/example_dags/example_branch_day_of_week_operator.py
[2022-02-08 10:14:18,507] {logging_mixin.py:109} INFO - [2022-02-08 10:14:18,506] {dag.py:2396} INFO - Sync 1 DAGs
[2022-02-08 10:14:18,554] {logging_mixin.py:109} INFO - [2022-02-08 10:14:18,553] {dag.py:2935} INFO - Setting next_dagrun for example_weekday_branch_operator to 2022-02-07 00:00:00+00:00
[2022-02-08 10:14:18,592] {processor.py:171} INFO - Processing /home/airflow/.local/lib/python3.7/site-packages/airflow/example_dags/example_branch_day_of_week_operator.py took 0.191 seconds
[2022-02-08 10:14:48,902] {processor.py:163} INFO - Started process (PID=848) to work on /home/airflow/.local/lib/python3.7/site-packages/airflow/example_dags/example_branch_day_of_week_operator.py
[2022-02-08 10:14:48,906] {processor.py:642} INFO - Processing file /home/airflow/.local/lib/python3.7/site-packages/airflow/example_dags/example_branch_day_of_week_operator.py for tasks to queue
[2022-02-08 10:14:48,909] {logging_mixin.py:109} INFO - [2022-02-08 10:14:48,908] {dagbag.py:500} INFO - Filling up the DagBag from /home/airflow/.local/lib/python3.7/site-packages/airflow/example_dags/example_branch_day_of_week_operator.py
[2022-02-08 10:14:49,039] {processor.py:654} INFO - DAG(s) dict_keys(['example_weekday_branch_operator']) retrieved from /home/airflow/.local/lib/python3.7/site-packages/airflow/example_dags/example_branch_day_of_week_operator.py
[2022-02-08 10:14:49,103] {logging_mixin.py:109} INFO - [2022-02-08 10:14:49,103] {dag.py:2396} INFO - Sync 1 DAGs
[2022-02-08 10:14:49,180] {logging_mixin.py:109} INFO - [2022-02-08 10:14:49,180] {dag.py:2935} INFO - Setting next_dagrun for example_weekday_branch_operator to 2022-02-07 00:00:00+00:00
[2022-02-08 10:14:49,234] {processor.py:171} INFO - Processing /home/airflow/.local/lib/python3.7/site-packages/airflow/example_dags/example_branch_day_of_week_operator.py took 0.338 seconds
[2022-02-08 10:15:19,705] {processor.py:163} INFO - Started process (PID=930) to work on /home/airflow/.local/lib/python3.7/site-packages/airflow/example_dags/example_branch_day_of_week_operator.py
[2022-02-08 10:15:19,710] {processor.py:642} INFO - Processing file /home/airflow/.local/lib/python3.7/site-packages/airflow/example_dags/example_branch_day_of_week_operator.py for tasks to queue
[2022-02-08 10:15:19,714] {logging_mixin.py:109} INFO - [2022-02-08 10:15:19,713] {dagbag.py:500} INFO - Filling up the DagBag from /home/airflow/.local/lib/python3.7/site-packages/airflow/example_dags/example_branch_day_of_week_operator.py
[2022-02-08 10:15:19,802] {processor.py:654} INFO - DAG(s) dict_keys(['example_weekday_branch_operator']) retrieved from /home/airflow/.local/lib/python3.7/site-packages/airflow/example_dags/example_branch_day_of_week_operator.py
[2022-02-08 10:15:19,843] {logging_mixin.py:109} INFO - [2022-02-08 10:15:19,842] {dag.py:2396} INFO - Sync 1 DAGs
[2022-02-08 10:15:19,906] {logging_mixin.py:109} INFO - [2022-02-08 10:15:19,905] {dag.py:2935} INFO - Setting next_dagrun for example_weekday_branch_operator to 2022-02-07 00:00:00+00:00
[2022-02-08 10:15:19,958] {processor.py:171} INFO - Processing /home/airflow/.local/lib/python3.7/site-packages/airflow/example_dags/example_branch_day_of_week_operator.py took 0.260 seconds
[2022-02-08 10:23:54,442] {processor.py:163} INFO - Started process (PID=454) to work on /home/airflow/.local/lib/python3.7/site-packages/airflow/example_dags/example_branch_day_of_week_operator.py
[2022-02-08 10:23:54,461] {processor.py:642} INFO - Processing file /home/airflow/.local/lib/python3.7/site-packages/airflow/example_dags/example_branch_day_of_week_operator.py for tasks to queue
[2022-02-08 10:23:54,470] {logging_mixin.py:109} INFO - [2022-02-08 10:23:54,470] {dagbag.py:500} INFO - Filling up the DagBag from /home/airflow/.local/lib/python3.7/site-packages/airflow/example_dags/example_branch_day_of_week_operator.py
[2022-02-08 10:23:55,007] {processor.py:654} INFO - DAG(s) dict_keys(['example_weekday_branch_operator']) retrieved from /home/airflow/.local/lib/python3.7/site-packages/airflow/example_dags/example_branch_day_of_week_operator.py
[2022-02-08 10:23:55,608] {logging_mixin.py:109} INFO - [2022-02-08 10:23:55,608] {dag.py:2396} INFO - Sync 1 DAGs
[2022-02-08 10:23:56,652] {logging_mixin.py:109} INFO - [2022-02-08 10:23:56,630] {dag.py:2935} INFO - Setting next_dagrun for example_weekday_branch_operator to 2022-02-07 00:00:00+00:00
[2022-02-08 10:23:56,898] {processor.py:171} INFO - Processing /home/airflow/.local/lib/python3.7/site-packages/airflow/example_dags/example_branch_day_of_week_operator.py took 2.524 seconds
[2022-02-08 11:09:58,497] {processor.py:163} INFO - Started process (PID=632) to work on /home/airflow/.local/lib/python3.7/site-packages/airflow/example_dags/example_branch_day_of_week_operator.py
[2022-02-08 11:09:58,555] {processor.py:642} INFO - Processing file /home/airflow/.local/lib/python3.7/site-packages/airflow/example_dags/example_branch_day_of_week_operator.py for tasks to queue
[2022-02-08 11:09:58,583] {logging_mixin.py:109} INFO - [2022-02-08 11:09:58,582] {dagbag.py:500} INFO - Filling up the DagBag from /home/airflow/.local/lib/python3.7/site-packages/airflow/example_dags/example_branch_day_of_week_operator.py
[2022-02-08 11:10:00,336] {processor.py:654} INFO - DAG(s) dict_keys(['example_weekday_branch_operator']) retrieved from /home/airflow/.local/lib/python3.7/site-packages/airflow/example_dags/example_branch_day_of_week_operator.py
[2022-02-08 11:10:01,169] {logging_mixin.py:109} INFO - [2022-02-08 11:10:01,168] {dag.py:2396} INFO - Sync 1 DAGs
[2022-02-08 11:10:02,766] {logging_mixin.py:109} INFO - [2022-02-08 11:10:02,765] {dag.py:2935} INFO - Setting next_dagrun for example_weekday_branch_operator to 2022-02-07 00:00:00+00:00
[2022-02-08 11:10:03,495] {processor.py:171} INFO - Processing /home/airflow/.local/lib/python3.7/site-packages/airflow/example_dags/example_branch_day_of_week_operator.py took 5.110 seconds
[2022-02-08 11:21:11,953] {processor.py:163} INFO - Started process (PID=584) to work on /home/airflow/.local/lib/python3.7/site-packages/airflow/example_dags/example_branch_day_of_week_operator.py
[2022-02-08 11:21:12,005] {processor.py:642} INFO - Processing file /home/airflow/.local/lib/python3.7/site-packages/airflow/example_dags/example_branch_day_of_week_operator.py for tasks to queue
[2022-02-08 11:21:12,060] {logging_mixin.py:109} INFO - [2022-02-08 11:21:12,060] {dagbag.py:500} INFO - Filling up the DagBag from /home/airflow/.local/lib/python3.7/site-packages/airflow/example_dags/example_branch_day_of_week_operator.py
[2022-02-08 11:21:13,771] {processor.py:654} INFO - DAG(s) dict_keys(['example_weekday_branch_operator']) retrieved from /home/airflow/.local/lib/python3.7/site-packages/airflow/example_dags/example_branch_day_of_week_operator.py
[2022-02-08 11:21:14,656] {logging_mixin.py:109} INFO - [2022-02-08 11:21:14,603] {dag.py:2396} INFO - Sync 1 DAGs
[2022-02-08 11:21:15,885] {logging_mixin.py:109} INFO - [2022-02-08 11:21:15,885] {dag.py:2935} INFO - Setting next_dagrun for example_weekday_branch_operator to 2022-02-07 00:00:00+00:00
[2022-02-08 11:21:16,010] {processor.py:171} INFO - Processing /home/airflow/.local/lib/python3.7/site-packages/airflow/example_dags/example_branch_day_of_week_operator.py took 4.214 seconds
[2022-02-08 12:36:04,585] {processor.py:163} INFO - Started process (PID=382) to work on /home/airflow/.local/lib/python3.7/site-packages/airflow/example_dags/example_branch_day_of_week_operator.py
[2022-02-08 12:36:04,608] {processor.py:642} INFO - Processing file /home/airflow/.local/lib/python3.7/site-packages/airflow/example_dags/example_branch_day_of_week_operator.py for tasks to queue
[2022-02-08 12:36:04,641] {logging_mixin.py:109} INFO - [2022-02-08 12:36:04,640] {dagbag.py:500} INFO - Filling up the DagBag from /home/airflow/.local/lib/python3.7/site-packages/airflow/example_dags/example_branch_day_of_week_operator.py
[2022-02-08 12:36:05,219] {processor.py:654} INFO - DAG(s) dict_keys(['example_weekday_branch_operator']) retrieved from /home/airflow/.local/lib/python3.7/site-packages/airflow/example_dags/example_branch_day_of_week_operator.py
[2022-02-08 12:36:05,525] {logging_mixin.py:109} INFO - [2022-02-08 12:36:05,524] {dag.py:2396} INFO - Sync 1 DAGs
[2022-02-08 12:36:06,138] {logging_mixin.py:109} INFO - [2022-02-08 12:36:06,138] {dag.py:2935} INFO - Setting next_dagrun for example_weekday_branch_operator to 2022-02-07 00:00:00+00:00
[2022-02-08 12:36:06,503] {processor.py:171} INFO - Processing /home/airflow/.local/lib/python3.7/site-packages/airflow/example_dags/example_branch_day_of_week_operator.py took 1.961 seconds
[2022-02-08 12:41:10,242] {processor.py:163} INFO - Started process (PID=628) to work on /home/airflow/.local/lib/python3.7/site-packages/airflow/example_dags/example_branch_day_of_week_operator.py
[2022-02-08 12:41:10,252] {processor.py:642} INFO - Processing file /home/airflow/.local/lib/python3.7/site-packages/airflow/example_dags/example_branch_day_of_week_operator.py for tasks to queue
[2022-02-08 12:41:10,263] {logging_mixin.py:109} INFO - [2022-02-08 12:41:10,262] {dagbag.py:500} INFO - Filling up the DagBag from /home/airflow/.local/lib/python3.7/site-packages/airflow/example_dags/example_branch_day_of_week_operator.py
[2022-02-08 12:41:11,692] {processor.py:654} INFO - DAG(s) dict_keys(['example_weekday_branch_operator']) retrieved from /home/airflow/.local/lib/python3.7/site-packages/airflow/example_dags/example_branch_day_of_week_operator.py
[2022-02-08 12:41:12,312] {logging_mixin.py:109} INFO - [2022-02-08 12:41:12,312] {dag.py:2396} INFO - Sync 1 DAGs
[2022-02-08 12:41:13,115] {logging_mixin.py:109} INFO - [2022-02-08 12:41:13,115] {dag.py:2935} INFO - Setting next_dagrun for example_weekday_branch_operator to 2022-02-07 00:00:00+00:00
[2022-02-08 12:41:13,688] {processor.py:171} INFO - Processing /home/airflow/.local/lib/python3.7/site-packages/airflow/example_dags/example_branch_day_of_week_operator.py took 3.540 seconds
[2022-02-08 12:43:52,797] {processor.py:163} INFO - Started process (PID=805) to work on /home/airflow/.local/lib/python3.7/site-packages/airflow/example_dags/example_branch_day_of_week_operator.py
[2022-02-08 12:43:52,915] {processor.py:642} INFO - Processing file /home/airflow/.local/lib/python3.7/site-packages/airflow/example_dags/example_branch_day_of_week_operator.py for tasks to queue
[2022-02-08 12:43:52,946] {logging_mixin.py:109} INFO - [2022-02-08 12:43:52,945] {dagbag.py:500} INFO - Filling up the DagBag from /home/airflow/.local/lib/python3.7/site-packages/airflow/example_dags/example_branch_day_of_week_operator.py
[2022-02-08 12:43:54,250] {processor.py:654} INFO - DAG(s) dict_keys(['example_weekday_branch_operator']) retrieved from /home/airflow/.local/lib/python3.7/site-packages/airflow/example_dags/example_branch_day_of_week_operator.py
[2022-02-08 12:43:54,935] {logging_mixin.py:109} INFO - [2022-02-08 12:43:54,935] {dag.py:2396} INFO - Sync 1 DAGs
[2022-02-08 12:43:55,953] {logging_mixin.py:109} INFO - [2022-02-08 12:43:55,953] {dag.py:2935} INFO - Setting next_dagrun for example_weekday_branch_operator to 2022-02-07 00:00:00+00:00
[2022-02-08 12:43:56,307] {processor.py:171} INFO - Processing /home/airflow/.local/lib/python3.7/site-packages/airflow/example_dags/example_branch_day_of_week_operator.py took 3.832 seconds
[2022-02-08 12:46:32,001] {processor.py:163} INFO - Started process (PID=1016) to work on /home/airflow/.local/lib/python3.7/site-packages/airflow/example_dags/example_branch_day_of_week_operator.py
[2022-02-08 12:46:32,032] {processor.py:642} INFO - Processing file /home/airflow/.local/lib/python3.7/site-packages/airflow/example_dags/example_branch_day_of_week_operator.py for tasks to queue
[2022-02-08 12:46:32,101] {logging_mixin.py:109} INFO - [2022-02-08 12:46:32,101] {dagbag.py:500} INFO - Filling up the DagBag from /home/airflow/.local/lib/python3.7/site-packages/airflow/example_dags/example_branch_day_of_week_operator.py
[2022-02-08 12:46:33,627] {processor.py:654} INFO - DAG(s) dict_keys(['example_weekday_branch_operator']) retrieved from /home/airflow/.local/lib/python3.7/site-packages/airflow/example_dags/example_branch_day_of_week_operator.py
[2022-02-08 12:46:34,395] {logging_mixin.py:109} INFO - [2022-02-08 12:46:34,394] {dag.py:2396} INFO - Sync 1 DAGs
[2022-02-08 12:46:35,398] {logging_mixin.py:109} INFO - [2022-02-08 12:46:35,398] {dag.py:2935} INFO - Setting next_dagrun for example_weekday_branch_operator to 2022-02-07 00:00:00+00:00
[2022-02-08 12:46:35,615] {processor.py:171} INFO - Processing /home/airflow/.local/lib/python3.7/site-packages/airflow/example_dags/example_branch_day_of_week_operator.py took 3.768 seconds
[2022-02-08 16:13:25,519] {processor.py:163} INFO - Started process (PID=386) to work on /home/airflow/.local/lib/python3.7/site-packages/airflow/example_dags/example_branch_day_of_week_operator.py
[2022-02-08 16:13:25,544] {processor.py:642} INFO - Processing file /home/airflow/.local/lib/python3.7/site-packages/airflow/example_dags/example_branch_day_of_week_operator.py for tasks to queue
[2022-02-08 16:13:25,563] {logging_mixin.py:109} INFO - [2022-02-08 16:13:25,563] {dagbag.py:500} INFO - Filling up the DagBag from /home/airflow/.local/lib/python3.7/site-packages/airflow/example_dags/example_branch_day_of_week_operator.py
[2022-02-08 16:13:26,117] {processor.py:654} INFO - DAG(s) dict_keys(['example_weekday_branch_operator']) retrieved from /home/airflow/.local/lib/python3.7/site-packages/airflow/example_dags/example_branch_day_of_week_operator.py
[2022-02-08 16:13:26,337] {logging_mixin.py:109} INFO - [2022-02-08 16:13:26,337] {dag.py:2396} INFO - Sync 1 DAGs
[2022-02-08 16:13:26,793] {logging_mixin.py:109} INFO - [2022-02-08 16:13:26,793] {dag.py:2935} INFO - Setting next_dagrun for example_weekday_branch_operator to 2022-02-07 00:00:00+00:00
[2022-02-08 16:13:26,974] {processor.py:171} INFO - Processing /home/airflow/.local/lib/python3.7/site-packages/airflow/example_dags/example_branch_day_of_week_operator.py took 1.479 seconds
[2022-02-08 16:33:42,007] {processor.py:163} INFO - Started process (PID=670) to work on /home/airflow/.local/lib/python3.7/site-packages/airflow/example_dags/example_branch_day_of_week_operator.py
[2022-02-08 16:33:42,024] {processor.py:642} INFO - Processing file /home/airflow/.local/lib/python3.7/site-packages/airflow/example_dags/example_branch_day_of_week_operator.py for tasks to queue
[2022-02-08 16:33:42,037] {logging_mixin.py:109} INFO - [2022-02-08 16:33:42,037] {dagbag.py:500} INFO - Filling up the DagBag from /home/airflow/.local/lib/python3.7/site-packages/airflow/example_dags/example_branch_day_of_week_operator.py
[2022-02-08 16:33:42,909] {processor.py:654} INFO - DAG(s) dict_keys(['example_weekday_branch_operator']) retrieved from /home/airflow/.local/lib/python3.7/site-packages/airflow/example_dags/example_branch_day_of_week_operator.py
[2022-02-08 16:33:43,436] {logging_mixin.py:109} INFO - [2022-02-08 16:33:43,435] {dag.py:2396} INFO - Sync 1 DAGs
[2022-02-08 16:33:44,700] {logging_mixin.py:109} INFO - [2022-02-08 16:33:44,696] {dag.py:2935} INFO - Setting next_dagrun for example_weekday_branch_operator to 2022-02-07 00:00:00+00:00
[2022-02-08 16:33:45,177] {processor.py:171} INFO - Processing /home/airflow/.local/lib/python3.7/site-packages/airflow/example_dags/example_branch_day_of_week_operator.py took 3.199 seconds
[2022-02-08 16:36:57,603] {processor.py:163} INFO - Started process (PID=849) to work on /home/airflow/.local/lib/python3.7/site-packages/airflow/example_dags/example_branch_day_of_week_operator.py
[2022-02-08 16:36:57,666] {processor.py:642} INFO - Processing file /home/airflow/.local/lib/python3.7/site-packages/airflow/example_dags/example_branch_day_of_week_operator.py for tasks to queue
[2022-02-08 16:36:57,680] {logging_mixin.py:109} INFO - [2022-02-08 16:36:57,679] {dagbag.py:500} INFO - Filling up the DagBag from /home/airflow/.local/lib/python3.7/site-packages/airflow/example_dags/example_branch_day_of_week_operator.py
[2022-02-08 16:36:59,033] {processor.py:654} INFO - DAG(s) dict_keys(['example_weekday_branch_operator']) retrieved from /home/airflow/.local/lib/python3.7/site-packages/airflow/example_dags/example_branch_day_of_week_operator.py
[2022-02-08 16:36:59,609] {logging_mixin.py:109} INFO - [2022-02-08 16:36:59,609] {dag.py:2396} INFO - Sync 1 DAGs
[2022-02-08 16:37:00,473] {logging_mixin.py:109} INFO - [2022-02-08 16:37:00,445] {dag.py:2935} INFO - Setting next_dagrun for example_weekday_branch_operator to 2022-02-07 00:00:00+00:00
[2022-02-08 16:37:00,966] {processor.py:171} INFO - Processing /home/airflow/.local/lib/python3.7/site-packages/airflow/example_dags/example_branch_day_of_week_operator.py took 3.394 seconds
[2022-02-08 16:39:29,217] {processor.py:163} INFO - Started process (PID=996) to work on /home/airflow/.local/lib/python3.7/site-packages/airflow/example_dags/example_branch_day_of_week_operator.py
[2022-02-08 16:39:29,248] {processor.py:642} INFO - Processing file /home/airflow/.local/lib/python3.7/site-packages/airflow/example_dags/example_branch_day_of_week_operator.py for tasks to queue
[2022-02-08 16:39:29,284] {logging_mixin.py:109} INFO - [2022-02-08 16:39:29,284] {dagbag.py:500} INFO - Filling up the DagBag from /home/airflow/.local/lib/python3.7/site-packages/airflow/example_dags/example_branch_day_of_week_operator.py
[2022-02-08 16:39:30,269] {processor.py:654} INFO - DAG(s) dict_keys(['example_weekday_branch_operator']) retrieved from /home/airflow/.local/lib/python3.7/site-packages/airflow/example_dags/example_branch_day_of_week_operator.py
[2022-02-08 16:39:30,670] {logging_mixin.py:109} INFO - [2022-02-08 16:39:30,669] {dag.py:2396} INFO - Sync 1 DAGs
[2022-02-08 16:39:31,691] {logging_mixin.py:109} INFO - [2022-02-08 16:39:31,690] {dag.py:2935} INFO - Setting next_dagrun for example_weekday_branch_operator to 2022-02-07 00:00:00+00:00
[2022-02-08 16:39:32,111] {processor.py:171} INFO - Processing /home/airflow/.local/lib/python3.7/site-packages/airflow/example_dags/example_branch_day_of_week_operator.py took 2.975 seconds
[2022-02-08 17:14:12,346] {processor.py:163} INFO - Started process (PID=1174) to work on /home/airflow/.local/lib/python3.7/site-packages/airflow/example_dags/example_branch_day_of_week_operator.py
[2022-02-08 17:14:12,367] {processor.py:642} INFO - Processing file /home/airflow/.local/lib/python3.7/site-packages/airflow/example_dags/example_branch_day_of_week_operator.py for tasks to queue
[2022-02-08 17:14:12,381] {logging_mixin.py:109} INFO - [2022-02-08 17:14:12,380] {dagbag.py:500} INFO - Filling up the DagBag from /home/airflow/.local/lib/python3.7/site-packages/airflow/example_dags/example_branch_day_of_week_operator.py
[2022-02-08 17:14:14,442] {processor.py:654} INFO - DAG(s) dict_keys(['example_weekday_branch_operator']) retrieved from /home/airflow/.local/lib/python3.7/site-packages/airflow/example_dags/example_branch_day_of_week_operator.py
[2022-02-08 17:14:24,120] {logging_mixin.py:109} INFO - [2022-02-08 17:14:24,119] {dag.py:2396} INFO - Sync 1 DAGs
[2022-02-08 17:14:24,923] {logging_mixin.py:109} INFO - [2022-02-08 17:14:24,920] {dag.py:2935} INFO - Setting next_dagrun for example_weekday_branch_operator to 2022-02-07 00:00:00+00:00
[2022-02-08 17:14:25,470] {processor.py:171} INFO - Processing /home/airflow/.local/lib/python3.7/site-packages/airflow/example_dags/example_branch_day_of_week_operator.py took 13.186 seconds
[2022-02-08 17:16:40,332] {processor.py:163} INFO - Started process (PID=1379) to work on /home/airflow/.local/lib/python3.7/site-packages/airflow/example_dags/example_branch_day_of_week_operator.py
[2022-02-08 17:16:40,397] {processor.py:642} INFO - Processing file /home/airflow/.local/lib/python3.7/site-packages/airflow/example_dags/example_branch_day_of_week_operator.py for tasks to queue
[2022-02-08 17:16:40,410] {logging_mixin.py:109} INFO - [2022-02-08 17:16:40,410] {dagbag.py:500} INFO - Filling up the DagBag from /home/airflow/.local/lib/python3.7/site-packages/airflow/example_dags/example_branch_day_of_week_operator.py
[2022-02-08 17:16:41,345] {processor.py:654} INFO - DAG(s) dict_keys(['example_weekday_branch_operator']) retrieved from /home/airflow/.local/lib/python3.7/site-packages/airflow/example_dags/example_branch_day_of_week_operator.py
[2022-02-08 17:16:41,834] {logging_mixin.py:109} INFO - [2022-02-08 17:16:41,834] {dag.py:2396} INFO - Sync 1 DAGs
[2022-02-08 17:16:42,712] {logging_mixin.py:109} INFO - [2022-02-08 17:16:42,683] {dag.py:2935} INFO - Setting next_dagrun for example_weekday_branch_operator to 2022-02-07 00:00:00+00:00
[2022-02-08 17:16:43,058] {processor.py:171} INFO - Processing /home/airflow/.local/lib/python3.7/site-packages/airflow/example_dags/example_branch_day_of_week_operator.py took 2.780 seconds
[2022-02-08 17:20:36,298] {processor.py:163} INFO - Started process (PID=1633) to work on /home/airflow/.local/lib/python3.7/site-packages/airflow/example_dags/example_branch_day_of_week_operator.py
[2022-02-08 17:20:36,318] {processor.py:642} INFO - Processing file /home/airflow/.local/lib/python3.7/site-packages/airflow/example_dags/example_branch_day_of_week_operator.py for tasks to queue
[2022-02-08 17:20:36,333] {logging_mixin.py:109} INFO - [2022-02-08 17:20:36,332] {dagbag.py:500} INFO - Filling up the DagBag from /home/airflow/.local/lib/python3.7/site-packages/airflow/example_dags/example_branch_day_of_week_operator.py
[2022-02-08 17:20:36,710] {processor.py:654} INFO - DAG(s) dict_keys(['example_weekday_branch_operator']) retrieved from /home/airflow/.local/lib/python3.7/site-packages/airflow/example_dags/example_branch_day_of_week_operator.py
[2022-02-08 17:20:37,268] {logging_mixin.py:109} INFO - [2022-02-08 17:20:37,268] {dag.py:2396} INFO - Sync 1 DAGs
[2022-02-08 17:20:38,083] {logging_mixin.py:109} INFO - [2022-02-08 17:20:38,054] {dag.py:2935} INFO - Setting next_dagrun for example_weekday_branch_operator to 2022-02-07 00:00:00+00:00
[2022-02-08 17:20:38,435] {processor.py:171} INFO - Processing /home/airflow/.local/lib/python3.7/site-packages/airflow/example_dags/example_branch_day_of_week_operator.py took 2.281 seconds
[2022-02-08 17:22:40,318] {processor.py:163} INFO - Started process (PID=1818) to work on /home/airflow/.local/lib/python3.7/site-packages/airflow/example_dags/example_branch_day_of_week_operator.py
[2022-02-08 17:22:40,354] {processor.py:642} INFO - Processing file /home/airflow/.local/lib/python3.7/site-packages/airflow/example_dags/example_branch_day_of_week_operator.py for tasks to queue
[2022-02-08 17:22:40,363] {logging_mixin.py:109} INFO - [2022-02-08 17:22:40,363] {dagbag.py:500} INFO - Filling up the DagBag from /home/airflow/.local/lib/python3.7/site-packages/airflow/example_dags/example_branch_day_of_week_operator.py
[2022-02-08 17:22:41,163] {processor.py:654} INFO - DAG(s) dict_keys(['example_weekday_branch_operator']) retrieved from /home/airflow/.local/lib/python3.7/site-packages/airflow/example_dags/example_branch_day_of_week_operator.py
[2022-02-08 17:22:41,471] {logging_mixin.py:109} INFO - [2022-02-08 17:22:41,471] {dag.py:2396} INFO - Sync 1 DAGs
[2022-02-08 17:22:42,242] {logging_mixin.py:109} INFO - [2022-02-08 17:22:42,242] {dag.py:2935} INFO - Setting next_dagrun for example_weekday_branch_operator to 2022-02-07 00:00:00+00:00
[2022-02-08 17:22:42,587] {processor.py:171} INFO - Processing /home/airflow/.local/lib/python3.7/site-packages/airflow/example_dags/example_branch_day_of_week_operator.py took 2.301 seconds
[2022-02-08 17:24:58,286] {processor.py:163} INFO - Started process (PID=1943) to work on /home/airflow/.local/lib/python3.7/site-packages/airflow/example_dags/example_branch_day_of_week_operator.py
[2022-02-08 17:24:58,305] {processor.py:642} INFO - Processing file /home/airflow/.local/lib/python3.7/site-packages/airflow/example_dags/example_branch_day_of_week_operator.py for tasks to queue
[2022-02-08 17:24:58,319] {logging_mixin.py:109} INFO - [2022-02-08 17:24:58,319] {dagbag.py:500} INFO - Filling up the DagBag from /home/airflow/.local/lib/python3.7/site-packages/airflow/example_dags/example_branch_day_of_week_operator.py
[2022-02-08 17:24:58,987] {processor.py:654} INFO - DAG(s) dict_keys(['example_weekday_branch_operator']) retrieved from /home/airflow/.local/lib/python3.7/site-packages/airflow/example_dags/example_branch_day_of_week_operator.py
[2022-02-08 17:24:59,168] {logging_mixin.py:109} INFO - [2022-02-08 17:24:59,168] {dag.py:2396} INFO - Sync 1 DAGs
[2022-02-08 17:24:59,646] {logging_mixin.py:109} INFO - [2022-02-08 17:24:59,645] {dag.py:2935} INFO - Setting next_dagrun for example_weekday_branch_operator to 2022-02-07 00:00:00+00:00
[2022-02-08 17:24:59,913] {processor.py:171} INFO - Processing /home/airflow/.local/lib/python3.7/site-packages/airflow/example_dags/example_branch_day_of_week_operator.py took 1.669 seconds
[2022-02-08 17:59:31,826] {processor.py:163} INFO - Started process (PID=737) to work on /home/airflow/.local/lib/python3.7/site-packages/airflow/example_dags/example_branch_day_of_week_operator.py
[2022-02-08 17:59:31,899] {processor.py:642} INFO - Processing file /home/airflow/.local/lib/python3.7/site-packages/airflow/example_dags/example_branch_day_of_week_operator.py for tasks to queue
[2022-02-08 17:59:31,939] {logging_mixin.py:109} INFO - [2022-02-08 17:59:31,938] {dagbag.py:500} INFO - Filling up the DagBag from /home/airflow/.local/lib/python3.7/site-packages/airflow/example_dags/example_branch_day_of_week_operator.py
[2022-02-08 17:59:33,393] {processor.py:654} INFO - DAG(s) dict_keys(['example_weekday_branch_operator']) retrieved from /home/airflow/.local/lib/python3.7/site-packages/airflow/example_dags/example_branch_day_of_week_operator.py
[2022-02-08 17:59:34,101] {logging_mixin.py:109} INFO - [2022-02-08 17:59:34,100] {dag.py:2396} INFO - Sync 1 DAGs
[2022-02-08 17:59:36,531] {logging_mixin.py:109} INFO - [2022-02-08 17:59:36,482] {dag.py:2935} INFO - Setting next_dagrun for example_weekday_branch_operator to 2022-02-07 00:00:00+00:00
[2022-02-08 18:00:25,324] {processor.py:171} INFO - Processing /home/airflow/.local/lib/python3.7/site-packages/airflow/example_dags/example_branch_day_of_week_operator.py took 53.459 seconds
[2022-02-08 18:02:08,215] {processor.py:163} INFO - Started process (PID=886) to work on /home/airflow/.local/lib/python3.7/site-packages/airflow/example_dags/example_branch_day_of_week_operator.py
[2022-02-08 18:02:08,268] {processor.py:642} INFO - Processing file /home/airflow/.local/lib/python3.7/site-packages/airflow/example_dags/example_branch_day_of_week_operator.py for tasks to queue
[2022-02-08 18:02:08,340] {logging_mixin.py:109} INFO - [2022-02-08 18:02:08,331] {dagbag.py:500} INFO - Filling up the DagBag from /home/airflow/.local/lib/python3.7/site-packages/airflow/example_dags/example_branch_day_of_week_operator.py
[2022-02-08 18:02:14,424] {processor.py:654} INFO - DAG(s) dict_keys(['example_weekday_branch_operator']) retrieved from /home/airflow/.local/lib/python3.7/site-packages/airflow/example_dags/example_branch_day_of_week_operator.py
[2022-02-08 18:02:22,995] {logging_mixin.py:109} INFO - [2022-02-08 18:02:22,967] {dag.py:2396} INFO - Sync 1 DAGs
[2022-02-08 18:02:23,867] {logging_mixin.py:109} INFO - [2022-02-08 18:02:23,867] {dag.py:2935} INFO - Setting next_dagrun for example_weekday_branch_operator to 2022-02-07 00:00:00+00:00
[2022-02-08 18:02:24,371] {processor.py:171} INFO - Processing /home/airflow/.local/lib/python3.7/site-packages/airflow/example_dags/example_branch_day_of_week_operator.py took 16.230 seconds
