[2022-02-08 10:09:31,483] {processor.py:163} INFO - Started process (PID=269) to work on /home/airflow/.local/lib/python3.7/site-packages/airflow/example_dags/example_trigger_controller_dag.py
[2022-02-08 10:09:31,508] {processor.py:642} INFO - Processing file /home/airflow/.local/lib/python3.7/site-packages/airflow/example_dags/example_trigger_controller_dag.py for tasks to queue
[2022-02-08 10:09:31,526] {logging_mixin.py:109} INFO - [2022-02-08 10:09:31,525] {dagbag.py:500} INFO - Filling up the DagBag from /home/airflow/.local/lib/python3.7/site-packages/airflow/example_dags/example_trigger_controller_dag.py
[2022-02-08 10:09:32,251] {processor.py:654} INFO - DAG(s) dict_keys(['example_trigger_controller_dag']) retrieved from /home/airflow/.local/lib/python3.7/site-packages/airflow/example_dags/example_trigger_controller_dag.py
[2022-02-08 10:10:50,467] {logging_mixin.py:109} INFO - [2022-02-08 10:10:50,466] {manager.py:496} INFO - Created Permission View: can read on DAG:example_trigger_controller_dag
[2022-02-08 10:10:50,540] {logging_mixin.py:109} INFO - [2022-02-08 10:10:50,539] {manager.py:496} INFO - Created Permission View: can edit on DAG:example_trigger_controller_dag
[2022-02-08 10:10:50,543] {logging_mixin.py:109} INFO - [2022-02-08 10:10:50,542] {dag.py:2396} INFO - Sync 1 DAGs
[2022-02-08 10:10:50,613] {logging_mixin.py:109} INFO - [2022-02-08 10:10:50,612] {dag.py:2415} INFO - Creating ORM DAG for example_trigger_controller_dag
[2022-02-08 10:10:50,687] {logging_mixin.py:109} INFO - [2022-02-08 10:10:50,687] {dag.py:2935} INFO - Setting next_dagrun for example_trigger_controller_dag to 2021-01-01T00:00:00+00:00
[2022-02-08 10:10:50,799] {processor.py:171} INFO - Processing /home/airflow/.local/lib/python3.7/site-packages/airflow/example_dags/example_trigger_controller_dag.py took 79.348 seconds
[2022-02-08 10:10:53,297] {processor.py:163} INFO - Started process (PID=349) to work on /home/airflow/.local/lib/python3.7/site-packages/airflow/example_dags/example_trigger_controller_dag.py
[2022-02-08 10:10:53,304] {processor.py:642} INFO - Processing file /home/airflow/.local/lib/python3.7/site-packages/airflow/example_dags/example_trigger_controller_dag.py for tasks to queue
[2022-02-08 10:10:53,313] {logging_mixin.py:109} INFO - [2022-02-08 10:10:53,313] {dagbag.py:500} INFO - Filling up the DagBag from /home/airflow/.local/lib/python3.7/site-packages/airflow/example_dags/example_trigger_controller_dag.py
[2022-02-08 10:10:53,527] {processor.py:654} INFO - DAG(s) dict_keys(['example_trigger_controller_dag']) retrieved from /home/airflow/.local/lib/python3.7/site-packages/airflow/example_dags/example_trigger_controller_dag.py
[2022-02-08 10:10:53,595] {logging_mixin.py:109} INFO - [2022-02-08 10:10:53,595] {dag.py:2396} INFO - Sync 1 DAGs
[2022-02-08 10:10:53,825] {logging_mixin.py:109} INFO - [2022-02-08 10:10:53,825] {dag.py:2935} INFO - Setting next_dagrun for example_trigger_controller_dag to 2021-01-01T00:00:00+00:00
[2022-02-08 10:10:53,914] {processor.py:171} INFO - Processing /home/airflow/.local/lib/python3.7/site-packages/airflow/example_dags/example_trigger_controller_dag.py took 0.628 seconds
[2022-02-08 10:13:58,149] {processor.py:163} INFO - Started process (PID=681) to work on /home/airflow/.local/lib/python3.7/site-packages/airflow/example_dags/example_trigger_controller_dag.py
[2022-02-08 10:13:58,153] {processor.py:642} INFO - Processing file /home/airflow/.local/lib/python3.7/site-packages/airflow/example_dags/example_trigger_controller_dag.py for tasks to queue
[2022-02-08 10:13:58,155] {logging_mixin.py:109} INFO - [2022-02-08 10:13:58,155] {dagbag.py:500} INFO - Filling up the DagBag from /home/airflow/.local/lib/python3.7/site-packages/airflow/example_dags/example_trigger_controller_dag.py
[2022-02-08 10:13:58,201] {processor.py:654} INFO - DAG(s) dict_keys(['example_trigger_controller_dag']) retrieved from /home/airflow/.local/lib/python3.7/site-packages/airflow/example_dags/example_trigger_controller_dag.py
[2022-02-08 10:13:58,228] {logging_mixin.py:109} INFO - [2022-02-08 10:13:58,227] {dag.py:2396} INFO - Sync 1 DAGs
[2022-02-08 10:13:58,270] {logging_mixin.py:109} INFO - [2022-02-08 10:13:58,269] {dag.py:2935} INFO - Setting next_dagrun for example_trigger_controller_dag to 2021-01-01T00:00:00+00:00
[2022-02-08 10:13:58,310] {processor.py:171} INFO - Processing /home/airflow/.local/lib/python3.7/site-packages/airflow/example_dags/example_trigger_controller_dag.py took 0.169 seconds
[2022-02-08 10:14:28,738] {processor.py:163} INFO - Started process (PID=779) to work on /home/airflow/.local/lib/python3.7/site-packages/airflow/example_dags/example_trigger_controller_dag.py
[2022-02-08 10:14:28,747] {processor.py:642} INFO - Processing file /home/airflow/.local/lib/python3.7/site-packages/airflow/example_dags/example_trigger_controller_dag.py for tasks to queue
[2022-02-08 10:14:28,754] {logging_mixin.py:109} INFO - [2022-02-08 10:14:28,751] {dagbag.py:500} INFO - Filling up the DagBag from /home/airflow/.local/lib/python3.7/site-packages/airflow/example_dags/example_trigger_controller_dag.py
[2022-02-08 10:14:28,836] {processor.py:654} INFO - DAG(s) dict_keys(['example_trigger_controller_dag']) retrieved from /home/airflow/.local/lib/python3.7/site-packages/airflow/example_dags/example_trigger_controller_dag.py
[2022-02-08 10:14:28,897] {logging_mixin.py:109} INFO - [2022-02-08 10:14:28,896] {dag.py:2396} INFO - Sync 1 DAGs
[2022-02-08 10:14:28,982] {logging_mixin.py:109} INFO - [2022-02-08 10:14:28,982] {dag.py:2935} INFO - Setting next_dagrun for example_trigger_controller_dag to 2021-01-01T00:00:00+00:00
[2022-02-08 10:14:29,045] {processor.py:171} INFO - Processing /home/airflow/.local/lib/python3.7/site-packages/airflow/example_dags/example_trigger_controller_dag.py took 0.312 seconds
[2022-02-08 10:14:59,223] {processor.py:163} INFO - Started process (PID=860) to work on /home/airflow/.local/lib/python3.7/site-packages/airflow/example_dags/example_trigger_controller_dag.py
[2022-02-08 10:14:59,228] {processor.py:642} INFO - Processing file /home/airflow/.local/lib/python3.7/site-packages/airflow/example_dags/example_trigger_controller_dag.py for tasks to queue
[2022-02-08 10:14:59,232] {logging_mixin.py:109} INFO - [2022-02-08 10:14:59,231] {dagbag.py:500} INFO - Filling up the DagBag from /home/airflow/.local/lib/python3.7/site-packages/airflow/example_dags/example_trigger_controller_dag.py
[2022-02-08 10:14:59,283] {processor.py:654} INFO - DAG(s) dict_keys(['example_trigger_controller_dag']) retrieved from /home/airflow/.local/lib/python3.7/site-packages/airflow/example_dags/example_trigger_controller_dag.py
[2022-02-08 10:14:59,311] {logging_mixin.py:109} INFO - [2022-02-08 10:14:59,311] {dag.py:2396} INFO - Sync 1 DAGs
[2022-02-08 10:14:59,353] {logging_mixin.py:109} INFO - [2022-02-08 10:14:59,353] {dag.py:2935} INFO - Setting next_dagrun for example_trigger_controller_dag to 2021-01-01T00:00:00+00:00
[2022-02-08 10:14:59,406] {processor.py:171} INFO - Processing /home/airflow/.local/lib/python3.7/site-packages/airflow/example_dags/example_trigger_controller_dag.py took 0.194 seconds
[2022-02-08 10:20:51,501] {processor.py:163} INFO - Started process (PID=280) to work on /home/airflow/.local/lib/python3.7/site-packages/airflow/example_dags/example_trigger_controller_dag.py
[2022-02-08 10:20:51,516] {processor.py:642} INFO - Processing file /home/airflow/.local/lib/python3.7/site-packages/airflow/example_dags/example_trigger_controller_dag.py for tasks to queue
[2022-02-08 10:20:51,538] {logging_mixin.py:109} INFO - [2022-02-08 10:20:51,533] {dagbag.py:500} INFO - Filling up the DagBag from /home/airflow/.local/lib/python3.7/site-packages/airflow/example_dags/example_trigger_controller_dag.py
[2022-02-08 10:20:51,911] {processor.py:654} INFO - DAG(s) dict_keys(['example_trigger_controller_dag']) retrieved from /home/airflow/.local/lib/python3.7/site-packages/airflow/example_dags/example_trigger_controller_dag.py
[2022-02-08 10:20:52,350] {logging_mixin.py:109} INFO - [2022-02-08 10:20:52,349] {dag.py:2396} INFO - Sync 1 DAGs
[2022-02-08 10:20:52,874] {logging_mixin.py:109} INFO - [2022-02-08 10:20:52,869] {dag.py:2935} INFO - Setting next_dagrun for example_trigger_controller_dag to 2021-01-01T00:00:00+00:00
[2022-02-08 10:20:53,048] {processor.py:171} INFO - Processing /home/airflow/.local/lib/python3.7/site-packages/airflow/example_dags/example_trigger_controller_dag.py took 1.576 seconds
[2022-02-08 10:22:41,817] {processor.py:163} INFO - Started process (PID=355) to work on /home/airflow/.local/lib/python3.7/site-packages/airflow/example_dags/example_trigger_controller_dag.py
[2022-02-08 10:22:41,845] {processor.py:642} INFO - Processing file /home/airflow/.local/lib/python3.7/site-packages/airflow/example_dags/example_trigger_controller_dag.py for tasks to queue
[2022-02-08 10:22:41,866] {logging_mixin.py:109} INFO - [2022-02-08 10:22:41,866] {dagbag.py:500} INFO - Filling up the DagBag from /home/airflow/.local/lib/python3.7/site-packages/airflow/example_dags/example_trigger_controller_dag.py
[2022-02-08 10:22:43,303] {processor.py:654} INFO - DAG(s) dict_keys(['example_trigger_controller_dag']) retrieved from /home/airflow/.local/lib/python3.7/site-packages/airflow/example_dags/example_trigger_controller_dag.py
[2022-02-08 10:22:43,524] {logging_mixin.py:109} INFO - [2022-02-08 10:22:43,524] {dag.py:2396} INFO - Sync 1 DAGs
[2022-02-08 10:22:43,889] {logging_mixin.py:109} INFO - [2022-02-08 10:22:43,874] {dag.py:2935} INFO - Setting next_dagrun for example_trigger_controller_dag to 2021-01-01T00:00:00+00:00
[2022-02-08 10:22:44,076] {processor.py:171} INFO - Processing /home/airflow/.local/lib/python3.7/site-packages/airflow/example_dags/example_trigger_controller_dag.py took 2.319 seconds
[2022-02-08 10:24:13,564] {processor.py:163} INFO - Started process (PID=493) to work on /home/airflow/.local/lib/python3.7/site-packages/airflow/example_dags/example_trigger_controller_dag.py
[2022-02-08 10:24:13,645] {processor.py:642} INFO - Processing file /home/airflow/.local/lib/python3.7/site-packages/airflow/example_dags/example_trigger_controller_dag.py for tasks to queue
[2022-02-08 10:24:13,732] {logging_mixin.py:109} INFO - [2022-02-08 10:24:13,722] {dagbag.py:500} INFO - Filling up the DagBag from /home/airflow/.local/lib/python3.7/site-packages/airflow/example_dags/example_trigger_controller_dag.py
[2022-02-08 10:24:14,916] {processor.py:654} INFO - DAG(s) dict_keys(['example_trigger_controller_dag']) retrieved from /home/airflow/.local/lib/python3.7/site-packages/airflow/example_dags/example_trigger_controller_dag.py
[2022-02-08 10:24:15,633] {logging_mixin.py:109} INFO - [2022-02-08 10:24:15,616] {dag.py:2396} INFO - Sync 1 DAGs
[2022-02-08 10:24:16,600] {logging_mixin.py:109} INFO - [2022-02-08 10:24:16,599] {dag.py:2935} INFO - Setting next_dagrun for example_trigger_controller_dag to 2021-01-01T00:00:00+00:00
[2022-02-08 10:24:16,938] {processor.py:171} INFO - Processing /home/airflow/.local/lib/python3.7/site-packages/airflow/example_dags/example_trigger_controller_dag.py took 3.620 seconds
[2022-02-08 10:26:16,366] {processor.py:163} INFO - Started process (PID=624) to work on /home/airflow/.local/lib/python3.7/site-packages/airflow/example_dags/example_trigger_controller_dag.py
[2022-02-08 10:26:16,428] {processor.py:642} INFO - Processing file /home/airflow/.local/lib/python3.7/site-packages/airflow/example_dags/example_trigger_controller_dag.py for tasks to queue
[2022-02-08 10:26:16,442] {logging_mixin.py:109} INFO - [2022-02-08 10:26:16,441] {dagbag.py:500} INFO - Filling up the DagBag from /home/airflow/.local/lib/python3.7/site-packages/airflow/example_dags/example_trigger_controller_dag.py
[2022-02-08 10:26:17,738] {processor.py:654} INFO - DAG(s) dict_keys(['example_trigger_controller_dag']) retrieved from /home/airflow/.local/lib/python3.7/site-packages/airflow/example_dags/example_trigger_controller_dag.py
[2022-02-08 10:26:18,258] {logging_mixin.py:109} INFO - [2022-02-08 10:26:18,257] {dag.py:2396} INFO - Sync 1 DAGs
[2022-02-08 10:26:18,926] {logging_mixin.py:109} INFO - [2022-02-08 10:26:18,896] {dag.py:2935} INFO - Setting next_dagrun for example_trigger_controller_dag to 2021-01-01T00:00:00+00:00
[2022-02-08 10:26:19,490] {processor.py:171} INFO - Processing /home/airflow/.local/lib/python3.7/site-packages/airflow/example_dags/example_trigger_controller_dag.py took 3.202 seconds
[2022-02-08 10:28:55,145] {processor.py:163} INFO - Started process (PID=773) to work on /home/airflow/.local/lib/python3.7/site-packages/airflow/example_dags/example_trigger_controller_dag.py
[2022-02-08 10:28:55,228] {processor.py:642} INFO - Processing file /home/airflow/.local/lib/python3.7/site-packages/airflow/example_dags/example_trigger_controller_dag.py for tasks to queue
[2022-02-08 10:28:55,421] {logging_mixin.py:109} INFO - [2022-02-08 10:28:55,395] {dagbag.py:500} INFO - Filling up the DagBag from /home/airflow/.local/lib/python3.7/site-packages/airflow/example_dags/example_trigger_controller_dag.py
[2022-02-08 10:28:57,630] {processor.py:654} INFO - DAG(s) dict_keys(['example_trigger_controller_dag']) retrieved from /home/airflow/.local/lib/python3.7/site-packages/airflow/example_dags/example_trigger_controller_dag.py
[2022-02-08 10:29:00,876] {logging_mixin.py:109} INFO - [2022-02-08 10:29:00,764] {dag.py:2396} INFO - Sync 1 DAGs
[2022-02-08 10:29:05,094] {logging_mixin.py:109} INFO - [2022-02-08 10:29:04,936] {dag.py:2935} INFO - Setting next_dagrun for example_trigger_controller_dag to 2021-01-01T00:00:00+00:00
[2022-02-08 10:29:21,897] {processor.py:171} INFO - Processing /home/airflow/.local/lib/python3.7/site-packages/airflow/example_dags/example_trigger_controller_dag.py took 26.801 seconds
[2022-02-08 11:05:23,650] {processor.py:163} INFO - Started process (PID=328) to work on /home/airflow/.local/lib/python3.7/site-packages/airflow/example_dags/example_trigger_controller_dag.py
[2022-02-08 11:05:23,684] {processor.py:642} INFO - Processing file /home/airflow/.local/lib/python3.7/site-packages/airflow/example_dags/example_trigger_controller_dag.py for tasks to queue
[2022-02-08 11:05:23,707] {logging_mixin.py:109} INFO - [2022-02-08 11:05:23,706] {dagbag.py:500} INFO - Filling up the DagBag from /home/airflow/.local/lib/python3.7/site-packages/airflow/example_dags/example_trigger_controller_dag.py
[2022-02-08 11:05:24,495] {processor.py:654} INFO - DAG(s) dict_keys(['example_trigger_controller_dag']) retrieved from /home/airflow/.local/lib/python3.7/site-packages/airflow/example_dags/example_trigger_controller_dag.py
[2022-02-08 11:05:24,891] {logging_mixin.py:109} INFO - [2022-02-08 11:05:24,890] {dag.py:2396} INFO - Sync 1 DAGs
[2022-02-08 11:05:25,402] {logging_mixin.py:109} INFO - [2022-02-08 11:05:25,401] {dag.py:2935} INFO - Setting next_dagrun for example_trigger_controller_dag to 2021-01-01T00:00:00+00:00
[2022-02-08 11:05:25,600] {processor.py:171} INFO - Processing /home/airflow/.local/lib/python3.7/site-packages/airflow/example_dags/example_trigger_controller_dag.py took 2.018 seconds
[2022-02-08 11:07:57,189] {processor.py:163} INFO - Started process (PID=481) to work on /home/airflow/.local/lib/python3.7/site-packages/airflow/example_dags/example_trigger_controller_dag.py
[2022-02-08 11:07:57,210] {processor.py:642} INFO - Processing file /home/airflow/.local/lib/python3.7/site-packages/airflow/example_dags/example_trigger_controller_dag.py for tasks to queue
[2022-02-08 11:07:57,232] {logging_mixin.py:109} INFO - [2022-02-08 11:07:57,227] {dagbag.py:500} INFO - Filling up the DagBag from /home/airflow/.local/lib/python3.7/site-packages/airflow/example_dags/example_trigger_controller_dag.py
[2022-02-08 11:07:57,590] {processor.py:654} INFO - DAG(s) dict_keys(['example_trigger_controller_dag']) retrieved from /home/airflow/.local/lib/python3.7/site-packages/airflow/example_dags/example_trigger_controller_dag.py
[2022-02-08 11:07:57,850] {logging_mixin.py:109} INFO - [2022-02-08 11:07:57,849] {dag.py:2396} INFO - Sync 1 DAGs
[2022-02-08 11:07:58,762] {logging_mixin.py:109} INFO - [2022-02-08 11:07:58,733] {dag.py:2935} INFO - Setting next_dagrun for example_trigger_controller_dag to 2021-01-01T00:00:00+00:00
[2022-02-08 11:07:59,225] {processor.py:171} INFO - Processing /home/airflow/.local/lib/python3.7/site-packages/airflow/example_dags/example_trigger_controller_dag.py took 2.061 seconds
[2022-02-08 11:10:54,445] {processor.py:163} INFO - Started process (PID=672) to work on /home/airflow/.local/lib/python3.7/site-packages/airflow/example_dags/example_trigger_controller_dag.py
[2022-02-08 11:19:10,134] {processor.py:163} INFO - Started process (PID=434) to work on /home/airflow/.local/lib/python3.7/site-packages/airflow/example_dags/example_trigger_controller_dag.py
[2022-02-08 11:19:10,215] {processor.py:642} INFO - Processing file /home/airflow/.local/lib/python3.7/site-packages/airflow/example_dags/example_trigger_controller_dag.py for tasks to queue
[2022-02-08 11:19:10,414] {logging_mixin.py:109} INFO - [2022-02-08 11:19:10,329] {dagbag.py:500} INFO - Filling up the DagBag from /home/airflow/.local/lib/python3.7/site-packages/airflow/example_dags/example_trigger_controller_dag.py
[2022-02-08 11:19:20,189] {processor.py:654} INFO - DAG(s) dict_keys(['example_trigger_controller_dag']) retrieved from /home/airflow/.local/lib/python3.7/site-packages/airflow/example_dags/example_trigger_controller_dag.py
[2022-02-08 11:19:22,518] {logging_mixin.py:109} INFO - [2022-02-08 11:19:22,483] {dag.py:2396} INFO - Sync 1 DAGs
[2022-02-08 11:19:24,131] {logging_mixin.py:109} INFO - [2022-02-08 11:19:24,129] {dag.py:2935} INFO - Setting next_dagrun for example_trigger_controller_dag to 2021-01-01T00:00:00+00:00
[2022-02-08 11:19:24,960] {processor.py:171} INFO - Processing /home/airflow/.local/lib/python3.7/site-packages/airflow/example_dags/example_trigger_controller_dag.py took 15.042 seconds
[2022-02-08 11:21:39,466] {processor.py:163} INFO - Started process (PID=619) to work on /home/airflow/.local/lib/python3.7/site-packages/airflow/example_dags/example_trigger_controller_dag.py
[2022-02-08 11:21:39,480] {processor.py:642} INFO - Processing file /home/airflow/.local/lib/python3.7/site-packages/airflow/example_dags/example_trigger_controller_dag.py for tasks to queue
[2022-02-08 11:21:39,521] {logging_mixin.py:109} INFO - [2022-02-08 11:21:39,521] {dagbag.py:500} INFO - Filling up the DagBag from /home/airflow/.local/lib/python3.7/site-packages/airflow/example_dags/example_trigger_controller_dag.py
[2022-02-08 11:21:40,780] {processor.py:654} INFO - DAG(s) dict_keys(['example_trigger_controller_dag']) retrieved from /home/airflow/.local/lib/python3.7/site-packages/airflow/example_dags/example_trigger_controller_dag.py
[2022-02-08 11:21:41,573] {logging_mixin.py:109} INFO - [2022-02-08 11:21:41,572] {dag.py:2396} INFO - Sync 1 DAGs
[2022-02-08 11:21:42,661] {logging_mixin.py:109} INFO - [2022-02-08 11:21:42,660] {dag.py:2935} INFO - Setting next_dagrun for example_trigger_controller_dag to 2021-01-01T00:00:00+00:00
[2022-02-08 11:21:43,665] {processor.py:171} INFO - Processing /home/airflow/.local/lib/python3.7/site-packages/airflow/example_dags/example_trigger_controller_dag.py took 4.319 seconds
[2022-02-08 11:23:19,072] {processor.py:163} INFO - Started process (PID=714) to work on /home/airflow/.local/lib/python3.7/site-packages/airflow/example_dags/example_trigger_controller_dag.py
[2022-02-08 11:23:19,098] {processor.py:642} INFO - Processing file /home/airflow/.local/lib/python3.7/site-packages/airflow/example_dags/example_trigger_controller_dag.py for tasks to queue
[2022-02-08 11:23:19,114] {logging_mixin.py:109} INFO - [2022-02-08 11:23:19,114] {dagbag.py:500} INFO - Filling up the DagBag from /home/airflow/.local/lib/python3.7/site-packages/airflow/example_dags/example_trigger_controller_dag.py
[2022-02-08 11:23:20,705] {processor.py:654} INFO - DAG(s) dict_keys(['example_trigger_controller_dag']) retrieved from /home/airflow/.local/lib/python3.7/site-packages/airflow/example_dags/example_trigger_controller_dag.py
[2022-02-08 11:23:21,512] {logging_mixin.py:109} INFO - [2022-02-08 11:23:21,509] {dag.py:2396} INFO - Sync 1 DAGs
[2022-02-08 11:23:23,905] {logging_mixin.py:109} INFO - [2022-02-08 11:23:23,898] {dag.py:2935} INFO - Setting next_dagrun for example_trigger_controller_dag to 2021-01-01T00:00:00+00:00
[2022-02-08 11:32:16,974] {processor.py:163} INFO - Started process (PID=479) to work on /home/airflow/.local/lib/python3.7/site-packages/airflow/example_dags/example_trigger_controller_dag.py
[2022-02-08 11:32:17,029] {processor.py:642} INFO - Processing file /home/airflow/.local/lib/python3.7/site-packages/airflow/example_dags/example_trigger_controller_dag.py for tasks to queue
[2022-02-08 11:32:17,095] {logging_mixin.py:109} INFO - [2022-02-08 11:32:17,077] {dagbag.py:500} INFO - Filling up the DagBag from /home/airflow/.local/lib/python3.7/site-packages/airflow/example_dags/example_trigger_controller_dag.py
[2022-02-08 11:32:27,222] {processor.py:654} INFO - DAG(s) dict_keys(['example_trigger_controller_dag']) retrieved from /home/airflow/.local/lib/python3.7/site-packages/airflow/example_dags/example_trigger_controller_dag.py
[2022-02-08 11:32:32,689] {logging_mixin.py:109} INFO - [2022-02-08 11:32:32,688] {dag.py:2396} INFO - Sync 1 DAGs
[2022-02-08 11:32:35,212] {logging_mixin.py:109} INFO - [2022-02-08 11:32:35,177] {dag.py:2935} INFO - Setting next_dagrun for example_trigger_controller_dag to 2021-01-01T00:00:00+00:00
[2022-02-08 12:35:18,763] {processor.py:163} INFO - Started process (PID=301) to work on /home/airflow/.local/lib/python3.7/site-packages/airflow/example_dags/example_trigger_controller_dag.py
[2022-02-08 12:35:18,772] {processor.py:642} INFO - Processing file /home/airflow/.local/lib/python3.7/site-packages/airflow/example_dags/example_trigger_controller_dag.py for tasks to queue
[2022-02-08 12:35:18,795] {logging_mixin.py:109} INFO - [2022-02-08 12:35:18,785] {dagbag.py:500} INFO - Filling up the DagBag from /home/airflow/.local/lib/python3.7/site-packages/airflow/example_dags/example_trigger_controller_dag.py
[2022-02-08 12:35:19,317] {processor.py:654} INFO - DAG(s) dict_keys(['example_trigger_controller_dag']) retrieved from /home/airflow/.local/lib/python3.7/site-packages/airflow/example_dags/example_trigger_controller_dag.py
[2022-02-08 12:35:19,530] {logging_mixin.py:109} INFO - [2022-02-08 12:35:19,530] {dag.py:2396} INFO - Sync 1 DAGs
[2022-02-08 12:35:19,956] {logging_mixin.py:109} INFO - [2022-02-08 12:35:19,956] {dag.py:2935} INFO - Setting next_dagrun for example_trigger_controller_dag to 2021-01-01T00:00:00+00:00
[2022-02-08 12:35:20,140] {processor.py:171} INFO - Processing /home/airflow/.local/lib/python3.7/site-packages/airflow/example_dags/example_trigger_controller_dag.py took 1.413 seconds
[2022-02-08 12:36:18,482] {processor.py:163} INFO - Started process (PID=416) to work on /home/airflow/.local/lib/python3.7/site-packages/airflow/example_dags/example_trigger_controller_dag.py
[2022-02-08 12:36:18,509] {processor.py:642} INFO - Processing file /home/airflow/.local/lib/python3.7/site-packages/airflow/example_dags/example_trigger_controller_dag.py for tasks to queue
[2022-02-08 12:36:18,536] {logging_mixin.py:109} INFO - [2022-02-08 12:36:18,535] {dagbag.py:500} INFO - Filling up the DagBag from /home/airflow/.local/lib/python3.7/site-packages/airflow/example_dags/example_trigger_controller_dag.py
[2022-02-08 12:36:19,161] {processor.py:654} INFO - DAG(s) dict_keys(['example_trigger_controller_dag']) retrieved from /home/airflow/.local/lib/python3.7/site-packages/airflow/example_dags/example_trigger_controller_dag.py
[2022-02-08 12:36:19,590] {logging_mixin.py:109} INFO - [2022-02-08 12:36:19,581] {dag.py:2396} INFO - Sync 1 DAGs
[2022-02-08 12:36:20,168] {logging_mixin.py:109} INFO - [2022-02-08 12:36:20,167] {dag.py:2935} INFO - Setting next_dagrun for example_trigger_controller_dag to 2021-01-01T00:00:00+00:00
[2022-02-08 12:36:20,438] {processor.py:171} INFO - Processing /home/airflow/.local/lib/python3.7/site-packages/airflow/example_dags/example_trigger_controller_dag.py took 2.001 seconds
[2022-02-08 12:38:26,155] {processor.py:163} INFO - Started process (PID=452) to work on /home/airflow/.local/lib/python3.7/site-packages/airflow/example_dags/example_trigger_controller_dag.py
[2022-02-08 12:38:26,187] {processor.py:642} INFO - Processing file /home/airflow/.local/lib/python3.7/site-packages/airflow/example_dags/example_trigger_controller_dag.py for tasks to queue
[2022-02-08 12:38:26,209] {logging_mixin.py:109} INFO - [2022-02-08 12:38:26,205] {dagbag.py:500} INFO - Filling up the DagBag from /home/airflow/.local/lib/python3.7/site-packages/airflow/example_dags/example_trigger_controller_dag.py
[2022-02-08 12:38:26,675] {processor.py:654} INFO - DAG(s) dict_keys(['example_trigger_controller_dag']) retrieved from /home/airflow/.local/lib/python3.7/site-packages/airflow/example_dags/example_trigger_controller_dag.py
[2022-02-08 12:38:26,974] {logging_mixin.py:109} INFO - [2022-02-08 12:38:26,972] {dag.py:2396} INFO - Sync 1 DAGs
[2022-02-08 12:38:27,293] {logging_mixin.py:109} INFO - [2022-02-08 12:38:27,292] {dag.py:2935} INFO - Setting next_dagrun for example_trigger_controller_dag to 2021-01-01T00:00:00+00:00
[2022-02-08 12:38:27,571] {processor.py:171} INFO - Processing /home/airflow/.local/lib/python3.7/site-packages/airflow/example_dags/example_trigger_controller_dag.py took 1.454 seconds
[2022-02-08 12:39:37,861] {processor.py:163} INFO - Started process (PID=512) to work on /home/airflow/.local/lib/python3.7/site-packages/airflow/example_dags/example_trigger_controller_dag.py
[2022-02-08 12:39:37,888] {processor.py:642} INFO - Processing file /home/airflow/.local/lib/python3.7/site-packages/airflow/example_dags/example_trigger_controller_dag.py for tasks to queue
[2022-02-08 12:39:37,920] {logging_mixin.py:109} INFO - [2022-02-08 12:39:37,920] {dagbag.py:500} INFO - Filling up the DagBag from /home/airflow/.local/lib/python3.7/site-packages/airflow/example_dags/example_trigger_controller_dag.py
[2022-02-08 12:39:38,351] {processor.py:654} INFO - DAG(s) dict_keys(['example_trigger_controller_dag']) retrieved from /home/airflow/.local/lib/python3.7/site-packages/airflow/example_dags/example_trigger_controller_dag.py
[2022-02-08 12:39:38,774] {logging_mixin.py:109} INFO - [2022-02-08 12:39:38,773] {dag.py:2396} INFO - Sync 1 DAGs
[2022-02-08 12:39:39,585] {logging_mixin.py:109} INFO - [2022-02-08 12:39:39,567] {dag.py:2935} INFO - Setting next_dagrun for example_trigger_controller_dag to 2021-01-01T00:00:00+00:00
[2022-02-08 12:39:40,070] {processor.py:171} INFO - Processing /home/airflow/.local/lib/python3.7/site-packages/airflow/example_dags/example_trigger_controller_dag.py took 2.330 seconds
[2022-02-08 12:42:26,287] {processor.py:163} INFO - Started process (PID=683) to work on /home/airflow/.local/lib/python3.7/site-packages/airflow/example_dags/example_trigger_controller_dag.py
[2022-02-08 12:42:26,343] {processor.py:642} INFO - Processing file /home/airflow/.local/lib/python3.7/site-packages/airflow/example_dags/example_trigger_controller_dag.py for tasks to queue
[2022-02-08 12:42:26,372] {logging_mixin.py:109} INFO - [2022-02-08 12:42:26,371] {dagbag.py:500} INFO - Filling up the DagBag from /home/airflow/.local/lib/python3.7/site-packages/airflow/example_dags/example_trigger_controller_dag.py
[2022-02-08 12:42:27,529] {processor.py:654} INFO - DAG(s) dict_keys(['example_trigger_controller_dag']) retrieved from /home/airflow/.local/lib/python3.7/site-packages/airflow/example_dags/example_trigger_controller_dag.py
[2022-02-08 12:42:27,924] {logging_mixin.py:109} INFO - [2022-02-08 12:42:27,921] {dag.py:2396} INFO - Sync 1 DAGs
[2022-02-08 12:42:28,420] {logging_mixin.py:109} INFO - [2022-02-08 12:42:28,418] {dag.py:2935} INFO - Setting next_dagrun for example_trigger_controller_dag to 2021-01-01T00:00:00+00:00
[2022-02-08 12:42:28,758] {processor.py:171} INFO - Processing /home/airflow/.local/lib/python3.7/site-packages/airflow/example_dags/example_trigger_controller_dag.py took 2.614 seconds
[2022-02-08 12:44:16,229] {processor.py:163} INFO - Started process (PID=841) to work on /home/airflow/.local/lib/python3.7/site-packages/airflow/example_dags/example_trigger_controller_dag.py
[2022-02-08 12:44:16,302] {processor.py:642} INFO - Processing file /home/airflow/.local/lib/python3.7/site-packages/airflow/example_dags/example_trigger_controller_dag.py for tasks to queue
[2022-02-08 12:44:16,378] {logging_mixin.py:109} INFO - [2022-02-08 12:44:16,374] {dagbag.py:500} INFO - Filling up the DagBag from /home/airflow/.local/lib/python3.7/site-packages/airflow/example_dags/example_trigger_controller_dag.py
[2022-02-08 12:44:17,142] {processor.py:654} INFO - DAG(s) dict_keys(['example_trigger_controller_dag']) retrieved from /home/airflow/.local/lib/python3.7/site-packages/airflow/example_dags/example_trigger_controller_dag.py
[2022-02-08 12:44:18,502] {logging_mixin.py:109} INFO - [2022-02-08 12:44:18,483] {dag.py:2396} INFO - Sync 1 DAGs
[2022-02-08 12:44:20,533] {logging_mixin.py:109} INFO - [2022-02-08 12:44:20,524] {dag.py:2935} INFO - Setting next_dagrun for example_trigger_controller_dag to 2021-01-01T00:00:00+00:00
[2022-02-08 12:44:21,136] {processor.py:171} INFO - Processing /home/airflow/.local/lib/python3.7/site-packages/airflow/example_dags/example_trigger_controller_dag.py took 4.960 seconds
[2022-02-08 12:45:35,280] {processor.py:163} INFO - Started process (PID=941) to work on /home/airflow/.local/lib/python3.7/site-packages/airflow/example_dags/example_trigger_controller_dag.py
[2022-02-08 12:45:35,333] {processor.py:642} INFO - Processing file /home/airflow/.local/lib/python3.7/site-packages/airflow/example_dags/example_trigger_controller_dag.py for tasks to queue
[2022-02-08 12:45:35,376] {logging_mixin.py:109} INFO - [2022-02-08 12:45:35,376] {dagbag.py:500} INFO - Filling up the DagBag from /home/airflow/.local/lib/python3.7/site-packages/airflow/example_dags/example_trigger_controller_dag.py
[2022-02-08 12:45:36,391] {processor.py:654} INFO - DAG(s) dict_keys(['example_trigger_controller_dag']) retrieved from /home/airflow/.local/lib/python3.7/site-packages/airflow/example_dags/example_trigger_controller_dag.py
[2022-02-08 12:45:36,957] {logging_mixin.py:109} INFO - [2022-02-08 12:45:36,956] {dag.py:2396} INFO - Sync 1 DAGs
[2022-02-08 12:45:37,272] {logging_mixin.py:109} INFO - [2022-02-08 12:45:37,271] {dag.py:2935} INFO - Setting next_dagrun for example_trigger_controller_dag to 2021-01-01T00:00:00+00:00
[2022-02-08 12:45:37,549] {processor.py:171} INFO - Processing /home/airflow/.local/lib/python3.7/site-packages/airflow/example_dags/example_trigger_controller_dag.py took 2.339 seconds
[2022-02-08 12:46:52,763] {processor.py:163} INFO - Started process (PID=1050) to work on /home/airflow/.local/lib/python3.7/site-packages/airflow/example_dags/example_trigger_controller_dag.py
[2022-02-08 12:46:52,891] {processor.py:642} INFO - Processing file /home/airflow/.local/lib/python3.7/site-packages/airflow/example_dags/example_trigger_controller_dag.py for tasks to queue
[2022-02-08 12:46:52,941] {logging_mixin.py:109} INFO - [2022-02-08 12:46:52,940] {dagbag.py:500} INFO - Filling up the DagBag from /home/airflow/.local/lib/python3.7/site-packages/airflow/example_dags/example_trigger_controller_dag.py
[2022-02-08 12:46:54,704] {processor.py:654} INFO - DAG(s) dict_keys(['example_trigger_controller_dag']) retrieved from /home/airflow/.local/lib/python3.7/site-packages/airflow/example_dags/example_trigger_controller_dag.py
[2022-02-08 12:46:58,743] {logging_mixin.py:109} INFO - [2022-02-08 12:46:58,704] {dag.py:2396} INFO - Sync 1 DAGs
[2022-02-08 12:47:03,099] {logging_mixin.py:109} INFO - [2022-02-08 12:47:03,076] {dag.py:2935} INFO - Setting next_dagrun for example_trigger_controller_dag to 2021-01-01T00:00:00+00:00
[2022-02-08 12:47:08,399] {processor.py:171} INFO - Processing /home/airflow/.local/lib/python3.7/site-packages/airflow/example_dags/example_trigger_controller_dag.py took 15.743 seconds
[2022-02-08 12:49:00,861] {processor.py:163} INFO - Started process (PID=1164) to work on /home/airflow/.local/lib/python3.7/site-packages/airflow/example_dags/example_trigger_controller_dag.py
[2022-02-08 12:49:00,937] {processor.py:642} INFO - Processing file /home/airflow/.local/lib/python3.7/site-packages/airflow/example_dags/example_trigger_controller_dag.py for tasks to queue
[2022-02-08 12:49:01,050] {logging_mixin.py:109} INFO - [2022-02-08 12:49:01,049] {dagbag.py:500} INFO - Filling up the DagBag from /home/airflow/.local/lib/python3.7/site-packages/airflow/example_dags/example_trigger_controller_dag.py
[2022-02-08 12:49:03,756] {processor.py:654} INFO - DAG(s) dict_keys(['example_trigger_controller_dag']) retrieved from /home/airflow/.local/lib/python3.7/site-packages/airflow/example_dags/example_trigger_controller_dag.py
[2022-02-08 12:49:05,265] {logging_mixin.py:109} INFO - [2022-02-08 12:49:05,222] {dag.py:2396} INFO - Sync 1 DAGs
[2022-02-08 12:49:07,306] {logging_mixin.py:109} INFO - [2022-02-08 12:49:07,279] {dag.py:2935} INFO - Setting next_dagrun for example_trigger_controller_dag to 2021-01-01T00:00:00+00:00
[2022-02-08 12:49:08,206] {processor.py:171} INFO - Processing /home/airflow/.local/lib/python3.7/site-packages/airflow/example_dags/example_trigger_controller_dag.py took 7.623 seconds
[2022-02-08 16:01:11,243] {processor.py:163} INFO - Started process (PID=251) to work on /home/airflow/.local/lib/python3.7/site-packages/airflow/example_dags/example_trigger_controller_dag.py
[2022-02-08 16:01:11,264] {processor.py:642} INFO - Processing file /home/airflow/.local/lib/python3.7/site-packages/airflow/example_dags/example_trigger_controller_dag.py for tasks to queue
[2022-02-08 16:01:11,267] {logging_mixin.py:109} INFO - [2022-02-08 16:01:11,267] {dagbag.py:500} INFO - Filling up the DagBag from /home/airflow/.local/lib/python3.7/site-packages/airflow/example_dags/example_trigger_controller_dag.py
[2022-02-08 16:01:11,587] {processor.py:654} INFO - DAG(s) dict_keys(['example_trigger_controller_dag']) retrieved from /home/airflow/.local/lib/python3.7/site-packages/airflow/example_dags/example_trigger_controller_dag.py
[2022-02-08 16:01:11,741] {logging_mixin.py:109} INFO - [2022-02-08 16:01:11,741] {dag.py:2396} INFO - Sync 1 DAGs
[2022-02-08 16:01:12,048] {logging_mixin.py:109} INFO - [2022-02-08 16:01:12,038] {dag.py:2935} INFO - Setting next_dagrun for example_trigger_controller_dag to 2021-01-01T00:00:00+00:00
[2022-02-08 16:01:12,275] {processor.py:171} INFO - Processing /home/airflow/.local/lib/python3.7/site-packages/airflow/example_dags/example_trigger_controller_dag.py took 1.073 seconds
[2022-02-08 16:12:41,977] {processor.py:163} INFO - Started process (PID=289) to work on /home/airflow/.local/lib/python3.7/site-packages/airflow/example_dags/example_trigger_controller_dag.py
[2022-02-08 16:12:41,991] {processor.py:642} INFO - Processing file /home/airflow/.local/lib/python3.7/site-packages/airflow/example_dags/example_trigger_controller_dag.py for tasks to queue
[2022-02-08 16:12:42,000] {logging_mixin.py:109} INFO - [2022-02-08 16:12:42,000] {dagbag.py:500} INFO - Filling up the DagBag from /home/airflow/.local/lib/python3.7/site-packages/airflow/example_dags/example_trigger_controller_dag.py
[2022-02-08 16:12:42,147] {processor.py:654} INFO - DAG(s) dict_keys(['example_trigger_controller_dag']) retrieved from /home/airflow/.local/lib/python3.7/site-packages/airflow/example_dags/example_trigger_controller_dag.py
[2022-02-08 16:12:42,261] {logging_mixin.py:109} INFO - [2022-02-08 16:12:42,259] {dag.py:2396} INFO - Sync 1 DAGs
[2022-02-08 16:12:42,450] {logging_mixin.py:109} INFO - [2022-02-08 16:12:42,449] {dag.py:2935} INFO - Setting next_dagrun for example_trigger_controller_dag to 2021-01-01T00:00:00+00:00
[2022-02-08 16:12:42,592] {processor.py:171} INFO - Processing /home/airflow/.local/lib/python3.7/site-packages/airflow/example_dags/example_trigger_controller_dag.py took 0.626 seconds
[2022-02-08 16:13:37,535] {processor.py:163} INFO - Started process (PID=404) to work on /home/airflow/.local/lib/python3.7/site-packages/airflow/example_dags/example_trigger_controller_dag.py
[2022-02-08 16:13:37,562] {processor.py:642} INFO - Processing file /home/airflow/.local/lib/python3.7/site-packages/airflow/example_dags/example_trigger_controller_dag.py for tasks to queue
[2022-02-08 16:13:37,597] {logging_mixin.py:109} INFO - [2022-02-08 16:13:37,576] {dagbag.py:500} INFO - Filling up the DagBag from /home/airflow/.local/lib/python3.7/site-packages/airflow/example_dags/example_trigger_controller_dag.py
[2022-02-08 16:13:38,027] {processor.py:654} INFO - DAG(s) dict_keys(['example_trigger_controller_dag']) retrieved from /home/airflow/.local/lib/python3.7/site-packages/airflow/example_dags/example_trigger_controller_dag.py
[2022-02-08 16:13:38,256] {logging_mixin.py:109} INFO - [2022-02-08 16:13:38,256] {dag.py:2396} INFO - Sync 1 DAGs
[2022-02-08 16:13:38,717] {logging_mixin.py:109} INFO - [2022-02-08 16:13:38,712] {dag.py:2935} INFO - Setting next_dagrun for example_trigger_controller_dag to 2021-01-01T00:00:00+00:00
[2022-02-08 16:13:38,882] {processor.py:171} INFO - Processing /home/airflow/.local/lib/python3.7/site-packages/airflow/example_dags/example_trigger_controller_dag.py took 1.389 seconds
[2022-02-08 16:18:28,577] {processor.py:163} INFO - Started process (PID=527) to work on /home/airflow/.local/lib/python3.7/site-packages/airflow/example_dags/example_trigger_controller_dag.py
[2022-02-08 16:18:28,587] {processor.py:642} INFO - Processing file /home/airflow/.local/lib/python3.7/site-packages/airflow/example_dags/example_trigger_controller_dag.py for tasks to queue
[2022-02-08 16:18:28,713] {logging_mixin.py:109} INFO - [2022-02-08 16:18:28,693] {dagbag.py:500} INFO - Filling up the DagBag from /home/airflow/.local/lib/python3.7/site-packages/airflow/example_dags/example_trigger_controller_dag.py
[2022-02-08 16:18:30,650] {processor.py:654} INFO - DAG(s) dict_keys(['example_trigger_controller_dag']) retrieved from /home/airflow/.local/lib/python3.7/site-packages/airflow/example_dags/example_trigger_controller_dag.py
[2022-02-08 16:18:31,318] {logging_mixin.py:109} INFO - [2022-02-08 16:18:31,300] {dag.py:2396} INFO - Sync 1 DAGs
[2022-02-08 16:18:32,469] {logging_mixin.py:109} INFO - [2022-02-08 16:18:32,457] {dag.py:2935} INFO - Setting next_dagrun for example_trigger_controller_dag to 2021-01-01T00:00:00+00:00
[2022-02-08 16:18:32,645] {processor.py:171} INFO - Processing /home/airflow/.local/lib/python3.7/site-packages/airflow/example_dags/example_trigger_controller_dag.py took 4.229 seconds
[2022-02-08 16:21:05,692] {processor.py:163} INFO - Started process (PID=661) to work on /home/airflow/.local/lib/python3.7/site-packages/airflow/example_dags/example_trigger_controller_dag.py
[2022-02-08 16:21:05,823] {processor.py:642} INFO - Processing file /home/airflow/.local/lib/python3.7/site-packages/airflow/example_dags/example_trigger_controller_dag.py for tasks to queue
[2022-02-08 16:21:05,895] {logging_mixin.py:109} INFO - [2022-02-08 16:21:05,895] {dagbag.py:500} INFO - Filling up the DagBag from /home/airflow/.local/lib/python3.7/site-packages/airflow/example_dags/example_trigger_controller_dag.py
[2022-02-08 16:21:07,000] {processor.py:654} INFO - DAG(s) dict_keys(['example_trigger_controller_dag']) retrieved from /home/airflow/.local/lib/python3.7/site-packages/airflow/example_dags/example_trigger_controller_dag.py
[2022-02-08 16:21:07,958] {logging_mixin.py:109} INFO - [2022-02-08 16:21:07,952] {dag.py:2396} INFO - Sync 1 DAGs
[2022-02-08 16:21:09,027] {logging_mixin.py:109} INFO - [2022-02-08 16:21:09,008] {dag.py:2935} INFO - Setting next_dagrun for example_trigger_controller_dag to 2021-01-01T00:00:00+00:00
[2022-02-08 16:21:09,491] {processor.py:171} INFO - Processing /home/airflow/.local/lib/python3.7/site-packages/airflow/example_dags/example_trigger_controller_dag.py took 3.838 seconds
[2022-02-08 16:29:37,695] {processor.py:163} INFO - Started process (PID=409) to work on /home/airflow/.local/lib/python3.7/site-packages/airflow/example_dags/example_trigger_controller_dag.py
[2022-02-08 16:29:37,722] {processor.py:642} INFO - Processing file /home/airflow/.local/lib/python3.7/site-packages/airflow/example_dags/example_trigger_controller_dag.py for tasks to queue
[2022-02-08 16:29:37,751] {logging_mixin.py:109} INFO - [2022-02-08 16:29:37,750] {dagbag.py:500} INFO - Filling up the DagBag from /home/airflow/.local/lib/python3.7/site-packages/airflow/example_dags/example_trigger_controller_dag.py
[2022-02-08 16:29:38,199] {processor.py:654} INFO - DAG(s) dict_keys(['example_trigger_controller_dag']) retrieved from /home/airflow/.local/lib/python3.7/site-packages/airflow/example_dags/example_trigger_controller_dag.py
[2022-02-08 16:29:38,467] {logging_mixin.py:109} INFO - [2022-02-08 16:29:38,467] {dag.py:2396} INFO - Sync 1 DAGs
[2022-02-08 16:29:38,956] {logging_mixin.py:109} INFO - [2022-02-08 16:29:38,935] {dag.py:2935} INFO - Setting next_dagrun for example_trigger_controller_dag to 2021-01-01T00:00:00+00:00
[2022-02-08 16:29:39,173] {processor.py:171} INFO - Processing /home/airflow/.local/lib/python3.7/site-packages/airflow/example_dags/example_trigger_controller_dag.py took 1.538 seconds
[2022-02-08 16:32:14,587] {processor.py:163} INFO - Started process (PID=548) to work on /home/airflow/.local/lib/python3.7/site-packages/airflow/example_dags/example_trigger_controller_dag.py
[2022-02-08 16:32:14,628] {processor.py:642} INFO - Processing file /home/airflow/.local/lib/python3.7/site-packages/airflow/example_dags/example_trigger_controller_dag.py for tasks to queue
[2022-02-08 16:32:14,666] {logging_mixin.py:109} INFO - [2022-02-08 16:32:14,666] {dagbag.py:500} INFO - Filling up the DagBag from /home/airflow/.local/lib/python3.7/site-packages/airflow/example_dags/example_trigger_controller_dag.py
[2022-02-08 16:32:15,115] {processor.py:654} INFO - DAG(s) dict_keys(['example_trigger_controller_dag']) retrieved from /home/airflow/.local/lib/python3.7/site-packages/airflow/example_dags/example_trigger_controller_dag.py
[2022-02-08 16:32:15,377] {logging_mixin.py:109} INFO - [2022-02-08 16:32:15,377] {dag.py:2396} INFO - Sync 1 DAGs
[2022-02-08 16:32:16,037] {logging_mixin.py:109} INFO - [2022-02-08 16:32:16,036] {dag.py:2935} INFO - Setting next_dagrun for example_trigger_controller_dag to 2021-01-01T00:00:00+00:00
[2022-02-08 16:32:16,343] {processor.py:171} INFO - Processing /home/airflow/.local/lib/python3.7/site-packages/airflow/example_dags/example_trigger_controller_dag.py took 1.896 seconds
[2022-02-08 16:35:36,153] {processor.py:163} INFO - Started process (PID=722) to work on /home/airflow/.local/lib/python3.7/site-packages/airflow/example_dags/example_trigger_controller_dag.py
[2022-02-08 16:35:36,170] {processor.py:642} INFO - Processing file /home/airflow/.local/lib/python3.7/site-packages/airflow/example_dags/example_trigger_controller_dag.py for tasks to queue
[2022-02-08 16:35:36,182] {logging_mixin.py:109} INFO - [2022-02-08 16:35:36,182] {dagbag.py:500} INFO - Filling up the DagBag from /home/airflow/.local/lib/python3.7/site-packages/airflow/example_dags/example_trigger_controller_dag.py
[2022-02-08 16:35:36,764] {processor.py:654} INFO - DAG(s) dict_keys(['example_trigger_controller_dag']) retrieved from /home/airflow/.local/lib/python3.7/site-packages/airflow/example_dags/example_trigger_controller_dag.py
[2022-02-08 16:35:36,863] {logging_mixin.py:109} INFO - [2022-02-08 16:35:36,862] {dag.py:2396} INFO - Sync 1 DAGs
[2022-02-08 16:35:37,615] {logging_mixin.py:109} INFO - [2022-02-08 16:35:37,601] {dag.py:2935} INFO - Setting next_dagrun for example_trigger_controller_dag to 2021-01-01T00:00:00+00:00
[2022-02-08 16:35:38,048] {processor.py:171} INFO - Processing /home/airflow/.local/lib/python3.7/site-packages/airflow/example_dags/example_trigger_controller_dag.py took 1.926 seconds
[2022-02-08 16:38:16,447] {processor.py:163} INFO - Started process (PID=879) to work on /home/airflow/.local/lib/python3.7/site-packages/airflow/example_dags/example_trigger_controller_dag.py
[2022-02-08 16:38:16,475] {processor.py:642} INFO - Processing file /home/airflow/.local/lib/python3.7/site-packages/airflow/example_dags/example_trigger_controller_dag.py for tasks to queue
[2022-02-08 16:38:16,531] {logging_mixin.py:109} INFO - [2022-02-08 16:38:16,530] {dagbag.py:500} INFO - Filling up the DagBag from /home/airflow/.local/lib/python3.7/site-packages/airflow/example_dags/example_trigger_controller_dag.py
[2022-02-08 16:38:17,524] {processor.py:654} INFO - DAG(s) dict_keys(['example_trigger_controller_dag']) retrieved from /home/airflow/.local/lib/python3.7/site-packages/airflow/example_dags/example_trigger_controller_dag.py
[2022-02-08 16:38:17,986] {logging_mixin.py:109} INFO - [2022-02-08 16:38:17,952] {dag.py:2396} INFO - Sync 1 DAGs
[2022-02-08 16:38:18,815] {logging_mixin.py:109} INFO - [2022-02-08 16:38:18,814] {dag.py:2935} INFO - Setting next_dagrun for example_trigger_controller_dag to 2021-01-01T00:00:00+00:00
[2022-02-08 16:38:19,350] {processor.py:171} INFO - Processing /home/airflow/.local/lib/python3.7/site-packages/airflow/example_dags/example_trigger_controller_dag.py took 3.032 seconds
[2022-02-08 16:40:22,221] {processor.py:163} INFO - Started process (PID=1017) to work on /home/airflow/.local/lib/python3.7/site-packages/airflow/example_dags/example_trigger_controller_dag.py
[2022-02-08 16:40:22,506] {processor.py:642} INFO - Processing file /home/airflow/.local/lib/python3.7/site-packages/airflow/example_dags/example_trigger_controller_dag.py for tasks to queue
[2022-02-08 16:40:22,888] {logging_mixin.py:109} INFO - [2022-02-08 16:40:22,834] {dagbag.py:500} INFO - Filling up the DagBag from /home/airflow/.local/lib/python3.7/site-packages/airflow/example_dags/example_trigger_controller_dag.py
[2022-02-08 16:40:32,024] {processor.py:654} INFO - DAG(s) dict_keys(['example_trigger_controller_dag']) retrieved from /home/airflow/.local/lib/python3.7/site-packages/airflow/example_dags/example_trigger_controller_dag.py
[2022-02-08 16:40:35,172] {logging_mixin.py:109} INFO - [2022-02-08 16:40:35,150] {dag.py:2396} INFO - Sync 1 DAGs
[2022-02-08 16:40:37,718] {logging_mixin.py:109} INFO - [2022-02-08 16:40:37,697] {dag.py:2935} INFO - Setting next_dagrun for example_trigger_controller_dag to 2021-01-01T00:00:00+00:00
[2022-02-08 17:12:23,503] {processor.py:171} INFO - Processing /home/airflow/.local/lib/python3.7/site-packages/airflow/example_dags/example_trigger_controller_dag.py took 35.034 seconds
[2022-02-08 17:12:42,448] {processor.py:163} INFO - Started process (PID=1057) to work on /home/airflow/.local/lib/python3.7/site-packages/airflow/example_dags/example_trigger_controller_dag.py
[2022-02-08 17:12:42,483] {processor.py:642} INFO - Processing file /home/airflow/.local/lib/python3.7/site-packages/airflow/example_dags/example_trigger_controller_dag.py for tasks to queue
[2022-02-08 17:12:42,504] {logging_mixin.py:109} INFO - [2022-02-08 17:12:42,501] {dagbag.py:500} INFO - Filling up the DagBag from /home/airflow/.local/lib/python3.7/site-packages/airflow/example_dags/example_trigger_controller_dag.py
[2022-02-08 17:12:43,668] {processor.py:654} INFO - DAG(s) dict_keys(['example_trigger_controller_dag']) retrieved from /home/airflow/.local/lib/python3.7/site-packages/airflow/example_dags/example_trigger_controller_dag.py
[2022-02-08 17:12:44,593] {logging_mixin.py:109} INFO - [2022-02-08 17:12:44,559] {dag.py:2396} INFO - Sync 1 DAGs
[2022-02-08 17:12:45,450] {logging_mixin.py:109} INFO - [2022-02-08 17:12:45,438] {dag.py:2935} INFO - Setting next_dagrun for example_trigger_controller_dag to 2021-01-01T00:00:00+00:00
[2022-02-08 17:12:45,879] {processor.py:171} INFO - Processing /home/airflow/.local/lib/python3.7/site-packages/airflow/example_dags/example_trigger_controller_dag.py took 3.552 seconds
[2022-02-08 17:14:38,205] {processor.py:163} INFO - Started process (PID=1221) to work on /home/airflow/.local/lib/python3.7/site-packages/airflow/example_dags/example_trigger_controller_dag.py
[2022-02-08 17:14:38,269] {processor.py:642} INFO - Processing file /home/airflow/.local/lib/python3.7/site-packages/airflow/example_dags/example_trigger_controller_dag.py for tasks to queue
[2022-02-08 17:14:38,307] {logging_mixin.py:109} INFO - [2022-02-08 17:14:38,307] {dagbag.py:500} INFO - Filling up the DagBag from /home/airflow/.local/lib/python3.7/site-packages/airflow/example_dags/example_trigger_controller_dag.py
[2022-02-08 17:14:39,456] {processor.py:654} INFO - DAG(s) dict_keys(['example_trigger_controller_dag']) retrieved from /home/airflow/.local/lib/python3.7/site-packages/airflow/example_dags/example_trigger_controller_dag.py
[2022-02-08 17:14:39,983] {logging_mixin.py:109} INFO - [2022-02-08 17:14:39,982] {dag.py:2396} INFO - Sync 1 DAGs
[2022-02-08 17:14:41,049] {logging_mixin.py:109} INFO - [2022-02-08 17:14:41,047] {dag.py:2935} INFO - Setting next_dagrun for example_trigger_controller_dag to 2021-01-01T00:00:00+00:00
[2022-02-08 17:14:41,632] {processor.py:171} INFO - Processing /home/airflow/.local/lib/python3.7/site-packages/airflow/example_dags/example_trigger_controller_dag.py took 3.546 seconds
[2022-02-08 17:15:47,249] {processor.py:163} INFO - Started process (PID=1323) to work on /home/airflow/.local/lib/python3.7/site-packages/airflow/example_dags/example_trigger_controller_dag.py
[2022-02-08 17:15:47,271] {processor.py:642} INFO - Processing file /home/airflow/.local/lib/python3.7/site-packages/airflow/example_dags/example_trigger_controller_dag.py for tasks to queue
[2022-02-08 17:15:47,321] {logging_mixin.py:109} INFO - [2022-02-08 17:15:47,297] {dagbag.py:500} INFO - Filling up the DagBag from /home/airflow/.local/lib/python3.7/site-packages/airflow/example_dags/example_trigger_controller_dag.py
[2022-02-08 17:15:48,060] {processor.py:654} INFO - DAG(s) dict_keys(['example_trigger_controller_dag']) retrieved from /home/airflow/.local/lib/python3.7/site-packages/airflow/example_dags/example_trigger_controller_dag.py
[2022-02-08 17:15:48,546] {logging_mixin.py:109} INFO - [2022-02-08 17:15:48,545] {dag.py:2396} INFO - Sync 1 DAGs
[2022-02-08 17:15:49,204] {logging_mixin.py:109} INFO - [2022-02-08 17:15:49,204] {dag.py:2935} INFO - Setting next_dagrun for example_trigger_controller_dag to 2021-01-01T00:00:00+00:00
[2022-02-08 17:15:49,681] {processor.py:171} INFO - Processing /home/airflow/.local/lib/python3.7/site-packages/airflow/example_dags/example_trigger_controller_dag.py took 2.490 seconds
[2022-02-08 17:16:53,726] {processor.py:163} INFO - Started process (PID=1412) to work on /home/airflow/.local/lib/python3.7/site-packages/airflow/example_dags/example_trigger_controller_dag.py
[2022-02-08 17:16:53,746] {processor.py:642} INFO - Processing file /home/airflow/.local/lib/python3.7/site-packages/airflow/example_dags/example_trigger_controller_dag.py for tasks to queue
[2022-02-08 17:16:53,766] {logging_mixin.py:109} INFO - [2022-02-08 17:16:53,766] {dagbag.py:500} INFO - Filling up the DagBag from /home/airflow/.local/lib/python3.7/site-packages/airflow/example_dags/example_trigger_controller_dag.py
[2022-02-08 17:16:54,488] {processor.py:654} INFO - DAG(s) dict_keys(['example_trigger_controller_dag']) retrieved from /home/airflow/.local/lib/python3.7/site-packages/airflow/example_dags/example_trigger_controller_dag.py
[2022-02-08 17:16:55,020] {logging_mixin.py:109} INFO - [2022-02-08 17:16:55,019] {dag.py:2396} INFO - Sync 1 DAGs
[2022-02-08 17:16:55,373] {logging_mixin.py:109} INFO - [2022-02-08 17:16:55,372] {dag.py:2935} INFO - Setting next_dagrun for example_trigger_controller_dag to 2021-01-01T00:00:00+00:00
[2022-02-08 17:16:55,696] {processor.py:171} INFO - Processing /home/airflow/.local/lib/python3.7/site-packages/airflow/example_dags/example_trigger_controller_dag.py took 2.002 seconds
[2022-02-08 17:19:06,919] {processor.py:163} INFO - Started process (PID=1513) to work on /home/airflow/.local/lib/python3.7/site-packages/airflow/example_dags/example_trigger_controller_dag.py
[2022-02-08 17:19:06,938] {processor.py:642} INFO - Processing file /home/airflow/.local/lib/python3.7/site-packages/airflow/example_dags/example_trigger_controller_dag.py for tasks to queue
[2022-02-08 17:19:06,994] {logging_mixin.py:109} INFO - [2022-02-08 17:19:06,986] {dagbag.py:500} INFO - Filling up the DagBag from /home/airflow/.local/lib/python3.7/site-packages/airflow/example_dags/example_trigger_controller_dag.py
[2022-02-08 17:19:07,993] {processor.py:654} INFO - DAG(s) dict_keys(['example_trigger_controller_dag']) retrieved from /home/airflow/.local/lib/python3.7/site-packages/airflow/example_dags/example_trigger_controller_dag.py
[2022-02-08 17:19:08,403] {logging_mixin.py:109} INFO - [2022-02-08 17:19:08,394] {dag.py:2396} INFO - Sync 1 DAGs
[2022-02-08 17:19:08,516] {logging_mixin.py:109} INFO - [2022-02-08 17:19:08,513] {dag.py:2935} INFO - Setting next_dagrun for example_trigger_controller_dag to 2021-01-01T00:00:00+00:00
[2022-02-08 17:19:08,579] {processor.py:171} INFO - Processing /home/airflow/.local/lib/python3.7/site-packages/airflow/example_dags/example_trigger_controller_dag.py took 1.736 seconds
[2022-02-08 17:21:09,291] {processor.py:163} INFO - Started process (PID=1668) to work on /home/airflow/.local/lib/python3.7/site-packages/airflow/example_dags/example_trigger_controller_dag.py
[2022-02-08 17:21:09,358] {processor.py:642} INFO - Processing file /home/airflow/.local/lib/python3.7/site-packages/airflow/example_dags/example_trigger_controller_dag.py for tasks to queue
[2022-02-08 17:21:09,390] {logging_mixin.py:109} INFO - [2022-02-08 17:21:09,390] {dagbag.py:500} INFO - Filling up the DagBag from /home/airflow/.local/lib/python3.7/site-packages/airflow/example_dags/example_trigger_controller_dag.py
[2022-02-08 17:21:09,947] {processor.py:654} INFO - DAG(s) dict_keys(['example_trigger_controller_dag']) retrieved from /home/airflow/.local/lib/python3.7/site-packages/airflow/example_dags/example_trigger_controller_dag.py
[2022-02-08 17:21:10,257] {logging_mixin.py:109} INFO - [2022-02-08 17:21:10,257] {dag.py:2396} INFO - Sync 1 DAGs
[2022-02-08 17:21:10,768] {logging_mixin.py:109} INFO - [2022-02-08 17:21:10,765] {dag.py:2935} INFO - Setting next_dagrun for example_trigger_controller_dag to 2021-01-01T00:00:00+00:00
[2022-02-08 17:21:10,942] {processor.py:171} INFO - Processing /home/airflow/.local/lib/python3.7/site-packages/airflow/example_dags/example_trigger_controller_dag.py took 1.704 seconds
[2022-02-08 17:22:07,117] {processor.py:163} INFO - Started process (PID=1754) to work on /home/airflow/.local/lib/python3.7/site-packages/airflow/example_dags/example_trigger_controller_dag.py
[2022-02-08 17:22:07,155] {processor.py:642} INFO - Processing file /home/airflow/.local/lib/python3.7/site-packages/airflow/example_dags/example_trigger_controller_dag.py for tasks to queue
[2022-02-08 17:22:07,171] {logging_mixin.py:109} INFO - [2022-02-08 17:22:07,171] {dagbag.py:500} INFO - Filling up the DagBag from /home/airflow/.local/lib/python3.7/site-packages/airflow/example_dags/example_trigger_controller_dag.py
[2022-02-08 17:22:07,855] {processor.py:654} INFO - DAG(s) dict_keys(['example_trigger_controller_dag']) retrieved from /home/airflow/.local/lib/python3.7/site-packages/airflow/example_dags/example_trigger_controller_dag.py
[2022-02-08 17:22:08,128] {logging_mixin.py:109} INFO - [2022-02-08 17:22:08,128] {dag.py:2396} INFO - Sync 1 DAGs
[2022-02-08 17:22:08,518] {logging_mixin.py:109} INFO - [2022-02-08 17:22:08,518] {dag.py:2935} INFO - Setting next_dagrun for example_trigger_controller_dag to 2021-01-01T00:00:00+00:00
[2022-02-08 17:22:08,730] {processor.py:171} INFO - Processing /home/airflow/.local/lib/python3.7/site-packages/airflow/example_dags/example_trigger_controller_dag.py took 1.677 seconds
[2022-02-08 17:24:08,986] {processor.py:163} INFO - Started process (PID=1848) to work on /home/airflow/.local/lib/python3.7/site-packages/airflow/example_dags/example_trigger_controller_dag.py
[2022-02-08 17:24:09,042] {processor.py:642} INFO - Processing file /home/airflow/.local/lib/python3.7/site-packages/airflow/example_dags/example_trigger_controller_dag.py for tasks to queue
[2022-02-08 17:24:09,066] {logging_mixin.py:109} INFO - [2022-02-08 17:24:09,066] {dagbag.py:500} INFO - Filling up the DagBag from /home/airflow/.local/lib/python3.7/site-packages/airflow/example_dags/example_trigger_controller_dag.py
[2022-02-08 17:24:09,907] {processor.py:654} INFO - DAG(s) dict_keys(['example_trigger_controller_dag']) retrieved from /home/airflow/.local/lib/python3.7/site-packages/airflow/example_dags/example_trigger_controller_dag.py
[2022-02-08 17:24:10,317] {logging_mixin.py:109} INFO - [2022-02-08 17:24:10,310] {dag.py:2396} INFO - Sync 1 DAGs
[2022-02-08 17:24:11,065] {logging_mixin.py:109} INFO - [2022-02-08 17:24:11,061] {dag.py:2935} INFO - Setting next_dagrun for example_trigger_controller_dag to 2021-01-01T00:00:00+00:00
[2022-02-08 17:24:11,414] {processor.py:171} INFO - Processing /home/airflow/.local/lib/python3.7/site-packages/airflow/example_dags/example_trigger_controller_dag.py took 2.599 seconds
[2022-02-08 17:34:31,644] {processor.py:163} INFO - Started process (PID=2046) to work on /home/airflow/.local/lib/python3.7/site-packages/airflow/example_dags/example_trigger_controller_dag.py
[2022-02-08 17:34:31,687] {processor.py:642} INFO - Processing file /home/airflow/.local/lib/python3.7/site-packages/airflow/example_dags/example_trigger_controller_dag.py for tasks to queue
[2022-02-08 17:34:31,788] {logging_mixin.py:109} INFO - [2022-02-08 17:34:31,781] {dagbag.py:500} INFO - Filling up the DagBag from /home/airflow/.local/lib/python3.7/site-packages/airflow/example_dags/example_trigger_controller_dag.py
[2022-02-08 17:34:34,435] {processor.py:654} INFO - DAG(s) dict_keys(['example_trigger_controller_dag']) retrieved from /home/airflow/.local/lib/python3.7/site-packages/airflow/example_dags/example_trigger_controller_dag.py
[2022-02-08 17:34:40,383] {logging_mixin.py:109} INFO - [2022-02-08 17:34:40,372] {dag.py:2396} INFO - Sync 1 DAGs
[2022-02-08 17:34:42,841] {logging_mixin.py:109} INFO - [2022-02-08 17:34:42,794] {dag.py:2935} INFO - Setting next_dagrun for example_trigger_controller_dag to 2021-01-01T00:00:00+00:00
[2022-02-08 17:34:46,151] {processor.py:171} INFO - Processing /home/airflow/.local/lib/python3.7/site-packages/airflow/example_dags/example_trigger_controller_dag.py took 14.597 seconds
[2022-02-08 17:35:43,830] {processor.py:163} INFO - Started process (PID=2104) to work on /home/airflow/.local/lib/python3.7/site-packages/airflow/example_dags/example_trigger_controller_dag.py
[2022-02-08 17:35:43,894] {processor.py:642} INFO - Processing file /home/airflow/.local/lib/python3.7/site-packages/airflow/example_dags/example_trigger_controller_dag.py for tasks to queue
[2022-02-08 17:35:43,981] {logging_mixin.py:109} INFO - [2022-02-08 17:35:43,949] {dagbag.py:500} INFO - Filling up the DagBag from /home/airflow/.local/lib/python3.7/site-packages/airflow/example_dags/example_trigger_controller_dag.py
[2022-02-08 17:35:54,519] {processor.py:654} INFO - DAG(s) dict_keys(['example_trigger_controller_dag']) retrieved from /home/airflow/.local/lib/python3.7/site-packages/airflow/example_dags/example_trigger_controller_dag.py
[2022-02-08 17:35:58,915] {logging_mixin.py:109} INFO - [2022-02-08 17:35:58,913] {dag.py:2396} INFO - Sync 1 DAGs
[2022-02-08 17:35:59,533] {logging_mixin.py:109} INFO - [2022-02-08 17:35:59,525] {dag.py:2935} INFO - Setting next_dagrun for example_trigger_controller_dag to 2021-01-01T00:00:00+00:00
[2022-02-08 17:36:00,133] {processor.py:171} INFO - Processing /home/airflow/.local/lib/python3.7/site-packages/airflow/example_dags/example_trigger_controller_dag.py took 16.347 seconds
[2022-02-08 17:36:56,609] {processor.py:163} INFO - Started process (PID=2159) to work on /home/airflow/.local/lib/python3.7/site-packages/airflow/example_dags/example_trigger_controller_dag.py
[2022-02-08 17:36:56,712] {processor.py:642} INFO - Processing file /home/airflow/.local/lib/python3.7/site-packages/airflow/example_dags/example_trigger_controller_dag.py for tasks to queue
[2022-02-08 17:36:57,002] {logging_mixin.py:109} INFO - [2022-02-08 17:36:56,988] {dagbag.py:500} INFO - Filling up the DagBag from /home/airflow/.local/lib/python3.7/site-packages/airflow/example_dags/example_trigger_controller_dag.py
[2022-02-08 17:37:09,471] {processor.py:654} INFO - DAG(s) dict_keys(['example_trigger_controller_dag']) retrieved from /home/airflow/.local/lib/python3.7/site-packages/airflow/example_dags/example_trigger_controller_dag.py
[2022-02-08 17:37:12,753] {logging_mixin.py:109} INFO - [2022-02-08 17:37:12,643] {dag.py:2396} INFO - Sync 1 DAGs
[2022-02-08 17:37:17,167] {logging_mixin.py:109} INFO - [2022-02-08 17:37:17,058] {dag.py:2935} INFO - Setting next_dagrun for example_trigger_controller_dag to 2021-01-01T00:00:00+00:00
[2022-02-08 17:37:21,126] {processor.py:171} INFO - Processing /home/airflow/.local/lib/python3.7/site-packages/airflow/example_dags/example_trigger_controller_dag.py took 24.827 seconds
[2022-02-08 17:37:43,052] {processor.py:163} INFO - Started process (PID=2220) to work on /home/airflow/.local/lib/python3.7/site-packages/airflow/example_dags/example_trigger_controller_dag.py
[2022-02-08 17:37:43,086] {processor.py:642} INFO - Processing file /home/airflow/.local/lib/python3.7/site-packages/airflow/example_dags/example_trigger_controller_dag.py for tasks to queue
[2022-02-08 17:37:43,143] {logging_mixin.py:109} INFO - [2022-02-08 17:37:43,143] {dagbag.py:500} INFO - Filling up the DagBag from /home/airflow/.local/lib/python3.7/site-packages/airflow/example_dags/example_trigger_controller_dag.py
[2022-02-08 17:37:44,492] {processor.py:654} INFO - DAG(s) dict_keys(['example_trigger_controller_dag']) retrieved from /home/airflow/.local/lib/python3.7/site-packages/airflow/example_dags/example_trigger_controller_dag.py
[2022-02-08 17:37:45,137] {logging_mixin.py:109} INFO - [2022-02-08 17:37:45,113] {dag.py:2396} INFO - Sync 1 DAGs
[2022-02-08 17:37:46,515] {logging_mixin.py:109} INFO - [2022-02-08 17:37:46,509] {dag.py:2935} INFO - Setting next_dagrun for example_trigger_controller_dag to 2021-01-01T00:00:00+00:00
[2022-02-08 17:37:47,017] {processor.py:171} INFO - Processing /home/airflow/.local/lib/python3.7/site-packages/airflow/example_dags/example_trigger_controller_dag.py took 4.001 seconds
[2022-02-08 17:45:07,538] {processor.py:163} INFO - Started process (PID=314) to work on /home/airflow/.local/lib/python3.7/site-packages/airflow/example_dags/example_trigger_controller_dag.py
[2022-02-08 17:45:07,558] {processor.py:642} INFO - Processing file /home/airflow/.local/lib/python3.7/site-packages/airflow/example_dags/example_trigger_controller_dag.py for tasks to queue
[2022-02-08 17:45:07,603] {logging_mixin.py:109} INFO - [2022-02-08 17:45:07,602] {dagbag.py:500} INFO - Filling up the DagBag from /home/airflow/.local/lib/python3.7/site-packages/airflow/example_dags/example_trigger_controller_dag.py
[2022-02-08 17:45:30,986] {processor.py:654} INFO - DAG(s) dict_keys(['example_trigger_controller_dag']) retrieved from /home/airflow/.local/lib/python3.7/site-packages/airflow/example_dags/example_trigger_controller_dag.py
[2022-02-08 17:45:31,802] {logging_mixin.py:109} INFO - [2022-02-08 17:45:31,756] {dag.py:2396} INFO - Sync 1 DAGs
[2022-02-08 17:45:32,603] {logging_mixin.py:109} INFO - [2022-02-08 17:45:32,595] {dag.py:2935} INFO - Setting next_dagrun for example_trigger_controller_dag to 2021-01-01T00:00:00+00:00
[2022-02-08 17:45:32,902] {processor.py:171} INFO - Processing /home/airflow/.local/lib/python3.7/site-packages/airflow/example_dags/example_trigger_controller_dag.py took 25.423 seconds
[2022-02-08 17:55:33,736] {processor.py:163} INFO - Started process (PID=521) to work on /home/airflow/.local/lib/python3.7/site-packages/airflow/example_dags/example_trigger_controller_dag.py
[2022-02-08 17:55:33,753] {processor.py:642} INFO - Processing file /home/airflow/.local/lib/python3.7/site-packages/airflow/example_dags/example_trigger_controller_dag.py for tasks to queue
[2022-02-08 17:55:33,769] {logging_mixin.py:109} INFO - [2022-02-08 17:55:33,769] {dagbag.py:500} INFO - Filling up the DagBag from /home/airflow/.local/lib/python3.7/site-packages/airflow/example_dags/example_trigger_controller_dag.py
[2022-02-08 17:55:34,785] {processor.py:654} INFO - DAG(s) dict_keys(['example_trigger_controller_dag']) retrieved from /home/airflow/.local/lib/python3.7/site-packages/airflow/example_dags/example_trigger_controller_dag.py
[2022-02-08 17:55:35,503] {logging_mixin.py:109} INFO - [2022-02-08 17:55:35,503] {dag.py:2396} INFO - Sync 1 DAGs
[2022-02-08 17:55:36,601] {logging_mixin.py:109} INFO - [2022-02-08 17:55:36,587] {dag.py:2935} INFO - Setting next_dagrun for example_trigger_controller_dag to 2021-01-01T00:00:00+00:00
[2022-02-08 17:55:37,015] {processor.py:171} INFO - Processing /home/airflow/.local/lib/python3.7/site-packages/airflow/example_dags/example_trigger_controller_dag.py took 3.293 seconds
[2022-02-08 17:57:09,762] {processor.py:163} INFO - Started process (PID=569) to work on /home/airflow/.local/lib/python3.7/site-packages/airflow/example_dags/example_trigger_controller_dag.py
[2022-02-08 17:57:09,793] {processor.py:642} INFO - Processing file /home/airflow/.local/lib/python3.7/site-packages/airflow/example_dags/example_trigger_controller_dag.py for tasks to queue
[2022-02-08 17:57:09,898] {logging_mixin.py:109} INFO - [2022-02-08 17:57:09,887] {dagbag.py:500} INFO - Filling up the DagBag from /home/airflow/.local/lib/python3.7/site-packages/airflow/example_dags/example_trigger_controller_dag.py
[2022-02-08 17:57:22,250] {processor.py:654} INFO - DAG(s) dict_keys(['example_trigger_controller_dag']) retrieved from /home/airflow/.local/lib/python3.7/site-packages/airflow/example_dags/example_trigger_controller_dag.py
[2022-02-08 17:57:27,167] {logging_mixin.py:109} INFO - [2022-02-08 17:57:27,085] {dag.py:2396} INFO - Sync 1 DAGs
[2022-02-08 17:57:28,286] {logging_mixin.py:109} INFO - [2022-02-08 17:57:28,253] {dag.py:2935} INFO - Setting next_dagrun for example_trigger_controller_dag to 2021-01-01T00:00:00+00:00
[2022-02-08 17:57:28,986] {processor.py:171} INFO - Processing /home/airflow/.local/lib/python3.7/site-packages/airflow/example_dags/example_trigger_controller_dag.py took 19.375 seconds
[2022-02-08 18:00:41,083] {processor.py:163} INFO - Started process (PID=766) to work on /home/airflow/.local/lib/python3.7/site-packages/airflow/example_dags/example_trigger_controller_dag.py
[2022-02-08 18:00:41,126] {processor.py:642} INFO - Processing file /home/airflow/.local/lib/python3.7/site-packages/airflow/example_dags/example_trigger_controller_dag.py for tasks to queue
[2022-02-08 18:00:41,166] {logging_mixin.py:109} INFO - [2022-02-08 18:00:41,166] {dagbag.py:500} INFO - Filling up the DagBag from /home/airflow/.local/lib/python3.7/site-packages/airflow/example_dags/example_trigger_controller_dag.py
[2022-02-08 18:00:41,924] {processor.py:654} INFO - DAG(s) dict_keys(['example_trigger_controller_dag']) retrieved from /home/airflow/.local/lib/python3.7/site-packages/airflow/example_dags/example_trigger_controller_dag.py
[2022-02-08 18:00:42,399] {logging_mixin.py:109} INFO - [2022-02-08 18:00:42,396] {dag.py:2396} INFO - Sync 1 DAGs
[2022-02-08 18:00:43,217] {logging_mixin.py:109} INFO - [2022-02-08 18:00:43,216] {dag.py:2935} INFO - Setting next_dagrun for example_trigger_controller_dag to 2021-01-01T00:00:00+00:00
[2022-02-08 18:00:43,562] {processor.py:171} INFO - Processing /home/airflow/.local/lib/python3.7/site-packages/airflow/example_dags/example_trigger_controller_dag.py took 2.561 seconds
[2022-02-08 18:02:41,014] {processor.py:163} INFO - Started process (PID=937) to work on /home/airflow/.local/lib/python3.7/site-packages/airflow/example_dags/example_trigger_controller_dag.py
[2022-02-08 18:02:41,055] {processor.py:642} INFO - Processing file /home/airflow/.local/lib/python3.7/site-packages/airflow/example_dags/example_trigger_controller_dag.py for tasks to queue
[2022-02-08 18:02:41,146] {logging_mixin.py:109} INFO - [2022-02-08 18:02:41,120] {dagbag.py:500} INFO - Filling up the DagBag from /home/airflow/.local/lib/python3.7/site-packages/airflow/example_dags/example_trigger_controller_dag.py
[2022-02-08 18:02:41,741] {processor.py:654} INFO - DAG(s) dict_keys(['example_trigger_controller_dag']) retrieved from /home/airflow/.local/lib/python3.7/site-packages/airflow/example_dags/example_trigger_controller_dag.py
[2022-02-08 18:02:42,244] {logging_mixin.py:109} INFO - [2022-02-08 18:02:42,243] {dag.py:2396} INFO - Sync 1 DAGs
[2022-02-08 18:02:42,966] {logging_mixin.py:109} INFO - [2022-02-08 18:02:42,938] {dag.py:2935} INFO - Setting next_dagrun for example_trigger_controller_dag to 2021-01-01T00:00:00+00:00
[2022-02-08 18:02:43,243] {processor.py:171} INFO - Processing /home/airflow/.local/lib/python3.7/site-packages/airflow/example_dags/example_trigger_controller_dag.py took 2.380 seconds
[2022-02-08 18:04:23,537] {processor.py:163} INFO - Started process (PID=1069) to work on /home/airflow/.local/lib/python3.7/site-packages/airflow/example_dags/example_trigger_controller_dag.py
[2022-02-08 18:04:23,582] {processor.py:642} INFO - Processing file /home/airflow/.local/lib/python3.7/site-packages/airflow/example_dags/example_trigger_controller_dag.py for tasks to queue
[2022-02-08 18:04:23,630] {logging_mixin.py:109} INFO - [2022-02-08 18:04:23,629] {dagbag.py:500} INFO - Filling up the DagBag from /home/airflow/.local/lib/python3.7/site-packages/airflow/example_dags/example_trigger_controller_dag.py
[2022-02-08 18:04:24,565] {processor.py:654} INFO - DAG(s) dict_keys(['example_trigger_controller_dag']) retrieved from /home/airflow/.local/lib/python3.7/site-packages/airflow/example_dags/example_trigger_controller_dag.py
[2022-02-08 18:04:25,542] {logging_mixin.py:109} INFO - [2022-02-08 18:04:25,541] {dag.py:2396} INFO - Sync 1 DAGs
[2022-02-08 18:04:26,961] {logging_mixin.py:109} INFO - [2022-02-08 18:04:26,950] {dag.py:2935} INFO - Setting next_dagrun for example_trigger_controller_dag to 2021-01-01T00:00:00+00:00
[2022-02-08 18:04:27,646] {processor.py:171} INFO - Processing /home/airflow/.local/lib/python3.7/site-packages/airflow/example_dags/example_trigger_controller_dag.py took 4.224 seconds
[2022-02-08 18:05:59,667] {processor.py:163} INFO - Started process (PID=1106) to work on /home/airflow/.local/lib/python3.7/site-packages/airflow/example_dags/example_trigger_controller_dag.py
[2022-02-08 18:05:59,693] {processor.py:642} INFO - Processing file /home/airflow/.local/lib/python3.7/site-packages/airflow/example_dags/example_trigger_controller_dag.py for tasks to queue
[2022-02-08 18:05:59,754] {logging_mixin.py:109} INFO - [2022-02-08 18:05:59,754] {dagbag.py:500} INFO - Filling up the DagBag from /home/airflow/.local/lib/python3.7/site-packages/airflow/example_dags/example_trigger_controller_dag.py
[2022-02-08 18:06:00,577] {processor.py:654} INFO - DAG(s) dict_keys(['example_trigger_controller_dag']) retrieved from /home/airflow/.local/lib/python3.7/site-packages/airflow/example_dags/example_trigger_controller_dag.py
[2022-02-08 18:06:00,926] {logging_mixin.py:109} INFO - [2022-02-08 18:06:00,925] {dag.py:2396} INFO - Sync 1 DAGs
[2022-02-08 18:06:01,651] {logging_mixin.py:109} INFO - [2022-02-08 18:06:01,636] {dag.py:2935} INFO - Setting next_dagrun for example_trigger_controller_dag to 2021-01-01T00:00:00+00:00
[2022-02-08 18:06:02,013] {processor.py:171} INFO - Processing /home/airflow/.local/lib/python3.7/site-packages/airflow/example_dags/example_trigger_controller_dag.py took 2.487 seconds
