[2022-02-08 10:11:36,020] {processor.py:163} INFO - Started process (PID=410) to work on /home/airflow/.local/lib/python3.7/site-packages/airflow/example_dags/example_dag_decorator.py
[2022-02-08 10:11:36,027] {processor.py:642} INFO - Processing file /home/airflow/.local/lib/python3.7/site-packages/airflow/example_dags/example_dag_decorator.py for tasks to queue
[2022-02-08 10:11:36,032] {logging_mixin.py:109} INFO - [2022-02-08 10:11:36,030] {dagbag.py:500} INFO - Filling up the DagBag from /home/airflow/.local/lib/python3.7/site-packages/airflow/example_dags/example_dag_decorator.py
[2022-02-08 10:11:36,186] {processor.py:654} INFO - DAG(s) dict_keys(['example_dag_decorator']) retrieved from /home/airflow/.local/lib/python3.7/site-packages/airflow/example_dags/example_dag_decorator.py
[2022-02-08 10:11:51,373] {logging_mixin.py:109} INFO - [2022-02-08 10:11:51,372] {manager.py:496} INFO - Created Permission View: can read on DAG:example_dag_decorator
[2022-02-08 10:11:51,432] {logging_mixin.py:109} INFO - [2022-02-08 10:11:51,432] {manager.py:496} INFO - Created Permission View: can edit on DAG:example_dag_decorator
[2022-02-08 10:11:51,435] {logging_mixin.py:109} INFO - [2022-02-08 10:11:51,434] {dag.py:2396} INFO - Sync 1 DAGs
[2022-02-08 10:11:51,484] {logging_mixin.py:109} INFO - [2022-02-08 10:11:51,483] {dag.py:2415} INFO - Creating ORM DAG for example_dag_decorator
[2022-02-08 10:11:51,561] {logging_mixin.py:109} INFO - [2022-02-08 10:11:51,560] {dag.py:2935} INFO - Setting next_dagrun for example_dag_decorator to None
[2022-02-08 10:11:51,664] {processor.py:171} INFO - Processing /home/airflow/.local/lib/python3.7/site-packages/airflow/example_dags/example_dag_decorator.py took 15.654 seconds
[2022-02-08 10:14:00,427] {processor.py:163} INFO - Started process (PID=703) to work on /home/airflow/.local/lib/python3.7/site-packages/airflow/example_dags/example_dag_decorator.py
[2022-02-08 10:14:00,431] {processor.py:642} INFO - Processing file /home/airflow/.local/lib/python3.7/site-packages/airflow/example_dags/example_dag_decorator.py for tasks to queue
[2022-02-08 10:14:00,435] {logging_mixin.py:109} INFO - [2022-02-08 10:14:00,434] {dagbag.py:500} INFO - Filling up the DagBag from /home/airflow/.local/lib/python3.7/site-packages/airflow/example_dags/example_dag_decorator.py
[2022-02-08 10:14:00,604] {processor.py:654} INFO - DAG(s) dict_keys(['example_dag_decorator']) retrieved from /home/airflow/.local/lib/python3.7/site-packages/airflow/example_dags/example_dag_decorator.py
[2022-02-08 10:14:02,095] {logging_mixin.py:109} INFO - [2022-02-08 10:14:02,095] {dag.py:2396} INFO - Sync 1 DAGs
[2022-02-08 10:14:02,203] {logging_mixin.py:109} INFO - [2022-02-08 10:14:02,203] {dag.py:2935} INFO - Setting next_dagrun for example_dag_decorator to None
[2022-02-08 10:14:02,273] {processor.py:171} INFO - Processing /home/airflow/.local/lib/python3.7/site-packages/airflow/example_dags/example_dag_decorator.py took 1.861 seconds
[2022-02-08 10:14:33,182] {processor.py:163} INFO - Started process (PID=789) to work on /home/airflow/.local/lib/python3.7/site-packages/airflow/example_dags/example_dag_decorator.py
[2022-02-08 10:14:33,185] {processor.py:642} INFO - Processing file /home/airflow/.local/lib/python3.7/site-packages/airflow/example_dags/example_dag_decorator.py for tasks to queue
[2022-02-08 10:14:33,188] {logging_mixin.py:109} INFO - [2022-02-08 10:14:33,188] {dagbag.py:500} INFO - Filling up the DagBag from /home/airflow/.local/lib/python3.7/site-packages/airflow/example_dags/example_dag_decorator.py
[2022-02-08 10:14:33,274] {processor.py:654} INFO - DAG(s) dict_keys(['example_dag_decorator']) retrieved from /home/airflow/.local/lib/python3.7/site-packages/airflow/example_dags/example_dag_decorator.py
[2022-02-08 10:14:33,992] {logging_mixin.py:109} INFO - [2022-02-08 10:14:33,992] {dag.py:2396} INFO - Sync 1 DAGs
[2022-02-08 10:14:34,030] {logging_mixin.py:109} INFO - [2022-02-08 10:14:34,030] {dag.py:2935} INFO - Setting next_dagrun for example_dag_decorator to None
[2022-02-08 10:14:34,075] {processor.py:171} INFO - Processing /home/airflow/.local/lib/python3.7/site-packages/airflow/example_dags/example_dag_decorator.py took 0.900 seconds
[2022-02-08 10:15:04,827] {processor.py:163} INFO - Started process (PID=890) to work on /home/airflow/.local/lib/python3.7/site-packages/airflow/example_dags/example_dag_decorator.py
[2022-02-08 10:15:04,831] {processor.py:642} INFO - Processing file /home/airflow/.local/lib/python3.7/site-packages/airflow/example_dags/example_dag_decorator.py for tasks to queue
[2022-02-08 10:15:04,834] {logging_mixin.py:109} INFO - [2022-02-08 10:15:04,834] {dagbag.py:500} INFO - Filling up the DagBag from /home/airflow/.local/lib/python3.7/site-packages/airflow/example_dags/example_dag_decorator.py
[2022-02-08 10:15:04,920] {processor.py:654} INFO - DAG(s) dict_keys(['example_dag_decorator']) retrieved from /home/airflow/.local/lib/python3.7/site-packages/airflow/example_dags/example_dag_decorator.py
[2022-02-08 10:15:05,920] {logging_mixin.py:109} INFO - [2022-02-08 10:15:05,920] {dag.py:2396} INFO - Sync 1 DAGs
[2022-02-08 10:15:05,975] {logging_mixin.py:109} INFO - [2022-02-08 10:15:05,975] {dag.py:2935} INFO - Setting next_dagrun for example_dag_decorator to None
[2022-02-08 10:15:06,028] {processor.py:171} INFO - Processing /home/airflow/.local/lib/python3.7/site-packages/airflow/example_dags/example_dag_decorator.py took 1.216 seconds
[2022-02-08 10:21:02,760] {processor.py:163} INFO - Started process (PID=299) to work on /home/airflow/.local/lib/python3.7/site-packages/airflow/example_dags/example_dag_decorator.py
[2022-02-08 10:21:02,790] {processor.py:642} INFO - Processing file /home/airflow/.local/lib/python3.7/site-packages/airflow/example_dags/example_dag_decorator.py for tasks to queue
[2022-02-08 10:21:02,811] {logging_mixin.py:109} INFO - [2022-02-08 10:21:02,798] {dagbag.py:500} INFO - Filling up the DagBag from /home/airflow/.local/lib/python3.7/site-packages/airflow/example_dags/example_dag_decorator.py
[2022-02-08 10:21:03,752] {processor.py:654} INFO - DAG(s) dict_keys(['example_dag_decorator']) retrieved from /home/airflow/.local/lib/python3.7/site-packages/airflow/example_dags/example_dag_decorator.py
[2022-02-08 10:21:13,329] {logging_mixin.py:109} INFO - [2022-02-08 10:21:13,329] {dag.py:2396} INFO - Sync 1 DAGs
[2022-02-08 10:21:13,724] {logging_mixin.py:109} INFO - [2022-02-08 10:21:13,723] {dag.py:2935} INFO - Setting next_dagrun for example_dag_decorator to None
[2022-02-08 10:21:13,847] {processor.py:171} INFO - Processing /home/airflow/.local/lib/python3.7/site-packages/airflow/example_dags/example_dag_decorator.py took 11.145 seconds
[2022-02-08 10:22:54,301] {processor.py:163} INFO - Started process (PID=371) to work on /home/airflow/.local/lib/python3.7/site-packages/airflow/example_dags/example_dag_decorator.py
[2022-02-08 10:22:54,318] {processor.py:642} INFO - Processing file /home/airflow/.local/lib/python3.7/site-packages/airflow/example_dags/example_dag_decorator.py for tasks to queue
[2022-02-08 10:22:54,339] {logging_mixin.py:109} INFO - [2022-02-08 10:22:54,327] {dagbag.py:500} INFO - Filling up the DagBag from /home/airflow/.local/lib/python3.7/site-packages/airflow/example_dags/example_dag_decorator.py
[2022-02-08 10:22:55,179] {processor.py:654} INFO - DAG(s) dict_keys(['example_dag_decorator']) retrieved from /home/airflow/.local/lib/python3.7/site-packages/airflow/example_dags/example_dag_decorator.py
[2022-02-08 10:23:06,971] {logging_mixin.py:109} INFO - [2022-02-08 10:23:06,958] {dag.py:2396} INFO - Sync 1 DAGs
[2022-02-08 10:23:07,630] {logging_mixin.py:109} INFO - [2022-02-08 10:23:07,629] {dag.py:2935} INFO - Setting next_dagrun for example_dag_decorator to None
[2022-02-08 10:23:08,096] {processor.py:171} INFO - Processing /home/airflow/.local/lib/python3.7/site-packages/airflow/example_dags/example_dag_decorator.py took 13.814 seconds
[2022-02-08 10:24:43,614] {processor.py:163} INFO - Started process (PID=529) to work on /home/airflow/.local/lib/python3.7/site-packages/airflow/example_dags/example_dag_decorator.py
[2022-02-08 10:24:43,676] {processor.py:642} INFO - Processing file /home/airflow/.local/lib/python3.7/site-packages/airflow/example_dags/example_dag_decorator.py for tasks to queue
[2022-02-08 10:24:43,706] {logging_mixin.py:109} INFO - [2022-02-08 10:24:43,706] {dagbag.py:500} INFO - Filling up the DagBag from /home/airflow/.local/lib/python3.7/site-packages/airflow/example_dags/example_dag_decorator.py
[2022-02-08 10:24:45,641] {processor.py:654} INFO - DAG(s) dict_keys(['example_dag_decorator']) retrieved from /home/airflow/.local/lib/python3.7/site-packages/airflow/example_dags/example_dag_decorator.py
[2022-02-08 10:25:01,724] {logging_mixin.py:109} INFO - [2022-02-08 10:25:01,723] {dag.py:2396} INFO - Sync 1 DAGs
[2022-02-08 10:25:02,911] {logging_mixin.py:109} INFO - [2022-02-08 10:25:02,910] {dag.py:2935} INFO - Setting next_dagrun for example_dag_decorator to None
[2022-02-08 10:25:03,940] {processor.py:171} INFO - Processing /home/airflow/.local/lib/python3.7/site-packages/airflow/example_dags/example_dag_decorator.py took 20.568 seconds
[2022-02-08 10:26:40,196] {processor.py:163} INFO - Started process (PID=654) to work on /home/airflow/.local/lib/python3.7/site-packages/airflow/example_dags/example_dag_decorator.py
[2022-02-08 10:26:40,221] {processor.py:642} INFO - Processing file /home/airflow/.local/lib/python3.7/site-packages/airflow/example_dags/example_dag_decorator.py for tasks to queue
[2022-02-08 10:26:40,274] {logging_mixin.py:109} INFO - [2022-02-08 10:26:40,267] {dagbag.py:500} INFO - Filling up the DagBag from /home/airflow/.local/lib/python3.7/site-packages/airflow/example_dags/example_dag_decorator.py
[2022-02-08 10:26:41,723] {processor.py:654} INFO - DAG(s) dict_keys(['example_dag_decorator']) retrieved from /home/airflow/.local/lib/python3.7/site-packages/airflow/example_dags/example_dag_decorator.py
[2022-02-08 10:27:04,109] {logging_mixin.py:109} INFO - [2022-02-08 10:27:04,109] {dag.py:2396} INFO - Sync 1 DAGs
[2022-02-08 10:27:05,369] {logging_mixin.py:109} INFO - [2022-02-08 10:27:05,368] {dag.py:2935} INFO - Setting next_dagrun for example_dag_decorator to None
[2022-02-08 10:27:06,126] {processor.py:171} INFO - Processing /home/airflow/.local/lib/python3.7/site-packages/airflow/example_dags/example_dag_decorator.py took 26.003 seconds
[2022-02-08 11:05:36,850] {processor.py:163} INFO - Started process (PID=355) to work on /home/airflow/.local/lib/python3.7/site-packages/airflow/example_dags/example_dag_decorator.py
[2022-02-08 11:05:36,870] {processor.py:642} INFO - Processing file /home/airflow/.local/lib/python3.7/site-packages/airflow/example_dags/example_dag_decorator.py for tasks to queue
[2022-02-08 11:05:36,907] {logging_mixin.py:109} INFO - [2022-02-08 11:05:36,889] {dagbag.py:500} INFO - Filling up the DagBag from /home/airflow/.local/lib/python3.7/site-packages/airflow/example_dags/example_dag_decorator.py
[2022-02-08 11:05:37,919] {processor.py:654} INFO - DAG(s) dict_keys(['example_dag_decorator']) retrieved from /home/airflow/.local/lib/python3.7/site-packages/airflow/example_dags/example_dag_decorator.py
[2022-02-08 11:05:48,147] {logging_mixin.py:109} INFO - [2022-02-08 11:05:48,147] {dag.py:2396} INFO - Sync 1 DAGs
[2022-02-08 11:05:48,834] {logging_mixin.py:109} INFO - [2022-02-08 11:05:48,833] {dag.py:2935} INFO - Setting next_dagrun for example_dag_decorator to None
[2022-02-08 11:05:49,228] {processor.py:171} INFO - Processing /home/airflow/.local/lib/python3.7/site-packages/airflow/example_dags/example_dag_decorator.py took 12.434 seconds
[2022-02-08 11:08:21,554] {processor.py:163} INFO - Started process (PID=514) to work on /home/airflow/.local/lib/python3.7/site-packages/airflow/example_dags/example_dag_decorator.py
[2022-02-08 11:08:21,606] {processor.py:642} INFO - Processing file /home/airflow/.local/lib/python3.7/site-packages/airflow/example_dags/example_dag_decorator.py for tasks to queue
[2022-02-08 11:08:21,614] {logging_mixin.py:109} INFO - [2022-02-08 11:08:21,614] {dagbag.py:500} INFO - Filling up the DagBag from /home/airflow/.local/lib/python3.7/site-packages/airflow/example_dags/example_dag_decorator.py
[2022-02-08 11:08:23,086] {processor.py:654} INFO - DAG(s) dict_keys(['example_dag_decorator']) retrieved from /home/airflow/.local/lib/python3.7/site-packages/airflow/example_dags/example_dag_decorator.py
[2022-02-08 11:08:43,144] {logging_mixin.py:109} INFO - [2022-02-08 11:08:43,142] {dag.py:2396} INFO - Sync 1 DAGs
[2022-02-08 11:08:44,156] {logging_mixin.py:109} INFO - [2022-02-08 11:08:44,146] {dag.py:2935} INFO - Setting next_dagrun for example_dag_decorator to None
[2022-02-08 11:08:44,975] {processor.py:171} INFO - Processing /home/airflow/.local/lib/python3.7/site-packages/airflow/example_dags/example_dag_decorator.py took 23.492 seconds
[2022-02-08 11:19:38,739] {processor.py:163} INFO - Started process (PID=469) to work on /home/airflow/.local/lib/python3.7/site-packages/airflow/example_dags/example_dag_decorator.py
[2022-02-08 11:19:38,796] {processor.py:642} INFO - Processing file /home/airflow/.local/lib/python3.7/site-packages/airflow/example_dags/example_dag_decorator.py for tasks to queue
[2022-02-08 11:19:38,865] {logging_mixin.py:109} INFO - [2022-02-08 11:19:38,853] {dagbag.py:500} INFO - Filling up the DagBag from /home/airflow/.local/lib/python3.7/site-packages/airflow/example_dags/example_dag_decorator.py
[2022-02-08 11:19:41,277] {processor.py:654} INFO - DAG(s) dict_keys(['example_dag_decorator']) retrieved from /home/airflow/.local/lib/python3.7/site-packages/airflow/example_dags/example_dag_decorator.py
[2022-02-08 11:20:00,239] {logging_mixin.py:109} INFO - [2022-02-08 11:20:00,239] {dag.py:2396} INFO - Sync 1 DAGs
[2022-02-08 11:20:01,159] {logging_mixin.py:109} INFO - [2022-02-08 11:20:01,159] {dag.py:2935} INFO - Setting next_dagrun for example_dag_decorator to None
[2022-02-08 11:20:01,850] {processor.py:171} INFO - Processing /home/airflow/.local/lib/python3.7/site-packages/airflow/example_dags/example_dag_decorator.py took 23.140 seconds
[2022-02-08 12:35:29,540] {processor.py:163} INFO - Started process (PID=317) to work on /home/airflow/.local/lib/python3.7/site-packages/airflow/example_dags/example_dag_decorator.py
[2022-02-08 12:35:29,555] {processor.py:642} INFO - Processing file /home/airflow/.local/lib/python3.7/site-packages/airflow/example_dags/example_dag_decorator.py for tasks to queue
[2022-02-08 12:35:29,580] {logging_mixin.py:109} INFO - [2022-02-08 12:35:29,579] {dagbag.py:500} INFO - Filling up the DagBag from /home/airflow/.local/lib/python3.7/site-packages/airflow/example_dags/example_dag_decorator.py
[2022-02-08 12:35:30,127] {processor.py:654} INFO - DAG(s) dict_keys(['example_dag_decorator']) retrieved from /home/airflow/.local/lib/python3.7/site-packages/airflow/example_dags/example_dag_decorator.py
[2022-02-08 12:35:37,588] {logging_mixin.py:109} INFO - [2022-02-08 12:35:37,588] {dag.py:2396} INFO - Sync 1 DAGs
[2022-02-08 12:35:38,208] {logging_mixin.py:109} INFO - [2022-02-08 12:35:38,207] {dag.py:2935} INFO - Setting next_dagrun for example_dag_decorator to None
[2022-02-08 12:35:38,542] {processor.py:171} INFO - Processing /home/airflow/.local/lib/python3.7/site-packages/airflow/example_dags/example_dag_decorator.py took 9.046 seconds
[2022-02-08 12:36:27,257] {processor.py:163} INFO - Started process (PID=426) to work on /home/airflow/.local/lib/python3.7/site-packages/airflow/example_dags/example_dag_decorator.py
[2022-02-08 12:36:27,304] {processor.py:642} INFO - Processing file /home/airflow/.local/lib/python3.7/site-packages/airflow/example_dags/example_dag_decorator.py for tasks to queue
[2022-02-08 12:36:27,317] {logging_mixin.py:109} INFO - [2022-02-08 12:36:27,316] {dagbag.py:500} INFO - Filling up the DagBag from /home/airflow/.local/lib/python3.7/site-packages/airflow/example_dags/example_dag_decorator.py
[2022-02-08 12:36:28,394] {processor.py:654} INFO - DAG(s) dict_keys(['example_dag_decorator']) retrieved from /home/airflow/.local/lib/python3.7/site-packages/airflow/example_dags/example_dag_decorator.py
[2022-02-08 12:40:02,388] {processor.py:163} INFO - Started process (PID=543) to work on /home/airflow/.local/lib/python3.7/site-packages/airflow/example_dags/example_dag_decorator.py
[2022-02-08 12:40:02,473] {processor.py:642} INFO - Processing file /home/airflow/.local/lib/python3.7/site-packages/airflow/example_dags/example_dag_decorator.py for tasks to queue
[2022-02-08 12:40:02,488] {logging_mixin.py:109} INFO - [2022-02-08 12:40:02,488] {dagbag.py:500} INFO - Filling up the DagBag from /home/airflow/.local/lib/python3.7/site-packages/airflow/example_dags/example_dag_decorator.py
[2022-02-08 12:40:03,793] {processor.py:654} INFO - DAG(s) dict_keys(['example_dag_decorator']) retrieved from /home/airflow/.local/lib/python3.7/site-packages/airflow/example_dags/example_dag_decorator.py
[2022-02-08 12:40:16,175] {logging_mixin.py:109} INFO - [2022-02-08 12:40:16,174] {dag.py:2396} INFO - Sync 1 DAGs
[2022-02-08 12:40:17,007] {logging_mixin.py:109} INFO - [2022-02-08 12:40:17,006] {dag.py:2935} INFO - Setting next_dagrun for example_dag_decorator to None
[2022-02-08 12:40:17,422] {processor.py:171} INFO - Processing /home/airflow/.local/lib/python3.7/site-packages/airflow/example_dags/example_dag_decorator.py took 15.071 seconds
[2022-02-08 12:42:49,080] {processor.py:163} INFO - Started process (PID=709) to work on /home/airflow/.local/lib/python3.7/site-packages/airflow/example_dags/example_dag_decorator.py
[2022-02-08 12:42:49,121] {processor.py:642} INFO - Processing file /home/airflow/.local/lib/python3.7/site-packages/airflow/example_dags/example_dag_decorator.py for tasks to queue
[2022-02-08 12:42:49,177] {logging_mixin.py:109} INFO - [2022-02-08 12:42:49,173] {dagbag.py:500} INFO - Filling up the DagBag from /home/airflow/.local/lib/python3.7/site-packages/airflow/example_dags/example_dag_decorator.py
[2022-02-08 12:42:50,604] {processor.py:654} INFO - DAG(s) dict_keys(['example_dag_decorator']) retrieved from /home/airflow/.local/lib/python3.7/site-packages/airflow/example_dags/example_dag_decorator.py
[2022-02-08 12:43:07,029] {logging_mixin.py:109} INFO - [2022-02-08 12:43:07,028] {dag.py:2396} INFO - Sync 1 DAGs
[2022-02-08 12:43:07,979] {logging_mixin.py:109} INFO - [2022-02-08 12:43:07,979] {dag.py:2935} INFO - Setting next_dagrun for example_dag_decorator to None
[2022-02-08 12:43:08,399] {processor.py:171} INFO - Processing /home/airflow/.local/lib/python3.7/site-packages/airflow/example_dags/example_dag_decorator.py took 19.437 seconds
[2022-02-08 12:44:49,848] {processor.py:163} INFO - Started process (PID=880) to work on /home/airflow/.local/lib/python3.7/site-packages/airflow/example_dags/example_dag_decorator.py
[2022-02-08 12:44:49,891] {processor.py:642} INFO - Processing file /home/airflow/.local/lib/python3.7/site-packages/airflow/example_dags/example_dag_decorator.py for tasks to queue
[2022-02-08 12:44:49,946] {logging_mixin.py:109} INFO - [2022-02-08 12:44:49,914] {dagbag.py:500} INFO - Filling up the DagBag from /home/airflow/.local/lib/python3.7/site-packages/airflow/example_dags/example_dag_decorator.py
[2022-02-08 12:44:50,830] {processor.py:654} INFO - DAG(s) dict_keys(['example_dag_decorator']) retrieved from /home/airflow/.local/lib/python3.7/site-packages/airflow/example_dags/example_dag_decorator.py
[2022-02-08 12:45:02,406] {logging_mixin.py:109} INFO - [2022-02-08 12:45:02,405] {dag.py:2396} INFO - Sync 1 DAGs
[2022-02-08 12:45:03,197] {logging_mixin.py:109} INFO - [2022-02-08 12:45:03,197] {dag.py:2935} INFO - Setting next_dagrun for example_dag_decorator to None
[2022-02-08 12:45:03,757] {processor.py:171} INFO - Processing /home/airflow/.local/lib/python3.7/site-packages/airflow/example_dags/example_dag_decorator.py took 13.989 seconds
[2022-02-08 12:49:57,265] {processor.py:163} INFO - Started process (PID=1220) to work on /home/airflow/.local/lib/python3.7/site-packages/airflow/example_dags/example_dag_decorator.py
[2022-02-08 12:49:57,279] {processor.py:642} INFO - Processing file /home/airflow/.local/lib/python3.7/site-packages/airflow/example_dags/example_dag_decorator.py for tasks to queue
[2022-02-08 12:49:57,335] {logging_mixin.py:109} INFO - [2022-02-08 12:49:57,305] {dagbag.py:500} INFO - Filling up the DagBag from /home/airflow/.local/lib/python3.7/site-packages/airflow/example_dags/example_dag_decorator.py
[2022-02-08 12:50:00,387] {processor.py:654} INFO - DAG(s) dict_keys(['example_dag_decorator']) retrieved from /home/airflow/.local/lib/python3.7/site-packages/airflow/example_dags/example_dag_decorator.py
[2022-02-08 16:01:19,197] {processor.py:163} INFO - Started process (PID=271) to work on /home/airflow/.local/lib/python3.7/site-packages/airflow/example_dags/example_dag_decorator.py
[2022-02-08 16:01:19,211] {processor.py:642} INFO - Processing file /home/airflow/.local/lib/python3.7/site-packages/airflow/example_dags/example_dag_decorator.py for tasks to queue
[2022-02-08 16:01:19,236] {logging_mixin.py:109} INFO - [2022-02-08 16:01:19,234] {dagbag.py:500} INFO - Filling up the DagBag from /home/airflow/.local/lib/python3.7/site-packages/airflow/example_dags/example_dag_decorator.py
[2022-02-08 16:01:19,749] {processor.py:654} INFO - DAG(s) dict_keys(['example_dag_decorator']) retrieved from /home/airflow/.local/lib/python3.7/site-packages/airflow/example_dags/example_dag_decorator.py
[2022-02-08 16:12:50,056] {processor.py:163} INFO - Started process (PID=312) to work on /home/airflow/.local/lib/python3.7/site-packages/airflow/example_dags/example_dag_decorator.py
[2022-02-08 16:12:50,061] {processor.py:642} INFO - Processing file /home/airflow/.local/lib/python3.7/site-packages/airflow/example_dags/example_dag_decorator.py for tasks to queue
[2022-02-08 16:12:50,078] {logging_mixin.py:109} INFO - [2022-02-08 16:12:50,078] {dagbag.py:500} INFO - Filling up the DagBag from /home/airflow/.local/lib/python3.7/site-packages/airflow/example_dags/example_dag_decorator.py
[2022-02-08 16:12:50,501] {processor.py:654} INFO - DAG(s) dict_keys(['example_dag_decorator']) retrieved from /home/airflow/.local/lib/python3.7/site-packages/airflow/example_dags/example_dag_decorator.py
[2022-02-08 16:12:56,057] {logging_mixin.py:109} INFO - [2022-02-08 16:12:56,042] {dag.py:2396} INFO - Sync 1 DAGs
[2022-02-08 16:12:56,366] {logging_mixin.py:109} INFO - [2022-02-08 16:12:56,360] {dag.py:2935} INFO - Setting next_dagrun for example_dag_decorator to None
[2022-02-08 16:12:56,546] {processor.py:171} INFO - Processing /home/airflow/.local/lib/python3.7/site-packages/airflow/example_dags/example_dag_decorator.py took 6.506 seconds
[2022-02-08 16:13:52,621] {processor.py:163} INFO - Started process (PID=431) to work on /home/airflow/.local/lib/python3.7/site-packages/airflow/example_dags/example_dag_decorator.py
[2022-02-08 16:13:52,630] {processor.py:642} INFO - Processing file /home/airflow/.local/lib/python3.7/site-packages/airflow/example_dags/example_dag_decorator.py for tasks to queue
[2022-02-08 16:13:52,638] {logging_mixin.py:109} INFO - [2022-02-08 16:13:52,638] {dagbag.py:500} INFO - Filling up the DagBag from /home/airflow/.local/lib/python3.7/site-packages/airflow/example_dags/example_dag_decorator.py
[2022-02-08 16:13:53,687] {processor.py:654} INFO - DAG(s) dict_keys(['example_dag_decorator']) retrieved from /home/airflow/.local/lib/python3.7/site-packages/airflow/example_dags/example_dag_decorator.py
[2022-02-08 16:14:40,189] {logging_mixin.py:109} INFO - [2022-02-08 16:14:40,111] {dag.py:2396} INFO - Sync 1 DAGs
[2022-02-08 16:21:49,351] {processor.py:163} INFO - Started process (PID=714) to work on /home/airflow/.local/lib/python3.7/site-packages/airflow/example_dags/example_dag_decorator.py
[2022-02-08 16:21:49,432] {processor.py:642} INFO - Processing file /home/airflow/.local/lib/python3.7/site-packages/airflow/example_dags/example_dag_decorator.py for tasks to queue
[2022-02-08 16:21:49,512] {logging_mixin.py:109} INFO - [2022-02-08 16:21:49,512] {dagbag.py:500} INFO - Filling up the DagBag from /home/airflow/.local/lib/python3.7/site-packages/airflow/example_dags/example_dag_decorator.py
[2022-02-08 16:21:53,059] {processor.py:654} INFO - DAG(s) dict_keys(['example_dag_decorator']) retrieved from /home/airflow/.local/lib/python3.7/site-packages/airflow/example_dags/example_dag_decorator.py
[2022-02-08 16:30:26,411] {processor.py:163} INFO - Started process (PID=429) to work on /home/airflow/.local/lib/python3.7/site-packages/airflow/example_dags/example_dag_decorator.py
[2022-02-08 16:30:26,419] {processor.py:642} INFO - Processing file /home/airflow/.local/lib/python3.7/site-packages/airflow/example_dags/example_dag_decorator.py for tasks to queue
[2022-02-08 16:30:26,424] {logging_mixin.py:109} INFO - [2022-02-08 16:30:26,424] {dagbag.py:500} INFO - Filling up the DagBag from /home/airflow/.local/lib/python3.7/site-packages/airflow/example_dags/example_dag_decorator.py
[2022-02-08 16:30:28,600] {processor.py:654} INFO - DAG(s) dict_keys(['example_dag_decorator']) retrieved from /home/airflow/.local/lib/python3.7/site-packages/airflow/example_dags/example_dag_decorator.py
[2022-02-08 16:30:40,695] {logging_mixin.py:109} INFO - [2022-02-08 16:30:40,694] {dag.py:2396} INFO - Sync 1 DAGs
[2022-02-08 16:30:41,297] {logging_mixin.py:109} INFO - [2022-02-08 16:30:41,292] {dag.py:2935} INFO - Setting next_dagrun for example_dag_decorator to None
[2022-02-08 16:30:41,612] {processor.py:171} INFO - Processing /home/airflow/.local/lib/python3.7/site-packages/airflow/example_dags/example_dag_decorator.py took 15.216 seconds
[2022-02-08 16:32:34,616] {processor.py:163} INFO - Started process (PID=580) to work on /home/airflow/.local/lib/python3.7/site-packages/airflow/example_dags/example_dag_decorator.py
[2022-02-08 16:32:34,664] {processor.py:642} INFO - Processing file /home/airflow/.local/lib/python3.7/site-packages/airflow/example_dags/example_dag_decorator.py for tasks to queue
[2022-02-08 16:32:34,700] {logging_mixin.py:109} INFO - [2022-02-08 16:32:34,699] {dagbag.py:500} INFO - Filling up the DagBag from /home/airflow/.local/lib/python3.7/site-packages/airflow/example_dags/example_dag_decorator.py
[2022-02-08 16:32:36,586] {processor.py:654} INFO - DAG(s) dict_keys(['example_dag_decorator']) retrieved from /home/airflow/.local/lib/python3.7/site-packages/airflow/example_dags/example_dag_decorator.py
[2022-02-08 16:32:51,142] {logging_mixin.py:109} INFO - [2022-02-08 16:32:51,142] {dag.py:2396} INFO - Sync 1 DAGs
[2022-02-08 16:32:51,866] {logging_mixin.py:109} INFO - [2022-02-08 16:32:51,866] {dag.py:2935} INFO - Setting next_dagrun for example_dag_decorator to None
[2022-02-08 16:32:52,388] {processor.py:171} INFO - Processing /home/airflow/.local/lib/python3.7/site-packages/airflow/example_dags/example_dag_decorator.py took 17.905 seconds
[2022-02-08 16:35:52,252] {processor.py:163} INFO - Started process (PID=738) to work on /home/airflow/.local/lib/python3.7/site-packages/airflow/example_dags/example_dag_decorator.py
[2022-02-08 16:35:52,327] {processor.py:642} INFO - Processing file /home/airflow/.local/lib/python3.7/site-packages/airflow/example_dags/example_dag_decorator.py for tasks to queue
[2022-02-08 16:35:52,340] {logging_mixin.py:109} INFO - [2022-02-08 16:35:52,340] {dagbag.py:500} INFO - Filling up the DagBag from /home/airflow/.local/lib/python3.7/site-packages/airflow/example_dags/example_dag_decorator.py
[2022-02-08 16:35:54,246] {processor.py:654} INFO - DAG(s) dict_keys(['example_dag_decorator']) retrieved from /home/airflow/.local/lib/python3.7/site-packages/airflow/example_dags/example_dag_decorator.py
[2022-02-08 16:36:08,302] {logging_mixin.py:109} INFO - [2022-02-08 16:36:08,294] {dag.py:2396} INFO - Sync 1 DAGs
[2022-02-08 16:36:08,839] {logging_mixin.py:109} INFO - [2022-02-08 16:36:08,839] {dag.py:2935} INFO - Setting next_dagrun for example_dag_decorator to None
[2022-02-08 16:36:09,388] {processor.py:171} INFO - Processing /home/airflow/.local/lib/python3.7/site-packages/airflow/example_dags/example_dag_decorator.py took 17.292 seconds
[2022-02-08 16:38:34,192] {processor.py:163} INFO - Started process (PID=906) to work on /home/airflow/.local/lib/python3.7/site-packages/airflow/example_dags/example_dag_decorator.py
[2022-02-08 16:38:34,222] {processor.py:642} INFO - Processing file /home/airflow/.local/lib/python3.7/site-packages/airflow/example_dags/example_dag_decorator.py for tasks to queue
[2022-02-08 16:38:34,261] {logging_mixin.py:109} INFO - [2022-02-08 16:38:34,261] {dagbag.py:500} INFO - Filling up the DagBag from /home/airflow/.local/lib/python3.7/site-packages/airflow/example_dags/example_dag_decorator.py
[2022-02-08 16:38:35,716] {processor.py:654} INFO - DAG(s) dict_keys(['example_dag_decorator']) retrieved from /home/airflow/.local/lib/python3.7/site-packages/airflow/example_dags/example_dag_decorator.py
[2022-02-08 16:38:48,264] {logging_mixin.py:109} INFO - [2022-02-08 16:38:48,254] {dag.py:2396} INFO - Sync 1 DAGs
[2022-02-08 16:38:49,219] {logging_mixin.py:109} INFO - [2022-02-08 16:38:49,219] {dag.py:2935} INFO - Setting next_dagrun for example_dag_decorator to None
[2022-02-08 16:38:49,865] {processor.py:171} INFO - Processing /home/airflow/.local/lib/python3.7/site-packages/airflow/example_dags/example_dag_decorator.py took 15.729 seconds
[2022-02-08 17:13:08,379] {processor.py:163} INFO - Started process (PID=1086) to work on /home/airflow/.local/lib/python3.7/site-packages/airflow/example_dags/example_dag_decorator.py
[2022-02-08 17:13:08,398] {processor.py:642} INFO - Processing file /home/airflow/.local/lib/python3.7/site-packages/airflow/example_dags/example_dag_decorator.py for tasks to queue
[2022-02-08 17:13:08,438] {logging_mixin.py:109} INFO - [2022-02-08 17:13:08,438] {dagbag.py:500} INFO - Filling up the DagBag from /home/airflow/.local/lib/python3.7/site-packages/airflow/example_dags/example_dag_decorator.py
[2022-02-08 17:13:10,521] {processor.py:654} INFO - DAG(s) dict_keys(['example_dag_decorator']) retrieved from /home/airflow/.local/lib/python3.7/site-packages/airflow/example_dags/example_dag_decorator.py
[2022-02-08 17:13:24,747] {logging_mixin.py:109} INFO - [2022-02-08 17:13:24,747] {dag.py:2396} INFO - Sync 1 DAGs
[2022-02-08 17:13:25,060] {logging_mixin.py:109} INFO - [2022-02-08 17:13:25,060] {dag.py:2935} INFO - Setting next_dagrun for example_dag_decorator to None
[2022-02-08 17:13:25,539] {processor.py:171} INFO - Processing /home/airflow/.local/lib/python3.7/site-packages/airflow/example_dags/example_dag_decorator.py took 17.301 seconds
[2022-02-08 17:14:59,124] {processor.py:163} INFO - Started process (PID=1249) to work on /home/airflow/.local/lib/python3.7/site-packages/airflow/example_dags/example_dag_decorator.py
[2022-02-08 17:14:59,197] {processor.py:642} INFO - Processing file /home/airflow/.local/lib/python3.7/site-packages/airflow/example_dags/example_dag_decorator.py for tasks to queue
[2022-02-08 17:14:59,242] {logging_mixin.py:109} INFO - [2022-02-08 17:14:59,242] {dagbag.py:500} INFO - Filling up the DagBag from /home/airflow/.local/lib/python3.7/site-packages/airflow/example_dags/example_dag_decorator.py
[2022-02-08 17:15:00,642] {processor.py:654} INFO - DAG(s) dict_keys(['example_dag_decorator']) retrieved from /home/airflow/.local/lib/python3.7/site-packages/airflow/example_dags/example_dag_decorator.py
[2022-02-08 17:15:11,370] {logging_mixin.py:109} INFO - [2022-02-08 17:15:11,368] {dag.py:2396} INFO - Sync 1 DAGs
[2022-02-08 17:15:12,023] {logging_mixin.py:109} INFO - [2022-02-08 17:15:12,022] {dag.py:2935} INFO - Setting next_dagrun for example_dag_decorator to None
[2022-02-08 17:15:12,550] {processor.py:171} INFO - Processing /home/airflow/.local/lib/python3.7/site-packages/airflow/example_dags/example_dag_decorator.py took 13.541 seconds
[2022-02-08 17:16:56,066] {processor.py:163} INFO - Started process (PID=1414) to work on /home/airflow/.local/lib/python3.7/site-packages/airflow/example_dags/example_dag_decorator.py
[2022-02-08 17:16:56,109] {processor.py:642} INFO - Processing file /home/airflow/.local/lib/python3.7/site-packages/airflow/example_dags/example_dag_decorator.py for tasks to queue
[2022-02-08 17:16:56,167] {logging_mixin.py:109} INFO - [2022-02-08 17:16:56,166] {dagbag.py:500} INFO - Filling up the DagBag from /home/airflow/.local/lib/python3.7/site-packages/airflow/example_dags/example_dag_decorator.py
[2022-02-08 17:16:57,330] {processor.py:654} INFO - DAG(s) dict_keys(['example_dag_decorator']) retrieved from /home/airflow/.local/lib/python3.7/site-packages/airflow/example_dags/example_dag_decorator.py
[2022-02-08 17:17:09,720] {logging_mixin.py:109} INFO - [2022-02-08 17:17:09,720] {dag.py:2396} INFO - Sync 1 DAGs
[2022-02-08 17:17:10,458] {logging_mixin.py:109} INFO - [2022-02-08 17:17:10,458] {dag.py:2935} INFO - Setting next_dagrun for example_dag_decorator to None
[2022-02-08 17:17:10,914] {processor.py:171} INFO - Processing /home/airflow/.local/lib/python3.7/site-packages/airflow/example_dags/example_dag_decorator.py took 14.910 seconds
[2022-02-08 17:19:26,349] {processor.py:163} INFO - Started process (PID=1545) to work on /home/airflow/.local/lib/python3.7/site-packages/airflow/example_dags/example_dag_decorator.py
[2022-02-08 17:19:26,398] {processor.py:642} INFO - Processing file /home/airflow/.local/lib/python3.7/site-packages/airflow/example_dags/example_dag_decorator.py for tasks to queue
[2022-02-08 17:19:26,431] {logging_mixin.py:109} INFO - [2022-02-08 17:19:26,430] {dagbag.py:500} INFO - Filling up the DagBag from /home/airflow/.local/lib/python3.7/site-packages/airflow/example_dags/example_dag_decorator.py
[2022-02-08 17:19:28,118] {processor.py:654} INFO - DAG(s) dict_keys(['example_dag_decorator']) retrieved from /home/airflow/.local/lib/python3.7/site-packages/airflow/example_dags/example_dag_decorator.py
[2022-02-08 17:19:44,988] {logging_mixin.py:109} INFO - [2022-02-08 17:19:44,987] {dag.py:2396} INFO - Sync 1 DAGs
[2022-02-08 17:19:46,033] {logging_mixin.py:109} INFO - [2022-02-08 17:19:46,033] {dag.py:2935} INFO - Setting next_dagrun for example_dag_decorator to None
[2022-02-08 17:19:46,661] {processor.py:171} INFO - Processing /home/airflow/.local/lib/python3.7/site-packages/airflow/example_dags/example_dag_decorator.py took 20.405 seconds
[2022-02-08 17:21:25,436] {processor.py:163} INFO - Started process (PID=1694) to work on /home/airflow/.local/lib/python3.7/site-packages/airflow/example_dags/example_dag_decorator.py
[2022-02-08 17:21:25,478] {processor.py:642} INFO - Processing file /home/airflow/.local/lib/python3.7/site-packages/airflow/example_dags/example_dag_decorator.py for tasks to queue
[2022-02-08 17:21:25,529] {logging_mixin.py:109} INFO - [2022-02-08 17:21:25,509] {dagbag.py:500} INFO - Filling up the DagBag from /home/airflow/.local/lib/python3.7/site-packages/airflow/example_dags/example_dag_decorator.py
[2022-02-08 17:21:26,984] {processor.py:654} INFO - DAG(s) dict_keys(['example_dag_decorator']) retrieved from /home/airflow/.local/lib/python3.7/site-packages/airflow/example_dags/example_dag_decorator.py
[2022-02-08 17:21:39,318] {logging_mixin.py:109} INFO - [2022-02-08 17:21:39,318] {dag.py:2396} INFO - Sync 1 DAGs
[2022-02-08 17:21:39,898] {logging_mixin.py:109} INFO - [2022-02-08 17:21:39,898] {dag.py:2935} INFO - Setting next_dagrun for example_dag_decorator to None
[2022-02-08 17:21:40,469] {processor.py:171} INFO - Processing /home/airflow/.local/lib/python3.7/site-packages/airflow/example_dags/example_dag_decorator.py took 15.253 seconds
[2022-02-08 17:24:22,120] {processor.py:163} INFO - Started process (PID=1868) to work on /home/airflow/.local/lib/python3.7/site-packages/airflow/example_dags/example_dag_decorator.py
[2022-02-08 17:24:22,159] {processor.py:642} INFO - Processing file /home/airflow/.local/lib/python3.7/site-packages/airflow/example_dags/example_dag_decorator.py for tasks to queue
[2022-02-08 17:24:22,196] {logging_mixin.py:109} INFO - [2022-02-08 17:24:22,195] {dagbag.py:500} INFO - Filling up the DagBag from /home/airflow/.local/lib/python3.7/site-packages/airflow/example_dags/example_dag_decorator.py
[2022-02-08 17:24:23,114] {processor.py:654} INFO - DAG(s) dict_keys(['example_dag_decorator']) retrieved from /home/airflow/.local/lib/python3.7/site-packages/airflow/example_dags/example_dag_decorator.py
[2022-02-08 17:24:32,524] {logging_mixin.py:109} INFO - [2022-02-08 17:24:32,523] {dag.py:2396} INFO - Sync 1 DAGs
[2022-02-08 17:24:33,013] {logging_mixin.py:109} INFO - [2022-02-08 17:24:33,013] {dag.py:2935} INFO - Setting next_dagrun for example_dag_decorator to None
[2022-02-08 17:24:33,407] {processor.py:171} INFO - Processing /home/airflow/.local/lib/python3.7/site-packages/airflow/example_dags/example_dag_decorator.py took 11.447 seconds
[2022-02-08 17:38:17,600] {processor.py:163} INFO - Started process (PID=2255) to work on /home/airflow/.local/lib/python3.7/site-packages/airflow/example_dags/example_dag_decorator.py
[2022-02-08 17:38:17,679] {processor.py:642} INFO - Processing file /home/airflow/.local/lib/python3.7/site-packages/airflow/example_dags/example_dag_decorator.py for tasks to queue
[2022-02-08 17:38:17,744] {logging_mixin.py:109} INFO - [2022-02-08 17:38:17,744] {dagbag.py:500} INFO - Filling up the DagBag from /home/airflow/.local/lib/python3.7/site-packages/airflow/example_dags/example_dag_decorator.py
[2022-02-08 17:38:27,286] {processor.py:654} INFO - DAG(s) dict_keys(['example_dag_decorator']) retrieved from /home/airflow/.local/lib/python3.7/site-packages/airflow/example_dags/example_dag_decorator.py
[2022-02-08 17:45:53,239] {processor.py:163} INFO - Started process (PID=336) to work on /home/airflow/.local/lib/python3.7/site-packages/airflow/example_dags/example_dag_decorator.py
[2022-02-08 17:45:53,522] {processor.py:642} INFO - Processing file /home/airflow/.local/lib/python3.7/site-packages/airflow/example_dags/example_dag_decorator.py for tasks to queue
[2022-02-08 17:45:53,886] {logging_mixin.py:109} INFO - [2022-02-08 17:45:53,733] {dagbag.py:500} INFO - Filling up the DagBag from /home/airflow/.local/lib/python3.7/site-packages/airflow/example_dags/example_dag_decorator.py
[2022-02-08 17:57:56,260] {processor.py:163} INFO - Started process (PID=624) to work on /home/airflow/.local/lib/python3.7/site-packages/airflow/example_dags/example_dag_decorator.py
[2022-02-08 17:57:56,285] {processor.py:642} INFO - Processing file /home/airflow/.local/lib/python3.7/site-packages/airflow/example_dags/example_dag_decorator.py for tasks to queue
[2022-02-08 17:57:56,339] {logging_mixin.py:109} INFO - [2022-02-08 17:57:56,333] {dagbag.py:500} INFO - Filling up the DagBag from /home/airflow/.local/lib/python3.7/site-packages/airflow/example_dags/example_dag_decorator.py
[2022-02-08 17:58:03,885] {processor.py:654} INFO - DAG(s) dict_keys(['example_dag_decorator']) retrieved from /home/airflow/.local/lib/python3.7/site-packages/airflow/example_dags/example_dag_decorator.py
[2022-02-08 18:01:01,157] {processor.py:163} INFO - Started process (PID=790) to work on /home/airflow/.local/lib/python3.7/site-packages/airflow/example_dags/example_dag_decorator.py
[2022-02-08 18:01:01,183] {processor.py:642} INFO - Processing file /home/airflow/.local/lib/python3.7/site-packages/airflow/example_dags/example_dag_decorator.py for tasks to queue
[2022-02-08 18:01:01,186] {logging_mixin.py:109} INFO - [2022-02-08 18:01:01,186] {dagbag.py:500} INFO - Filling up the DagBag from /home/airflow/.local/lib/python3.7/site-packages/airflow/example_dags/example_dag_decorator.py
[2022-02-08 18:01:02,414] {processor.py:654} INFO - DAG(s) dict_keys(['example_dag_decorator']) retrieved from /home/airflow/.local/lib/python3.7/site-packages/airflow/example_dags/example_dag_decorator.py
[2022-02-08 18:01:14,556] {logging_mixin.py:109} INFO - [2022-02-08 18:01:14,556] {dag.py:2396} INFO - Sync 1 DAGs
[2022-02-08 18:01:15,157] {logging_mixin.py:109} INFO - [2022-02-08 18:01:15,156] {dag.py:2935} INFO - Setting next_dagrun for example_dag_decorator to None
[2022-02-08 18:01:15,662] {processor.py:171} INFO - Processing /home/airflow/.local/lib/python3.7/site-packages/airflow/example_dags/example_dag_decorator.py took 14.525 seconds
[2022-02-08 18:03:05,567] {processor.py:163} INFO - Started process (PID=962) to work on /home/airflow/.local/lib/python3.7/site-packages/airflow/example_dags/example_dag_decorator.py
[2022-02-08 18:03:05,618] {processor.py:642} INFO - Processing file /home/airflow/.local/lib/python3.7/site-packages/airflow/example_dags/example_dag_decorator.py for tasks to queue
[2022-02-08 18:03:05,636] {logging_mixin.py:109} INFO - [2022-02-08 18:03:05,635] {dagbag.py:500} INFO - Filling up the DagBag from /home/airflow/.local/lib/python3.7/site-packages/airflow/example_dags/example_dag_decorator.py
[2022-02-08 18:03:08,289] {processor.py:654} INFO - DAG(s) dict_keys(['example_dag_decorator']) retrieved from /home/airflow/.local/lib/python3.7/site-packages/airflow/example_dags/example_dag_decorator.py
[2022-02-08 18:03:33,102] {logging_mixin.py:109} INFO - [2022-02-08 18:03:33,094] {dag.py:2396} INFO - Sync 1 DAGs
[2022-02-08 18:03:34,408] {logging_mixin.py:109} INFO - [2022-02-08 18:03:34,407] {dag.py:2935} INFO - Setting next_dagrun for example_dag_decorator to None
[2022-02-08 18:03:35,261] {processor.py:171} INFO - Processing /home/airflow/.local/lib/python3.7/site-packages/airflow/example_dags/example_dag_decorator.py took 29.779 seconds
[2022-02-08 18:06:20,170] {processor.py:163} INFO - Started process (PID=1135) to work on /home/airflow/.local/lib/python3.7/site-packages/airflow/example_dags/example_dag_decorator.py
[2022-02-08 18:06:20,204] {processor.py:642} INFO - Processing file /home/airflow/.local/lib/python3.7/site-packages/airflow/example_dags/example_dag_decorator.py for tasks to queue
[2022-02-08 18:06:20,248] {logging_mixin.py:109} INFO - [2022-02-08 18:06:20,248] {dagbag.py:500} INFO - Filling up the DagBag from /home/airflow/.local/lib/python3.7/site-packages/airflow/example_dags/example_dag_decorator.py
[2022-02-08 18:06:21,728] {processor.py:654} INFO - DAG(s) dict_keys(['example_dag_decorator']) retrieved from /home/airflow/.local/lib/python3.7/site-packages/airflow/example_dags/example_dag_decorator.py
[2022-02-08 18:06:34,581] {logging_mixin.py:109} INFO - [2022-02-08 18:06:34,570] {dag.py:2396} INFO - Sync 1 DAGs
[2022-02-08 18:06:35,192] {logging_mixin.py:109} INFO - [2022-02-08 18:06:35,192] {dag.py:2935} INFO - Setting next_dagrun for example_dag_decorator to None
[2022-02-08 18:06:35,772] {processor.py:171} INFO - Processing /home/airflow/.local/lib/python3.7/site-packages/airflow/example_dags/example_dag_decorator.py took 15.626 seconds
