[2022-02-08 10:11:49,280] {processor.py:163} INFO - Started process (PID=432) to work on /home/airflow/.local/lib/python3.7/site-packages/airflow/example_dags/example_sla_dag.py
[2022-02-08 10:11:49,287] {processor.py:642} INFO - Processing file /home/airflow/.local/lib/python3.7/site-packages/airflow/example_dags/example_sla_dag.py for tasks to queue
[2022-02-08 10:11:49,292] {logging_mixin.py:109} INFO - [2022-02-08 10:11:49,291] {dagbag.py:500} INFO - Filling up the DagBag from /home/airflow/.local/lib/python3.7/site-packages/airflow/example_dags/example_sla_dag.py
[2022-02-08 10:11:49,474] {processor.py:654} INFO - DAG(s) dict_keys(['example_sla_dag']) retrieved from /home/airflow/.local/lib/python3.7/site-packages/airflow/example_dags/example_sla_dag.py
[2022-02-08 10:12:00,708] {logging_mixin.py:109} INFO - [2022-02-08 10:12:00,707] {manager.py:496} INFO - Created Permission View: can read on DAG:example_sla_dag
[2022-02-08 10:12:00,779] {logging_mixin.py:109} INFO - [2022-02-08 10:12:00,778] {manager.py:496} INFO - Created Permission View: can edit on DAG:example_sla_dag
[2022-02-08 10:12:00,782] {logging_mixin.py:109} INFO - [2022-02-08 10:12:00,781] {dag.py:2396} INFO - Sync 1 DAGs
[2022-02-08 10:12:00,857] {logging_mixin.py:109} INFO - [2022-02-08 10:12:00,856] {dag.py:2415} INFO - Creating ORM DAG for example_sla_dag
[2022-02-08 10:12:00,957] {logging_mixin.py:109} INFO - [2022-02-08 10:12:00,956] {dag.py:2935} INFO - Setting next_dagrun for example_sla_dag to 2022-02-08T10:10:00+00:00
[2022-02-08 10:12:01,054] {processor.py:171} INFO - Processing /home/airflow/.local/lib/python3.7/site-packages/airflow/example_dags/example_sla_dag.py took 11.785 seconds
[2022-02-08 10:14:02,349] {processor.py:163} INFO - Started process (PID=711) to work on /home/airflow/.local/lib/python3.7/site-packages/airflow/example_dags/example_sla_dag.py
[2022-02-08 10:14:02,352] {processor.py:642} INFO - Processing file /home/airflow/.local/lib/python3.7/site-packages/airflow/example_dags/example_sla_dag.py for tasks to queue
[2022-02-08 10:14:02,355] {logging_mixin.py:109} INFO - [2022-02-08 10:14:02,354] {dagbag.py:500} INFO - Filling up the DagBag from /home/airflow/.local/lib/python3.7/site-packages/airflow/example_dags/example_sla_dag.py
[2022-02-08 10:14:02,504] {processor.py:654} INFO - DAG(s) dict_keys(['example_sla_dag']) retrieved from /home/airflow/.local/lib/python3.7/site-packages/airflow/example_dags/example_sla_dag.py
[2022-02-08 10:14:02,584] {logging_mixin.py:109} INFO - [2022-02-08 10:14:02,583] {dag.py:2396} INFO - Sync 1 DAGs
[2022-02-08 10:14:02,721] {logging_mixin.py:109} INFO - [2022-02-08 10:14:02,720] {dag.py:2935} INFO - Setting next_dagrun for example_sla_dag to 2022-02-08T10:12:00+00:00
[2022-02-08 10:14:02,800] {processor.py:171} INFO - Processing /home/airflow/.local/lib/python3.7/site-packages/airflow/example_dags/example_sla_dag.py took 0.457 seconds
[2022-02-08 10:14:33,182] {processor.py:163} INFO - Started process (PID=791) to work on /home/airflow/.local/lib/python3.7/site-packages/airflow/example_dags/example_sla_dag.py
[2022-02-08 10:14:33,185] {processor.py:642} INFO - Processing file /home/airflow/.local/lib/python3.7/site-packages/airflow/example_dags/example_sla_dag.py for tasks to queue
[2022-02-08 10:14:33,188] {logging_mixin.py:109} INFO - [2022-02-08 10:14:33,188] {dagbag.py:500} INFO - Filling up the DagBag from /home/airflow/.local/lib/python3.7/site-packages/airflow/example_dags/example_sla_dag.py
[2022-02-08 10:14:33,260] {processor.py:654} INFO - DAG(s) dict_keys(['example_sla_dag']) retrieved from /home/airflow/.local/lib/python3.7/site-packages/airflow/example_dags/example_sla_dag.py
[2022-02-08 10:14:33,296] {logging_mixin.py:109} INFO - [2022-02-08 10:14:33,296] {dag.py:2396} INFO - Sync 1 DAGs
[2022-02-08 10:14:33,367] {logging_mixin.py:109} INFO - [2022-02-08 10:14:33,367] {dag.py:2935} INFO - Setting next_dagrun for example_sla_dag to 2022-02-08T10:12:00+00:00
[2022-02-08 10:14:33,407] {processor.py:171} INFO - Processing /home/airflow/.local/lib/python3.7/site-packages/airflow/example_dags/example_sla_dag.py took 0.232 seconds
[2022-02-08 10:15:03,780] {processor.py:163} INFO - Started process (PID=888) to work on /home/airflow/.local/lib/python3.7/site-packages/airflow/example_dags/example_sla_dag.py
[2022-02-08 10:15:03,784] {processor.py:642} INFO - Processing file /home/airflow/.local/lib/python3.7/site-packages/airflow/example_dags/example_sla_dag.py for tasks to queue
[2022-02-08 10:15:03,787] {logging_mixin.py:109} INFO - [2022-02-08 10:15:03,786] {dagbag.py:500} INFO - Filling up the DagBag from /home/airflow/.local/lib/python3.7/site-packages/airflow/example_dags/example_sla_dag.py
[2022-02-08 10:15:03,862] {processor.py:654} INFO - DAG(s) dict_keys(['example_sla_dag']) retrieved from /home/airflow/.local/lib/python3.7/site-packages/airflow/example_dags/example_sla_dag.py
[2022-02-08 10:15:03,896] {logging_mixin.py:109} INFO - [2022-02-08 10:15:03,896] {dag.py:2396} INFO - Sync 1 DAGs
[2022-02-08 10:15:03,970] {logging_mixin.py:109} INFO - [2022-02-08 10:15:03,969] {dag.py:2935} INFO - Setting next_dagrun for example_sla_dag to 2022-02-08T10:12:00+00:00
[2022-02-08 10:15:04,012] {processor.py:171} INFO - Processing /home/airflow/.local/lib/python3.7/site-packages/airflow/example_dags/example_sla_dag.py took 0.238 seconds
[2022-02-08 10:21:03,325] {processor.py:163} INFO - Started process (PID=301) to work on /home/airflow/.local/lib/python3.7/site-packages/airflow/example_dags/example_sla_dag.py
[2022-02-08 10:21:03,355] {processor.py:642} INFO - Processing file /home/airflow/.local/lib/python3.7/site-packages/airflow/example_dags/example_sla_dag.py for tasks to queue
[2022-02-08 10:21:03,363] {logging_mixin.py:109} INFO - [2022-02-08 10:21:03,362] {dagbag.py:500} INFO - Filling up the DagBag from /home/airflow/.local/lib/python3.7/site-packages/airflow/example_dags/example_sla_dag.py
[2022-02-08 10:21:04,061] {processor.py:654} INFO - DAG(s) dict_keys(['example_sla_dag']) retrieved from /home/airflow/.local/lib/python3.7/site-packages/airflow/example_dags/example_sla_dag.py
[2022-02-08 10:21:04,310] {logging_mixin.py:109} INFO - [2022-02-08 10:21:04,310] {dag.py:2396} INFO - Sync 1 DAGs
[2022-02-08 10:21:05,025] {logging_mixin.py:109} INFO - [2022-02-08 10:21:05,024] {dag.py:2935} INFO - Setting next_dagrun for example_sla_dag to 2022-02-08T10:18:00+00:00
[2022-02-08 10:21:05,270] {processor.py:171} INFO - Processing /home/airflow/.local/lib/python3.7/site-packages/airflow/example_dags/example_sla_dag.py took 1.960 seconds
[2022-02-08 10:22:56,424] {processor.py:163} INFO - Started process (PID=373) to work on /home/airflow/.local/lib/python3.7/site-packages/airflow/example_dags/example_sla_dag.py
[2022-02-08 10:22:56,444] {processor.py:642} INFO - Processing file /home/airflow/.local/lib/python3.7/site-packages/airflow/example_dags/example_sla_dag.py for tasks to queue
[2022-02-08 10:22:56,497] {logging_mixin.py:109} INFO - [2022-02-08 10:22:56,479] {dagbag.py:500} INFO - Filling up the DagBag from /home/airflow/.local/lib/python3.7/site-packages/airflow/example_dags/example_sla_dag.py
[2022-02-08 10:22:57,373] {processor.py:654} INFO - DAG(s) dict_keys(['example_sla_dag']) retrieved from /home/airflow/.local/lib/python3.7/site-packages/airflow/example_dags/example_sla_dag.py
[2022-02-08 10:22:57,744] {logging_mixin.py:109} INFO - [2022-02-08 10:22:57,744] {dag.py:2396} INFO - Sync 1 DAGs
[2022-02-08 10:22:58,664] {logging_mixin.py:109} INFO - [2022-02-08 10:22:58,658] {dag.py:2935} INFO - Setting next_dagrun for example_sla_dag to 2022-02-08T10:20:00+00:00
[2022-02-08 10:22:58,974] {processor.py:171} INFO - Processing /home/airflow/.local/lib/python3.7/site-packages/airflow/example_dags/example_sla_dag.py took 2.606 seconds
[2022-02-08 10:24:46,390] {processor.py:163} INFO - Started process (PID=531) to work on /home/airflow/.local/lib/python3.7/site-packages/airflow/example_dags/example_sla_dag.py
[2022-02-08 10:24:46,426] {processor.py:642} INFO - Processing file /home/airflow/.local/lib/python3.7/site-packages/airflow/example_dags/example_sla_dag.py for tasks to queue
[2022-02-08 10:24:46,457] {logging_mixin.py:109} INFO - [2022-02-08 10:24:46,456] {dagbag.py:500} INFO - Filling up the DagBag from /home/airflow/.local/lib/python3.7/site-packages/airflow/example_dags/example_sla_dag.py
[2022-02-08 10:24:47,777] {processor.py:654} INFO - DAG(s) dict_keys(['example_sla_dag']) retrieved from /home/airflow/.local/lib/python3.7/site-packages/airflow/example_dags/example_sla_dag.py
[2022-02-08 10:24:48,543] {logging_mixin.py:109} INFO - [2022-02-08 10:24:48,542] {dag.py:2396} INFO - Sync 1 DAGs
[2022-02-08 10:24:49,856] {logging_mixin.py:109} INFO - [2022-02-08 10:24:49,855] {dag.py:2935} INFO - Setting next_dagrun for example_sla_dag to 2022-02-08T10:22:00+00:00
[2022-02-08 10:24:50,216] {processor.py:171} INFO - Processing /home/airflow/.local/lib/python3.7/site-packages/airflow/example_dags/example_sla_dag.py took 3.902 seconds
[2022-02-08 10:26:42,158] {processor.py:163} INFO - Started process (PID=656) to work on /home/airflow/.local/lib/python3.7/site-packages/airflow/example_dags/example_sla_dag.py
[2022-02-08 10:26:42,200] {processor.py:642} INFO - Processing file /home/airflow/.local/lib/python3.7/site-packages/airflow/example_dags/example_sla_dag.py for tasks to queue
[2022-02-08 10:26:42,224] {logging_mixin.py:109} INFO - [2022-02-08 10:26:42,223] {dagbag.py:500} INFO - Filling up the DagBag from /home/airflow/.local/lib/python3.7/site-packages/airflow/example_dags/example_sla_dag.py
[2022-02-08 10:26:44,209] {processor.py:654} INFO - DAG(s) dict_keys(['example_sla_dag']) retrieved from /home/airflow/.local/lib/python3.7/site-packages/airflow/example_dags/example_sla_dag.py
[2022-02-08 10:26:45,052] {logging_mixin.py:109} INFO - [2022-02-08 10:26:45,041] {dag.py:2396} INFO - Sync 1 DAGs
[2022-02-08 10:26:46,614] {logging_mixin.py:109} INFO - [2022-02-08 10:26:46,604] {dag.py:2935} INFO - Setting next_dagrun for example_sla_dag to 2022-02-08T10:24:00+00:00
[2022-02-08 10:26:47,210] {processor.py:171} INFO - Processing /home/airflow/.local/lib/python3.7/site-packages/airflow/example_dags/example_sla_dag.py took 5.177 seconds
[2022-02-08 11:05:37,181] {processor.py:163} INFO - Started process (PID=357) to work on /home/airflow/.local/lib/python3.7/site-packages/airflow/example_dags/example_sla_dag.py
[2022-02-08 11:05:37,191] {processor.py:642} INFO - Processing file /home/airflow/.local/lib/python3.7/site-packages/airflow/example_dags/example_sla_dag.py for tasks to queue
[2022-02-08 11:05:37,206] {logging_mixin.py:109} INFO - [2022-02-08 11:05:37,204] {dagbag.py:500} INFO - Filling up the DagBag from /home/airflow/.local/lib/python3.7/site-packages/airflow/example_dags/example_sla_dag.py
[2022-02-08 11:05:38,043] {processor.py:654} INFO - DAG(s) dict_keys(['example_sla_dag']) retrieved from /home/airflow/.local/lib/python3.7/site-packages/airflow/example_dags/example_sla_dag.py
[2022-02-08 11:05:38,189] {logging_mixin.py:109} INFO - [2022-02-08 11:05:38,184] {dag.py:2396} INFO - Sync 1 DAGs
[2022-02-08 11:05:39,132] {logging_mixin.py:109} INFO - [2022-02-08 11:05:39,131] {dag.py:2935} INFO - Setting next_dagrun for example_sla_dag to 2022-02-08T11:02:00+00:00
[2022-02-08 11:05:39,267] {processor.py:171} INFO - Processing /home/airflow/.local/lib/python3.7/site-packages/airflow/example_dags/example_sla_dag.py took 2.135 seconds
[2022-02-08 11:08:24,289] {processor.py:163} INFO - Started process (PID=516) to work on /home/airflow/.local/lib/python3.7/site-packages/airflow/example_dags/example_sla_dag.py
[2022-02-08 11:08:24,370] {processor.py:642} INFO - Processing file /home/airflow/.local/lib/python3.7/site-packages/airflow/example_dags/example_sla_dag.py for tasks to queue
[2022-02-08 11:08:24,402] {logging_mixin.py:109} INFO - [2022-02-08 11:08:24,401] {dagbag.py:500} INFO - Filling up the DagBag from /home/airflow/.local/lib/python3.7/site-packages/airflow/example_dags/example_sla_dag.py
[2022-02-08 11:08:26,793] {processor.py:654} INFO - DAG(s) dict_keys(['example_sla_dag']) retrieved from /home/airflow/.local/lib/python3.7/site-packages/airflow/example_dags/example_sla_dag.py
[2022-02-08 11:08:27,830] {logging_mixin.py:109} INFO - [2022-02-08 11:08:27,829] {dag.py:2396} INFO - Sync 1 DAGs
[2022-02-08 11:08:29,848] {logging_mixin.py:109} INFO - [2022-02-08 11:08:29,848] {dag.py:2935} INFO - Setting next_dagrun for example_sla_dag to 2022-02-08T11:06:00+00:00
[2022-02-08 11:08:30,332] {processor.py:171} INFO - Processing /home/airflow/.local/lib/python3.7/site-packages/airflow/example_dags/example_sla_dag.py took 6.253 seconds
[2022-02-08 11:19:44,718] {processor.py:163} INFO - Started process (PID=474) to work on /home/airflow/.local/lib/python3.7/site-packages/airflow/example_dags/example_sla_dag.py
[2022-02-08 11:19:44,724] {processor.py:642} INFO - Processing file /home/airflow/.local/lib/python3.7/site-packages/airflow/example_dags/example_sla_dag.py for tasks to queue
[2022-02-08 11:19:44,732] {logging_mixin.py:109} INFO - [2022-02-08 11:19:44,731] {dagbag.py:500} INFO - Filling up the DagBag from /home/airflow/.local/lib/python3.7/site-packages/airflow/example_dags/example_sla_dag.py
[2022-02-08 11:19:45,032] {processor.py:654} INFO - DAG(s) dict_keys(['example_sla_dag']) retrieved from /home/airflow/.local/lib/python3.7/site-packages/airflow/example_dags/example_sla_dag.py
[2022-02-08 11:19:45,086] {logging_mixin.py:109} INFO - [2022-02-08 11:19:45,086] {dag.py:2396} INFO - Sync 1 DAGs
[2022-02-08 11:19:45,943] {logging_mixin.py:109} INFO - [2022-02-08 11:19:45,942] {dag.py:2935} INFO - Setting next_dagrun for example_sla_dag to 2022-02-08T11:16:00+00:00
[2022-02-08 11:19:46,434] {processor.py:171} INFO - Processing /home/airflow/.local/lib/python3.7/site-packages/airflow/example_dags/example_sla_dag.py took 1.723 seconds
[2022-02-08 12:35:30,331] {processor.py:163} INFO - Started process (PID=319) to work on /home/airflow/.local/lib/python3.7/site-packages/airflow/example_dags/example_sla_dag.py
[2022-02-08 12:35:30,352] {processor.py:642} INFO - Processing file /home/airflow/.local/lib/python3.7/site-packages/airflow/example_dags/example_sla_dag.py for tasks to queue
[2022-02-08 12:35:30,362] {logging_mixin.py:109} INFO - [2022-02-08 12:35:30,360] {dagbag.py:500} INFO - Filling up the DagBag from /home/airflow/.local/lib/python3.7/site-packages/airflow/example_dags/example_sla_dag.py
[2022-02-08 12:35:31,050] {processor.py:654} INFO - DAG(s) dict_keys(['example_sla_dag']) retrieved from /home/airflow/.local/lib/python3.7/site-packages/airflow/example_dags/example_sla_dag.py
[2022-02-08 12:35:31,319] {logging_mixin.py:109} INFO - [2022-02-08 12:35:31,318] {dag.py:2396} INFO - Sync 1 DAGs
[2022-02-08 12:35:31,862] {logging_mixin.py:109} INFO - [2022-02-08 12:35:31,848] {dag.py:2935} INFO - Setting next_dagrun for example_sla_dag to 2022-02-08T12:32:00+00:00
[2022-02-08 12:35:32,016] {processor.py:171} INFO - Processing /home/airflow/.local/lib/python3.7/site-packages/airflow/example_dags/example_sla_dag.py took 1.725 seconds
[2022-02-08 12:36:33,951] {processor.py:163} INFO - Started process (PID=434) to work on /home/airflow/.local/lib/python3.7/site-packages/airflow/example_dags/example_sla_dag.py
[2022-02-08 12:36:33,960] {processor.py:642} INFO - Processing file /home/airflow/.local/lib/python3.7/site-packages/airflow/example_dags/example_sla_dag.py for tasks to queue
[2022-02-08 12:36:33,974] {logging_mixin.py:109} INFO - [2022-02-08 12:36:33,974] {dagbag.py:500} INFO - Filling up the DagBag from /home/airflow/.local/lib/python3.7/site-packages/airflow/example_dags/example_sla_dag.py
[2022-02-08 12:36:35,090] {processor.py:654} INFO - DAG(s) dict_keys(['example_sla_dag']) retrieved from /home/airflow/.local/lib/python3.7/site-packages/airflow/example_dags/example_sla_dag.py
[2022-02-08 12:36:35,590] {logging_mixin.py:109} INFO - [2022-02-08 12:36:35,589] {dag.py:2396} INFO - Sync 1 DAGs
[2022-02-08 12:36:36,555] {logging_mixin.py:109} INFO - [2022-02-08 12:36:36,554] {dag.py:2935} INFO - Setting next_dagrun for example_sla_dag to 2022-02-08T12:34:00+00:00
[2022-02-08 12:38:17,959] {processor.py:171} INFO - Processing /home/airflow/.local/lib/python3.7/site-packages/airflow/example_dags/example_sla_dag.py took 102.682 seconds
[2022-02-08 12:40:04,139] {processor.py:163} INFO - Started process (PID=545) to work on /home/airflow/.local/lib/python3.7/site-packages/airflow/example_dags/example_sla_dag.py
[2022-02-08 12:40:04,183] {processor.py:642} INFO - Processing file /home/airflow/.local/lib/python3.7/site-packages/airflow/example_dags/example_sla_dag.py for tasks to queue
[2022-02-08 12:40:04,218] {logging_mixin.py:109} INFO - [2022-02-08 12:40:04,218] {dagbag.py:500} INFO - Filling up the DagBag from /home/airflow/.local/lib/python3.7/site-packages/airflow/example_dags/example_sla_dag.py
[2022-02-08 12:40:05,440] {processor.py:654} INFO - DAG(s) dict_keys(['example_sla_dag']) retrieved from /home/airflow/.local/lib/python3.7/site-packages/airflow/example_dags/example_sla_dag.py
[2022-02-08 12:40:06,011] {logging_mixin.py:109} INFO - [2022-02-08 12:40:06,010] {dag.py:2396} INFO - Sync 1 DAGs
[2022-02-08 12:40:07,500] {logging_mixin.py:109} INFO - [2022-02-08 12:40:07,500] {dag.py:2935} INFO - Setting next_dagrun for example_sla_dag to 2022-02-08T12:38:00+00:00
[2022-02-08 12:40:07,797] {processor.py:171} INFO - Processing /home/airflow/.local/lib/python3.7/site-packages/airflow/example_dags/example_sla_dag.py took 3.689 seconds
[2022-02-08 12:42:49,242] {processor.py:163} INFO - Started process (PID=711) to work on /home/airflow/.local/lib/python3.7/site-packages/airflow/example_dags/example_sla_dag.py
[2022-02-08 12:42:49,269] {processor.py:642} INFO - Processing file /home/airflow/.local/lib/python3.7/site-packages/airflow/example_dags/example_sla_dag.py for tasks to queue
[2022-02-08 12:42:49,315] {logging_mixin.py:109} INFO - [2022-02-08 12:42:49,314] {dagbag.py:500} INFO - Filling up the DagBag from /home/airflow/.local/lib/python3.7/site-packages/airflow/example_dags/example_sla_dag.py
[2022-02-08 12:42:50,637] {processor.py:654} INFO - DAG(s) dict_keys(['example_sla_dag']) retrieved from /home/airflow/.local/lib/python3.7/site-packages/airflow/example_dags/example_sla_dag.py
[2022-02-08 12:42:51,104] {logging_mixin.py:109} INFO - [2022-02-08 12:42:51,103] {dag.py:2396} INFO - Sync 1 DAGs
[2022-02-08 12:42:52,294] {logging_mixin.py:109} INFO - [2022-02-08 12:42:52,293] {dag.py:2935} INFO - Setting next_dagrun for example_sla_dag to 2022-02-08T12:40:00+00:00
[2022-02-08 12:42:52,638] {processor.py:171} INFO - Processing /home/airflow/.local/lib/python3.7/site-packages/airflow/example_dags/example_sla_dag.py took 3.472 seconds
[2022-02-08 12:44:50,426] {processor.py:163} INFO - Started process (PID=882) to work on /home/airflow/.local/lib/python3.7/site-packages/airflow/example_dags/example_sla_dag.py
[2022-02-08 12:44:50,504] {processor.py:642} INFO - Processing file /home/airflow/.local/lib/python3.7/site-packages/airflow/example_dags/example_sla_dag.py for tasks to queue
[2022-02-08 12:44:50,538] {logging_mixin.py:109} INFO - [2022-02-08 12:44:50,537] {dagbag.py:500} INFO - Filling up the DagBag from /home/airflow/.local/lib/python3.7/site-packages/airflow/example_dags/example_sla_dag.py
[2022-02-08 12:44:51,663] {processor.py:654} INFO - DAG(s) dict_keys(['example_sla_dag']) retrieved from /home/airflow/.local/lib/python3.7/site-packages/airflow/example_dags/example_sla_dag.py
[2022-02-08 12:44:52,325] {logging_mixin.py:109} INFO - [2022-02-08 12:44:52,289] {dag.py:2396} INFO - Sync 1 DAGs
[2022-02-08 12:44:53,799] {logging_mixin.py:109} INFO - [2022-02-08 12:44:53,799] {dag.py:2935} INFO - Setting next_dagrun for example_sla_dag to 2022-02-08T12:42:00+00:00
[2022-02-08 12:44:54,297] {processor.py:171} INFO - Processing /home/airflow/.local/lib/python3.7/site-packages/airflow/example_dags/example_sla_dag.py took 3.996 seconds
[2022-02-08 12:50:00,733] {processor.py:163} INFO - Started process (PID=1225) to work on /home/airflow/.local/lib/python3.7/site-packages/airflow/example_dags/example_sla_dag.py
[2022-02-08 12:50:00,769] {processor.py:642} INFO - Processing file /home/airflow/.local/lib/python3.7/site-packages/airflow/example_dags/example_sla_dag.py for tasks to queue
[2022-02-08 12:50:00,820] {logging_mixin.py:109} INFO - [2022-02-08 12:50:00,819] {dagbag.py:500} INFO - Filling up the DagBag from /home/airflow/.local/lib/python3.7/site-packages/airflow/example_dags/example_sla_dag.py
[2022-02-08 12:50:04,848] {processor.py:654} INFO - DAG(s) dict_keys(['example_sla_dag']) retrieved from /home/airflow/.local/lib/python3.7/site-packages/airflow/example_dags/example_sla_dag.py
[2022-02-08 12:50:06,057] {logging_mixin.py:109} INFO - [2022-02-08 12:50:06,056] {dag.py:2396} INFO - Sync 1 DAGs
[2022-02-08 12:50:09,713] {logging_mixin.py:109} INFO - [2022-02-08 12:50:09,684] {dag.py:2935} INFO - Setting next_dagrun for example_sla_dag to 2022-02-08T12:48:00+00:00
[2022-02-08 12:50:10,522] {processor.py:171} INFO - Processing /home/airflow/.local/lib/python3.7/site-packages/airflow/example_dags/example_sla_dag.py took 9.921 seconds
[2022-02-08 16:01:20,378] {processor.py:163} INFO - Started process (PID=273) to work on /home/airflow/.local/lib/python3.7/site-packages/airflow/example_dags/example_sla_dag.py
[2022-02-08 16:01:20,389] {processor.py:642} INFO - Processing file /home/airflow/.local/lib/python3.7/site-packages/airflow/example_dags/example_sla_dag.py for tasks to queue
[2022-02-08 16:01:20,405] {logging_mixin.py:109} INFO - [2022-02-08 16:01:20,405] {dagbag.py:500} INFO - Filling up the DagBag from /home/airflow/.local/lib/python3.7/site-packages/airflow/example_dags/example_sla_dag.py
[2022-02-08 16:01:20,862] {processor.py:654} INFO - DAG(s) dict_keys(['example_sla_dag']) retrieved from /home/airflow/.local/lib/python3.7/site-packages/airflow/example_dags/example_sla_dag.py
[2022-02-08 16:01:20,955] {logging_mixin.py:109} INFO - [2022-02-08 16:01:20,955] {dag.py:2396} INFO - Sync 1 DAGs
[2022-02-08 16:01:21,353] {logging_mixin.py:109} INFO - [2022-02-08 16:01:21,353] {dag.py:2935} INFO - Setting next_dagrun for example_sla_dag to 2022-02-08T15:58:00+00:00
[2022-02-08 16:01:21,503] {processor.py:171} INFO - Processing /home/airflow/.local/lib/python3.7/site-packages/airflow/example_dags/example_sla_dag.py took 1.170 seconds
[2022-02-08 16:12:50,421] {processor.py:163} INFO - Started process (PID=314) to work on /home/airflow/.local/lib/python3.7/site-packages/airflow/example_dags/example_sla_dag.py
[2022-02-08 16:12:50,445] {processor.py:642} INFO - Processing file /home/airflow/.local/lib/python3.7/site-packages/airflow/example_dags/example_sla_dag.py for tasks to queue
[2022-02-08 16:12:50,452] {logging_mixin.py:109} INFO - [2022-02-08 16:12:50,449] {dagbag.py:500} INFO - Filling up the DagBag from /home/airflow/.local/lib/python3.7/site-packages/airflow/example_dags/example_sla_dag.py
[2022-02-08 16:12:51,015] {processor.py:654} INFO - DAG(s) dict_keys(['example_sla_dag']) retrieved from /home/airflow/.local/lib/python3.7/site-packages/airflow/example_dags/example_sla_dag.py
[2022-02-08 16:12:51,154] {logging_mixin.py:109} INFO - [2022-02-08 16:12:51,153] {dag.py:2396} INFO - Sync 1 DAGs
[2022-02-08 16:12:51,652] {logging_mixin.py:109} INFO - [2022-02-08 16:12:51,651] {dag.py:2935} INFO - Setting next_dagrun for example_sla_dag to 2022-02-08T16:10:00+00:00
[2022-02-08 16:12:51,821] {processor.py:171} INFO - Processing /home/airflow/.local/lib/python3.7/site-packages/airflow/example_dags/example_sla_dag.py took 1.413 seconds
[2022-02-08 16:13:54,921] {processor.py:163} INFO - Started process (PID=433) to work on /home/airflow/.local/lib/python3.7/site-packages/airflow/example_dags/example_sla_dag.py
[2022-02-08 16:13:54,943] {processor.py:642} INFO - Processing file /home/airflow/.local/lib/python3.7/site-packages/airflow/example_dags/example_sla_dag.py for tasks to queue
[2022-02-08 16:13:54,981] {logging_mixin.py:109} INFO - [2022-02-08 16:13:54,960] {dagbag.py:500} INFO - Filling up the DagBag from /home/airflow/.local/lib/python3.7/site-packages/airflow/example_dags/example_sla_dag.py
[2022-02-08 16:13:55,905] {processor.py:654} INFO - DAG(s) dict_keys(['example_sla_dag']) retrieved from /home/airflow/.local/lib/python3.7/site-packages/airflow/example_dags/example_sla_dag.py
[2022-02-08 16:13:56,352] {logging_mixin.py:109} INFO - [2022-02-08 16:13:56,351] {dag.py:2396} INFO - Sync 1 DAGs
[2022-02-08 16:13:59,091] {logging_mixin.py:109} INFO - [2022-02-08 16:13:59,017] {dag.py:2935} INFO - Setting next_dagrun for example_sla_dag to 2022-02-08T16:10:00+00:00
[2022-02-08 16:14:00,599] {processor.py:171} INFO - Processing /home/airflow/.local/lib/python3.7/site-packages/airflow/example_dags/example_sla_dag.py took 5.751 seconds
[2022-02-08 16:21:49,593] {processor.py:163} INFO - Started process (PID=716) to work on /home/airflow/.local/lib/python3.7/site-packages/airflow/example_dags/example_sla_dag.py
[2022-02-08 16:21:49,653] {processor.py:642} INFO - Processing file /home/airflow/.local/lib/python3.7/site-packages/airflow/example_dags/example_sla_dag.py for tasks to queue
[2022-02-08 16:21:49,827] {logging_mixin.py:109} INFO - [2022-02-08 16:21:49,827] {dagbag.py:500} INFO - Filling up the DagBag from /home/airflow/.local/lib/python3.7/site-packages/airflow/example_dags/example_sla_dag.py
[2022-02-08 16:21:52,365] {processor.py:654} INFO - DAG(s) dict_keys(['example_sla_dag']) retrieved from /home/airflow/.local/lib/python3.7/site-packages/airflow/example_dags/example_sla_dag.py
[2022-02-08 16:21:52,839] {logging_mixin.py:109} INFO - [2022-02-08 16:21:52,836] {dag.py:2396} INFO - Sync 1 DAGs
[2022-02-08 16:21:54,536] {logging_mixin.py:109} INFO - [2022-02-08 16:21:54,500] {dag.py:2935} INFO - Setting next_dagrun for example_sla_dag to 2022-02-08T16:18:00+00:00
[2022-02-08 16:21:56,009] {processor.py:171} INFO - Processing /home/airflow/.local/lib/python3.7/site-packages/airflow/example_dags/example_sla_dag.py took 6.548 seconds
[2022-02-08 16:30:28,824] {processor.py:163} INFO - Started process (PID=431) to work on /home/airflow/.local/lib/python3.7/site-packages/airflow/example_dags/example_sla_dag.py
[2022-02-08 16:30:28,853] {processor.py:642} INFO - Processing file /home/airflow/.local/lib/python3.7/site-packages/airflow/example_dags/example_sla_dag.py for tasks to queue
[2022-02-08 16:30:28,868] {logging_mixin.py:109} INFO - [2022-02-08 16:30:28,868] {dagbag.py:500} INFO - Filling up the DagBag from /home/airflow/.local/lib/python3.7/site-packages/airflow/example_dags/example_sla_dag.py
[2022-02-08 16:30:29,559] {processor.py:654} INFO - DAG(s) dict_keys(['example_sla_dag']) retrieved from /home/airflow/.local/lib/python3.7/site-packages/airflow/example_dags/example_sla_dag.py
[2022-02-08 16:30:29,834] {logging_mixin.py:109} INFO - [2022-02-08 16:30:29,833] {dag.py:2396} INFO - Sync 1 DAGs
[2022-02-08 16:30:30,361] {logging_mixin.py:109} INFO - [2022-02-08 16:30:30,361] {dag.py:2935} INFO - Setting next_dagrun for example_sla_dag to 2022-02-08T16:28:00+00:00
[2022-02-08 16:30:30,465] {processor.py:171} INFO - Processing /home/airflow/.local/lib/python3.7/site-packages/airflow/example_dags/example_sla_dag.py took 1.706 seconds
[2022-02-08 16:32:34,857] {processor.py:163} INFO - Started process (PID=582) to work on /home/airflow/.local/lib/python3.7/site-packages/airflow/example_dags/example_sla_dag.py
[2022-02-08 16:32:34,902] {processor.py:642} INFO - Processing file /home/airflow/.local/lib/python3.7/site-packages/airflow/example_dags/example_sla_dag.py for tasks to queue
[2022-02-08 16:32:34,935] {logging_mixin.py:109} INFO - [2022-02-08 16:32:34,934] {dagbag.py:500} INFO - Filling up the DagBag from /home/airflow/.local/lib/python3.7/site-packages/airflow/example_dags/example_sla_dag.py
[2022-02-08 16:32:36,234] {processor.py:654} INFO - DAG(s) dict_keys(['example_sla_dag']) retrieved from /home/airflow/.local/lib/python3.7/site-packages/airflow/example_dags/example_sla_dag.py
[2022-02-08 16:32:36,446] {logging_mixin.py:109} INFO - [2022-02-08 16:32:36,445] {dag.py:2396} INFO - Sync 1 DAGs
[2022-02-08 16:32:37,556] {logging_mixin.py:109} INFO - [2022-02-08 16:32:37,555] {dag.py:2935} INFO - Setting next_dagrun for example_sla_dag to 2022-02-08T16:30:00+00:00
[2022-02-08 16:32:37,918] {processor.py:171} INFO - Processing /home/airflow/.local/lib/python3.7/site-packages/airflow/example_dags/example_sla_dag.py took 3.151 seconds
[2022-02-08 16:35:56,442] {processor.py:163} INFO - Started process (PID=755) to work on /home/airflow/.local/lib/python3.7/site-packages/airflow/example_dags/example_sla_dag.py
[2022-02-08 16:35:56,476] {processor.py:642} INFO - Processing file /home/airflow/.local/lib/python3.7/site-packages/airflow/example_dags/example_sla_dag.py for tasks to queue
[2022-02-08 16:35:56,497] {logging_mixin.py:109} INFO - [2022-02-08 16:35:56,496] {dagbag.py:500} INFO - Filling up the DagBag from /home/airflow/.local/lib/python3.7/site-packages/airflow/example_dags/example_sla_dag.py
[2022-02-08 16:35:57,804] {processor.py:654} INFO - DAG(s) dict_keys(['example_sla_dag']) retrieved from /home/airflow/.local/lib/python3.7/site-packages/airflow/example_dags/example_sla_dag.py
[2022-02-08 16:35:58,334] {logging_mixin.py:109} INFO - [2022-02-08 16:35:58,333] {dag.py:2396} INFO - Sync 1 DAGs
[2022-02-08 16:35:59,476] {logging_mixin.py:109} INFO - [2022-02-08 16:35:59,474] {dag.py:2935} INFO - Setting next_dagrun for example_sla_dag to 2022-02-08T16:32:00+00:00
[2022-02-08 16:35:59,931] {processor.py:171} INFO - Processing /home/airflow/.local/lib/python3.7/site-packages/airflow/example_dags/example_sla_dag.py took 3.586 seconds
[2022-02-08 16:38:35,037] {processor.py:163} INFO - Started process (PID=908) to work on /home/airflow/.local/lib/python3.7/site-packages/airflow/example_dags/example_sla_dag.py
[2022-02-08 16:38:35,051] {processor.py:642} INFO - Processing file /home/airflow/.local/lib/python3.7/site-packages/airflow/example_dags/example_sla_dag.py for tasks to queue
[2022-02-08 16:38:35,108] {logging_mixin.py:109} INFO - [2022-02-08 16:38:35,107] {dagbag.py:500} INFO - Filling up the DagBag from /home/airflow/.local/lib/python3.7/site-packages/airflow/example_dags/example_sla_dag.py
[2022-02-08 16:38:36,391] {processor.py:654} INFO - DAG(s) dict_keys(['example_sla_dag']) retrieved from /home/airflow/.local/lib/python3.7/site-packages/airflow/example_dags/example_sla_dag.py
[2022-02-08 16:38:36,842] {logging_mixin.py:109} INFO - [2022-02-08 16:38:36,841] {dag.py:2396} INFO - Sync 1 DAGs
[2022-02-08 16:38:37,933] {logging_mixin.py:109} INFO - [2022-02-08 16:38:37,933] {dag.py:2935} INFO - Setting next_dagrun for example_sla_dag to 2022-02-08T16:36:00+00:00
[2022-02-08 16:38:38,260] {processor.py:171} INFO - Processing /home/airflow/.local/lib/python3.7/site-packages/airflow/example_dags/example_sla_dag.py took 3.275 seconds
[2022-02-08 17:13:08,859] {processor.py:163} INFO - Started process (PID=1088) to work on /home/airflow/.local/lib/python3.7/site-packages/airflow/example_dags/example_sla_dag.py
[2022-02-08 17:13:08,890] {processor.py:642} INFO - Processing file /home/airflow/.local/lib/python3.7/site-packages/airflow/example_dags/example_sla_dag.py for tasks to queue
[2022-02-08 17:13:08,928] {logging_mixin.py:109} INFO - [2022-02-08 17:13:08,928] {dagbag.py:500} INFO - Filling up the DagBag from /home/airflow/.local/lib/python3.7/site-packages/airflow/example_dags/example_sla_dag.py
[2022-02-08 17:13:10,064] {processor.py:654} INFO - DAG(s) dict_keys(['example_sla_dag']) retrieved from /home/airflow/.local/lib/python3.7/site-packages/airflow/example_dags/example_sla_dag.py
[2022-02-08 17:13:10,707] {logging_mixin.py:109} INFO - [2022-02-08 17:13:10,707] {dag.py:2396} INFO - Sync 1 DAGs
[2022-02-08 17:13:11,974] {logging_mixin.py:109} INFO - [2022-02-08 17:13:11,973] {dag.py:2935} INFO - Setting next_dagrun for example_sla_dag to 2022-02-08T17:10:00+00:00
[2022-02-08 17:13:12,425] {processor.py:171} INFO - Processing /home/airflow/.local/lib/python3.7/site-packages/airflow/example_dags/example_sla_dag.py took 3.674 seconds
[2022-02-08 17:14:59,483] {processor.py:163} INFO - Started process (PID=1251) to work on /home/airflow/.local/lib/python3.7/site-packages/airflow/example_dags/example_sla_dag.py
[2022-02-08 17:14:59,500] {processor.py:642} INFO - Processing file /home/airflow/.local/lib/python3.7/site-packages/airflow/example_dags/example_sla_dag.py for tasks to queue
[2022-02-08 17:14:59,544] {logging_mixin.py:109} INFO - [2022-02-08 17:14:59,544] {dagbag.py:500} INFO - Filling up the DagBag from /home/airflow/.local/lib/python3.7/site-packages/airflow/example_dags/example_sla_dag.py
[2022-02-08 17:15:00,905] {processor.py:654} INFO - DAG(s) dict_keys(['example_sla_dag']) retrieved from /home/airflow/.local/lib/python3.7/site-packages/airflow/example_dags/example_sla_dag.py
[2022-02-08 17:15:01,417] {logging_mixin.py:109} INFO - [2022-02-08 17:15:01,417] {dag.py:2396} INFO - Sync 1 DAGs
[2022-02-08 17:15:02,653] {logging_mixin.py:109} INFO - [2022-02-08 17:15:02,615] {dag.py:2935} INFO - Setting next_dagrun for example_sla_dag to 2022-02-08T17:12:00+00:00
[2022-02-08 17:15:03,023] {processor.py:171} INFO - Processing /home/airflow/.local/lib/python3.7/site-packages/airflow/example_dags/example_sla_dag.py took 3.625 seconds
[2022-02-08 17:16:26,998] {processor.py:163} INFO - Started process (PID=1358) to work on /home/airflow/.local/lib/python3.7/site-packages/airflow/example_dags/example_sla_dag.py
[2022-02-08 17:16:27,011] {processor.py:642} INFO - Processing file /home/airflow/.local/lib/python3.7/site-packages/airflow/example_dags/example_sla_dag.py for tasks to queue
[2022-02-08 17:16:27,033] {logging_mixin.py:109} INFO - [2022-02-08 17:16:27,033] {dagbag.py:500} INFO - Filling up the DagBag from /home/airflow/.local/lib/python3.7/site-packages/airflow/example_dags/example_sla_dag.py
[2022-02-08 17:16:27,417] {processor.py:654} INFO - DAG(s) dict_keys(['example_sla_dag']) retrieved from /home/airflow/.local/lib/python3.7/site-packages/airflow/example_dags/example_sla_dag.py
[2022-02-08 17:16:27,621] {logging_mixin.py:109} INFO - [2022-02-08 17:16:27,621] {dag.py:2396} INFO - Sync 1 DAGs
[2022-02-08 17:16:27,910] {logging_mixin.py:109} INFO - [2022-02-08 17:16:27,910] {dag.py:2935} INFO - Setting next_dagrun for example_sla_dag to 2022-02-08T17:14:00+00:00
[2022-02-08 17:16:28,130] {processor.py:171} INFO - Processing /home/airflow/.local/lib/python3.7/site-packages/airflow/example_dags/example_sla_dag.py took 1.167 seconds
[2022-02-08 17:19:28,979] {processor.py:163} INFO - Started process (PID=1547) to work on /home/airflow/.local/lib/python3.7/site-packages/airflow/example_dags/example_sla_dag.py
[2022-02-08 17:19:29,019] {processor.py:642} INFO - Processing file /home/airflow/.local/lib/python3.7/site-packages/airflow/example_dags/example_sla_dag.py for tasks to queue
[2022-02-08 17:19:29,054] {logging_mixin.py:109} INFO - [2022-02-08 17:19:29,054] {dagbag.py:500} INFO - Filling up the DagBag from /home/airflow/.local/lib/python3.7/site-packages/airflow/example_dags/example_sla_dag.py
[2022-02-08 17:19:30,398] {processor.py:654} INFO - DAG(s) dict_keys(['example_sla_dag']) retrieved from /home/airflow/.local/lib/python3.7/site-packages/airflow/example_dags/example_sla_dag.py
[2022-02-08 17:19:31,022] {logging_mixin.py:109} INFO - [2022-02-08 17:19:31,021] {dag.py:2396} INFO - Sync 1 DAGs
[2022-02-08 17:19:32,156] {logging_mixin.py:109} INFO - [2022-02-08 17:19:32,121] {dag.py:2935} INFO - Setting next_dagrun for example_sla_dag to 2022-02-08T17:16:00+00:00
[2022-02-08 17:19:32,469] {processor.py:171} INFO - Processing /home/airflow/.local/lib/python3.7/site-packages/airflow/example_dags/example_sla_dag.py took 3.581 seconds
[2022-02-08 17:21:26,579] {processor.py:163} INFO - Started process (PID=1696) to work on /home/airflow/.local/lib/python3.7/site-packages/airflow/example_dags/example_sla_dag.py
[2022-02-08 17:21:26,621] {processor.py:642} INFO - Processing file /home/airflow/.local/lib/python3.7/site-packages/airflow/example_dags/example_sla_dag.py for tasks to queue
[2022-02-08 17:21:26,663] {logging_mixin.py:109} INFO - [2022-02-08 17:21:26,663] {dagbag.py:500} INFO - Filling up the DagBag from /home/airflow/.local/lib/python3.7/site-packages/airflow/example_dags/example_sla_dag.py
[2022-02-08 17:21:27,706] {processor.py:654} INFO - DAG(s) dict_keys(['example_sla_dag']) retrieved from /home/airflow/.local/lib/python3.7/site-packages/airflow/example_dags/example_sla_dag.py
[2022-02-08 17:21:28,056] {logging_mixin.py:109} INFO - [2022-02-08 17:21:28,055] {dag.py:2396} INFO - Sync 1 DAGs
[2022-02-08 17:21:29,196] {logging_mixin.py:109} INFO - [2022-02-08 17:21:29,171] {dag.py:2935} INFO - Setting next_dagrun for example_sla_dag to 2022-02-08T17:18:00+00:00
[2022-02-08 17:21:29,447] {processor.py:171} INFO - Processing /home/airflow/.local/lib/python3.7/site-packages/airflow/example_dags/example_sla_dag.py took 3.056 seconds
[2022-02-08 17:22:20,812] {processor.py:163} INFO - Started process (PID=1784) to work on /home/airflow/.local/lib/python3.7/site-packages/airflow/example_dags/example_sla_dag.py
[2022-02-08 17:22:20,827] {processor.py:642} INFO - Processing file /home/airflow/.local/lib/python3.7/site-packages/airflow/example_dags/example_sla_dag.py for tasks to queue
[2022-02-08 17:22:20,841] {logging_mixin.py:109} INFO - [2022-02-08 17:22:20,833] {dagbag.py:500} INFO - Filling up the DagBag from /home/airflow/.local/lib/python3.7/site-packages/airflow/example_dags/example_sla_dag.py
[2022-02-08 17:22:21,731] {processor.py:654} INFO - DAG(s) dict_keys(['example_sla_dag']) retrieved from /home/airflow/.local/lib/python3.7/site-packages/airflow/example_dags/example_sla_dag.py
[2022-02-08 17:22:22,090] {logging_mixin.py:109} INFO - [2022-02-08 17:22:22,089] {dag.py:2396} INFO - Sync 1 DAGs
[2022-02-08 17:22:22,965] {logging_mixin.py:109} INFO - [2022-02-08 17:22:22,965] {dag.py:2935} INFO - Setting next_dagrun for example_sla_dag to 2022-02-08T17:20:00+00:00
[2022-02-08 17:22:23,213] {processor.py:171} INFO - Processing /home/airflow/.local/lib/python3.7/site-packages/airflow/example_dags/example_sla_dag.py took 2.432 seconds
[2022-02-08 17:24:23,733] {processor.py:163} INFO - Started process (PID=1870) to work on /home/airflow/.local/lib/python3.7/site-packages/airflow/example_dags/example_sla_dag.py
[2022-02-08 17:24:23,757] {processor.py:642} INFO - Processing file /home/airflow/.local/lib/python3.7/site-packages/airflow/example_dags/example_sla_dag.py for tasks to queue
[2022-02-08 17:24:23,769] {logging_mixin.py:109} INFO - [2022-02-08 17:24:23,769] {dagbag.py:500} INFO - Filling up the DagBag from /home/airflow/.local/lib/python3.7/site-packages/airflow/example_dags/example_sla_dag.py
[2022-02-08 17:24:24,727] {processor.py:654} INFO - DAG(s) dict_keys(['example_sla_dag']) retrieved from /home/airflow/.local/lib/python3.7/site-packages/airflow/example_dags/example_sla_dag.py
[2022-02-08 17:24:25,183] {logging_mixin.py:109} INFO - [2022-02-08 17:24:25,183] {dag.py:2396} INFO - Sync 1 DAGs
[2022-02-08 17:24:25,950] {logging_mixin.py:109} INFO - [2022-02-08 17:24:25,950] {dag.py:2935} INFO - Setting next_dagrun for example_sla_dag to 2022-02-08T17:22:00+00:00
[2022-02-08 17:24:26,050] {processor.py:171} INFO - Processing /home/airflow/.local/lib/python3.7/site-packages/airflow/example_dags/example_sla_dag.py took 2.371 seconds
[2022-02-08 17:38:30,663] {processor.py:163} INFO - Started process (PID=2267) to work on /home/airflow/.local/lib/python3.7/site-packages/airflow/example_dags/example_sla_dag.py
[2022-02-08 17:38:30,723] {processor.py:642} INFO - Processing file /home/airflow/.local/lib/python3.7/site-packages/airflow/example_dags/example_sla_dag.py for tasks to queue
[2022-02-08 17:38:30,837] {logging_mixin.py:109} INFO - [2022-02-08 17:38:30,804] {dagbag.py:500} INFO - Filling up the DagBag from /home/airflow/.local/lib/python3.7/site-packages/airflow/example_dags/example_sla_dag.py
[2022-02-08 17:46:03,642] {processor.py:163} INFO - Started process (PID=341) to work on /home/airflow/.local/lib/python3.7/site-packages/airflow/example_dags/example_sla_dag.py
[2022-02-08 17:46:04,276] {processor.py:642} INFO - Processing file /home/airflow/.local/lib/python3.7/site-packages/airflow/example_dags/example_sla_dag.py for tasks to queue
[2022-02-08 17:57:58,032] {processor.py:163} INFO - Started process (PID=626) to work on /home/airflow/.local/lib/python3.7/site-packages/airflow/example_dags/example_sla_dag.py
[2022-02-08 17:57:58,072] {processor.py:642} INFO - Processing file /home/airflow/.local/lib/python3.7/site-packages/airflow/example_dags/example_sla_dag.py for tasks to queue
[2022-02-08 17:57:58,081] {logging_mixin.py:109} INFO - [2022-02-08 17:57:58,081] {dagbag.py:500} INFO - Filling up the DagBag from /home/airflow/.local/lib/python3.7/site-packages/airflow/example_dags/example_sla_dag.py
[2022-02-08 17:58:02,709] {processor.py:654} INFO - DAG(s) dict_keys(['example_sla_dag']) retrieved from /home/airflow/.local/lib/python3.7/site-packages/airflow/example_dags/example_sla_dag.py
[2022-02-08 17:58:03,250] {logging_mixin.py:109} INFO - [2022-02-08 17:58:03,248] {dag.py:2396} INFO - Sync 1 DAGs
[2022-02-08 17:58:04,614] {logging_mixin.py:109} INFO - [2022-02-08 17:58:04,613] {dag.py:2935} INFO - Setting next_dagrun for example_sla_dag to 2022-02-08T17:56:00+00:00
[2022-02-08 17:58:05,063] {processor.py:171} INFO - Processing /home/airflow/.local/lib/python3.7/site-packages/airflow/example_dags/example_sla_dag.py took 7.120 seconds
[2022-02-08 18:01:01,685] {processor.py:163} INFO - Started process (PID=798) to work on /home/airflow/.local/lib/python3.7/site-packages/airflow/example_dags/example_sla_dag.py
[2022-02-08 18:01:01,720] {processor.py:642} INFO - Processing file /home/airflow/.local/lib/python3.7/site-packages/airflow/example_dags/example_sla_dag.py for tasks to queue
[2022-02-08 18:01:01,774] {logging_mixin.py:109} INFO - [2022-02-08 18:01:01,773] {dagbag.py:500} INFO - Filling up the DagBag from /home/airflow/.local/lib/python3.7/site-packages/airflow/example_dags/example_sla_dag.py
[2022-02-08 18:01:03,200] {processor.py:654} INFO - DAG(s) dict_keys(['example_sla_dag']) retrieved from /home/airflow/.local/lib/python3.7/site-packages/airflow/example_dags/example_sla_dag.py
[2022-02-08 18:01:03,671] {logging_mixin.py:109} INFO - [2022-02-08 18:01:03,671] {dag.py:2396} INFO - Sync 1 DAGs
[2022-02-08 18:01:04,619] {logging_mixin.py:109} INFO - [2022-02-08 18:01:04,618] {dag.py:2935} INFO - Setting next_dagrun for example_sla_dag to 2022-02-08T17:58:00+00:00
[2022-02-08 18:01:04,958] {processor.py:171} INFO - Processing /home/airflow/.local/lib/python3.7/site-packages/airflow/example_dags/example_sla_dag.py took 3.391 seconds
[2022-02-08 18:03:06,720] {processor.py:163} INFO - Started process (PID=964) to work on /home/airflow/.local/lib/python3.7/site-packages/airflow/example_dags/example_sla_dag.py
[2022-02-08 18:03:06,786] {processor.py:642} INFO - Processing file /home/airflow/.local/lib/python3.7/site-packages/airflow/example_dags/example_sla_dag.py for tasks to queue
[2022-02-08 18:03:06,836] {logging_mixin.py:109} INFO - [2022-02-08 18:03:06,835] {dagbag.py:500} INFO - Filling up the DagBag from /home/airflow/.local/lib/python3.7/site-packages/airflow/example_dags/example_sla_dag.py
[2022-02-08 18:03:08,670] {processor.py:654} INFO - DAG(s) dict_keys(['example_sla_dag']) retrieved from /home/airflow/.local/lib/python3.7/site-packages/airflow/example_dags/example_sla_dag.py
[2022-02-08 18:03:09,536] {logging_mixin.py:109} INFO - [2022-02-08 18:03:09,479] {dag.py:2396} INFO - Sync 1 DAGs
[2022-02-08 18:03:11,927] {logging_mixin.py:109} INFO - [2022-02-08 18:03:11,926] {dag.py:2935} INFO - Setting next_dagrun for example_sla_dag to 2022-02-08T18:00:00+00:00
[2022-02-08 18:03:12,955] {processor.py:171} INFO - Processing /home/airflow/.local/lib/python3.7/site-packages/airflow/example_dags/example_sla_dag.py took 6.326 seconds
[2022-02-08 18:06:21,865] {processor.py:163} INFO - Started process (PID=1137) to work on /home/airflow/.local/lib/python3.7/site-packages/airflow/example_dags/example_sla_dag.py
[2022-02-08 18:06:21,894] {processor.py:642} INFO - Processing file /home/airflow/.local/lib/python3.7/site-packages/airflow/example_dags/example_sla_dag.py for tasks to queue
[2022-02-08 18:06:21,905] {logging_mixin.py:109} INFO - [2022-02-08 18:06:21,904] {dagbag.py:500} INFO - Filling up the DagBag from /home/airflow/.local/lib/python3.7/site-packages/airflow/example_dags/example_sla_dag.py
[2022-02-08 18:06:23,439] {processor.py:654} INFO - DAG(s) dict_keys(['example_sla_dag']) retrieved from /home/airflow/.local/lib/python3.7/site-packages/airflow/example_dags/example_sla_dag.py
[2022-02-08 18:06:23,828] {logging_mixin.py:109} INFO - [2022-02-08 18:06:23,828] {dag.py:2396} INFO - Sync 1 DAGs
[2022-02-08 18:06:25,419] {logging_mixin.py:109} INFO - [2022-02-08 18:06:25,419] {dag.py:2935} INFO - Setting next_dagrun for example_sla_dag to 2022-02-08T18:04:00+00:00
[2022-02-08 18:06:25,731] {processor.py:171} INFO - Processing /home/airflow/.local/lib/python3.7/site-packages/airflow/example_dags/example_sla_dag.py took 3.983 seconds
