[2022-02-08 10:13:08,877] {processor.py:163} INFO - Started process (PID=578) to work on /home/airflow/.local/lib/python3.7/site-packages/airflow/example_dags/example_trigger_target_dag.py
[2022-02-08 10:13:08,880] {processor.py:642} INFO - Processing file /home/airflow/.local/lib/python3.7/site-packages/airflow/example_dags/example_trigger_target_dag.py for tasks to queue
[2022-02-08 10:13:08,883] {logging_mixin.py:109} INFO - [2022-02-08 10:13:08,882] {dagbag.py:500} INFO - Filling up the DagBag from /home/airflow/.local/lib/python3.7/site-packages/airflow/example_dags/example_trigger_target_dag.py
[2022-02-08 10:13:09,019] {processor.py:654} INFO - DAG(s) dict_keys(['example_trigger_target_dag']) retrieved from /home/airflow/.local/lib/python3.7/site-packages/airflow/example_dags/example_trigger_target_dag.py
[2022-02-08 10:13:17,264] {logging_mixin.py:109} INFO - [2022-02-08 10:13:17,263] {manager.py:496} INFO - Created Permission View: can read on DAG:example_trigger_target_dag
[2022-02-08 10:13:17,304] {logging_mixin.py:109} INFO - [2022-02-08 10:13:17,303] {manager.py:496} INFO - Created Permission View: can edit on DAG:example_trigger_target_dag
[2022-02-08 10:13:17,309] {logging_mixin.py:109} INFO - [2022-02-08 10:13:17,305] {dag.py:2396} INFO - Sync 1 DAGs
[2022-02-08 10:13:17,334] {logging_mixin.py:109} INFO - [2022-02-08 10:13:17,333] {dag.py:2415} INFO - Creating ORM DAG for example_trigger_target_dag
[2022-02-08 10:13:17,364] {logging_mixin.py:109} INFO - [2022-02-08 10:13:17,363] {dag.py:2935} INFO - Setting next_dagrun for example_trigger_target_dag to None
[2022-02-08 10:13:17,416] {processor.py:171} INFO - Processing /home/airflow/.local/lib/python3.7/site-packages/airflow/example_dags/example_trigger_target_dag.py took 8.552 seconds
[2022-02-08 10:14:08,792] {processor.py:163} INFO - Started process (PID=737) to work on /home/airflow/.local/lib/python3.7/site-packages/airflow/example_dags/example_trigger_target_dag.py
[2022-02-08 10:14:08,796] {processor.py:642} INFO - Processing file /home/airflow/.local/lib/python3.7/site-packages/airflow/example_dags/example_trigger_target_dag.py for tasks to queue
[2022-02-08 10:14:08,799] {logging_mixin.py:109} INFO - [2022-02-08 10:14:08,798] {dagbag.py:500} INFO - Filling up the DagBag from /home/airflow/.local/lib/python3.7/site-packages/airflow/example_dags/example_trigger_target_dag.py
[2022-02-08 10:14:08,921] {processor.py:654} INFO - DAG(s) dict_keys(['example_trigger_target_dag']) retrieved from /home/airflow/.local/lib/python3.7/site-packages/airflow/example_dags/example_trigger_target_dag.py
[2022-02-08 10:14:08,991] {logging_mixin.py:109} INFO - [2022-02-08 10:14:08,990] {dag.py:2396} INFO - Sync 1 DAGs
[2022-02-08 10:14:09,124] {logging_mixin.py:109} INFO - [2022-02-08 10:14:09,124] {dag.py:2935} INFO - Setting next_dagrun for example_trigger_target_dag to None
[2022-02-08 10:14:09,194] {processor.py:171} INFO - Processing /home/airflow/.local/lib/python3.7/site-packages/airflow/example_dags/example_trigger_target_dag.py took 0.414 seconds
[2022-02-08 10:14:40,015] {processor.py:163} INFO - Started process (PID=829) to work on /home/airflow/.local/lib/python3.7/site-packages/airflow/example_dags/example_trigger_target_dag.py
[2022-02-08 10:14:40,027] {processor.py:642} INFO - Processing file /home/airflow/.local/lib/python3.7/site-packages/airflow/example_dags/example_trigger_target_dag.py for tasks to queue
[2022-02-08 10:14:40,031] {logging_mixin.py:109} INFO - [2022-02-08 10:14:40,031] {dagbag.py:500} INFO - Filling up the DagBag from /home/airflow/.local/lib/python3.7/site-packages/airflow/example_dags/example_trigger_target_dag.py
[2022-02-08 10:14:40,112] {processor.py:654} INFO - DAG(s) dict_keys(['example_trigger_target_dag']) retrieved from /home/airflow/.local/lib/python3.7/site-packages/airflow/example_dags/example_trigger_target_dag.py
[2022-02-08 10:14:40,210] {logging_mixin.py:109} INFO - [2022-02-08 10:14:40,209] {dag.py:2396} INFO - Sync 1 DAGs
[2022-02-08 10:14:40,321] {logging_mixin.py:109} INFO - [2022-02-08 10:14:40,320] {dag.py:2935} INFO - Setting next_dagrun for example_trigger_target_dag to None
[2022-02-08 10:14:40,385] {processor.py:171} INFO - Processing /home/airflow/.local/lib/python3.7/site-packages/airflow/example_dags/example_trigger_target_dag.py took 0.378 seconds
[2022-02-08 10:15:11,574] {processor.py:163} INFO - Started process (PID=916) to work on /home/airflow/.local/lib/python3.7/site-packages/airflow/example_dags/example_trigger_target_dag.py
[2022-02-08 10:15:11,584] {processor.py:642} INFO - Processing file /home/airflow/.local/lib/python3.7/site-packages/airflow/example_dags/example_trigger_target_dag.py for tasks to queue
[2022-02-08 10:15:11,591] {logging_mixin.py:109} INFO - [2022-02-08 10:15:11,590] {dagbag.py:500} INFO - Filling up the DagBag from /home/airflow/.local/lib/python3.7/site-packages/airflow/example_dags/example_trigger_target_dag.py
[2022-02-08 10:15:11,902] {processor.py:654} INFO - DAG(s) dict_keys(['example_trigger_target_dag']) retrieved from /home/airflow/.local/lib/python3.7/site-packages/airflow/example_dags/example_trigger_target_dag.py
[2022-02-08 10:15:11,975] {logging_mixin.py:109} INFO - [2022-02-08 10:15:11,975] {dag.py:2396} INFO - Sync 1 DAGs
[2022-02-08 10:15:12,046] {logging_mixin.py:109} INFO - [2022-02-08 10:15:12,045] {dag.py:2935} INFO - Setting next_dagrun for example_trigger_target_dag to None
[2022-02-08 10:15:12,091] {processor.py:171} INFO - Processing /home/airflow/.local/lib/python3.7/site-packages/airflow/example_dags/example_trigger_target_dag.py took 0.545 seconds
[2022-02-08 10:23:39,937] {processor.py:163} INFO - Started process (PID=438) to work on /home/airflow/.local/lib/python3.7/site-packages/airflow/example_dags/example_trigger_target_dag.py
[2022-02-08 10:23:39,993] {processor.py:642} INFO - Processing file /home/airflow/.local/lib/python3.7/site-packages/airflow/example_dags/example_trigger_target_dag.py for tasks to queue
[2022-02-08 10:23:40,033] {logging_mixin.py:109} INFO - [2022-02-08 10:23:40,010] {dagbag.py:500} INFO - Filling up the DagBag from /home/airflow/.local/lib/python3.7/site-packages/airflow/example_dags/example_trigger_target_dag.py
[2022-02-08 10:23:41,057] {processor.py:654} INFO - DAG(s) dict_keys(['example_trigger_target_dag']) retrieved from /home/airflow/.local/lib/python3.7/site-packages/airflow/example_dags/example_trigger_target_dag.py
[2022-02-08 10:23:41,754] {logging_mixin.py:109} INFO - [2022-02-08 10:23:41,736] {dag.py:2396} INFO - Sync 1 DAGs
[2022-02-08 10:23:42,696] {logging_mixin.py:109} INFO - [2022-02-08 10:23:42,696] {dag.py:2935} INFO - Setting next_dagrun for example_trigger_target_dag to None
[2022-02-08 10:23:43,052] {processor.py:171} INFO - Processing /home/airflow/.local/lib/python3.7/site-packages/airflow/example_dags/example_trigger_target_dag.py took 3.221 seconds
[2022-02-08 11:06:15,817] {processor.py:163} INFO - Started process (PID=420) to work on /home/airflow/.local/lib/python3.7/site-packages/airflow/example_dags/example_trigger_target_dag.py
[2022-02-08 11:06:15,849] {processor.py:642} INFO - Processing file /home/airflow/.local/lib/python3.7/site-packages/airflow/example_dags/example_trigger_target_dag.py for tasks to queue
[2022-02-08 11:06:15,886] {logging_mixin.py:109} INFO - [2022-02-08 11:06:15,886] {dagbag.py:500} INFO - Filling up the DagBag from /home/airflow/.local/lib/python3.7/site-packages/airflow/example_dags/example_trigger_target_dag.py
[2022-02-08 11:06:17,391] {processor.py:654} INFO - DAG(s) dict_keys(['example_trigger_target_dag']) retrieved from /home/airflow/.local/lib/python3.7/site-packages/airflow/example_dags/example_trigger_target_dag.py
[2022-02-08 11:06:17,813] {logging_mixin.py:109} INFO - [2022-02-08 11:06:17,812] {dag.py:2396} INFO - Sync 1 DAGs
[2022-02-08 11:06:18,725] {logging_mixin.py:109} INFO - [2022-02-08 11:06:18,724] {dag.py:2935} INFO - Setting next_dagrun for example_trigger_target_dag to None
[2022-02-08 11:06:19,226] {processor.py:171} INFO - Processing /home/airflow/.local/lib/python3.7/site-packages/airflow/example_dags/example_trigger_target_dag.py took 3.469 seconds
[2022-02-08 11:09:42,116] {processor.py:163} INFO - Started process (PID=606) to work on /home/airflow/.local/lib/python3.7/site-packages/airflow/example_dags/example_trigger_target_dag.py
[2022-02-08 11:09:42,153] {processor.py:642} INFO - Processing file /home/airflow/.local/lib/python3.7/site-packages/airflow/example_dags/example_trigger_target_dag.py for tasks to queue
[2022-02-08 11:09:42,206] {logging_mixin.py:109} INFO - [2022-02-08 11:09:42,206] {dagbag.py:500} INFO - Filling up the DagBag from /home/airflow/.local/lib/python3.7/site-packages/airflow/example_dags/example_trigger_target_dag.py
[2022-02-08 11:09:43,630] {processor.py:654} INFO - DAG(s) dict_keys(['example_trigger_target_dag']) retrieved from /home/airflow/.local/lib/python3.7/site-packages/airflow/example_dags/example_trigger_target_dag.py
[2022-02-08 11:09:44,336] {logging_mixin.py:109} INFO - [2022-02-08 11:09:44,336] {dag.py:2396} INFO - Sync 1 DAGs
[2022-02-08 11:09:45,096] {logging_mixin.py:109} INFO - [2022-02-08 11:09:45,095] {dag.py:2935} INFO - Setting next_dagrun for example_trigger_target_dag to None
[2022-02-08 11:09:45,561] {processor.py:171} INFO - Processing /home/airflow/.local/lib/python3.7/site-packages/airflow/example_dags/example_trigger_target_dag.py took 3.546 seconds
[2022-02-08 11:20:44,101] {processor.py:163} INFO - Started process (PID=547) to work on /home/airflow/.local/lib/python3.7/site-packages/airflow/example_dags/example_trigger_target_dag.py
[2022-02-08 11:20:44,141] {processor.py:642} INFO - Processing file /home/airflow/.local/lib/python3.7/site-packages/airflow/example_dags/example_trigger_target_dag.py for tasks to queue
[2022-02-08 11:20:44,180] {logging_mixin.py:109} INFO - [2022-02-08 11:20:44,163] {dagbag.py:500} INFO - Filling up the DagBag from /home/airflow/.local/lib/python3.7/site-packages/airflow/example_dags/example_trigger_target_dag.py
[2022-02-08 11:20:45,924] {processor.py:654} INFO - DAG(s) dict_keys(['example_trigger_target_dag']) retrieved from /home/airflow/.local/lib/python3.7/site-packages/airflow/example_dags/example_trigger_target_dag.py
[2022-02-08 11:20:46,574] {logging_mixin.py:109} INFO - [2022-02-08 11:20:46,572] {dag.py:2396} INFO - Sync 1 DAGs
[2022-02-08 11:20:48,196] {logging_mixin.py:109} INFO - [2022-02-08 11:20:48,195] {dag.py:2935} INFO - Setting next_dagrun for example_trigger_target_dag to None
[2022-02-08 11:20:48,479] {processor.py:171} INFO - Processing /home/airflow/.local/lib/python3.7/site-packages/airflow/example_dags/example_trigger_target_dag.py took 4.470 seconds
[2022-02-08 12:35:56,089] {processor.py:163} INFO - Started process (PID=372) to work on /home/airflow/.local/lib/python3.7/site-packages/airflow/example_dags/example_trigger_target_dag.py
[2022-02-08 12:35:56,109] {processor.py:642} INFO - Processing file /home/airflow/.local/lib/python3.7/site-packages/airflow/example_dags/example_trigger_target_dag.py for tasks to queue
[2022-02-08 12:35:56,121] {logging_mixin.py:109} INFO - [2022-02-08 12:35:56,121] {dagbag.py:500} INFO - Filling up the DagBag from /home/airflow/.local/lib/python3.7/site-packages/airflow/example_dags/example_trigger_target_dag.py
[2022-02-08 12:35:56,882] {processor.py:654} INFO - DAG(s) dict_keys(['example_trigger_target_dag']) retrieved from /home/airflow/.local/lib/python3.7/site-packages/airflow/example_dags/example_trigger_target_dag.py
[2022-02-08 12:35:57,209] {logging_mixin.py:109} INFO - [2022-02-08 12:35:57,208] {dag.py:2396} INFO - Sync 1 DAGs
[2022-02-08 12:35:57,556] {logging_mixin.py:109} INFO - [2022-02-08 12:35:57,556] {dag.py:2935} INFO - Setting next_dagrun for example_trigger_target_dag to None
[2022-02-08 12:35:57,826] {processor.py:171} INFO - Processing /home/airflow/.local/lib/python3.7/site-packages/airflow/example_dags/example_trigger_target_dag.py took 1.751 seconds
[2022-02-08 12:40:55,857] {processor.py:163} INFO - Started process (PID=612) to work on /home/airflow/.local/lib/python3.7/site-packages/airflow/example_dags/example_trigger_target_dag.py
[2022-02-08 12:40:55,931] {processor.py:642} INFO - Processing file /home/airflow/.local/lib/python3.7/site-packages/airflow/example_dags/example_trigger_target_dag.py for tasks to queue
[2022-02-08 12:40:56,003] {logging_mixin.py:109} INFO - [2022-02-08 12:40:56,002] {dagbag.py:500} INFO - Filling up the DagBag from /home/airflow/.local/lib/python3.7/site-packages/airflow/example_dags/example_trigger_target_dag.py
[2022-02-08 12:40:56,863] {processor.py:654} INFO - DAG(s) dict_keys(['example_trigger_target_dag']) retrieved from /home/airflow/.local/lib/python3.7/site-packages/airflow/example_dags/example_trigger_target_dag.py
[2022-02-08 12:40:57,536] {logging_mixin.py:109} INFO - [2022-02-08 12:40:57,535] {dag.py:2396} INFO - Sync 1 DAGs
[2022-02-08 12:40:58,170] {logging_mixin.py:109} INFO - [2022-02-08 12:40:58,169] {dag.py:2935} INFO - Setting next_dagrun for example_trigger_target_dag to None
[2022-02-08 12:40:58,488] {processor.py:171} INFO - Processing /home/airflow/.local/lib/python3.7/site-packages/airflow/example_dags/example_trigger_target_dag.py took 2.755 seconds
[2022-02-08 12:43:39,204] {processor.py:163} INFO - Started process (PID=772) to work on /home/airflow/.local/lib/python3.7/site-packages/airflow/example_dags/example_trigger_target_dag.py
[2022-02-08 12:43:39,278] {processor.py:642} INFO - Processing file /home/airflow/.local/lib/python3.7/site-packages/airflow/example_dags/example_trigger_target_dag.py for tasks to queue
[2022-02-08 12:43:39,324] {logging_mixin.py:109} INFO - [2022-02-08 12:43:39,323] {dagbag.py:500} INFO - Filling up the DagBag from /home/airflow/.local/lib/python3.7/site-packages/airflow/example_dags/example_trigger_target_dag.py
[2022-02-08 12:43:40,319] {processor.py:654} INFO - DAG(s) dict_keys(['example_trigger_target_dag']) retrieved from /home/airflow/.local/lib/python3.7/site-packages/airflow/example_dags/example_trigger_target_dag.py
[2022-02-08 12:43:40,977] {logging_mixin.py:109} INFO - [2022-02-08 12:43:40,938] {dag.py:2396} INFO - Sync 1 DAGs
[2022-02-08 12:43:41,547] {logging_mixin.py:109} INFO - [2022-02-08 12:43:41,547] {dag.py:2935} INFO - Setting next_dagrun for example_trigger_target_dag to None
[2022-02-08 12:43:41,668] {processor.py:171} INFO - Processing /home/airflow/.local/lib/python3.7/site-packages/airflow/example_dags/example_trigger_target_dag.py took 2.558 seconds
[2022-02-08 12:46:14,523] {processor.py:163} INFO - Started process (PID=987) to work on /home/airflow/.local/lib/python3.7/site-packages/airflow/example_dags/example_trigger_target_dag.py
[2022-02-08 12:46:14,561] {processor.py:642} INFO - Processing file /home/airflow/.local/lib/python3.7/site-packages/airflow/example_dags/example_trigger_target_dag.py for tasks to queue
[2022-02-08 12:46:14,617] {logging_mixin.py:109} INFO - [2022-02-08 12:46:14,616] {dagbag.py:500} INFO - Filling up the DagBag from /home/airflow/.local/lib/python3.7/site-packages/airflow/example_dags/example_trigger_target_dag.py
[2022-02-08 12:46:15,985] {processor.py:654} INFO - DAG(s) dict_keys(['example_trigger_target_dag']) retrieved from /home/airflow/.local/lib/python3.7/site-packages/airflow/example_dags/example_trigger_target_dag.py
[2022-02-08 12:46:16,618] {logging_mixin.py:109} INFO - [2022-02-08 12:46:16,618] {dag.py:2396} INFO - Sync 1 DAGs
[2022-02-08 12:46:17,436] {logging_mixin.py:109} INFO - [2022-02-08 12:46:17,435] {dag.py:2935} INFO - Setting next_dagrun for example_trigger_target_dag to None
[2022-02-08 12:46:18,017] {processor.py:171} INFO - Processing /home/airflow/.local/lib/python3.7/site-packages/airflow/example_dags/example_trigger_target_dag.py took 3.526 seconds
[2022-02-08 16:13:09,808] {processor.py:163} INFO - Started process (PID=358) to work on /home/airflow/.local/lib/python3.7/site-packages/airflow/example_dags/example_trigger_target_dag.py
[2022-02-08 16:13:09,829] {processor.py:642} INFO - Processing file /home/airflow/.local/lib/python3.7/site-packages/airflow/example_dags/example_trigger_target_dag.py for tasks to queue
[2022-02-08 16:13:09,835] {logging_mixin.py:109} INFO - [2022-02-08 16:13:09,835] {dagbag.py:500} INFO - Filling up the DagBag from /home/airflow/.local/lib/python3.7/site-packages/airflow/example_dags/example_trigger_target_dag.py
[2022-02-08 16:13:10,450] {processor.py:654} INFO - DAG(s) dict_keys(['example_trigger_target_dag']) retrieved from /home/airflow/.local/lib/python3.7/site-packages/airflow/example_dags/example_trigger_target_dag.py
[2022-02-08 16:13:10,849] {logging_mixin.py:109} INFO - [2022-02-08 16:13:10,836] {dag.py:2396} INFO - Sync 1 DAGs
[2022-02-08 16:13:11,058] {logging_mixin.py:109} INFO - [2022-02-08 16:13:11,029] {dag.py:2935} INFO - Setting next_dagrun for example_trigger_target_dag to None
[2022-02-08 16:13:20,933] {processor.py:171} INFO - Processing /home/airflow/.local/lib/python3.7/site-packages/airflow/example_dags/example_trigger_target_dag.py took 11.152 seconds
[2022-02-08 16:31:05,628] {processor.py:163} INFO - Started process (PID=491) to work on /home/airflow/.local/lib/python3.7/site-packages/airflow/example_dags/example_trigger_target_dag.py
[2022-02-08 16:31:05,679] {processor.py:642} INFO - Processing file /home/airflow/.local/lib/python3.7/site-packages/airflow/example_dags/example_trigger_target_dag.py for tasks to queue
[2022-02-08 16:31:05,699] {logging_mixin.py:109} INFO - [2022-02-08 16:31:05,699] {dagbag.py:500} INFO - Filling up the DagBag from /home/airflow/.local/lib/python3.7/site-packages/airflow/example_dags/example_trigger_target_dag.py
[2022-02-08 16:31:06,769] {processor.py:654} INFO - DAG(s) dict_keys(['example_trigger_target_dag']) retrieved from /home/airflow/.local/lib/python3.7/site-packages/airflow/example_dags/example_trigger_target_dag.py
[2022-02-08 16:31:10,187] {logging_mixin.py:109} INFO - [2022-02-08 16:31:10,132] {dag.py:2396} INFO - Sync 1 DAGs
[2022-02-08 16:31:12,113] {logging_mixin.py:109} INFO - [2022-02-08 16:31:12,100] {dag.py:2935} INFO - Setting next_dagrun for example_trigger_target_dag to None
[2022-02-08 16:31:17,404] {processor.py:171} INFO - Processing /home/airflow/.local/lib/python3.7/site-packages/airflow/example_dags/example_trigger_target_dag.py took 11.801 seconds
[2022-02-08 16:33:26,826] {processor.py:163} INFO - Started process (PID=654) to work on /home/airflow/.local/lib/python3.7/site-packages/airflow/example_dags/example_trigger_target_dag.py
[2022-02-08 16:33:26,867] {processor.py:642} INFO - Processing file /home/airflow/.local/lib/python3.7/site-packages/airflow/example_dags/example_trigger_target_dag.py for tasks to queue
[2022-02-08 16:33:26,875] {logging_mixin.py:109} INFO - [2022-02-08 16:33:26,874] {dagbag.py:500} INFO - Filling up the DagBag from /home/airflow/.local/lib/python3.7/site-packages/airflow/example_dags/example_trigger_target_dag.py
[2022-02-08 16:33:28,474] {processor.py:654} INFO - DAG(s) dict_keys(['example_trigger_target_dag']) retrieved from /home/airflow/.local/lib/python3.7/site-packages/airflow/example_dags/example_trigger_target_dag.py
[2022-02-08 16:33:28,959] {logging_mixin.py:109} INFO - [2022-02-08 16:33:28,958] {dag.py:2396} INFO - Sync 1 DAGs
[2022-02-08 16:33:29,982] {logging_mixin.py:109} INFO - [2022-02-08 16:33:29,981] {dag.py:2935} INFO - Setting next_dagrun for example_trigger_target_dag to None
[2022-02-08 16:33:30,484] {processor.py:171} INFO - Processing /home/airflow/.local/lib/python3.7/site-packages/airflow/example_dags/example_trigger_target_dag.py took 3.726 seconds
[2022-02-08 16:36:44,343] {processor.py:163} INFO - Started process (PID=817) to work on /home/airflow/.local/lib/python3.7/site-packages/airflow/example_dags/example_trigger_target_dag.py
[2022-02-08 16:36:44,364] {processor.py:642} INFO - Processing file /home/airflow/.local/lib/python3.7/site-packages/airflow/example_dags/example_trigger_target_dag.py for tasks to queue
[2022-02-08 16:36:44,389] {logging_mixin.py:109} INFO - [2022-02-08 16:36:44,389] {dagbag.py:500} INFO - Filling up the DagBag from /home/airflow/.local/lib/python3.7/site-packages/airflow/example_dags/example_trigger_target_dag.py
[2022-02-08 16:36:45,392] {processor.py:654} INFO - DAG(s) dict_keys(['example_trigger_target_dag']) retrieved from /home/airflow/.local/lib/python3.7/site-packages/airflow/example_dags/example_trigger_target_dag.py
[2022-02-08 16:36:45,797] {logging_mixin.py:109} INFO - [2022-02-08 16:36:45,797] {dag.py:2396} INFO - Sync 1 DAGs
[2022-02-08 16:36:46,418] {logging_mixin.py:109} INFO - [2022-02-08 16:36:46,417] {dag.py:2935} INFO - Setting next_dagrun for example_trigger_target_dag to None
[2022-02-08 16:36:46,780] {processor.py:171} INFO - Processing /home/airflow/.local/lib/python3.7/site-packages/airflow/example_dags/example_trigger_target_dag.py took 2.493 seconds
[2022-02-08 16:39:18,438] {processor.py:163} INFO - Started process (PID=973) to work on /home/airflow/.local/lib/python3.7/site-packages/airflow/example_dags/example_trigger_target_dag.py
[2022-02-08 16:39:18,470] {processor.py:642} INFO - Processing file /home/airflow/.local/lib/python3.7/site-packages/airflow/example_dags/example_trigger_target_dag.py for tasks to queue
[2022-02-08 16:39:18,500] {logging_mixin.py:109} INFO - [2022-02-08 16:39:18,499] {dagbag.py:500} INFO - Filling up the DagBag from /home/airflow/.local/lib/python3.7/site-packages/airflow/example_dags/example_trigger_target_dag.py
[2022-02-08 16:39:19,598] {processor.py:654} INFO - DAG(s) dict_keys(['example_trigger_target_dag']) retrieved from /home/airflow/.local/lib/python3.7/site-packages/airflow/example_dags/example_trigger_target_dag.py
[2022-02-08 16:39:19,950] {logging_mixin.py:109} INFO - [2022-02-08 16:39:19,950] {dag.py:2396} INFO - Sync 1 DAGs
[2022-02-08 16:39:20,522] {logging_mixin.py:109} INFO - [2022-02-08 16:39:20,522] {dag.py:2935} INFO - Setting next_dagrun for example_trigger_target_dag to None
[2022-02-08 16:39:20,846] {processor.py:171} INFO - Processing /home/airflow/.local/lib/python3.7/site-packages/airflow/example_dags/example_trigger_target_dag.py took 2.491 seconds
[2022-02-08 17:13:57,238] {processor.py:163} INFO - Started process (PID=1164) to work on /home/airflow/.local/lib/python3.7/site-packages/airflow/example_dags/example_trigger_target_dag.py
[2022-02-08 17:13:57,285] {processor.py:642} INFO - Processing file /home/airflow/.local/lib/python3.7/site-packages/airflow/example_dags/example_trigger_target_dag.py for tasks to queue
[2022-02-08 17:13:57,325] {logging_mixin.py:109} INFO - [2022-02-08 17:13:57,325] {dagbag.py:500} INFO - Filling up the DagBag from /home/airflow/.local/lib/python3.7/site-packages/airflow/example_dags/example_trigger_target_dag.py
[2022-02-08 17:13:58,389] {processor.py:654} INFO - DAG(s) dict_keys(['example_trigger_target_dag']) retrieved from /home/airflow/.local/lib/python3.7/site-packages/airflow/example_dags/example_trigger_target_dag.py
[2022-02-08 17:13:59,127] {logging_mixin.py:109} INFO - [2022-02-08 17:13:59,127] {dag.py:2396} INFO - Sync 1 DAGs
[2022-02-08 17:13:59,875] {logging_mixin.py:109} INFO - [2022-02-08 17:13:59,875] {dag.py:2935} INFO - Setting next_dagrun for example_trigger_target_dag to None
[2022-02-08 17:14:00,098] {processor.py:171} INFO - Processing /home/airflow/.local/lib/python3.7/site-packages/airflow/example_dags/example_trigger_target_dag.py took 2.918 seconds
[2022-02-08 17:15:40,286] {processor.py:163} INFO - Started process (PID=1317) to work on /home/airflow/.local/lib/python3.7/site-packages/airflow/example_dags/example_trigger_target_dag.py
[2022-02-08 17:15:40,302] {processor.py:642} INFO - Processing file /home/airflow/.local/lib/python3.7/site-packages/airflow/example_dags/example_trigger_target_dag.py for tasks to queue
[2022-02-08 17:15:40,316] {logging_mixin.py:109} INFO - [2022-02-08 17:15:40,316] {dagbag.py:500} INFO - Filling up the DagBag from /home/airflow/.local/lib/python3.7/site-packages/airflow/example_dags/example_trigger_target_dag.py
[2022-02-08 17:15:41,322] {processor.py:654} INFO - DAG(s) dict_keys(['example_trigger_target_dag']) retrieved from /home/airflow/.local/lib/python3.7/site-packages/airflow/example_dags/example_trigger_target_dag.py
[2022-02-08 17:15:41,753] {logging_mixin.py:109} INFO - [2022-02-08 17:15:41,753] {dag.py:2396} INFO - Sync 1 DAGs
[2022-02-08 17:15:42,410] {logging_mixin.py:109} INFO - [2022-02-08 17:15:42,409] {dag.py:2935} INFO - Setting next_dagrun for example_trigger_target_dag to None
[2022-02-08 17:15:42,672] {processor.py:171} INFO - Processing /home/airflow/.local/lib/python3.7/site-packages/airflow/example_dags/example_trigger_target_dag.py took 2.558 seconds
[2022-02-08 17:17:37,071] {processor.py:163} INFO - Started process (PID=1473) to work on /home/airflow/.local/lib/python3.7/site-packages/airflow/example_dags/example_trigger_target_dag.py
[2022-02-08 17:17:37,150] {processor.py:642} INFO - Processing file /home/airflow/.local/lib/python3.7/site-packages/airflow/example_dags/example_trigger_target_dag.py for tasks to queue
[2022-02-08 17:17:37,167] {logging_mixin.py:109} INFO - [2022-02-08 17:17:37,167] {dagbag.py:500} INFO - Filling up the DagBag from /home/airflow/.local/lib/python3.7/site-packages/airflow/example_dags/example_trigger_target_dag.py
[2022-02-08 17:17:38,408] {processor.py:654} INFO - DAG(s) dict_keys(['example_trigger_target_dag']) retrieved from /home/airflow/.local/lib/python3.7/site-packages/airflow/example_dags/example_trigger_target_dag.py
[2022-02-08 17:17:38,890] {logging_mixin.py:109} INFO - [2022-02-08 17:17:38,889] {dag.py:2396} INFO - Sync 1 DAGs
[2022-02-08 17:17:40,323] {logging_mixin.py:109} INFO - [2022-02-08 17:17:40,310] {dag.py:2935} INFO - Setting next_dagrun for example_trigger_target_dag to None
[2022-02-08 17:17:40,738] {processor.py:171} INFO - Processing /home/airflow/.local/lib/python3.7/site-packages/airflow/example_dags/example_trigger_target_dag.py took 3.750 seconds
[2022-02-08 17:20:22,403] {processor.py:163} INFO - Started process (PID=1617) to work on /home/airflow/.local/lib/python3.7/site-packages/airflow/example_dags/example_trigger_target_dag.py
[2022-02-08 17:20:22,438] {processor.py:642} INFO - Processing file /home/airflow/.local/lib/python3.7/site-packages/airflow/example_dags/example_trigger_target_dag.py for tasks to queue
[2022-02-08 17:20:22,483] {logging_mixin.py:109} INFO - [2022-02-08 17:20:22,482] {dagbag.py:500} INFO - Filling up the DagBag from /home/airflow/.local/lib/python3.7/site-packages/airflow/example_dags/example_trigger_target_dag.py
[2022-02-08 17:20:23,596] {processor.py:654} INFO - DAG(s) dict_keys(['example_trigger_target_dag']) retrieved from /home/airflow/.local/lib/python3.7/site-packages/airflow/example_dags/example_trigger_target_dag.py
[2022-02-08 17:20:23,991] {logging_mixin.py:109} INFO - [2022-02-08 17:20:23,965] {dag.py:2396} INFO - Sync 1 DAGs
[2022-02-08 17:20:24,664] {logging_mixin.py:109} INFO - [2022-02-08 17:20:24,657] {dag.py:2935} INFO - Setting next_dagrun for example_trigger_target_dag to None
[2022-02-08 17:20:24,964] {processor.py:171} INFO - Processing /home/airflow/.local/lib/python3.7/site-packages/airflow/example_dags/example_trigger_target_dag.py took 2.612 seconds
[2022-02-08 17:22:27,768] {processor.py:163} INFO - Started process (PID=1792) to work on /home/airflow/.local/lib/python3.7/site-packages/airflow/example_dags/example_trigger_target_dag.py
[2022-02-08 17:22:27,794] {processor.py:642} INFO - Processing file /home/airflow/.local/lib/python3.7/site-packages/airflow/example_dags/example_trigger_target_dag.py for tasks to queue
[2022-02-08 17:22:27,844] {logging_mixin.py:109} INFO - [2022-02-08 17:22:27,844] {dagbag.py:500} INFO - Filling up the DagBag from /home/airflow/.local/lib/python3.7/site-packages/airflow/example_dags/example_trigger_target_dag.py
[2022-02-08 17:22:29,010] {processor.py:654} INFO - DAG(s) dict_keys(['example_trigger_target_dag']) retrieved from /home/airflow/.local/lib/python3.7/site-packages/airflow/example_dags/example_trigger_target_dag.py
[2022-02-08 17:22:29,604] {logging_mixin.py:109} INFO - [2022-02-08 17:22:29,604] {dag.py:2396} INFO - Sync 1 DAGs
[2022-02-08 17:22:30,186] {logging_mixin.py:109} INFO - [2022-02-08 17:22:30,186] {dag.py:2935} INFO - Setting next_dagrun for example_trigger_target_dag to None
[2022-02-08 17:22:30,608] {processor.py:171} INFO - Processing /home/airflow/.local/lib/python3.7/site-packages/airflow/example_dags/example_trigger_target_dag.py took 2.921 seconds
[2022-02-08 17:24:49,071] {processor.py:163} INFO - Started process (PID=1920) to work on /home/airflow/.local/lib/python3.7/site-packages/airflow/example_dags/example_trigger_target_dag.py
[2022-02-08 17:24:49,111] {processor.py:642} INFO - Processing file /home/airflow/.local/lib/python3.7/site-packages/airflow/example_dags/example_trigger_target_dag.py for tasks to queue
[2022-02-08 17:24:49,128] {logging_mixin.py:109} INFO - [2022-02-08 17:24:49,128] {dagbag.py:500} INFO - Filling up the DagBag from /home/airflow/.local/lib/python3.7/site-packages/airflow/example_dags/example_trigger_target_dag.py
[2022-02-08 17:24:49,721] {processor.py:654} INFO - DAG(s) dict_keys(['example_trigger_target_dag']) retrieved from /home/airflow/.local/lib/python3.7/site-packages/airflow/example_dags/example_trigger_target_dag.py
[2022-02-08 17:24:50,063] {logging_mixin.py:109} INFO - [2022-02-08 17:24:50,063] {dag.py:2396} INFO - Sync 1 DAGs
[2022-02-08 17:24:50,394] {logging_mixin.py:109} INFO - [2022-02-08 17:24:50,394] {dag.py:2935} INFO - Setting next_dagrun for example_trigger_target_dag to None
[2022-02-08 17:24:50,584] {processor.py:171} INFO - Processing /home/airflow/.local/lib/python3.7/site-packages/airflow/example_dags/example_trigger_target_dag.py took 1.580 seconds
[2022-02-08 17:59:15,353] {processor.py:163} INFO - Started process (PID=708) to work on /home/airflow/.local/lib/python3.7/site-packages/airflow/example_dags/example_trigger_target_dag.py
[2022-02-08 17:59:15,383] {processor.py:642} INFO - Processing file /home/airflow/.local/lib/python3.7/site-packages/airflow/example_dags/example_trigger_target_dag.py for tasks to queue
[2022-02-08 17:59:15,407] {logging_mixin.py:109} INFO - [2022-02-08 17:59:15,402] {dagbag.py:500} INFO - Filling up the DagBag from /home/airflow/.local/lib/python3.7/site-packages/airflow/example_dags/example_trigger_target_dag.py
[2022-02-08 17:59:17,214] {processor.py:654} INFO - DAG(s) dict_keys(['example_trigger_target_dag']) retrieved from /home/airflow/.local/lib/python3.7/site-packages/airflow/example_dags/example_trigger_target_dag.py
[2022-02-08 17:59:18,271] {logging_mixin.py:109} INFO - [2022-02-08 17:59:18,270] {dag.py:2396} INFO - Sync 1 DAGs
[2022-02-08 17:59:19,472] {logging_mixin.py:109} INFO - [2022-02-08 17:59:19,471] {dag.py:2935} INFO - Setting next_dagrun for example_trigger_target_dag to None
[2022-02-08 17:59:20,258] {processor.py:171} INFO - Processing /home/airflow/.local/lib/python3.7/site-packages/airflow/example_dags/example_trigger_target_dag.py took 5.056 seconds
[2022-02-08 18:01:51,571] {processor.py:163} INFO - Started process (PID=859) to work on /home/airflow/.local/lib/python3.7/site-packages/airflow/example_dags/example_trigger_target_dag.py
[2022-02-08 18:01:51,582] {processor.py:642} INFO - Processing file /home/airflow/.local/lib/python3.7/site-packages/airflow/example_dags/example_trigger_target_dag.py for tasks to queue
[2022-02-08 18:01:51,611] {logging_mixin.py:109} INFO - [2022-02-08 18:01:51,603] {dagbag.py:500} INFO - Filling up the DagBag from /home/airflow/.local/lib/python3.7/site-packages/airflow/example_dags/example_trigger_target_dag.py
[2022-02-08 18:01:52,631] {processor.py:654} INFO - DAG(s) dict_keys(['example_trigger_target_dag']) retrieved from /home/airflow/.local/lib/python3.7/site-packages/airflow/example_dags/example_trigger_target_dag.py
[2022-02-08 18:01:53,390] {logging_mixin.py:109} INFO - [2022-02-08 18:01:53,389] {dag.py:2396} INFO - Sync 1 DAGs
[2022-02-08 18:01:54,409] {logging_mixin.py:109} INFO - [2022-02-08 18:01:54,408] {dag.py:2935} INFO - Setting next_dagrun for example_trigger_target_dag to None
[2022-02-08 18:01:54,894] {processor.py:171} INFO - Processing /home/airflow/.local/lib/python3.7/site-packages/airflow/example_dags/example_trigger_target_dag.py took 3.376 seconds
[2022-02-08 18:04:09,157] {processor.py:163} INFO - Started process (PID=1040) to work on /home/airflow/.local/lib/python3.7/site-packages/airflow/example_dags/example_trigger_target_dag.py
[2022-02-08 18:04:09,203] {processor.py:642} INFO - Processing file /home/airflow/.local/lib/python3.7/site-packages/airflow/example_dags/example_trigger_target_dag.py for tasks to queue
[2022-02-08 18:04:09,220] {logging_mixin.py:109} INFO - [2022-02-08 18:04:09,219] {dagbag.py:500} INFO - Filling up the DagBag from /home/airflow/.local/lib/python3.7/site-packages/airflow/example_dags/example_trigger_target_dag.py
[2022-02-08 18:04:10,446] {processor.py:654} INFO - DAG(s) dict_keys(['example_trigger_target_dag']) retrieved from /home/airflow/.local/lib/python3.7/site-packages/airflow/example_dags/example_trigger_target_dag.py
[2022-02-08 18:04:11,017] {logging_mixin.py:109} INFO - [2022-02-08 18:04:11,016] {dag.py:2396} INFO - Sync 1 DAGs
[2022-02-08 18:04:11,915] {logging_mixin.py:109} INFO - [2022-02-08 18:04:11,914] {dag.py:2935} INFO - Setting next_dagrun for example_trigger_target_dag to None
[2022-02-08 18:04:12,452] {processor.py:171} INFO - Processing /home/airflow/.local/lib/python3.7/site-packages/airflow/example_dags/example_trigger_target_dag.py took 3.395 seconds
