[2022-02-08 10:13:27,532] {processor.py:163} INFO - Started process (PID=616) to work on /home/airflow/.local/lib/python3.7/site-packages/airflow/example_dags/example_branch_operator.py
[2022-02-08 10:13:27,536] {processor.py:642} INFO - Processing file /home/airflow/.local/lib/python3.7/site-packages/airflow/example_dags/example_branch_operator.py for tasks to queue
[2022-02-08 10:13:27,548] {logging_mixin.py:109} INFO - [2022-02-08 10:13:27,547] {dagbag.py:500} INFO - Filling up the DagBag from /home/airflow/.local/lib/python3.7/site-packages/airflow/example_dags/example_branch_operator.py
[2022-02-08 10:13:27,702] {processor.py:654} INFO - DAG(s) dict_keys(['example_branch_operator']) retrieved from /home/airflow/.local/lib/python3.7/site-packages/airflow/example_dags/example_branch_operator.py
[2022-02-08 10:13:36,534] {logging_mixin.py:109} INFO - [2022-02-08 10:13:36,533] {manager.py:496} INFO - Created Permission View: can read on DAG:example_branch_operator
[2022-02-08 10:13:36,575] {logging_mixin.py:109} INFO - [2022-02-08 10:13:36,574] {manager.py:496} INFO - Created Permission View: can edit on DAG:example_branch_operator
[2022-02-08 10:13:36,577] {logging_mixin.py:109} INFO - [2022-02-08 10:13:36,576] {dag.py:2396} INFO - Sync 1 DAGs
[2022-02-08 10:13:36,608] {logging_mixin.py:109} INFO - [2022-02-08 10:13:36,607] {dag.py:2415} INFO - Creating ORM DAG for example_branch_operator
[2022-02-08 10:13:36,638] {logging_mixin.py:109} INFO - [2022-02-08 10:13:36,638] {dag.py:2935} INFO - Setting next_dagrun for example_branch_operator to 2022-02-07 00:00:00+00:00
[2022-02-08 10:13:36,688] {processor.py:171} INFO - Processing /home/airflow/.local/lib/python3.7/site-packages/airflow/example_dags/example_branch_operator.py took 9.162 seconds
[2022-02-08 10:14:09,702] {processor.py:163} INFO - Started process (PID=743) to work on /home/airflow/.local/lib/python3.7/site-packages/airflow/example_dags/example_branch_operator.py
[2022-02-08 10:14:09,708] {processor.py:642} INFO - Processing file /home/airflow/.local/lib/python3.7/site-packages/airflow/example_dags/example_branch_operator.py for tasks to queue
[2022-02-08 10:14:09,719] {logging_mixin.py:109} INFO - [2022-02-08 10:14:09,719] {dagbag.py:500} INFO - Filling up the DagBag from /home/airflow/.local/lib/python3.7/site-packages/airflow/example_dags/example_branch_operator.py
[2022-02-08 10:14:09,807] {processor.py:654} INFO - DAG(s) dict_keys(['example_branch_operator']) retrieved from /home/airflow/.local/lib/python3.7/site-packages/airflow/example_dags/example_branch_operator.py
[2022-02-08 10:14:09,847] {logging_mixin.py:109} INFO - [2022-02-08 10:14:09,846] {dag.py:2396} INFO - Sync 1 DAGs
[2022-02-08 10:14:09,953] {logging_mixin.py:109} INFO - [2022-02-08 10:14:09,953] {dag.py:2935} INFO - Setting next_dagrun for example_branch_operator to 2022-02-07 00:00:00+00:00
[2022-02-08 10:14:10,057] {processor.py:171} INFO - Processing /home/airflow/.local/lib/python3.7/site-packages/airflow/example_dags/example_branch_operator.py took 0.360 seconds
[2022-02-08 10:14:41,449] {processor.py:163} INFO - Started process (PID=836) to work on /home/airflow/.local/lib/python3.7/site-packages/airflow/example_dags/example_branch_operator.py
[2022-02-08 10:14:41,455] {processor.py:642} INFO - Processing file /home/airflow/.local/lib/python3.7/site-packages/airflow/example_dags/example_branch_operator.py for tasks to queue
[2022-02-08 10:14:41,459] {logging_mixin.py:109} INFO - [2022-02-08 10:14:41,459] {dagbag.py:500} INFO - Filling up the DagBag from /home/airflow/.local/lib/python3.7/site-packages/airflow/example_dags/example_branch_operator.py
[2022-02-08 10:14:41,600] {processor.py:654} INFO - DAG(s) dict_keys(['example_branch_operator']) retrieved from /home/airflow/.local/lib/python3.7/site-packages/airflow/example_dags/example_branch_operator.py
[2022-02-08 10:14:41,690] {logging_mixin.py:109} INFO - [2022-02-08 10:14:41,689] {dag.py:2396} INFO - Sync 1 DAGs
[2022-02-08 10:14:41,744] {logging_mixin.py:109} INFO - [2022-02-08 10:14:41,743] {dag.py:2935} INFO - Setting next_dagrun for example_branch_operator to 2022-02-07 00:00:00+00:00
[2022-02-08 10:14:41,814] {processor.py:171} INFO - Processing /home/airflow/.local/lib/python3.7/site-packages/airflow/example_dags/example_branch_operator.py took 0.371 seconds
[2022-02-08 10:15:12,949] {processor.py:163} INFO - Started process (PID=924) to work on /home/airflow/.local/lib/python3.7/site-packages/airflow/example_dags/example_branch_operator.py
[2022-02-08 10:15:12,954] {processor.py:642} INFO - Processing file /home/airflow/.local/lib/python3.7/site-packages/airflow/example_dags/example_branch_operator.py for tasks to queue
[2022-02-08 10:15:12,958] {logging_mixin.py:109} INFO - [2022-02-08 10:15:12,957] {dagbag.py:500} INFO - Filling up the DagBag from /home/airflow/.local/lib/python3.7/site-packages/airflow/example_dags/example_branch_operator.py
[2022-02-08 10:15:13,049] {processor.py:654} INFO - DAG(s) dict_keys(['example_branch_operator']) retrieved from /home/airflow/.local/lib/python3.7/site-packages/airflow/example_dags/example_branch_operator.py
[2022-02-08 10:15:13,093] {logging_mixin.py:109} INFO - [2022-02-08 10:15:13,092] {dag.py:2396} INFO - Sync 1 DAGs
[2022-02-08 10:15:13,172] {logging_mixin.py:109} INFO - [2022-02-08 10:15:13,171] {dag.py:2935} INFO - Setting next_dagrun for example_branch_operator to 2022-02-07 00:00:00+00:00
[2022-02-08 10:15:13,227] {processor.py:171} INFO - Processing /home/airflow/.local/lib/python3.7/site-packages/airflow/example_dags/example_branch_operator.py took 0.285 seconds
[2022-02-08 10:23:50,635] {processor.py:163} INFO - Started process (PID=450) to work on /home/airflow/.local/lib/python3.7/site-packages/airflow/example_dags/example_branch_operator.py
[2022-02-08 10:23:50,640] {processor.py:642} INFO - Processing file /home/airflow/.local/lib/python3.7/site-packages/airflow/example_dags/example_branch_operator.py for tasks to queue
[2022-02-08 10:23:50,651] {logging_mixin.py:109} INFO - [2022-02-08 10:23:50,650] {dagbag.py:500} INFO - Filling up the DagBag from /home/airflow/.local/lib/python3.7/site-packages/airflow/example_dags/example_branch_operator.py
[2022-02-08 10:23:51,463] {processor.py:654} INFO - DAG(s) dict_keys(['example_branch_operator']) retrieved from /home/airflow/.local/lib/python3.7/site-packages/airflow/example_dags/example_branch_operator.py
[2022-02-08 10:23:52,345] {logging_mixin.py:109} INFO - [2022-02-08 10:23:52,345] {dag.py:2396} INFO - Sync 1 DAGs
[2022-02-08 10:23:53,516] {logging_mixin.py:109} INFO - [2022-02-08 10:23:53,515] {dag.py:2935} INFO - Setting next_dagrun for example_branch_operator to 2022-02-07 00:00:00+00:00
[2022-02-08 10:23:54,037] {processor.py:171} INFO - Processing /home/airflow/.local/lib/python3.7/site-packages/airflow/example_dags/example_branch_operator.py took 3.551 seconds
[2022-02-08 11:06:47,331] {processor.py:163} INFO - Started process (PID=437) to work on /home/airflow/.local/lib/python3.7/site-packages/airflow/example_dags/example_branch_operator.py
[2022-02-08 11:06:47,459] {processor.py:642} INFO - Processing file /home/airflow/.local/lib/python3.7/site-packages/airflow/example_dags/example_branch_operator.py for tasks to queue
[2022-02-08 11:06:47,618] {logging_mixin.py:109} INFO - [2022-02-08 11:06:47,592] {dagbag.py:500} INFO - Filling up the DagBag from /home/airflow/.local/lib/python3.7/site-packages/airflow/example_dags/example_branch_operator.py
[2022-02-08 11:07:00,088] {processor.py:654} INFO - DAG(s) dict_keys(['example_branch_operator']) retrieved from /home/airflow/.local/lib/python3.7/site-packages/airflow/example_dags/example_branch_operator.py
[2022-02-08 11:07:05,250] {logging_mixin.py:109} INFO - [2022-02-08 11:07:05,210] {dag.py:2396} INFO - Sync 1 DAGs
[2022-02-08 11:07:15,517] {logging_mixin.py:109} INFO - [2022-02-08 11:07:15,421] {dag.py:2935} INFO - Setting next_dagrun for example_branch_operator to 2022-02-07 00:00:00+00:00
[2022-02-08 11:07:15,994] {processor.py:171} INFO - Processing /home/airflow/.local/lib/python3.7/site-packages/airflow/example_dags/example_branch_operator.py took 28.890 seconds
[2022-02-08 11:09:53,887] {processor.py:163} INFO - Started process (PID=628) to work on /home/airflow/.local/lib/python3.7/site-packages/airflow/example_dags/example_branch_operator.py
[2022-02-08 11:09:53,907] {processor.py:642} INFO - Processing file /home/airflow/.local/lib/python3.7/site-packages/airflow/example_dags/example_branch_operator.py for tasks to queue
[2022-02-08 11:09:53,916] {logging_mixin.py:109} INFO - [2022-02-08 11:09:53,916] {dagbag.py:500} INFO - Filling up the DagBag from /home/airflow/.local/lib/python3.7/site-packages/airflow/example_dags/example_branch_operator.py
[2022-02-08 11:09:55,000] {processor.py:654} INFO - DAG(s) dict_keys(['example_branch_operator']) retrieved from /home/airflow/.local/lib/python3.7/site-packages/airflow/example_dags/example_branch_operator.py
[2022-02-08 11:09:55,945] {logging_mixin.py:109} INFO - [2022-02-08 11:09:55,909] {dag.py:2396} INFO - Sync 1 DAGs
[2022-02-08 11:09:57,370] {logging_mixin.py:109} INFO - [2022-02-08 11:09:57,324] {dag.py:2935} INFO - Setting next_dagrun for example_branch_operator to 2022-02-07 00:00:00+00:00
[2022-02-08 11:09:57,870] {processor.py:171} INFO - Processing /home/airflow/.local/lib/python3.7/site-packages/airflow/example_dags/example_branch_operator.py took 4.023 seconds
[2022-02-08 11:21:05,298] {processor.py:163} INFO - Started process (PID=570) to work on /home/airflow/.local/lib/python3.7/site-packages/airflow/example_dags/example_branch_operator.py
[2022-02-08 11:21:05,344] {processor.py:642} INFO - Processing file /home/airflow/.local/lib/python3.7/site-packages/airflow/example_dags/example_branch_operator.py for tasks to queue
[2022-02-08 11:21:05,410] {logging_mixin.py:109} INFO - [2022-02-08 11:21:05,409] {dagbag.py:500} INFO - Filling up the DagBag from /home/airflow/.local/lib/python3.7/site-packages/airflow/example_dags/example_branch_operator.py
[2022-02-08 11:21:06,874] {processor.py:654} INFO - DAG(s) dict_keys(['example_branch_operator']) retrieved from /home/airflow/.local/lib/python3.7/site-packages/airflow/example_dags/example_branch_operator.py
[2022-02-08 11:21:07,650] {logging_mixin.py:109} INFO - [2022-02-08 11:21:07,649] {dag.py:2396} INFO - Sync 1 DAGs
[2022-02-08 11:21:09,456] {logging_mixin.py:109} INFO - [2022-02-08 11:21:09,455] {dag.py:2935} INFO - Setting next_dagrun for example_branch_operator to 2022-02-07 00:00:00+00:00
[2022-02-08 11:21:10,130] {processor.py:171} INFO - Processing /home/airflow/.local/lib/python3.7/site-packages/airflow/example_dags/example_branch_operator.py took 4.953 seconds
[2022-02-08 12:36:02,391] {processor.py:163} INFO - Started process (PID=378) to work on /home/airflow/.local/lib/python3.7/site-packages/airflow/example_dags/example_branch_operator.py
[2022-02-08 12:36:02,442] {processor.py:642} INFO - Processing file /home/airflow/.local/lib/python3.7/site-packages/airflow/example_dags/example_branch_operator.py for tasks to queue
[2022-02-08 12:36:02,459] {logging_mixin.py:109} INFO - [2022-02-08 12:36:02,458] {dagbag.py:500} INFO - Filling up the DagBag from /home/airflow/.local/lib/python3.7/site-packages/airflow/example_dags/example_branch_operator.py
[2022-02-08 12:36:03,247] {processor.py:654} INFO - DAG(s) dict_keys(['example_branch_operator']) retrieved from /home/airflow/.local/lib/python3.7/site-packages/airflow/example_dags/example_branch_operator.py
[2022-02-08 12:36:03,627] {logging_mixin.py:109} INFO - [2022-02-08 12:36:03,626] {dag.py:2396} INFO - Sync 1 DAGs
[2022-02-08 12:36:04,172] {logging_mixin.py:109} INFO - [2022-02-08 12:36:04,171] {dag.py:2935} INFO - Setting next_dagrun for example_branch_operator to 2022-02-07 00:00:00+00:00
[2022-02-08 12:36:04,381] {processor.py:171} INFO - Processing /home/airflow/.local/lib/python3.7/site-packages/airflow/example_dags/example_branch_operator.py took 2.054 seconds
[2022-02-08 12:41:06,645] {processor.py:163} INFO - Started process (PID=624) to work on /home/airflow/.local/lib/python3.7/site-packages/airflow/example_dags/example_branch_operator.py
[2022-02-08 12:41:06,660] {processor.py:642} INFO - Processing file /home/airflow/.local/lib/python3.7/site-packages/airflow/example_dags/example_branch_operator.py for tasks to queue
[2022-02-08 12:41:06,679] {logging_mixin.py:109} INFO - [2022-02-08 12:41:06,676] {dagbag.py:500} INFO - Filling up the DagBag from /home/airflow/.local/lib/python3.7/site-packages/airflow/example_dags/example_branch_operator.py
[2022-02-08 12:41:07,726] {processor.py:654} INFO - DAG(s) dict_keys(['example_branch_operator']) retrieved from /home/airflow/.local/lib/python3.7/site-packages/airflow/example_dags/example_branch_operator.py
[2022-02-08 12:41:08,534] {logging_mixin.py:109} INFO - [2022-02-08 12:41:08,484] {dag.py:2396} INFO - Sync 1 DAGs
[2022-02-08 12:41:09,986] {logging_mixin.py:109} INFO - [2022-02-08 12:41:09,985] {dag.py:2935} INFO - Setting next_dagrun for example_branch_operator to 2022-02-07 00:00:00+00:00
[2022-02-08 12:41:10,829] {processor.py:171} INFO - Processing /home/airflow/.local/lib/python3.7/site-packages/airflow/example_dags/example_branch_operator.py took 4.329 seconds
[2022-02-08 12:43:48,576] {processor.py:163} INFO - Started process (PID=801) to work on /home/airflow/.local/lib/python3.7/site-packages/airflow/example_dags/example_branch_operator.py
[2022-02-08 12:43:48,582] {processor.py:642} INFO - Processing file /home/airflow/.local/lib/python3.7/site-packages/airflow/example_dags/example_branch_operator.py for tasks to queue
[2022-02-08 12:43:48,588] {logging_mixin.py:109} INFO - [2022-02-08 12:43:48,586] {dagbag.py:500} INFO - Filling up the DagBag from /home/airflow/.local/lib/python3.7/site-packages/airflow/example_dags/example_branch_operator.py
[2022-02-08 12:43:49,963] {processor.py:654} INFO - DAG(s) dict_keys(['example_branch_operator']) retrieved from /home/airflow/.local/lib/python3.7/site-packages/airflow/example_dags/example_branch_operator.py
[2022-02-08 12:43:50,723] {logging_mixin.py:109} INFO - [2022-02-08 12:43:50,723] {dag.py:2396} INFO - Sync 1 DAGs
[2022-02-08 12:43:51,530] {logging_mixin.py:109} INFO - [2022-02-08 12:43:51,530] {dag.py:2935} INFO - Setting next_dagrun for example_branch_operator to 2022-02-07 00:00:00+00:00
[2022-02-08 12:43:51,968] {processor.py:171} INFO - Processing /home/airflow/.local/lib/python3.7/site-packages/airflow/example_dags/example_branch_operator.py took 3.410 seconds
[2022-02-08 12:46:26,309] {processor.py:163} INFO - Started process (PID=1011) to work on /home/airflow/.local/lib/python3.7/site-packages/airflow/example_dags/example_branch_operator.py
[2022-02-08 12:46:26,344] {processor.py:642} INFO - Processing file /home/airflow/.local/lib/python3.7/site-packages/airflow/example_dags/example_branch_operator.py for tasks to queue
[2022-02-08 12:46:26,384] {logging_mixin.py:109} INFO - [2022-02-08 12:46:26,383] {dagbag.py:500} INFO - Filling up the DagBag from /home/airflow/.local/lib/python3.7/site-packages/airflow/example_dags/example_branch_operator.py
[2022-02-08 12:46:28,335] {processor.py:654} INFO - DAG(s) dict_keys(['example_branch_operator']) retrieved from /home/airflow/.local/lib/python3.7/site-packages/airflow/example_dags/example_branch_operator.py
[2022-02-08 12:46:29,242] {logging_mixin.py:109} INFO - [2022-02-08 12:46:29,189] {dag.py:2396} INFO - Sync 1 DAGs
[2022-02-08 12:46:30,227] {logging_mixin.py:109} INFO - [2022-02-08 12:46:30,227] {dag.py:2935} INFO - Setting next_dagrun for example_branch_operator to 2022-02-07 00:00:00+00:00
[2022-02-08 12:46:30,636] {processor.py:171} INFO - Processing /home/airflow/.local/lib/python3.7/site-packages/airflow/example_dags/example_branch_operator.py took 4.425 seconds
[2022-02-08 16:13:24,373] {processor.py:163} INFO - Started process (PID=370) to work on /home/airflow/.local/lib/python3.7/site-packages/airflow/example_dags/example_branch_operator.py
[2022-02-08 16:13:24,387] {processor.py:642} INFO - Processing file /home/airflow/.local/lib/python3.7/site-packages/airflow/example_dags/example_branch_operator.py for tasks to queue
[2022-02-08 16:13:24,394] {logging_mixin.py:109} INFO - [2022-02-08 16:13:24,394] {dagbag.py:500} INFO - Filling up the DagBag from /home/airflow/.local/lib/python3.7/site-packages/airflow/example_dags/example_branch_operator.py
[2022-02-08 16:13:24,716] {processor.py:654} INFO - DAG(s) dict_keys(['example_branch_operator']) retrieved from /home/airflow/.local/lib/python3.7/site-packages/airflow/example_dags/example_branch_operator.py
[2022-02-08 16:13:24,851] {logging_mixin.py:109} INFO - [2022-02-08 16:13:24,851] {dag.py:2396} INFO - Sync 1 DAGs
[2022-02-08 16:13:25,132] {logging_mixin.py:109} INFO - [2022-02-08 16:13:25,131] {dag.py:2935} INFO - Setting next_dagrun for example_branch_operator to 2022-02-07 00:00:00+00:00
[2022-02-08 16:13:25,321] {processor.py:171} INFO - Processing /home/airflow/.local/lib/python3.7/site-packages/airflow/example_dags/example_branch_operator.py took 0.969 seconds
[2022-02-08 16:33:37,627] {processor.py:163} INFO - Started process (PID=666) to work on /home/airflow/.local/lib/python3.7/site-packages/airflow/example_dags/example_branch_operator.py
[2022-02-08 16:33:37,671] {processor.py:642} INFO - Processing file /home/airflow/.local/lib/python3.7/site-packages/airflow/example_dags/example_branch_operator.py for tasks to queue
[2022-02-08 16:33:37,732] {logging_mixin.py:109} INFO - [2022-02-08 16:33:37,731] {dagbag.py:500} INFO - Filling up the DagBag from /home/airflow/.local/lib/python3.7/site-packages/airflow/example_dags/example_branch_operator.py
[2022-02-08 16:33:39,132] {processor.py:654} INFO - DAG(s) dict_keys(['example_branch_operator']) retrieved from /home/airflow/.local/lib/python3.7/site-packages/airflow/example_dags/example_branch_operator.py
[2022-02-08 16:33:40,024] {logging_mixin.py:109} INFO - [2022-02-08 16:33:40,017] {dag.py:2396} INFO - Sync 1 DAGs
[2022-02-08 16:33:41,257] {logging_mixin.py:109} INFO - [2022-02-08 16:33:41,215] {dag.py:2935} INFO - Setting next_dagrun for example_branch_operator to 2022-02-07 00:00:00+00:00
[2022-02-08 16:33:41,646] {processor.py:171} INFO - Processing /home/airflow/.local/lib/python3.7/site-packages/airflow/example_dags/example_branch_operator.py took 4.110 seconds
[2022-02-08 16:36:53,473] {processor.py:163} INFO - Started process (PID=829) to work on /home/airflow/.local/lib/python3.7/site-packages/airflow/example_dags/example_branch_operator.py
[2022-02-08 16:36:53,503] {processor.py:642} INFO - Processing file /home/airflow/.local/lib/python3.7/site-packages/airflow/example_dags/example_branch_operator.py for tasks to queue
[2022-02-08 16:36:53,524] {logging_mixin.py:109} INFO - [2022-02-08 16:36:53,524] {dagbag.py:500} INFO - Filling up the DagBag from /home/airflow/.local/lib/python3.7/site-packages/airflow/example_dags/example_branch_operator.py
[2022-02-08 16:36:54,472] {processor.py:654} INFO - DAG(s) dict_keys(['example_branch_operator']) retrieved from /home/airflow/.local/lib/python3.7/site-packages/airflow/example_dags/example_branch_operator.py
[2022-02-08 16:36:55,354] {logging_mixin.py:109} INFO - [2022-02-08 16:36:55,354] {dag.py:2396} INFO - Sync 1 DAGs
[2022-02-08 16:36:56,732] {logging_mixin.py:109} INFO - [2022-02-08 16:36:56,693] {dag.py:2935} INFO - Setting next_dagrun for example_branch_operator to 2022-02-07 00:00:00+00:00
[2022-02-08 16:36:57,280] {processor.py:171} INFO - Processing /home/airflow/.local/lib/python3.7/site-packages/airflow/example_dags/example_branch_operator.py took 3.903 seconds
[2022-02-08 16:39:26,590] {processor.py:163} INFO - Started process (PID=979) to work on /home/airflow/.local/lib/python3.7/site-packages/airflow/example_dags/example_branch_operator.py
[2022-02-08 16:39:26,612] {processor.py:642} INFO - Processing file /home/airflow/.local/lib/python3.7/site-packages/airflow/example_dags/example_branch_operator.py for tasks to queue
[2022-02-08 16:39:26,630] {logging_mixin.py:109} INFO - [2022-02-08 16:39:26,629] {dagbag.py:500} INFO - Filling up the DagBag from /home/airflow/.local/lib/python3.7/site-packages/airflow/example_dags/example_branch_operator.py
[2022-02-08 16:39:27,972] {processor.py:654} INFO - DAG(s) dict_keys(['example_branch_operator']) retrieved from /home/airflow/.local/lib/python3.7/site-packages/airflow/example_dags/example_branch_operator.py
[2022-02-08 16:39:28,798] {logging_mixin.py:109} INFO - [2022-02-08 16:39:28,797] {dag.py:2396} INFO - Sync 1 DAGs
[2022-02-08 16:39:29,841] {logging_mixin.py:109} INFO - [2022-02-08 16:39:29,840] {dag.py:2935} INFO - Setting next_dagrun for example_branch_operator to 2022-02-07 00:00:00+00:00
[2022-02-08 16:39:30,343] {processor.py:171} INFO - Processing /home/airflow/.local/lib/python3.7/site-packages/airflow/example_dags/example_branch_operator.py took 3.849 seconds
[2022-02-08 17:14:08,387] {processor.py:163} INFO - Started process (PID=1170) to work on /home/airflow/.local/lib/python3.7/site-packages/airflow/example_dags/example_branch_operator.py
[2022-02-08 17:14:08,406] {processor.py:642} INFO - Processing file /home/airflow/.local/lib/python3.7/site-packages/airflow/example_dags/example_branch_operator.py for tasks to queue
[2022-02-08 17:14:08,467] {logging_mixin.py:109} INFO - [2022-02-08 17:14:08,467] {dagbag.py:500} INFO - Filling up the DagBag from /home/airflow/.local/lib/python3.7/site-packages/airflow/example_dags/example_branch_operator.py
[2022-02-08 17:14:09,968] {processor.py:654} INFO - DAG(s) dict_keys(['example_branch_operator']) retrieved from /home/airflow/.local/lib/python3.7/site-packages/airflow/example_dags/example_branch_operator.py
[2022-02-08 17:14:10,768] {logging_mixin.py:109} INFO - [2022-02-08 17:14:10,695] {dag.py:2396} INFO - Sync 1 DAGs
[2022-02-08 17:14:11,759] {logging_mixin.py:109} INFO - [2022-02-08 17:14:11,744] {dag.py:2935} INFO - Setting next_dagrun for example_branch_operator to 2022-02-07 00:00:00+00:00
[2022-02-08 17:14:12,387] {processor.py:171} INFO - Processing /home/airflow/.local/lib/python3.7/site-packages/airflow/example_dags/example_branch_operator.py took 4.089 seconds
[2022-02-08 17:16:34,567] {processor.py:163} INFO - Started process (PID=1375) to work on /home/airflow/.local/lib/python3.7/site-packages/airflow/example_dags/example_branch_operator.py
[2022-02-08 17:16:34,580] {processor.py:642} INFO - Processing file /home/airflow/.local/lib/python3.7/site-packages/airflow/example_dags/example_branch_operator.py for tasks to queue
[2022-02-08 17:16:34,589] {logging_mixin.py:109} INFO - [2022-02-08 17:16:34,588] {dagbag.py:500} INFO - Filling up the DagBag from /home/airflow/.local/lib/python3.7/site-packages/airflow/example_dags/example_branch_operator.py
[2022-02-08 17:16:35,230] {processor.py:654} INFO - DAG(s) dict_keys(['example_branch_operator']) retrieved from /home/airflow/.local/lib/python3.7/site-packages/airflow/example_dags/example_branch_operator.py
[2022-02-08 17:16:35,573] {logging_mixin.py:109} INFO - [2022-02-08 17:16:35,572] {dag.py:2396} INFO - Sync 1 DAGs
[2022-02-08 17:16:36,488] {logging_mixin.py:109} INFO - [2022-02-08 17:16:36,487] {dag.py:2935} INFO - Setting next_dagrun for example_branch_operator to 2022-02-07 00:00:00+00:00
[2022-02-08 17:16:36,895] {processor.py:171} INFO - Processing /home/airflow/.local/lib/python3.7/site-packages/airflow/example_dags/example_branch_operator.py took 2.375 seconds
[2022-02-08 17:20:32,697] {processor.py:163} INFO - Started process (PID=1629) to work on /home/airflow/.local/lib/python3.7/site-packages/airflow/example_dags/example_branch_operator.py
[2022-02-08 17:20:32,725] {processor.py:642} INFO - Processing file /home/airflow/.local/lib/python3.7/site-packages/airflow/example_dags/example_branch_operator.py for tasks to queue
[2022-02-08 17:20:32,752] {logging_mixin.py:109} INFO - [2022-02-08 17:20:32,751] {dagbag.py:500} INFO - Filling up the DagBag from /home/airflow/.local/lib/python3.7/site-packages/airflow/example_dags/example_branch_operator.py
[2022-02-08 17:20:34,554] {processor.py:654} INFO - DAG(s) dict_keys(['example_branch_operator']) retrieved from /home/airflow/.local/lib/python3.7/site-packages/airflow/example_dags/example_branch_operator.py
[2022-02-08 17:20:35,211] {logging_mixin.py:109} INFO - [2022-02-08 17:20:35,211] {dag.py:2396} INFO - Sync 1 DAGs
[2022-02-08 17:20:36,295] {logging_mixin.py:109} INFO - [2022-02-08 17:20:36,281] {dag.py:2935} INFO - Setting next_dagrun for example_branch_operator to 2022-02-07 00:00:00+00:00
[2022-02-08 17:20:36,726] {processor.py:171} INFO - Processing /home/airflow/.local/lib/python3.7/site-packages/airflow/example_dags/example_branch_operator.py took 4.084 seconds
[2022-02-08 17:22:37,114] {processor.py:163} INFO - Started process (PID=1814) to work on /home/airflow/.local/lib/python3.7/site-packages/airflow/example_dags/example_branch_operator.py
[2022-02-08 17:22:37,166] {processor.py:642} INFO - Processing file /home/airflow/.local/lib/python3.7/site-packages/airflow/example_dags/example_branch_operator.py for tasks to queue
[2022-02-08 17:22:37,188] {logging_mixin.py:109} INFO - [2022-02-08 17:22:37,188] {dagbag.py:500} INFO - Filling up the DagBag from /home/airflow/.local/lib/python3.7/site-packages/airflow/example_dags/example_branch_operator.py
[2022-02-08 17:22:38,286] {processor.py:654} INFO - DAG(s) dict_keys(['example_branch_operator']) retrieved from /home/airflow/.local/lib/python3.7/site-packages/airflow/example_dags/example_branch_operator.py
[2022-02-08 17:22:38,774] {logging_mixin.py:109} INFO - [2022-02-08 17:22:38,774] {dag.py:2396} INFO - Sync 1 DAGs
[2022-02-08 17:22:39,505] {logging_mixin.py:109} INFO - [2022-02-08 17:22:39,505] {dag.py:2935} INFO - Setting next_dagrun for example_branch_operator to 2022-02-07 00:00:00+00:00
[2022-02-08 17:22:39,851] {processor.py:171} INFO - Processing /home/airflow/.local/lib/python3.7/site-packages/airflow/example_dags/example_branch_operator.py took 2.827 seconds
[2022-02-08 17:24:56,404] {processor.py:163} INFO - Started process (PID=1939) to work on /home/airflow/.local/lib/python3.7/site-packages/airflow/example_dags/example_branch_operator.py
[2022-02-08 17:24:56,430] {processor.py:642} INFO - Processing file /home/airflow/.local/lib/python3.7/site-packages/airflow/example_dags/example_branch_operator.py for tasks to queue
[2022-02-08 17:24:56,477] {logging_mixin.py:109} INFO - [2022-02-08 17:24:56,476] {dagbag.py:500} INFO - Filling up the DagBag from /home/airflow/.local/lib/python3.7/site-packages/airflow/example_dags/example_branch_operator.py
[2022-02-08 17:24:57,494] {processor.py:654} INFO - DAG(s) dict_keys(['example_branch_operator']) retrieved from /home/airflow/.local/lib/python3.7/site-packages/airflow/example_dags/example_branch_operator.py
[2022-02-08 17:24:57,882] {logging_mixin.py:109} INFO - [2022-02-08 17:24:57,882] {dag.py:2396} INFO - Sync 1 DAGs
[2022-02-08 17:24:58,558] {logging_mixin.py:109} INFO - [2022-02-08 17:24:58,558] {dag.py:2935} INFO - Setting next_dagrun for example_branch_operator to 2022-02-07 00:00:00+00:00
[2022-02-08 17:24:58,828] {processor.py:171} INFO - Processing /home/airflow/.local/lib/python3.7/site-packages/airflow/example_dags/example_branch_operator.py took 2.441 seconds
[2022-02-08 17:59:27,543] {processor.py:163} INFO - Started process (PID=733) to work on /home/airflow/.local/lib/python3.7/site-packages/airflow/example_dags/example_branch_operator.py
[2022-02-08 17:59:27,633] {processor.py:642} INFO - Processing file /home/airflow/.local/lib/python3.7/site-packages/airflow/example_dags/example_branch_operator.py for tasks to queue
[2022-02-08 17:59:27,661] {logging_mixin.py:109} INFO - [2022-02-08 17:59:27,661] {dagbag.py:500} INFO - Filling up the DagBag from /home/airflow/.local/lib/python3.7/site-packages/airflow/example_dags/example_branch_operator.py
[2022-02-08 17:59:29,011] {processor.py:654} INFO - DAG(s) dict_keys(['example_branch_operator']) retrieved from /home/airflow/.local/lib/python3.7/site-packages/airflow/example_dags/example_branch_operator.py
[2022-02-08 17:59:29,859] {logging_mixin.py:109} INFO - [2022-02-08 17:59:29,858] {dag.py:2396} INFO - Sync 1 DAGs
[2022-02-08 17:59:31,002] {logging_mixin.py:109} INFO - [2022-02-08 17:59:31,001] {dag.py:2935} INFO - Setting next_dagrun for example_branch_operator to 2022-02-07 00:00:00+00:00
[2022-02-08 17:59:31,419] {processor.py:171} INFO - Processing /home/airflow/.local/lib/python3.7/site-packages/airflow/example_dags/example_branch_operator.py took 3.976 seconds
[2022-02-08 18:02:03,811] {processor.py:163} INFO - Started process (PID=882) to work on /home/airflow/.local/lib/python3.7/site-packages/airflow/example_dags/example_branch_operator.py
[2022-02-08 18:02:03,839] {processor.py:642} INFO - Processing file /home/airflow/.local/lib/python3.7/site-packages/airflow/example_dags/example_branch_operator.py for tasks to queue
[2022-02-08 18:02:03,883] {logging_mixin.py:109} INFO - [2022-02-08 18:02:03,883] {dagbag.py:500} INFO - Filling up the DagBag from /home/airflow/.local/lib/python3.7/site-packages/airflow/example_dags/example_branch_operator.py
[2022-02-08 18:02:05,665] {processor.py:654} INFO - DAG(s) dict_keys(['example_branch_operator']) retrieved from /home/airflow/.local/lib/python3.7/site-packages/airflow/example_dags/example_branch_operator.py
[2022-02-08 18:02:06,232] {logging_mixin.py:109} INFO - [2022-02-08 18:02:06,208] {dag.py:2396} INFO - Sync 1 DAGs
[2022-02-08 18:02:07,126] {logging_mixin.py:109} INFO - [2022-02-08 18:02:07,125] {dag.py:2935} INFO - Setting next_dagrun for example_branch_operator to 2022-02-07 00:00:00+00:00
[2022-02-08 18:02:07,560] {processor.py:171} INFO - Processing /home/airflow/.local/lib/python3.7/site-packages/airflow/example_dags/example_branch_operator.py took 3.827 seconds
