[2022-02-08 10:13:37,034] {processor.py:163} INFO - Started process (PID=630) to work on /home/airflow/.local/lib/python3.7/site-packages/airflow/example_dags/example_latest_only.py
[2022-02-08 10:13:37,037] {processor.py:642} INFO - Processing file /home/airflow/.local/lib/python3.7/site-packages/airflow/example_dags/example_latest_only.py for tasks to queue
[2022-02-08 10:13:37,039] {logging_mixin.py:109} INFO - [2022-02-08 10:13:37,039] {dagbag.py:500} INFO - Filling up the DagBag from /home/airflow/.local/lib/python3.7/site-packages/airflow/example_dags/example_latest_only.py
[2022-02-08 10:13:37,093] {processor.py:654} INFO - DAG(s) dict_keys(['latest_only']) retrieved from /home/airflow/.local/lib/python3.7/site-packages/airflow/example_dags/example_latest_only.py
[2022-02-08 10:13:46,441] {logging_mixin.py:109} INFO - [2022-02-08 10:13:46,440] {manager.py:496} INFO - Created Permission View: can read on DAG:latest_only
[2022-02-08 10:13:46,523] {logging_mixin.py:109} INFO - [2022-02-08 10:13:46,522] {manager.py:496} INFO - Created Permission View: can edit on DAG:latest_only
[2022-02-08 10:13:46,528] {logging_mixin.py:109} INFO - [2022-02-08 10:13:46,525] {dag.py:2396} INFO - Sync 1 DAGs
[2022-02-08 10:13:46,588] {logging_mixin.py:109} INFO - [2022-02-08 10:13:46,587] {dag.py:2415} INFO - Creating ORM DAG for latest_only
[2022-02-08 10:13:46,649] {logging_mixin.py:109} INFO - [2022-02-08 10:13:46,648] {dag.py:2935} INFO - Setting next_dagrun for latest_only to 2022-02-08T06:13:46.647274+00:00
[2022-02-08 10:13:46,741] {processor.py:171} INFO - Processing /home/airflow/.local/lib/python3.7/site-packages/airflow/example_dags/example_latest_only.py took 9.714 seconds
[2022-02-08 10:14:17,217] {processor.py:163} INFO - Started process (PID=747) to work on /home/airflow/.local/lib/python3.7/site-packages/airflow/example_dags/example_latest_only.py
[2022-02-08 10:14:17,221] {processor.py:642} INFO - Processing file /home/airflow/.local/lib/python3.7/site-packages/airflow/example_dags/example_latest_only.py for tasks to queue
[2022-02-08 10:14:17,224] {logging_mixin.py:109} INFO - [2022-02-08 10:14:17,224] {dagbag.py:500} INFO - Filling up the DagBag from /home/airflow/.local/lib/python3.7/site-packages/airflow/example_dags/example_latest_only.py
[2022-02-08 10:14:17,277] {processor.py:654} INFO - DAG(s) dict_keys(['latest_only']) retrieved from /home/airflow/.local/lib/python3.7/site-packages/airflow/example_dags/example_latest_only.py
[2022-02-08 10:14:17,306] {logging_mixin.py:109} INFO - [2022-02-08 10:14:17,306] {dag.py:2396} INFO - Sync 1 DAGs
[2022-02-08 10:14:17,350] {logging_mixin.py:109} INFO - [2022-02-08 10:14:17,349] {dag.py:2935} INFO - Setting next_dagrun for latest_only to 2022-02-08T06:14:17.348410+00:00
[2022-02-08 10:14:17,393] {processor.py:171} INFO - Processing /home/airflow/.local/lib/python3.7/site-packages/airflow/example_dags/example_latest_only.py took 0.185 seconds
[2022-02-08 10:14:47,863] {processor.py:163} INFO - Started process (PID=846) to work on /home/airflow/.local/lib/python3.7/site-packages/airflow/example_dags/example_latest_only.py
[2022-02-08 10:14:47,886] {processor.py:642} INFO - Processing file /home/airflow/.local/lib/python3.7/site-packages/airflow/example_dags/example_latest_only.py for tasks to queue
[2022-02-08 10:14:47,891] {logging_mixin.py:109} INFO - [2022-02-08 10:14:47,890] {dagbag.py:500} INFO - Filling up the DagBag from /home/airflow/.local/lib/python3.7/site-packages/airflow/example_dags/example_latest_only.py
[2022-02-08 10:14:47,979] {processor.py:654} INFO - DAG(s) dict_keys(['latest_only']) retrieved from /home/airflow/.local/lib/python3.7/site-packages/airflow/example_dags/example_latest_only.py
[2022-02-08 10:14:48,016] {logging_mixin.py:109} INFO - [2022-02-08 10:14:48,016] {dag.py:2396} INFO - Sync 1 DAGs
[2022-02-08 10:14:48,063] {logging_mixin.py:109} INFO - [2022-02-08 10:14:48,063] {dag.py:2935} INFO - Setting next_dagrun for latest_only to 2022-02-08T06:14:48.061952+00:00
[2022-02-08 10:14:48,106] {processor.py:171} INFO - Processing /home/airflow/.local/lib/python3.7/site-packages/airflow/example_dags/example_latest_only.py took 0.261 seconds
[2022-02-08 10:15:18,650] {processor.py:163} INFO - Started process (PID=928) to work on /home/airflow/.local/lib/python3.7/site-packages/airflow/example_dags/example_latest_only.py
[2022-02-08 10:15:18,654] {processor.py:642} INFO - Processing file /home/airflow/.local/lib/python3.7/site-packages/airflow/example_dags/example_latest_only.py for tasks to queue
[2022-02-08 10:15:18,657] {logging_mixin.py:109} INFO - [2022-02-08 10:15:18,656] {dagbag.py:500} INFO - Filling up the DagBag from /home/airflow/.local/lib/python3.7/site-packages/airflow/example_dags/example_latest_only.py
[2022-02-08 10:15:18,715] {processor.py:654} INFO - DAG(s) dict_keys(['latest_only']) retrieved from /home/airflow/.local/lib/python3.7/site-packages/airflow/example_dags/example_latest_only.py
[2022-02-08 10:15:18,748] {logging_mixin.py:109} INFO - [2022-02-08 10:15:18,747] {dag.py:2396} INFO - Sync 1 DAGs
[2022-02-08 10:15:18,799] {logging_mixin.py:109} INFO - [2022-02-08 10:15:18,798] {dag.py:2935} INFO - Setting next_dagrun for latest_only to 2022-02-08T06:15:18.797094+00:00
[2022-02-08 10:15:18,844] {processor.py:171} INFO - Processing /home/airflow/.local/lib/python3.7/site-packages/airflow/example_dags/example_latest_only.py took 0.202 seconds
[2022-02-08 10:23:57,155] {processor.py:163} INFO - Started process (PID=456) to work on /home/airflow/.local/lib/python3.7/site-packages/airflow/example_dags/example_latest_only.py
[2022-02-08 10:23:57,192] {processor.py:642} INFO - Processing file /home/airflow/.local/lib/python3.7/site-packages/airflow/example_dags/example_latest_only.py for tasks to queue
[2022-02-08 10:23:57,217] {logging_mixin.py:109} INFO - [2022-02-08 10:23:57,202] {dagbag.py:500} INFO - Filling up the DagBag from /home/airflow/.local/lib/python3.7/site-packages/airflow/example_dags/example_latest_only.py
[2022-02-08 10:23:58,479] {processor.py:654} INFO - DAG(s) dict_keys(['latest_only']) retrieved from /home/airflow/.local/lib/python3.7/site-packages/airflow/example_dags/example_latest_only.py
[2022-02-08 10:23:59,022] {logging_mixin.py:109} INFO - [2022-02-08 10:23:59,021] {dag.py:2396} INFO - Sync 1 DAGs
[2022-02-08 10:23:59,452] {logging_mixin.py:109} INFO - [2022-02-08 10:23:59,451] {dag.py:2935} INFO - Setting next_dagrun for latest_only to 2022-02-08T06:23:59.448040+00:00
[2022-02-08 10:24:00,024] {processor.py:171} INFO - Processing /home/airflow/.local/lib/python3.7/site-packages/airflow/example_dags/example_latest_only.py took 2.930 seconds
[2022-02-08 11:10:00,165] {processor.py:163} INFO - Started process (PID=634) to work on /home/airflow/.local/lib/python3.7/site-packages/airflow/example_dags/example_latest_only.py
[2022-02-08 11:10:00,220] {processor.py:642} INFO - Processing file /home/airflow/.local/lib/python3.7/site-packages/airflow/example_dags/example_latest_only.py for tasks to queue
[2022-02-08 11:10:00,275] {logging_mixin.py:109} INFO - [2022-02-08 11:10:00,274] {dagbag.py:500} INFO - Filling up the DagBag from /home/airflow/.local/lib/python3.7/site-packages/airflow/example_dags/example_latest_only.py
[2022-02-08 11:10:01,992] {processor.py:654} INFO - DAG(s) dict_keys(['latest_only']) retrieved from /home/airflow/.local/lib/python3.7/site-packages/airflow/example_dags/example_latest_only.py
[2022-02-08 11:10:03,041] {logging_mixin.py:109} INFO - [2022-02-08 11:10:03,041] {dag.py:2396} INFO - Sync 1 DAGs
[2022-02-08 11:10:04,551] {logging_mixin.py:109} INFO - [2022-02-08 11:10:04,551] {dag.py:2935} INFO - Setting next_dagrun for latest_only to 2022-02-08T07:10:04.503512+00:00
[2022-02-08 11:10:05,176] {processor.py:171} INFO - Processing /home/airflow/.local/lib/python3.7/site-packages/airflow/example_dags/example_latest_only.py took 5.183 seconds
[2022-02-08 11:21:16,202] {processor.py:163} INFO - Started process (PID=586) to work on /home/airflow/.local/lib/python3.7/site-packages/airflow/example_dags/example_latest_only.py
[2022-02-08 11:21:16,291] {processor.py:642} INFO - Processing file /home/airflow/.local/lib/python3.7/site-packages/airflow/example_dags/example_latest_only.py for tasks to queue
[2022-02-08 11:21:16,320] {logging_mixin.py:109} INFO - [2022-02-08 11:21:16,320] {dagbag.py:500} INFO - Filling up the DagBag from /home/airflow/.local/lib/python3.7/site-packages/airflow/example_dags/example_latest_only.py
[2022-02-08 11:21:17,558] {processor.py:654} INFO - DAG(s) dict_keys(['latest_only']) retrieved from /home/airflow/.local/lib/python3.7/site-packages/airflow/example_dags/example_latest_only.py
[2022-02-08 11:21:17,852] {logging_mixin.py:109} INFO - [2022-02-08 11:21:17,851] {dag.py:2396} INFO - Sync 1 DAGs
[2022-02-08 11:21:18,107] {logging_mixin.py:109} INFO - [2022-02-08 11:21:18,106] {dag.py:2935} INFO - Setting next_dagrun for latest_only to 2022-02-08T07:21:18.104477+00:00
[2022-02-08 11:21:18,324] {processor.py:171} INFO - Processing /home/airflow/.local/lib/python3.7/site-packages/airflow/example_dags/example_latest_only.py took 2.180 seconds
[2022-02-08 12:36:04,886] {processor.py:163} INFO - Started process (PID=384) to work on /home/airflow/.local/lib/python3.7/site-packages/airflow/example_dags/example_latest_only.py
[2022-02-08 12:36:04,908] {processor.py:642} INFO - Processing file /home/airflow/.local/lib/python3.7/site-packages/airflow/example_dags/example_latest_only.py for tasks to queue
[2022-02-08 12:36:04,926] {logging_mixin.py:109} INFO - [2022-02-08 12:36:04,926] {dagbag.py:500} INFO - Filling up the DagBag from /home/airflow/.local/lib/python3.7/site-packages/airflow/example_dags/example_latest_only.py
[2022-02-08 12:36:05,516] {processor.py:654} INFO - DAG(s) dict_keys(['latest_only']) retrieved from /home/airflow/.local/lib/python3.7/site-packages/airflow/example_dags/example_latest_only.py
[2022-02-08 12:36:05,899] {logging_mixin.py:109} INFO - [2022-02-08 12:36:05,898] {dag.py:2396} INFO - Sync 1 DAGs
[2022-02-08 12:36:06,561] {logging_mixin.py:109} INFO - [2022-02-08 12:36:06,560] {dag.py:2935} INFO - Setting next_dagrun for latest_only to 2022-02-08T08:36:06.491072+00:00
[2022-02-08 12:36:06,877] {processor.py:171} INFO - Processing /home/airflow/.local/lib/python3.7/site-packages/airflow/example_dags/example_latest_only.py took 2.005 seconds
[2022-02-08 12:41:11,082] {processor.py:163} INFO - Started process (PID=630) to work on /home/airflow/.local/lib/python3.7/site-packages/airflow/example_dags/example_latest_only.py
[2022-02-08 12:41:11,102] {processor.py:642} INFO - Processing file /home/airflow/.local/lib/python3.7/site-packages/airflow/example_dags/example_latest_only.py for tasks to queue
[2022-02-08 12:41:11,113] {logging_mixin.py:109} INFO - [2022-02-08 12:41:11,112] {dagbag.py:500} INFO - Filling up the DagBag from /home/airflow/.local/lib/python3.7/site-packages/airflow/example_dags/example_latest_only.py
[2022-02-08 12:41:11,833] {processor.py:654} INFO - DAG(s) dict_keys(['latest_only']) retrieved from /home/airflow/.local/lib/python3.7/site-packages/airflow/example_dags/example_latest_only.py
[2022-02-08 12:41:12,264] {logging_mixin.py:109} INFO - [2022-02-08 12:41:12,262] {dag.py:2396} INFO - Sync 1 DAGs
[2022-02-08 12:41:13,026] {logging_mixin.py:109} INFO - [2022-02-08 12:41:13,025] {dag.py:2935} INFO - Setting next_dagrun for latest_only to 2022-02-08T08:41:12.979152+00:00
[2022-02-08 12:41:13,442] {processor.py:171} INFO - Processing /home/airflow/.local/lib/python3.7/site-packages/airflow/example_dags/example_latest_only.py took 2.378 seconds
[2022-02-08 12:43:53,326] {processor.py:163} INFO - Started process (PID=807) to work on /home/airflow/.local/lib/python3.7/site-packages/airflow/example_dags/example_latest_only.py
[2022-02-08 12:43:53,427] {processor.py:642} INFO - Processing file /home/airflow/.local/lib/python3.7/site-packages/airflow/example_dags/example_latest_only.py for tasks to queue
[2022-02-08 12:43:53,484] {logging_mixin.py:109} INFO - [2022-02-08 12:43:53,483] {dagbag.py:500} INFO - Filling up the DagBag from /home/airflow/.local/lib/python3.7/site-packages/airflow/example_dags/example_latest_only.py
[2022-02-08 12:43:54,494] {processor.py:654} INFO - DAG(s) dict_keys(['latest_only']) retrieved from /home/airflow/.local/lib/python3.7/site-packages/airflow/example_dags/example_latest_only.py
[2022-02-08 12:43:55,241] {logging_mixin.py:109} INFO - [2022-02-08 12:43:55,240] {dag.py:2396} INFO - Sync 1 DAGs
[2022-02-08 12:43:56,031] {logging_mixin.py:109} INFO - [2022-02-08 12:43:56,027] {dag.py:2935} INFO - Setting next_dagrun for latest_only to 2022-02-08T08:43:55.980575+00:00
[2022-02-08 12:43:56,374] {processor.py:171} INFO - Processing /home/airflow/.local/lib/python3.7/site-packages/airflow/example_dags/example_latest_only.py took 3.168 seconds
[2022-02-08 12:46:35,286] {processor.py:163} INFO - Started process (PID=1018) to work on /home/airflow/.local/lib/python3.7/site-packages/airflow/example_dags/example_latest_only.py
[2022-02-08 12:46:35,341] {processor.py:642} INFO - Processing file /home/airflow/.local/lib/python3.7/site-packages/airflow/example_dags/example_latest_only.py for tasks to queue
[2022-02-08 12:46:35,381] {logging_mixin.py:109} INFO - [2022-02-08 12:46:35,381] {dagbag.py:500} INFO - Filling up the DagBag from /home/airflow/.local/lib/python3.7/site-packages/airflow/example_dags/example_latest_only.py
[2022-02-08 12:46:36,341] {processor.py:654} INFO - DAG(s) dict_keys(['latest_only']) retrieved from /home/airflow/.local/lib/python3.7/site-packages/airflow/example_dags/example_latest_only.py
[2022-02-08 12:46:36,893] {logging_mixin.py:109} INFO - [2022-02-08 12:46:36,893] {dag.py:2396} INFO - Sync 1 DAGs
[2022-02-08 12:46:37,666] {logging_mixin.py:109} INFO - [2022-02-08 12:46:37,666] {dag.py:2935} INFO - Setting next_dagrun for latest_only to 2022-02-08T08:46:37.643959+00:00
[2022-02-08 12:46:38,225] {processor.py:171} INFO - Processing /home/airflow/.local/lib/python3.7/site-packages/airflow/example_dags/example_latest_only.py took 3.034 seconds
[2022-02-08 16:13:26,615] {processor.py:163} INFO - Started process (PID=388) to work on /home/airflow/.local/lib/python3.7/site-packages/airflow/example_dags/example_latest_only.py
[2022-02-08 16:13:26,644] {processor.py:642} INFO - Processing file /home/airflow/.local/lib/python3.7/site-packages/airflow/example_dags/example_latest_only.py for tasks to queue
[2022-02-08 16:13:26,661] {logging_mixin.py:109} INFO - [2022-02-08 16:13:26,661] {dagbag.py:500} INFO - Filling up the DagBag from /home/airflow/.local/lib/python3.7/site-packages/airflow/example_dags/example_latest_only.py
[2022-02-08 16:13:27,157] {processor.py:654} INFO - DAG(s) dict_keys(['latest_only']) retrieved from /home/airflow/.local/lib/python3.7/site-packages/airflow/example_dags/example_latest_only.py
[2022-02-08 16:13:27,619] {logging_mixin.py:109} INFO - [2022-02-08 16:13:27,619] {dag.py:2396} INFO - Sync 1 DAGs
[2022-02-08 16:13:28,101] {logging_mixin.py:109} INFO - [2022-02-08 16:13:28,101] {dag.py:2935} INFO - Setting next_dagrun for latest_only to 2022-02-08T12:13:28.099772+00:00
[2022-02-08 16:13:28,383] {processor.py:171} INFO - Processing /home/airflow/.local/lib/python3.7/site-packages/airflow/example_dags/example_latest_only.py took 1.805 seconds
[2022-02-08 16:33:44,127] {processor.py:163} INFO - Started process (PID=672) to work on /home/airflow/.local/lib/python3.7/site-packages/airflow/example_dags/example_latest_only.py
[2022-02-08 16:33:44,143] {processor.py:642} INFO - Processing file /home/airflow/.local/lib/python3.7/site-packages/airflow/example_dags/example_latest_only.py for tasks to queue
[2022-02-08 16:33:44,224] {logging_mixin.py:109} INFO - [2022-02-08 16:33:44,204] {dagbag.py:500} INFO - Filling up the DagBag from /home/airflow/.local/lib/python3.7/site-packages/airflow/example_dags/example_latest_only.py
[2022-02-08 16:33:45,270] {processor.py:654} INFO - DAG(s) dict_keys(['latest_only']) retrieved from /home/airflow/.local/lib/python3.7/site-packages/airflow/example_dags/example_latest_only.py
[2022-02-08 16:33:45,933] {logging_mixin.py:109} INFO - [2022-02-08 16:33:45,922] {dag.py:2396} INFO - Sync 1 DAGs
[2022-02-08 16:33:46,454] {logging_mixin.py:109} INFO - [2022-02-08 16:33:46,454] {dag.py:2935} INFO - Setting next_dagrun for latest_only to 2022-02-08T12:33:46.452719+00:00
[2022-02-08 16:33:46,635] {processor.py:171} INFO - Processing /home/airflow/.local/lib/python3.7/site-packages/airflow/example_dags/example_latest_only.py took 2.685 seconds
[2022-02-08 16:37:00,532] {processor.py:163} INFO - Started process (PID=851) to work on /home/airflow/.local/lib/python3.7/site-packages/airflow/example_dags/example_latest_only.py
[2022-02-08 16:37:00,579] {processor.py:642} INFO - Processing file /home/airflow/.local/lib/python3.7/site-packages/airflow/example_dags/example_latest_only.py for tasks to queue
[2022-02-08 16:37:00,616] {logging_mixin.py:109} INFO - [2022-02-08 16:37:00,616] {dagbag.py:500} INFO - Filling up the DagBag from /home/airflow/.local/lib/python3.7/site-packages/airflow/example_dags/example_latest_only.py
[2022-02-08 16:37:02,169] {processor.py:654} INFO - DAG(s) dict_keys(['latest_only']) retrieved from /home/airflow/.local/lib/python3.7/site-packages/airflow/example_dags/example_latest_only.py
[2022-02-08 16:37:03,283] {logging_mixin.py:109} INFO - [2022-02-08 16:37:03,270] {dag.py:2396} INFO - Sync 1 DAGs
[2022-02-08 16:37:05,469] {logging_mixin.py:109} INFO - [2022-02-08 16:37:05,468] {dag.py:2935} INFO - Setting next_dagrun for latest_only to 2022-02-08T12:37:05.175152+00:00
[2022-02-08 16:37:58,134] {processor.py:171} INFO - Processing /home/airflow/.local/lib/python3.7/site-packages/airflow/example_dags/example_latest_only.py took 57.712 seconds
[2022-02-08 16:39:30,654] {processor.py:163} INFO - Started process (PID=1001) to work on /home/airflow/.local/lib/python3.7/site-packages/airflow/example_dags/example_latest_only.py
[2022-02-08 16:39:30,688] {processor.py:642} INFO - Processing file /home/airflow/.local/lib/python3.7/site-packages/airflow/example_dags/example_latest_only.py for tasks to queue
[2022-02-08 16:39:30,697] {logging_mixin.py:109} INFO - [2022-02-08 16:39:30,696] {dagbag.py:500} INFO - Filling up the DagBag from /home/airflow/.local/lib/python3.7/site-packages/airflow/example_dags/example_latest_only.py
[2022-02-08 16:39:31,898] {processor.py:654} INFO - DAG(s) dict_keys(['latest_only']) retrieved from /home/airflow/.local/lib/python3.7/site-packages/airflow/example_dags/example_latest_only.py
[2022-02-08 16:39:32,546] {logging_mixin.py:109} INFO - [2022-02-08 16:39:32,546] {dag.py:2396} INFO - Sync 1 DAGs
[2022-02-08 16:39:33,427] {logging_mixin.py:109} INFO - [2022-02-08 16:39:33,426] {dag.py:2935} INFO - Setting next_dagrun for latest_only to 2022-02-08T12:39:33.392373+00:00
[2022-02-08 16:39:33,785] {processor.py:171} INFO - Processing /home/airflow/.local/lib/python3.7/site-packages/airflow/example_dags/example_latest_only.py took 3.202 seconds
[2022-02-08 17:14:12,777] {processor.py:163} INFO - Started process (PID=1176) to work on /home/airflow/.local/lib/python3.7/site-packages/airflow/example_dags/example_latest_only.py
[2022-02-08 17:14:12,788] {processor.py:642} INFO - Processing file /home/airflow/.local/lib/python3.7/site-packages/airflow/example_dags/example_latest_only.py for tasks to queue
[2022-02-08 17:14:12,801] {logging_mixin.py:109} INFO - [2022-02-08 17:14:12,800] {dagbag.py:500} INFO - Filling up the DagBag from /home/airflow/.local/lib/python3.7/site-packages/airflow/example_dags/example_latest_only.py
[2022-02-08 17:14:14,468] {processor.py:654} INFO - DAG(s) dict_keys(['latest_only']) retrieved from /home/airflow/.local/lib/python3.7/site-packages/airflow/example_dags/example_latest_only.py
[2022-02-08 17:14:23,982] {logging_mixin.py:109} INFO - [2022-02-08 17:14:23,980] {dag.py:2396} INFO - Sync 1 DAGs
[2022-02-08 17:14:25,097] {logging_mixin.py:109} INFO - [2022-02-08 17:14:25,049] {dag.py:2935} INFO - Setting next_dagrun for latest_only to 2022-02-08T13:14:24.912726+00:00
[2022-02-08 17:14:25,449] {processor.py:171} INFO - Processing /home/airflow/.local/lib/python3.7/site-packages/airflow/example_dags/example_latest_only.py took 12.732 seconds
[2022-02-08 17:16:43,078] {processor.py:163} INFO - Started process (PID=1381) to work on /home/airflow/.local/lib/python3.7/site-packages/airflow/example_dags/example_latest_only.py
[2022-02-08 17:16:43,123] {processor.py:642} INFO - Processing file /home/airflow/.local/lib/python3.7/site-packages/airflow/example_dags/example_latest_only.py for tasks to queue
[2022-02-08 17:16:43,153] {logging_mixin.py:109} INFO - [2022-02-08 17:16:43,153] {dagbag.py:500} INFO - Filling up the DagBag from /home/airflow/.local/lib/python3.7/site-packages/airflow/example_dags/example_latest_only.py
[2022-02-08 17:16:44,004] {processor.py:654} INFO - DAG(s) dict_keys(['latest_only']) retrieved from /home/airflow/.local/lib/python3.7/site-packages/airflow/example_dags/example_latest_only.py
[2022-02-08 17:16:44,503] {logging_mixin.py:109} INFO - [2022-02-08 17:16:44,502] {dag.py:2396} INFO - Sync 1 DAGs
[2022-02-08 17:16:45,276] {logging_mixin.py:109} INFO - [2022-02-08 17:16:45,275] {dag.py:2935} INFO - Setting next_dagrun for latest_only to 2022-02-08T13:16:45.235089+00:00
[2022-02-08 17:16:45,654] {processor.py:171} INFO - Processing /home/airflow/.local/lib/python3.7/site-packages/airflow/example_dags/example_latest_only.py took 2.638 seconds
[2022-02-08 17:20:37,592] {processor.py:163} INFO - Started process (PID=1635) to work on /home/airflow/.local/lib/python3.7/site-packages/airflow/example_dags/example_latest_only.py
[2022-02-08 17:20:37,616] {processor.py:642} INFO - Processing file /home/airflow/.local/lib/python3.7/site-packages/airflow/example_dags/example_latest_only.py for tasks to queue
[2022-02-08 17:20:37,656] {logging_mixin.py:109} INFO - [2022-02-08 17:20:37,656] {dagbag.py:500} INFO - Filling up the DagBag from /home/airflow/.local/lib/python3.7/site-packages/airflow/example_dags/example_latest_only.py
[2022-02-08 17:20:38,513] {processor.py:654} INFO - DAG(s) dict_keys(['latest_only']) retrieved from /home/airflow/.local/lib/python3.7/site-packages/airflow/example_dags/example_latest_only.py
[2022-02-08 17:20:39,023] {logging_mixin.py:109} INFO - [2022-02-08 17:20:39,023] {dag.py:2396} INFO - Sync 1 DAGs
[2022-02-08 17:20:39,796] {logging_mixin.py:109} INFO - [2022-02-08 17:20:39,795] {dag.py:2935} INFO - Setting next_dagrun for latest_only to 2022-02-08T13:20:39.767611+00:00
[2022-02-08 17:20:40,229] {processor.py:171} INFO - Processing /home/airflow/.local/lib/python3.7/site-packages/airflow/example_dags/example_latest_only.py took 2.721 seconds
[2022-02-08 17:22:42,181] {processor.py:163} INFO - Started process (PID=1820) to work on /home/airflow/.local/lib/python3.7/site-packages/airflow/example_dags/example_latest_only.py
[2022-02-08 17:22:42,207] {processor.py:642} INFO - Processing file /home/airflow/.local/lib/python3.7/site-packages/airflow/example_dags/example_latest_only.py for tasks to queue
[2022-02-08 17:22:42,227] {logging_mixin.py:109} INFO - [2022-02-08 17:22:42,227] {dagbag.py:500} INFO - Filling up the DagBag from /home/airflow/.local/lib/python3.7/site-packages/airflow/example_dags/example_latest_only.py
[2022-02-08 17:22:42,987] {processor.py:654} INFO - DAG(s) dict_keys(['latest_only']) retrieved from /home/airflow/.local/lib/python3.7/site-packages/airflow/example_dags/example_latest_only.py
[2022-02-08 17:22:43,440] {logging_mixin.py:109} INFO - [2022-02-08 17:22:43,439] {dag.py:2396} INFO - Sync 1 DAGs
[2022-02-08 17:22:44,280] {logging_mixin.py:109} INFO - [2022-02-08 17:22:44,280] {dag.py:2935} INFO - Setting next_dagrun for latest_only to 2022-02-08T13:22:44.230411+00:00
[2022-02-08 17:22:44,685] {processor.py:171} INFO - Processing /home/airflow/.local/lib/python3.7/site-packages/airflow/example_dags/example_latest_only.py took 2.532 seconds
[2022-02-08 17:24:59,283] {processor.py:163} INFO - Started process (PID=1945) to work on /home/airflow/.local/lib/python3.7/site-packages/airflow/example_dags/example_latest_only.py
[2022-02-08 17:24:59,296] {processor.py:642} INFO - Processing file /home/airflow/.local/lib/python3.7/site-packages/airflow/example_dags/example_latest_only.py for tasks to queue
[2022-02-08 17:24:59,311] {logging_mixin.py:109} INFO - [2022-02-08 17:24:59,311] {dagbag.py:500} INFO - Filling up the DagBag from /home/airflow/.local/lib/python3.7/site-packages/airflow/example_dags/example_latest_only.py
[2022-02-08 17:24:59,861] {processor.py:654} INFO - DAG(s) dict_keys(['latest_only']) retrieved from /home/airflow/.local/lib/python3.7/site-packages/airflow/example_dags/example_latest_only.py
[2022-02-08 17:25:00,084] {logging_mixin.py:109} INFO - [2022-02-08 17:25:00,083] {dag.py:2396} INFO - Sync 1 DAGs
[2022-02-08 17:25:00,416] {logging_mixin.py:109} INFO - [2022-02-08 17:25:00,416] {dag.py:2935} INFO - Setting next_dagrun for latest_only to 2022-02-08T13:25:00.390479+00:00
[2022-02-08 17:25:00,704] {processor.py:171} INFO - Processing /home/airflow/.local/lib/python3.7/site-packages/airflow/example_dags/example_latest_only.py took 1.462 seconds
[2022-02-08 17:59:33,308] {processor.py:163} INFO - Started process (PID=739) to work on /home/airflow/.local/lib/python3.7/site-packages/airflow/example_dags/example_latest_only.py
[2022-02-08 17:59:33,406] {processor.py:642} INFO - Processing file /home/airflow/.local/lib/python3.7/site-packages/airflow/example_dags/example_latest_only.py for tasks to queue
[2022-02-08 17:59:33,418] {logging_mixin.py:109} INFO - [2022-02-08 17:59:33,418] {dagbag.py:500} INFO - Filling up the DagBag from /home/airflow/.local/lib/python3.7/site-packages/airflow/example_dags/example_latest_only.py
[2022-02-08 17:59:34,654] {processor.py:654} INFO - DAG(s) dict_keys(['latest_only']) retrieved from /home/airflow/.local/lib/python3.7/site-packages/airflow/example_dags/example_latest_only.py
[2022-02-08 17:59:35,133] {logging_mixin.py:109} INFO - [2022-02-08 17:59:35,094] {dag.py:2396} INFO - Sync 1 DAGs
[2022-02-08 18:00:00,053] {logging_mixin.py:109} INFO - [2022-02-08 18:00:00,032] {dag.py:2935} INFO - Setting next_dagrun for latest_only to 2022-02-08T13:59:59.813302+00:00
[2022-02-08 18:02:23,641] {processor.py:163} INFO - Started process (PID=899) to work on /home/airflow/.local/lib/python3.7/site-packages/airflow/example_dags/example_latest_only.py
[2022-02-08 18:02:23,760] {processor.py:642} INFO - Processing file /home/airflow/.local/lib/python3.7/site-packages/airflow/example_dags/example_latest_only.py for tasks to queue
[2022-02-08 18:02:24,010] {logging_mixin.py:109} INFO - [2022-02-08 18:02:24,009] {dagbag.py:500} INFO - Filling up the DagBag from /home/airflow/.local/lib/python3.7/site-packages/airflow/example_dags/example_latest_only.py
[2022-02-08 18:02:24,660] {processor.py:654} INFO - DAG(s) dict_keys(['latest_only']) retrieved from /home/airflow/.local/lib/python3.7/site-packages/airflow/example_dags/example_latest_only.py
[2022-02-08 18:02:25,534] {logging_mixin.py:109} INFO - [2022-02-08 18:02:25,533] {dag.py:2396} INFO - Sync 1 DAGs
[2022-02-08 18:02:26,445] {logging_mixin.py:109} INFO - [2022-02-08 18:02:26,444] {dag.py:2935} INFO - Setting next_dagrun for latest_only to 2022-02-08T14:02:26.316219+00:00
[2022-02-08 18:02:26,808] {processor.py:171} INFO - Processing /home/airflow/.local/lib/python3.7/site-packages/airflow/example_dags/example_latest_only.py took 3.210 seconds
