[2022-02-08 10:12:16,874] {processor.py:163} INFO - Started process (PID=476) to work on /home/airflow/.local/lib/python3.7/site-packages/airflow/example_dags/example_complex.py
[2022-02-08 10:12:16,878] {processor.py:642} INFO - Processing file /home/airflow/.local/lib/python3.7/site-packages/airflow/example_dags/example_complex.py for tasks to queue
[2022-02-08 10:12:16,880] {logging_mixin.py:109} INFO - [2022-02-08 10:12:16,880] {dagbag.py:500} INFO - Filling up the DagBag from /home/airflow/.local/lib/python3.7/site-packages/airflow/example_dags/example_complex.py
[2022-02-08 10:12:16,985] {processor.py:654} INFO - DAG(s) dict_keys(['example_complex']) retrieved from /home/airflow/.local/lib/python3.7/site-packages/airflow/example_dags/example_complex.py
[2022-02-08 10:12:31,684] {logging_mixin.py:109} INFO - [2022-02-08 10:12:31,684] {manager.py:496} INFO - Created Permission View: can read on DAG:example_complex
[2022-02-08 10:12:31,755] {logging_mixin.py:109} INFO - [2022-02-08 10:12:31,755] {manager.py:496} INFO - Created Permission View: can edit on DAG:example_complex
[2022-02-08 10:12:31,758] {logging_mixin.py:109} INFO - [2022-02-08 10:12:31,757] {dag.py:2396} INFO - Sync 1 DAGs
[2022-02-08 10:12:31,852] {logging_mixin.py:109} INFO - [2022-02-08 10:12:31,835] {dag.py:2415} INFO - Creating ORM DAG for example_complex
[2022-02-08 10:12:31,904] {logging_mixin.py:109} INFO - [2022-02-08 10:12:31,904] {dag.py:2935} INFO - Setting next_dagrun for example_complex to None
[2022-02-08 10:12:32,039] {processor.py:171} INFO - Processing /home/airflow/.local/lib/python3.7/site-packages/airflow/example_dags/example_complex.py took 15.170 seconds
[2022-02-08 10:14:05,915] {processor.py:163} INFO - Started process (PID=721) to work on /home/airflow/.local/lib/python3.7/site-packages/airflow/example_dags/example_complex.py
[2022-02-08 10:14:05,930] {processor.py:642} INFO - Processing file /home/airflow/.local/lib/python3.7/site-packages/airflow/example_dags/example_complex.py for tasks to queue
[2022-02-08 10:14:05,932] {logging_mixin.py:109} INFO - [2022-02-08 10:14:05,932] {dagbag.py:500} INFO - Filling up the DagBag from /home/airflow/.local/lib/python3.7/site-packages/airflow/example_dags/example_complex.py
[2022-02-08 10:14:06,219] {processor.py:654} INFO - DAG(s) dict_keys(['example_complex']) retrieved from /home/airflow/.local/lib/python3.7/site-packages/airflow/example_dags/example_complex.py
[2022-02-08 10:14:06,431] {logging_mixin.py:109} INFO - [2022-02-08 10:14:06,431] {dag.py:2396} INFO - Sync 1 DAGs
[2022-02-08 10:14:06,507] {logging_mixin.py:109} INFO - [2022-02-08 10:14:06,507] {dag.py:2935} INFO - Setting next_dagrun for example_complex to None
[2022-02-08 10:14:06,551] {processor.py:171} INFO - Processing /home/airflow/.local/lib/python3.7/site-packages/airflow/example_dags/example_complex.py took 0.647 seconds
[2022-02-08 10:14:37,136] {processor.py:163} INFO - Started process (PID=801) to work on /home/airflow/.local/lib/python3.7/site-packages/airflow/example_dags/example_complex.py
[2022-02-08 10:14:37,143] {processor.py:642} INFO - Processing file /home/airflow/.local/lib/python3.7/site-packages/airflow/example_dags/example_complex.py for tasks to queue
[2022-02-08 10:14:37,145] {logging_mixin.py:109} INFO - [2022-02-08 10:14:37,145] {dagbag.py:500} INFO - Filling up the DagBag from /home/airflow/.local/lib/python3.7/site-packages/airflow/example_dags/example_complex.py
[2022-02-08 10:14:37,247] {processor.py:654} INFO - DAG(s) dict_keys(['example_complex']) retrieved from /home/airflow/.local/lib/python3.7/site-packages/airflow/example_dags/example_complex.py
[2022-02-08 10:14:37,314] {logging_mixin.py:109} INFO - [2022-02-08 10:14:37,314] {dag.py:2396} INFO - Sync 1 DAGs
[2022-02-08 10:14:37,359] {logging_mixin.py:109} INFO - [2022-02-08 10:14:37,359] {dag.py:2935} INFO - Setting next_dagrun for example_complex to None
[2022-02-08 10:14:37,400] {processor.py:171} INFO - Processing /home/airflow/.local/lib/python3.7/site-packages/airflow/example_dags/example_complex.py took 0.270 seconds
[2022-02-08 10:15:07,530] {processor.py:163} INFO - Started process (PID=900) to work on /home/airflow/.local/lib/python3.7/site-packages/airflow/example_dags/example_complex.py
[2022-02-08 10:15:07,534] {processor.py:642} INFO - Processing file /home/airflow/.local/lib/python3.7/site-packages/airflow/example_dags/example_complex.py for tasks to queue
[2022-02-08 10:15:07,541] {logging_mixin.py:109} INFO - [2022-02-08 10:15:07,540] {dagbag.py:500} INFO - Filling up the DagBag from /home/airflow/.local/lib/python3.7/site-packages/airflow/example_dags/example_complex.py
[2022-02-08 10:15:07,655] {processor.py:654} INFO - DAG(s) dict_keys(['example_complex']) retrieved from /home/airflow/.local/lib/python3.7/site-packages/airflow/example_dags/example_complex.py
[2022-02-08 10:15:07,764] {logging_mixin.py:109} INFO - [2022-02-08 10:15:07,763] {dag.py:2396} INFO - Sync 1 DAGs
[2022-02-08 10:15:07,901] {logging_mixin.py:109} INFO - [2022-02-08 10:15:07,901] {dag.py:2935} INFO - Setting next_dagrun for example_complex to None
[2022-02-08 10:15:07,959] {processor.py:171} INFO - Processing /home/airflow/.local/lib/python3.7/site-packages/airflow/example_dags/example_complex.py took 0.435 seconds
[2022-02-08 10:21:17,294] {processor.py:163} INFO - Started process (PID=327) to work on /home/airflow/.local/lib/python3.7/site-packages/airflow/example_dags/example_complex.py
[2022-02-08 10:21:17,322] {processor.py:642} INFO - Processing file /home/airflow/.local/lib/python3.7/site-packages/airflow/example_dags/example_complex.py for tasks to queue
[2022-02-08 10:21:17,348] {logging_mixin.py:109} INFO - [2022-02-08 10:21:17,347] {dagbag.py:500} INFO - Filling up the DagBag from /home/airflow/.local/lib/python3.7/site-packages/airflow/example_dags/example_complex.py
[2022-02-08 10:21:18,852] {processor.py:654} INFO - DAG(s) dict_keys(['example_complex']) retrieved from /home/airflow/.local/lib/python3.7/site-packages/airflow/example_dags/example_complex.py
[2022-02-08 10:21:19,780] {logging_mixin.py:109} INFO - [2022-02-08 10:21:19,772] {dag.py:2396} INFO - Sync 1 DAGs
[2022-02-08 10:21:21,358] {logging_mixin.py:109} INFO - [2022-02-08 10:21:21,345] {dag.py:2935} INFO - Setting next_dagrun for example_complex to None
[2022-02-08 10:21:24,372] {processor.py:171} INFO - Processing /home/airflow/.local/lib/python3.7/site-packages/airflow/example_dags/example_complex.py took 7.070 seconds
[2022-02-08 10:23:15,336] {processor.py:163} INFO - Started process (PID=394) to work on /home/airflow/.local/lib/python3.7/site-packages/airflow/example_dags/example_complex.py
[2022-02-08 10:23:15,358] {processor.py:642} INFO - Processing file /home/airflow/.local/lib/python3.7/site-packages/airflow/example_dags/example_complex.py for tasks to queue
[2022-02-08 10:23:15,377] {logging_mixin.py:109} INFO - [2022-02-08 10:23:15,377] {dagbag.py:500} INFO - Filling up the DagBag from /home/airflow/.local/lib/python3.7/site-packages/airflow/example_dags/example_complex.py
[2022-02-08 10:23:16,755] {processor.py:654} INFO - DAG(s) dict_keys(['example_complex']) retrieved from /home/airflow/.local/lib/python3.7/site-packages/airflow/example_dags/example_complex.py
[2022-02-08 10:23:17,421] {logging_mixin.py:109} INFO - [2022-02-08 10:23:17,420] {dag.py:2396} INFO - Sync 1 DAGs
[2022-02-08 10:23:18,025] {logging_mixin.py:109} INFO - [2022-02-08 10:23:18,023] {dag.py:2935} INFO - Setting next_dagrun for example_complex to None
[2022-02-08 10:23:18,335] {processor.py:171} INFO - Processing /home/airflow/.local/lib/python3.7/site-packages/airflow/example_dags/example_complex.py took 3.047 seconds
[2022-02-08 10:25:15,547] {processor.py:163} INFO - Started process (PID=563) to work on /home/airflow/.local/lib/python3.7/site-packages/airflow/example_dags/example_complex.py
[2022-02-08 10:25:15,721] {processor.py:642} INFO - Processing file /home/airflow/.local/lib/python3.7/site-packages/airflow/example_dags/example_complex.py for tasks to queue
[2022-02-08 10:25:15,788] {logging_mixin.py:109} INFO - [2022-02-08 10:25:15,778] {dagbag.py:500} INFO - Filling up the DagBag from /home/airflow/.local/lib/python3.7/site-packages/airflow/example_dags/example_complex.py
[2022-02-08 10:25:18,103] {processor.py:654} INFO - DAG(s) dict_keys(['example_complex']) retrieved from /home/airflow/.local/lib/python3.7/site-packages/airflow/example_dags/example_complex.py
[2022-02-08 10:25:19,753] {logging_mixin.py:109} INFO - [2022-02-08 10:25:19,752] {dag.py:2396} INFO - Sync 1 DAGs
[2022-02-08 10:25:21,056] {logging_mixin.py:109} INFO - [2022-02-08 10:25:21,005] {dag.py:2935} INFO - Setting next_dagrun for example_complex to None
[2022-02-08 10:25:22,192] {processor.py:171} INFO - Processing /home/airflow/.local/lib/python3.7/site-packages/airflow/example_dags/example_complex.py took 6.810 seconds
[2022-02-08 10:27:18,722] {processor.py:163} INFO - Started process (PID=699) to work on /home/airflow/.local/lib/python3.7/site-packages/airflow/example_dags/example_complex.py
[2022-02-08 10:27:18,823] {processor.py:642} INFO - Processing file /home/airflow/.local/lib/python3.7/site-packages/airflow/example_dags/example_complex.py for tasks to queue
[2022-02-08 10:27:18,904] {logging_mixin.py:109} INFO - [2022-02-08 10:27:18,903] {dagbag.py:500} INFO - Filling up the DagBag from /home/airflow/.local/lib/python3.7/site-packages/airflow/example_dags/example_complex.py
[2022-02-08 10:27:22,093] {processor.py:654} INFO - DAG(s) dict_keys(['example_complex']) retrieved from /home/airflow/.local/lib/python3.7/site-packages/airflow/example_dags/example_complex.py
[2022-02-08 10:27:24,327] {logging_mixin.py:109} INFO - [2022-02-08 10:27:24,326] {dag.py:2396} INFO - Sync 1 DAGs
[2022-02-08 10:27:25,413] {logging_mixin.py:109} INFO - [2022-02-08 10:27:25,412] {dag.py:2935} INFO - Setting next_dagrun for example_complex to None
[2022-02-08 10:27:25,727] {processor.py:171} INFO - Processing /home/airflow/.local/lib/python3.7/site-packages/airflow/example_dags/example_complex.py took 7.215 seconds
[2022-02-08 11:05:53,404] {processor.py:163} INFO - Started process (PID=373) to work on /home/airflow/.local/lib/python3.7/site-packages/airflow/example_dags/example_complex.py
[2022-02-08 11:05:53,415] {processor.py:642} INFO - Processing file /home/airflow/.local/lib/python3.7/site-packages/airflow/example_dags/example_complex.py for tasks to queue
[2022-02-08 11:05:53,441] {logging_mixin.py:109} INFO - [2022-02-08 11:05:53,440] {dagbag.py:500} INFO - Filling up the DagBag from /home/airflow/.local/lib/python3.7/site-packages/airflow/example_dags/example_complex.py
[2022-02-08 11:05:54,371] {processor.py:654} INFO - DAG(s) dict_keys(['example_complex']) retrieved from /home/airflow/.local/lib/python3.7/site-packages/airflow/example_dags/example_complex.py
[2022-02-08 11:05:55,215] {logging_mixin.py:109} INFO - [2022-02-08 11:05:55,195] {dag.py:2396} INFO - Sync 1 DAGs
[2022-02-08 11:05:55,592] {logging_mixin.py:109} INFO - [2022-02-08 11:05:55,591] {dag.py:2935} INFO - Setting next_dagrun for example_complex to None
[2022-02-08 11:05:55,828] {processor.py:171} INFO - Processing /home/airflow/.local/lib/python3.7/site-packages/airflow/example_dags/example_complex.py took 2.488 seconds
[2022-02-08 11:08:57,807] {processor.py:163} INFO - Started process (PID=552) to work on /home/airflow/.local/lib/python3.7/site-packages/airflow/example_dags/example_complex.py
[2022-02-08 11:08:57,833] {processor.py:642} INFO - Processing file /home/airflow/.local/lib/python3.7/site-packages/airflow/example_dags/example_complex.py for tasks to queue
[2022-02-08 11:08:57,879] {logging_mixin.py:109} INFO - [2022-02-08 11:08:57,878] {dagbag.py:500} INFO - Filling up the DagBag from /home/airflow/.local/lib/python3.7/site-packages/airflow/example_dags/example_complex.py
[2022-02-08 11:09:00,740] {processor.py:654} INFO - DAG(s) dict_keys(['example_complex']) retrieved from /home/airflow/.local/lib/python3.7/site-packages/airflow/example_dags/example_complex.py
[2022-02-08 11:09:02,253] {logging_mixin.py:109} INFO - [2022-02-08 11:09:02,253] {dag.py:2396} INFO - Sync 1 DAGs
[2022-02-08 11:09:02,825] {logging_mixin.py:109} INFO - [2022-02-08 11:09:02,825] {dag.py:2935} INFO - Setting next_dagrun for example_complex to None
[2022-02-08 11:09:03,312] {processor.py:171} INFO - Processing /home/airflow/.local/lib/python3.7/site-packages/airflow/example_dags/example_complex.py took 5.633 seconds
[2022-02-08 11:20:08,376] {processor.py:163} INFO - Started process (PID=499) to work on /home/airflow/.local/lib/python3.7/site-packages/airflow/example_dags/example_complex.py
[2022-02-08 11:20:08,416] {processor.py:642} INFO - Processing file /home/airflow/.local/lib/python3.7/site-packages/airflow/example_dags/example_complex.py for tasks to queue
[2022-02-08 11:20:08,438] {logging_mixin.py:109} INFO - [2022-02-08 11:20:08,437] {dagbag.py:500} INFO - Filling up the DagBag from /home/airflow/.local/lib/python3.7/site-packages/airflow/example_dags/example_complex.py
[2022-02-08 11:20:10,501] {processor.py:654} INFO - DAG(s) dict_keys(['example_complex']) retrieved from /home/airflow/.local/lib/python3.7/site-packages/airflow/example_dags/example_complex.py
[2022-02-08 11:20:11,111] {logging_mixin.py:109} INFO - [2022-02-08 11:20:11,110] {dag.py:2396} INFO - Sync 1 DAGs
[2022-02-08 11:20:12,251] {logging_mixin.py:109} INFO - [2022-02-08 11:20:12,250] {dag.py:2935} INFO - Setting next_dagrun for example_complex to None
[2022-02-08 11:20:12,826] {processor.py:171} INFO - Processing /home/airflow/.local/lib/python3.7/site-packages/airflow/example_dags/example_complex.py took 4.530 seconds
[2022-02-08 12:35:43,438] {processor.py:163} INFO - Started process (PID=340) to work on /home/airflow/.local/lib/python3.7/site-packages/airflow/example_dags/example_complex.py
[2022-02-08 12:35:43,458] {processor.py:642} INFO - Processing file /home/airflow/.local/lib/python3.7/site-packages/airflow/example_dags/example_complex.py for tasks to queue
[2022-02-08 12:35:43,469] {logging_mixin.py:109} INFO - [2022-02-08 12:35:43,469] {dagbag.py:500} INFO - Filling up the DagBag from /home/airflow/.local/lib/python3.7/site-packages/airflow/example_dags/example_complex.py
[2022-02-08 12:35:44,226] {processor.py:654} INFO - DAG(s) dict_keys(['example_complex']) retrieved from /home/airflow/.local/lib/python3.7/site-packages/airflow/example_dags/example_complex.py
[2022-02-08 12:35:44,736] {logging_mixin.py:109} INFO - [2022-02-08 12:35:44,735] {dag.py:2396} INFO - Sync 1 DAGs
[2022-02-08 12:35:45,057] {logging_mixin.py:109} INFO - [2022-02-08 12:35:45,048] {dag.py:2935} INFO - Setting next_dagrun for example_complex to None
[2022-02-08 12:35:45,266] {processor.py:171} INFO - Processing /home/airflow/.local/lib/python3.7/site-packages/airflow/example_dags/example_complex.py took 1.887 seconds
[2022-02-08 12:40:27,527] {processor.py:163} INFO - Started process (PID=571) to work on /home/airflow/.local/lib/python3.7/site-packages/airflow/example_dags/example_complex.py
[2022-02-08 12:40:27,534] {processor.py:642} INFO - Processing file /home/airflow/.local/lib/python3.7/site-packages/airflow/example_dags/example_complex.py for tasks to queue
[2022-02-08 12:40:27,538] {logging_mixin.py:109} INFO - [2022-02-08 12:40:27,537] {dagbag.py:500} INFO - Filling up the DagBag from /home/airflow/.local/lib/python3.7/site-packages/airflow/example_dags/example_complex.py
[2022-02-08 12:40:28,835] {processor.py:654} INFO - DAG(s) dict_keys(['example_complex']) retrieved from /home/airflow/.local/lib/python3.7/site-packages/airflow/example_dags/example_complex.py
[2022-02-08 12:40:29,882] {logging_mixin.py:109} INFO - [2022-02-08 12:40:29,881] {dag.py:2396} INFO - Sync 1 DAGs
[2022-02-08 12:40:30,533] {logging_mixin.py:109} INFO - [2022-02-08 12:40:30,533] {dag.py:2935} INFO - Setting next_dagrun for example_complex to None
[2022-02-08 12:40:30,970] {processor.py:171} INFO - Processing /home/airflow/.local/lib/python3.7/site-packages/airflow/example_dags/example_complex.py took 3.498 seconds
[2022-02-08 12:43:16,008] {processor.py:163} INFO - Started process (PID=738) to work on /home/airflow/.local/lib/python3.7/site-packages/airflow/example_dags/example_complex.py
[2022-02-08 12:43:16,052] {processor.py:642} INFO - Processing file /home/airflow/.local/lib/python3.7/site-packages/airflow/example_dags/example_complex.py for tasks to queue
[2022-02-08 12:43:16,082] {logging_mixin.py:109} INFO - [2022-02-08 12:43:16,081] {dagbag.py:500} INFO - Filling up the DagBag from /home/airflow/.local/lib/python3.7/site-packages/airflow/example_dags/example_complex.py
[2022-02-08 12:43:18,196] {processor.py:654} INFO - DAG(s) dict_keys(['example_complex']) retrieved from /home/airflow/.local/lib/python3.7/site-packages/airflow/example_dags/example_complex.py
[2022-02-08 12:43:18,799] {logging_mixin.py:109} INFO - [2022-02-08 12:43:18,797] {dag.py:2396} INFO - Sync 1 DAGs
[2022-02-08 12:43:19,715] {logging_mixin.py:109} INFO - [2022-02-08 12:43:19,714] {dag.py:2935} INFO - Setting next_dagrun for example_complex to None
[2022-02-08 12:43:20,152] {processor.py:171} INFO - Processing /home/airflow/.local/lib/python3.7/site-packages/airflow/example_dags/example_complex.py took 4.243 seconds
[2022-02-08 12:45:14,154] {processor.py:163} INFO - Started process (PID=914) to work on /home/airflow/.local/lib/python3.7/site-packages/airflow/example_dags/example_complex.py
[2022-02-08 12:45:14,211] {processor.py:642} INFO - Processing file /home/airflow/.local/lib/python3.7/site-packages/airflow/example_dags/example_complex.py for tasks to queue
[2022-02-08 12:45:14,232] {logging_mixin.py:109} INFO - [2022-02-08 12:45:14,231] {dagbag.py:500} INFO - Filling up the DagBag from /home/airflow/.local/lib/python3.7/site-packages/airflow/example_dags/example_complex.py
[2022-02-08 12:45:16,211] {processor.py:654} INFO - DAG(s) dict_keys(['example_complex']) retrieved from /home/airflow/.local/lib/python3.7/site-packages/airflow/example_dags/example_complex.py
[2022-02-08 12:45:17,557] {logging_mixin.py:109} INFO - [2022-02-08 12:45:17,556] {dag.py:2396} INFO - Sync 1 DAGs
[2022-02-08 12:45:18,515] {logging_mixin.py:109} INFO - [2022-02-08 12:45:18,515] {dag.py:2935} INFO - Setting next_dagrun for example_complex to None
[2022-02-08 12:45:18,790] {processor.py:171} INFO - Processing /home/airflow/.local/lib/python3.7/site-packages/airflow/example_dags/example_complex.py took 4.747 seconds
[2022-02-08 16:12:58,846] {processor.py:163} INFO - Started process (PID=330) to work on /home/airflow/.local/lib/python3.7/site-packages/airflow/example_dags/example_complex.py
[2022-02-08 16:12:58,850] {processor.py:642} INFO - Processing file /home/airflow/.local/lib/python3.7/site-packages/airflow/example_dags/example_complex.py for tasks to queue
[2022-02-08 16:12:58,858] {logging_mixin.py:109} INFO - [2022-02-08 16:12:58,857] {dagbag.py:500} INFO - Filling up the DagBag from /home/airflow/.local/lib/python3.7/site-packages/airflow/example_dags/example_complex.py
[2022-02-08 16:12:59,251] {processor.py:654} INFO - DAG(s) dict_keys(['example_complex']) retrieved from /home/airflow/.local/lib/python3.7/site-packages/airflow/example_dags/example_complex.py
[2022-02-08 16:12:59,502] {logging_mixin.py:109} INFO - [2022-02-08 16:12:59,502] {dag.py:2396} INFO - Sync 1 DAGs
[2022-02-08 16:13:00,438] {logging_mixin.py:109} INFO - [2022-02-08 16:13:00,437] {dag.py:2935} INFO - Setting next_dagrun for example_complex to None
[2022-02-08 16:13:00,609] {processor.py:171} INFO - Processing /home/airflow/.local/lib/python3.7/site-packages/airflow/example_dags/example_complex.py took 1.776 seconds
[2022-02-08 16:30:45,747] {processor.py:163} INFO - Started process (PID=457) to work on /home/airflow/.local/lib/python3.7/site-packages/airflow/example_dags/example_complex.py
[2022-02-08 16:30:45,788] {processor.py:642} INFO - Processing file /home/airflow/.local/lib/python3.7/site-packages/airflow/example_dags/example_complex.py for tasks to queue
[2022-02-08 16:30:45,799] {logging_mixin.py:109} INFO - [2022-02-08 16:30:45,798] {dagbag.py:500} INFO - Filling up the DagBag from /home/airflow/.local/lib/python3.7/site-packages/airflow/example_dags/example_complex.py
[2022-02-08 16:30:46,773] {processor.py:654} INFO - DAG(s) dict_keys(['example_complex']) retrieved from /home/airflow/.local/lib/python3.7/site-packages/airflow/example_dags/example_complex.py
[2022-02-08 16:30:47,472] {logging_mixin.py:109} INFO - [2022-02-08 16:30:47,471] {dag.py:2396} INFO - Sync 1 DAGs
[2022-02-08 16:30:47,980] {logging_mixin.py:109} INFO - [2022-02-08 16:30:47,967] {dag.py:2935} INFO - Setting next_dagrun for example_complex to None
[2022-02-08 16:30:48,189] {processor.py:171} INFO - Processing /home/airflow/.local/lib/python3.7/site-packages/airflow/example_dags/example_complex.py took 2.483 seconds
[2022-02-08 16:33:00,719] {processor.py:163} INFO - Started process (PID=608) to work on /home/airflow/.local/lib/python3.7/site-packages/airflow/example_dags/example_complex.py
[2022-02-08 16:33:00,754] {processor.py:642} INFO - Processing file /home/airflow/.local/lib/python3.7/site-packages/airflow/example_dags/example_complex.py for tasks to queue
[2022-02-08 16:33:00,779] {logging_mixin.py:109} INFO - [2022-02-08 16:33:00,778] {dagbag.py:500} INFO - Filling up the DagBag from /home/airflow/.local/lib/python3.7/site-packages/airflow/example_dags/example_complex.py
[2022-02-08 16:33:02,689] {processor.py:654} INFO - DAG(s) dict_keys(['example_complex']) retrieved from /home/airflow/.local/lib/python3.7/site-packages/airflow/example_dags/example_complex.py
[2022-02-08 16:33:04,034] {logging_mixin.py:109} INFO - [2022-02-08 16:33:04,034] {dag.py:2396} INFO - Sync 1 DAGs
[2022-02-08 16:33:04,799] {logging_mixin.py:109} INFO - [2022-02-08 16:33:04,798] {dag.py:2935} INFO - Setting next_dagrun for example_complex to None
[2022-02-08 16:33:05,364] {processor.py:171} INFO - Processing /home/airflow/.local/lib/python3.7/site-packages/airflow/example_dags/example_complex.py took 4.737 seconds
[2022-02-08 16:36:20,562] {processor.py:163} INFO - Started process (PID=785) to work on /home/airflow/.local/lib/python3.7/site-packages/airflow/example_dags/example_complex.py
[2022-02-08 16:36:20,637] {processor.py:642} INFO - Processing file /home/airflow/.local/lib/python3.7/site-packages/airflow/example_dags/example_complex.py for tasks to queue
[2022-02-08 16:36:20,683] {logging_mixin.py:109} INFO - [2022-02-08 16:36:20,682] {dagbag.py:500} INFO - Filling up the DagBag from /home/airflow/.local/lib/python3.7/site-packages/airflow/example_dags/example_complex.py
[2022-02-08 16:36:22,941] {processor.py:654} INFO - DAG(s) dict_keys(['example_complex']) retrieved from /home/airflow/.local/lib/python3.7/site-packages/airflow/example_dags/example_complex.py
[2022-02-08 16:36:23,847] {logging_mixin.py:109} INFO - [2022-02-08 16:36:23,846] {dag.py:2396} INFO - Sync 1 DAGs
[2022-02-08 16:36:23,994] {logging_mixin.py:109} INFO - [2022-02-08 16:36:23,993] {dag.py:2935} INFO - Setting next_dagrun for example_complex to None
[2022-02-08 16:36:24,410] {processor.py:171} INFO - Processing /home/airflow/.local/lib/python3.7/site-packages/airflow/example_dags/example_complex.py took 3.961 seconds
[2022-02-08 16:38:58,113] {processor.py:163} INFO - Started process (PID=938) to work on /home/airflow/.local/lib/python3.7/site-packages/airflow/example_dags/example_complex.py
[2022-02-08 16:38:58,154] {processor.py:642} INFO - Processing file /home/airflow/.local/lib/python3.7/site-packages/airflow/example_dags/example_complex.py for tasks to queue
[2022-02-08 16:38:58,168] {logging_mixin.py:109} INFO - [2022-02-08 16:38:58,167] {dagbag.py:500} INFO - Filling up the DagBag from /home/airflow/.local/lib/python3.7/site-packages/airflow/example_dags/example_complex.py
[2022-02-08 16:39:00,273] {processor.py:654} INFO - DAG(s) dict_keys(['example_complex']) retrieved from /home/airflow/.local/lib/python3.7/site-packages/airflow/example_dags/example_complex.py
[2022-02-08 16:39:01,390] {logging_mixin.py:109} INFO - [2022-02-08 16:39:01,390] {dag.py:2396} INFO - Sync 1 DAGs
[2022-02-08 16:39:02,107] {logging_mixin.py:109} INFO - [2022-02-08 16:39:02,106] {dag.py:2935} INFO - Setting next_dagrun for example_complex to None
[2022-02-08 16:39:02,391] {processor.py:171} INFO - Processing /home/airflow/.local/lib/python3.7/site-packages/airflow/example_dags/example_complex.py took 4.469 seconds
[2022-02-08 17:13:32,684] {processor.py:163} INFO - Started process (PID=1115) to work on /home/airflow/.local/lib/python3.7/site-packages/airflow/example_dags/example_complex.py
[2022-02-08 17:13:32,718] {processor.py:642} INFO - Processing file /home/airflow/.local/lib/python3.7/site-packages/airflow/example_dags/example_complex.py for tasks to queue
[2022-02-08 17:13:32,763] {logging_mixin.py:109} INFO - [2022-02-08 17:13:32,763] {dagbag.py:500} INFO - Filling up the DagBag from /home/airflow/.local/lib/python3.7/site-packages/airflow/example_dags/example_complex.py
[2022-02-08 17:13:34,480] {processor.py:654} INFO - DAG(s) dict_keys(['example_complex']) retrieved from /home/airflow/.local/lib/python3.7/site-packages/airflow/example_dags/example_complex.py
[2022-02-08 17:13:35,547] {logging_mixin.py:109} INFO - [2022-02-08 17:13:35,547] {dag.py:2396} INFO - Sync 1 DAGs
[2022-02-08 17:13:36,331] {logging_mixin.py:109} INFO - [2022-02-08 17:13:36,331] {dag.py:2935} INFO - Setting next_dagrun for example_complex to None
[2022-02-08 17:13:36,974] {processor.py:171} INFO - Processing /home/airflow/.local/lib/python3.7/site-packages/airflow/example_dags/example_complex.py took 4.379 seconds
[2022-02-08 17:15:19,620] {processor.py:163} INFO - Started process (PID=1283) to work on /home/airflow/.local/lib/python3.7/site-packages/airflow/example_dags/example_complex.py
[2022-02-08 17:15:19,652] {processor.py:642} INFO - Processing file /home/airflow/.local/lib/python3.7/site-packages/airflow/example_dags/example_complex.py for tasks to queue
[2022-02-08 17:15:19,696] {logging_mixin.py:109} INFO - [2022-02-08 17:15:19,695] {dagbag.py:500} INFO - Filling up the DagBag from /home/airflow/.local/lib/python3.7/site-packages/airflow/example_dags/example_complex.py
[2022-02-08 17:15:21,443] {processor.py:654} INFO - DAG(s) dict_keys(['example_complex']) retrieved from /home/airflow/.local/lib/python3.7/site-packages/airflow/example_dags/example_complex.py
[2022-02-08 17:15:22,521] {logging_mixin.py:109} INFO - [2022-02-08 17:15:22,521] {dag.py:2396} INFO - Sync 1 DAGs
[2022-02-08 17:15:23,366] {logging_mixin.py:109} INFO - [2022-02-08 17:15:23,365] {dag.py:2935} INFO - Setting next_dagrun for example_complex to None
[2022-02-08 17:15:23,815] {processor.py:171} INFO - Processing /home/airflow/.local/lib/python3.7/site-packages/airflow/example_dags/example_complex.py took 4.272 seconds
[2022-02-08 17:17:21,841] {processor.py:163} INFO - Started process (PID=1442) to work on /home/airflow/.local/lib/python3.7/site-packages/airflow/example_dags/example_complex.py
[2022-02-08 17:17:21,872] {processor.py:642} INFO - Processing file /home/airflow/.local/lib/python3.7/site-packages/airflow/example_dags/example_complex.py for tasks to queue
[2022-02-08 17:17:21,909] {logging_mixin.py:109} INFO - [2022-02-08 17:17:21,909] {dagbag.py:500} INFO - Filling up the DagBag from /home/airflow/.local/lib/python3.7/site-packages/airflow/example_dags/example_complex.py
[2022-02-08 17:17:22,688] {processor.py:654} INFO - DAG(s) dict_keys(['example_complex']) retrieved from /home/airflow/.local/lib/python3.7/site-packages/airflow/example_dags/example_complex.py
[2022-02-08 17:17:23,196] {logging_mixin.py:109} INFO - [2022-02-08 17:17:23,195] {dag.py:2396} INFO - Sync 1 DAGs
[2022-02-08 17:17:23,482] {logging_mixin.py:109} INFO - [2022-02-08 17:17:23,482] {dag.py:2935} INFO - Setting next_dagrun for example_complex to None
[2022-02-08 17:17:23,626] {processor.py:171} INFO - Processing /home/airflow/.local/lib/python3.7/site-packages/airflow/example_dags/example_complex.py took 1.844 seconds
[2022-02-08 17:19:54,685] {processor.py:163} INFO - Started process (PID=1575) to work on /home/airflow/.local/lib/python3.7/site-packages/airflow/example_dags/example_complex.py
[2022-02-08 17:19:54,722] {processor.py:642} INFO - Processing file /home/airflow/.local/lib/python3.7/site-packages/airflow/example_dags/example_complex.py for tasks to queue
[2022-02-08 17:19:54,758] {logging_mixin.py:109} INFO - [2022-02-08 17:19:54,757] {dagbag.py:500} INFO - Filling up the DagBag from /home/airflow/.local/lib/python3.7/site-packages/airflow/example_dags/example_complex.py
[2022-02-08 17:19:56,933] {processor.py:654} INFO - DAG(s) dict_keys(['example_complex']) retrieved from /home/airflow/.local/lib/python3.7/site-packages/airflow/example_dags/example_complex.py
[2022-02-08 17:19:58,235] {logging_mixin.py:109} INFO - [2022-02-08 17:19:58,204] {dag.py:2396} INFO - Sync 1 DAGs
[2022-02-08 17:19:58,996] {logging_mixin.py:109} INFO - [2022-02-08 17:19:58,995] {dag.py:2935} INFO - Setting next_dagrun for example_complex to None
[2022-02-08 17:19:59,408] {processor.py:171} INFO - Processing /home/airflow/.local/lib/python3.7/site-packages/airflow/example_dags/example_complex.py took 4.795 seconds
[2022-02-08 17:21:46,400] {processor.py:163} INFO - Started process (PID=1721) to work on /home/airflow/.local/lib/python3.7/site-packages/airflow/example_dags/example_complex.py
[2022-02-08 17:21:46,450] {processor.py:642} INFO - Processing file /home/airflow/.local/lib/python3.7/site-packages/airflow/example_dags/example_complex.py for tasks to queue
[2022-02-08 17:21:46,474] {logging_mixin.py:109} INFO - [2022-02-08 17:21:46,474] {dagbag.py:500} INFO - Filling up the DagBag from /home/airflow/.local/lib/python3.7/site-packages/airflow/example_dags/example_complex.py
[2022-02-08 17:21:48,092] {processor.py:654} INFO - DAG(s) dict_keys(['example_complex']) retrieved from /home/airflow/.local/lib/python3.7/site-packages/airflow/example_dags/example_complex.py
[2022-02-08 17:21:48,972] {logging_mixin.py:109} INFO - [2022-02-08 17:21:48,965] {dag.py:2396} INFO - Sync 1 DAGs
[2022-02-08 17:21:49,675] {logging_mixin.py:109} INFO - [2022-02-08 17:21:49,675] {dag.py:2935} INFO - Setting next_dagrun for example_complex to None
[2022-02-08 17:21:49,980] {processor.py:171} INFO - Processing /home/airflow/.local/lib/python3.7/site-packages/airflow/example_dags/example_complex.py took 3.655 seconds
[2022-02-08 17:24:37,291] {processor.py:163} INFO - Started process (PID=1898) to work on /home/airflow/.local/lib/python3.7/site-packages/airflow/example_dags/example_complex.py
[2022-02-08 17:24:37,308] {processor.py:642} INFO - Processing file /home/airflow/.local/lib/python3.7/site-packages/airflow/example_dags/example_complex.py for tasks to queue
[2022-02-08 17:24:37,358] {logging_mixin.py:109} INFO - [2022-02-08 17:24:37,358] {dagbag.py:500} INFO - Filling up the DagBag from /home/airflow/.local/lib/python3.7/site-packages/airflow/example_dags/example_complex.py
[2022-02-08 17:24:38,282] {processor.py:654} INFO - DAG(s) dict_keys(['example_complex']) retrieved from /home/airflow/.local/lib/python3.7/site-packages/airflow/example_dags/example_complex.py
[2022-02-08 17:24:39,043] {logging_mixin.py:109} INFO - [2022-02-08 17:24:39,043] {dag.py:2396} INFO - Sync 1 DAGs
[2022-02-08 17:24:39,623] {logging_mixin.py:109} INFO - [2022-02-08 17:24:39,622] {dag.py:2935} INFO - Setting next_dagrun for example_complex to None
[2022-02-08 17:24:39,988] {processor.py:171} INFO - Processing /home/airflow/.local/lib/python3.7/site-packages/airflow/example_dags/example_complex.py took 2.730 seconds
[2022-02-08 17:58:38,955] {processor.py:163} INFO - Started process (PID=668) to work on /home/airflow/.local/lib/python3.7/site-packages/airflow/example_dags/example_complex.py
[2022-02-08 17:58:39,038] {processor.py:642} INFO - Processing file /home/airflow/.local/lib/python3.7/site-packages/airflow/example_dags/example_complex.py for tasks to queue
[2022-02-08 17:58:39,054] {logging_mixin.py:109} INFO - [2022-02-08 17:58:39,054] {dagbag.py:500} INFO - Filling up the DagBag from /home/airflow/.local/lib/python3.7/site-packages/airflow/example_dags/example_complex.py
[2022-02-08 17:58:42,613] {processor.py:654} INFO - DAG(s) dict_keys(['example_complex']) retrieved from /home/airflow/.local/lib/python3.7/site-packages/airflow/example_dags/example_complex.py
[2022-02-08 17:58:44,629] {logging_mixin.py:109} INFO - [2022-02-08 17:58:44,629] {dag.py:2396} INFO - Sync 1 DAGs
[2022-02-08 17:58:45,736] {logging_mixin.py:109} INFO - [2022-02-08 17:58:45,736] {dag.py:2935} INFO - Setting next_dagrun for example_complex to None
[2022-02-08 17:58:46,289] {processor.py:171} INFO - Processing /home/airflow/.local/lib/python3.7/site-packages/airflow/example_dags/example_complex.py took 7.463 seconds
[2022-02-08 18:01:25,507] {processor.py:163} INFO - Started process (PID=825) to work on /home/airflow/.local/lib/python3.7/site-packages/airflow/example_dags/example_complex.py
[2022-02-08 18:01:25,541] {processor.py:642} INFO - Processing file /home/airflow/.local/lib/python3.7/site-packages/airflow/example_dags/example_complex.py for tasks to queue
[2022-02-08 18:01:25,576] {logging_mixin.py:109} INFO - [2022-02-08 18:01:25,575] {dagbag.py:500} INFO - Filling up the DagBag from /home/airflow/.local/lib/python3.7/site-packages/airflow/example_dags/example_complex.py
[2022-02-08 18:01:27,589] {processor.py:654} INFO - DAG(s) dict_keys(['example_complex']) retrieved from /home/airflow/.local/lib/python3.7/site-packages/airflow/example_dags/example_complex.py
[2022-02-08 18:01:28,862] {logging_mixin.py:109} INFO - [2022-02-08 18:01:28,862] {dag.py:2396} INFO - Sync 1 DAGs
[2022-02-08 18:01:29,680] {logging_mixin.py:109} INFO - [2022-02-08 18:01:29,679] {dag.py:2935} INFO - Setting next_dagrun for example_complex to None
[2022-02-08 18:01:30,105] {processor.py:171} INFO - Processing /home/airflow/.local/lib/python3.7/site-packages/airflow/example_dags/example_complex.py took 4.734 seconds
[2022-02-08 18:03:42,044] {processor.py:163} INFO - Started process (PID=1002) to work on /home/airflow/.local/lib/python3.7/site-packages/airflow/example_dags/example_complex.py
[2022-02-08 18:03:42,183] {processor.py:642} INFO - Processing file /home/airflow/.local/lib/python3.7/site-packages/airflow/example_dags/example_complex.py for tasks to queue
[2022-02-08 18:03:42,296] {logging_mixin.py:109} INFO - [2022-02-08 18:03:42,295] {dagbag.py:500} INFO - Filling up the DagBag from /home/airflow/.local/lib/python3.7/site-packages/airflow/example_dags/example_complex.py
[2022-02-08 18:03:44,667] {processor.py:654} INFO - DAG(s) dict_keys(['example_complex']) retrieved from /home/airflow/.local/lib/python3.7/site-packages/airflow/example_dags/example_complex.py
[2022-02-08 18:03:46,328] {logging_mixin.py:109} INFO - [2022-02-08 18:03:46,327] {dag.py:2396} INFO - Sync 1 DAGs
[2022-02-08 18:03:47,769] {logging_mixin.py:109} INFO - [2022-02-08 18:03:47,670] {dag.py:2935} INFO - Setting next_dagrun for example_complex to None
[2022-02-08 18:03:48,410] {processor.py:171} INFO - Processing /home/airflow/.local/lib/python3.7/site-packages/airflow/example_dags/example_complex.py took 6.530 seconds
