[2022-02-08 10:13:47,479] {processor.py:163} INFO - Started process (PID=658) to work on /home/airflow/.local/lib/python3.7/site-packages/airflow/example_dags/example_branch_python_dop_operator_3.py
[2022-02-08 10:13:47,485] {processor.py:642} INFO - Processing file /home/airflow/.local/lib/python3.7/site-packages/airflow/example_dags/example_branch_python_dop_operator_3.py for tasks to queue
[2022-02-08 10:13:47,487] {logging_mixin.py:109} INFO - [2022-02-08 10:13:47,487] {dagbag.py:500} INFO - Filling up the DagBag from /home/airflow/.local/lib/python3.7/site-packages/airflow/example_dags/example_branch_python_dop_operator_3.py
[2022-02-08 10:13:47,638] {processor.py:654} INFO - DAG(s) dict_keys(['example_branch_dop_operator_v3']) retrieved from /home/airflow/.local/lib/python3.7/site-packages/airflow/example_dags/example_branch_python_dop_operator_3.py
[2022-02-08 10:13:56,389] {logging_mixin.py:109} INFO - [2022-02-08 10:13:56,388] {manager.py:496} INFO - Created Permission View: can read on DAG:example_branch_dop_operator_v3
[2022-02-08 10:13:56,430] {logging_mixin.py:109} INFO - [2022-02-08 10:13:56,429] {manager.py:496} INFO - Created Permission View: can edit on DAG:example_branch_dop_operator_v3
[2022-02-08 10:13:56,432] {logging_mixin.py:109} INFO - [2022-02-08 10:13:56,431] {dag.py:2396} INFO - Sync 1 DAGs
[2022-02-08 10:13:56,459] {logging_mixin.py:109} INFO - [2022-02-08 10:13:56,458] {dag.py:2415} INFO - Creating ORM DAG for example_branch_dop_operator_v3
[2022-02-08 10:13:56,514] {logging_mixin.py:109} INFO - [2022-02-08 10:13:56,513] {dag.py:2935} INFO - Setting next_dagrun for example_branch_dop_operator_v3 to 2022-02-08T10:12:00+00:00
[2022-02-08 10:13:56,568] {processor.py:171} INFO - Processing /home/airflow/.local/lib/python3.7/site-packages/airflow/example_dags/example_branch_python_dop_operator_3.py took 9.094 seconds
[2022-02-08 10:14:26,688] {processor.py:163} INFO - Started process (PID=769) to work on /home/airflow/.local/lib/python3.7/site-packages/airflow/example_dags/example_branch_python_dop_operator_3.py
[2022-02-08 10:14:26,695] {processor.py:642} INFO - Processing file /home/airflow/.local/lib/python3.7/site-packages/airflow/example_dags/example_branch_python_dop_operator_3.py for tasks to queue
[2022-02-08 10:14:26,698] {logging_mixin.py:109} INFO - [2022-02-08 10:14:26,698] {dagbag.py:500} INFO - Filling up the DagBag from /home/airflow/.local/lib/python3.7/site-packages/airflow/example_dags/example_branch_python_dop_operator_3.py
[2022-02-08 10:14:26,844] {processor.py:654} INFO - DAG(s) dict_keys(['example_branch_dop_operator_v3']) retrieved from /home/airflow/.local/lib/python3.7/site-packages/airflow/example_dags/example_branch_python_dop_operator_3.py
[2022-02-08 10:14:26,940] {logging_mixin.py:109} INFO - [2022-02-08 10:14:26,939] {dag.py:2396} INFO - Sync 1 DAGs
[2022-02-08 10:14:27,127] {logging_mixin.py:109} INFO - [2022-02-08 10:14:27,127] {dag.py:2935} INFO - Setting next_dagrun for example_branch_dop_operator_v3 to 2022-02-08T10:13:00+00:00
[2022-02-08 10:14:27,218] {processor.py:171} INFO - Processing /home/airflow/.local/lib/python3.7/site-packages/airflow/example_dags/example_branch_python_dop_operator_3.py took 0.544 seconds
[2022-02-08 10:14:57,386] {processor.py:163} INFO - Started process (PID=852) to work on /home/airflow/.local/lib/python3.7/site-packages/airflow/example_dags/example_branch_python_dop_operator_3.py
[2022-02-08 10:14:57,390] {processor.py:642} INFO - Processing file /home/airflow/.local/lib/python3.7/site-packages/airflow/example_dags/example_branch_python_dop_operator_3.py for tasks to queue
[2022-02-08 10:14:57,392] {logging_mixin.py:109} INFO - [2022-02-08 10:14:57,392] {dagbag.py:500} INFO - Filling up the DagBag from /home/airflow/.local/lib/python3.7/site-packages/airflow/example_dags/example_branch_python_dop_operator_3.py
[2022-02-08 10:14:57,457] {processor.py:654} INFO - DAG(s) dict_keys(['example_branch_dop_operator_v3']) retrieved from /home/airflow/.local/lib/python3.7/site-packages/airflow/example_dags/example_branch_python_dop_operator_3.py
[2022-02-08 10:14:57,487] {logging_mixin.py:109} INFO - [2022-02-08 10:14:57,487] {dag.py:2396} INFO - Sync 1 DAGs
[2022-02-08 10:14:57,566] {logging_mixin.py:109} INFO - [2022-02-08 10:14:57,566] {dag.py:2935} INFO - Setting next_dagrun for example_branch_dop_operator_v3 to 2022-02-08T10:13:00+00:00
[2022-02-08 10:14:57,643] {processor.py:171} INFO - Processing /home/airflow/.local/lib/python3.7/site-packages/airflow/example_dags/example_branch_python_dop_operator_3.py took 0.263 seconds
[2022-02-08 10:24:00,171] {processor.py:163} INFO - Started process (PID=475) to work on /home/airflow/.local/lib/python3.7/site-packages/airflow/example_dags/example_branch_python_dop_operator_3.py
[2022-02-08 10:24:00,209] {processor.py:642} INFO - Processing file /home/airflow/.local/lib/python3.7/site-packages/airflow/example_dags/example_branch_python_dop_operator_3.py for tasks to queue
[2022-02-08 10:24:00,224] {logging_mixin.py:109} INFO - [2022-02-08 10:24:00,224] {dagbag.py:500} INFO - Filling up the DagBag from /home/airflow/.local/lib/python3.7/site-packages/airflow/example_dags/example_branch_python_dop_operator_3.py
[2022-02-08 10:24:01,237] {processor.py:654} INFO - DAG(s) dict_keys(['example_branch_dop_operator_v3']) retrieved from /home/airflow/.local/lib/python3.7/site-packages/airflow/example_dags/example_branch_python_dop_operator_3.py
[2022-02-08 10:24:01,785] {logging_mixin.py:109} INFO - [2022-02-08 10:24:01,785] {dag.py:2396} INFO - Sync 1 DAGs
[2022-02-08 10:24:03,655] {logging_mixin.py:109} INFO - [2022-02-08 10:24:03,633] {dag.py:2935} INFO - Setting next_dagrun for example_branch_dop_operator_v3 to 2022-02-08T10:23:00+00:00
[2022-02-08 10:24:04,160] {processor.py:171} INFO - Processing /home/airflow/.local/lib/python3.7/site-packages/airflow/example_dags/example_branch_python_dop_operator_3.py took 4.032 seconds
[2022-02-08 11:10:05,838] {processor.py:163} INFO - Started process (PID=638) to work on /home/airflow/.local/lib/python3.7/site-packages/airflow/example_dags/example_branch_python_dop_operator_3.py
[2022-02-08 11:10:05,877] {processor.py:642} INFO - Processing file /home/airflow/.local/lib/python3.7/site-packages/airflow/example_dags/example_branch_python_dop_operator_3.py for tasks to queue
[2022-02-08 11:10:05,903] {logging_mixin.py:109} INFO - [2022-02-08 11:10:05,902] {dagbag.py:500} INFO - Filling up the DagBag from /home/airflow/.local/lib/python3.7/site-packages/airflow/example_dags/example_branch_python_dop_operator_3.py
[2022-02-08 11:10:07,066] {processor.py:654} INFO - DAG(s) dict_keys(['example_branch_dop_operator_v3']) retrieved from /home/airflow/.local/lib/python3.7/site-packages/airflow/example_dags/example_branch_python_dop_operator_3.py
[2022-02-08 11:10:07,717] {logging_mixin.py:109} INFO - [2022-02-08 11:10:07,717] {dag.py:2396} INFO - Sync 1 DAGs
[2022-02-08 11:10:10,273] {logging_mixin.py:109} INFO - [2022-02-08 11:10:10,273] {dag.py:2935} INFO - Setting next_dagrun for example_branch_dop_operator_v3 to 2022-02-08T11:09:00+00:00
[2022-02-08 11:10:11,544] {processor.py:171} INFO - Processing /home/airflow/.local/lib/python3.7/site-packages/airflow/example_dags/example_branch_python_dop_operator_3.py took 5.751 seconds
[2022-02-08 11:21:18,615] {processor.py:163} INFO - Started process (PID=590) to work on /home/airflow/.local/lib/python3.7/site-packages/airflow/example_dags/example_branch_python_dop_operator_3.py
[2022-02-08 11:21:18,638] {processor.py:642} INFO - Processing file /home/airflow/.local/lib/python3.7/site-packages/airflow/example_dags/example_branch_python_dop_operator_3.py for tasks to queue
[2022-02-08 11:21:18,654] {logging_mixin.py:109} INFO - [2022-02-08 11:21:18,654] {dagbag.py:500} INFO - Filling up the DagBag from /home/airflow/.local/lib/python3.7/site-packages/airflow/example_dags/example_branch_python_dop_operator_3.py
[2022-02-08 11:21:21,148] {processor.py:654} INFO - DAG(s) dict_keys(['example_branch_dop_operator_v3']) retrieved from /home/airflow/.local/lib/python3.7/site-packages/airflow/example_dags/example_branch_python_dop_operator_3.py
[2022-02-08 11:21:21,885] {logging_mixin.py:109} INFO - [2022-02-08 11:21:21,884] {dag.py:2396} INFO - Sync 1 DAGs
[2022-02-08 11:21:23,379] {logging_mixin.py:109} INFO - [2022-02-08 11:21:23,378] {dag.py:2935} INFO - Setting next_dagrun for example_branch_dop_operator_v3 to 2022-02-08T11:20:00+00:00
[2022-02-08 11:21:23,791] {processor.py:171} INFO - Processing /home/airflow/.local/lib/python3.7/site-packages/airflow/example_dags/example_branch_python_dop_operator_3.py took 5.217 seconds
[2022-02-08 12:36:07,216] {processor.py:163} INFO - Started process (PID=388) to work on /home/airflow/.local/lib/python3.7/site-packages/airflow/example_dags/example_branch_python_dop_operator_3.py
[2022-02-08 12:36:07,234] {processor.py:642} INFO - Processing file /home/airflow/.local/lib/python3.7/site-packages/airflow/example_dags/example_branch_python_dop_operator_3.py for tasks to queue
[2022-02-08 12:36:07,259] {logging_mixin.py:109} INFO - [2022-02-08 12:36:07,258] {dagbag.py:500} INFO - Filling up the DagBag from /home/airflow/.local/lib/python3.7/site-packages/airflow/example_dags/example_branch_python_dop_operator_3.py
[2022-02-08 12:36:08,112] {processor.py:654} INFO - DAG(s) dict_keys(['example_branch_dop_operator_v3']) retrieved from /home/airflow/.local/lib/python3.7/site-packages/airflow/example_dags/example_branch_python_dop_operator_3.py
[2022-02-08 12:36:08,492] {logging_mixin.py:109} INFO - [2022-02-08 12:36:08,491] {dag.py:2396} INFO - Sync 1 DAGs
[2022-02-08 12:36:09,227] {logging_mixin.py:109} INFO - [2022-02-08 12:36:09,227] {dag.py:2935} INFO - Setting next_dagrun for example_branch_dop_operator_v3 to 2022-02-08T12:35:00+00:00
[2022-02-08 12:36:09,403] {processor.py:171} INFO - Processing /home/airflow/.local/lib/python3.7/site-packages/airflow/example_dags/example_branch_python_dop_operator_3.py took 2.243 seconds
[2022-02-08 12:41:14,109] {processor.py:163} INFO - Started process (PID=640) to work on /home/airflow/.local/lib/python3.7/site-packages/airflow/example_dags/example_branch_python_dop_operator_3.py
[2022-02-08 12:41:14,176] {processor.py:642} INFO - Processing file /home/airflow/.local/lib/python3.7/site-packages/airflow/example_dags/example_branch_python_dop_operator_3.py for tasks to queue
[2022-02-08 12:41:14,198] {logging_mixin.py:109} INFO - [2022-02-08 12:41:14,198] {dagbag.py:500} INFO - Filling up the DagBag from /home/airflow/.local/lib/python3.7/site-packages/airflow/example_dags/example_branch_python_dop_operator_3.py
[2022-02-08 12:41:15,577] {processor.py:654} INFO - DAG(s) dict_keys(['example_branch_dop_operator_v3']) retrieved from /home/airflow/.local/lib/python3.7/site-packages/airflow/example_dags/example_branch_python_dop_operator_3.py
[2022-02-08 12:41:16,258] {logging_mixin.py:109} INFO - [2022-02-08 12:41:16,258] {dag.py:2396} INFO - Sync 1 DAGs
[2022-02-08 12:41:17,836] {logging_mixin.py:109} INFO - [2022-02-08 12:41:17,836] {dag.py:2935} INFO - Setting next_dagrun for example_branch_dop_operator_v3 to 2022-02-08T12:40:00+00:00
[2022-02-08 12:41:18,329] {processor.py:171} INFO - Processing /home/airflow/.local/lib/python3.7/site-packages/airflow/example_dags/example_branch_python_dop_operator_3.py took 4.330 seconds
[2022-02-08 12:43:56,818] {processor.py:163} INFO - Started process (PID=811) to work on /home/airflow/.local/lib/python3.7/site-packages/airflow/example_dags/example_branch_python_dop_operator_3.py
[2022-02-08 12:43:56,830] {processor.py:642} INFO - Processing file /home/airflow/.local/lib/python3.7/site-packages/airflow/example_dags/example_branch_python_dop_operator_3.py for tasks to queue
[2022-02-08 12:43:56,891] {logging_mixin.py:109} INFO - [2022-02-08 12:43:56,890] {dagbag.py:500} INFO - Filling up the DagBag from /home/airflow/.local/lib/python3.7/site-packages/airflow/example_dags/example_branch_python_dop_operator_3.py
[2022-02-08 12:43:58,036] {processor.py:654} INFO - DAG(s) dict_keys(['example_branch_dop_operator_v3']) retrieved from /home/airflow/.local/lib/python3.7/site-packages/airflow/example_dags/example_branch_python_dop_operator_3.py
[2022-02-08 12:43:58,457] {logging_mixin.py:109} INFO - [2022-02-08 12:43:58,456] {dag.py:2396} INFO - Sync 1 DAGs
[2022-02-08 12:43:59,850] {logging_mixin.py:109} INFO - [2022-02-08 12:43:59,850] {dag.py:2935} INFO - Setting next_dagrun for example_branch_dop_operator_v3 to 2022-02-08T12:42:00+00:00
[2022-02-08 12:44:00,440] {processor.py:171} INFO - Processing /home/airflow/.local/lib/python3.7/site-packages/airflow/example_dags/example_branch_python_dop_operator_3.py took 3.735 seconds
[2022-02-08 12:46:38,553] {processor.py:163} INFO - Started process (PID=1028) to work on /home/airflow/.local/lib/python3.7/site-packages/airflow/example_dags/example_branch_python_dop_operator_3.py
[2022-02-08 12:46:38,607] {processor.py:642} INFO - Processing file /home/airflow/.local/lib/python3.7/site-packages/airflow/example_dags/example_branch_python_dop_operator_3.py for tasks to queue
[2022-02-08 12:46:38,643] {logging_mixin.py:109} INFO - [2022-02-08 12:46:38,643] {dagbag.py:500} INFO - Filling up the DagBag from /home/airflow/.local/lib/python3.7/site-packages/airflow/example_dags/example_branch_python_dop_operator_3.py
[2022-02-08 12:46:39,886] {processor.py:654} INFO - DAG(s) dict_keys(['example_branch_dop_operator_v3']) retrieved from /home/airflow/.local/lib/python3.7/site-packages/airflow/example_dags/example_branch_python_dop_operator_3.py
[2022-02-08 12:46:40,407] {logging_mixin.py:109} INFO - [2022-02-08 12:46:40,406] {dag.py:2396} INFO - Sync 1 DAGs
[2022-02-08 12:46:41,721] {logging_mixin.py:109} INFO - [2022-02-08 12:46:41,721] {dag.py:2935} INFO - Setting next_dagrun for example_branch_dop_operator_v3 to 2022-02-08T12:45:00+00:00
[2022-02-08 12:46:42,156] {processor.py:171} INFO - Processing /home/airflow/.local/lib/python3.7/site-packages/airflow/example_dags/example_branch_python_dop_operator_3.py took 3.668 seconds
[2022-02-08 16:13:28,622] {processor.py:163} INFO - Started process (PID=392) to work on /home/airflow/.local/lib/python3.7/site-packages/airflow/example_dags/example_branch_python_dop_operator_3.py
[2022-02-08 16:13:28,644] {processor.py:642} INFO - Processing file /home/airflow/.local/lib/python3.7/site-packages/airflow/example_dags/example_branch_python_dop_operator_3.py for tasks to queue
[2022-02-08 16:13:28,656] {logging_mixin.py:109} INFO - [2022-02-08 16:13:28,654] {dagbag.py:500} INFO - Filling up the DagBag from /home/airflow/.local/lib/python3.7/site-packages/airflow/example_dags/example_branch_python_dop_operator_3.py
[2022-02-08 16:13:29,058] {processor.py:654} INFO - DAG(s) dict_keys(['example_branch_dop_operator_v3']) retrieved from /home/airflow/.local/lib/python3.7/site-packages/airflow/example_dags/example_branch_python_dop_operator_3.py
[2022-02-08 16:13:29,335] {logging_mixin.py:109} INFO - [2022-02-08 16:13:29,335] {dag.py:2396} INFO - Sync 1 DAGs
[2022-02-08 16:13:30,101] {logging_mixin.py:109} INFO - [2022-02-08 16:13:30,101] {dag.py:2935} INFO - Setting next_dagrun for example_branch_dop_operator_v3 to 2022-02-08T16:12:00+00:00
[2022-02-08 16:13:30,329] {processor.py:171} INFO - Processing /home/airflow/.local/lib/python3.7/site-packages/airflow/example_dags/example_branch_python_dop_operator_3.py took 1.730 seconds
[2022-02-08 16:33:47,083] {processor.py:163} INFO - Started process (PID=687) to work on /home/airflow/.local/lib/python3.7/site-packages/airflow/example_dags/example_branch_python_dop_operator_3.py
[2022-02-08 16:33:47,109] {processor.py:642} INFO - Processing file /home/airflow/.local/lib/python3.7/site-packages/airflow/example_dags/example_branch_python_dop_operator_3.py for tasks to queue
[2022-02-08 16:33:47,139] {logging_mixin.py:109} INFO - [2022-02-08 16:33:47,138] {dagbag.py:500} INFO - Filling up the DagBag from /home/airflow/.local/lib/python3.7/site-packages/airflow/example_dags/example_branch_python_dop_operator_3.py
[2022-02-08 16:33:49,045] {processor.py:654} INFO - DAG(s) dict_keys(['example_branch_dop_operator_v3']) retrieved from /home/airflow/.local/lib/python3.7/site-packages/airflow/example_dags/example_branch_python_dop_operator_3.py
[2022-02-08 16:34:15,949] {logging_mixin.py:109} INFO - [2022-02-08 16:34:15,828] {dag.py:2396} INFO - Sync 1 DAGs
[2022-02-08 16:38:00,311] {processor.py:163} INFO - Started process (PID=855) to work on /home/airflow/.local/lib/python3.7/site-packages/airflow/example_dags/example_branch_python_dop_operator_3.py
[2022-02-08 16:38:00,363] {processor.py:642} INFO - Processing file /home/airflow/.local/lib/python3.7/site-packages/airflow/example_dags/example_branch_python_dop_operator_3.py for tasks to queue
[2022-02-08 16:38:00,414] {logging_mixin.py:109} INFO - [2022-02-08 16:38:00,410] {dagbag.py:500} INFO - Filling up the DagBag from /home/airflow/.local/lib/python3.7/site-packages/airflow/example_dags/example_branch_python_dop_operator_3.py
[2022-02-08 16:38:01,923] {processor.py:654} INFO - DAG(s) dict_keys(['example_branch_dop_operator_v3']) retrieved from /home/airflow/.local/lib/python3.7/site-packages/airflow/example_dags/example_branch_python_dop_operator_3.py
[2022-02-08 16:38:02,612] {logging_mixin.py:109} INFO - [2022-02-08 16:38:02,611] {dag.py:2396} INFO - Sync 1 DAGs
[2022-02-08 16:38:03,990] {logging_mixin.py:109} INFO - [2022-02-08 16:38:03,989] {dag.py:2935} INFO - Setting next_dagrun for example_branch_dop_operator_v3 to 2022-02-08T16:37:00+00:00
[2022-02-08 16:38:04,188] {processor.py:171} INFO - Processing /home/airflow/.local/lib/python3.7/site-packages/airflow/example_dags/example_branch_python_dop_operator_3.py took 4.122 seconds
[2022-02-08 16:39:34,098] {processor.py:163} INFO - Started process (PID=1005) to work on /home/airflow/.local/lib/python3.7/site-packages/airflow/example_dags/example_branch_python_dop_operator_3.py
[2022-02-08 16:39:34,141] {processor.py:642} INFO - Processing file /home/airflow/.local/lib/python3.7/site-packages/airflow/example_dags/example_branch_python_dop_operator_3.py for tasks to queue
[2022-02-08 16:39:34,173] {logging_mixin.py:109} INFO - [2022-02-08 16:39:34,162] {dagbag.py:500} INFO - Filling up the DagBag from /home/airflow/.local/lib/python3.7/site-packages/airflow/example_dags/example_branch_python_dop_operator_3.py
[2022-02-08 16:39:35,371] {processor.py:654} INFO - DAG(s) dict_keys(['example_branch_dop_operator_v3']) retrieved from /home/airflow/.local/lib/python3.7/site-packages/airflow/example_dags/example_branch_python_dop_operator_3.py
[2022-02-08 16:39:36,378] {logging_mixin.py:109} INFO - [2022-02-08 16:39:36,372] {dag.py:2396} INFO - Sync 1 DAGs
[2022-02-08 16:39:37,860] {logging_mixin.py:109} INFO - [2022-02-08 16:39:37,798] {dag.py:2935} INFO - Setting next_dagrun for example_branch_dop_operator_v3 to 2022-02-08T16:38:00+00:00
[2022-02-08 16:40:09,885] {processor.py:171} INFO - Processing /home/airflow/.local/lib/python3.7/site-packages/airflow/example_dags/example_branch_python_dop_operator_3.py took 35.786 seconds
[2022-02-08 17:14:25,746] {processor.py:163} INFO - Started process (PID=1196) to work on /home/airflow/.local/lib/python3.7/site-packages/airflow/example_dags/example_branch_python_dop_operator_3.py
[2022-02-08 17:14:25,770] {processor.py:642} INFO - Processing file /home/airflow/.local/lib/python3.7/site-packages/airflow/example_dags/example_branch_python_dop_operator_3.py for tasks to queue
[2022-02-08 17:14:25,789] {logging_mixin.py:109} INFO - [2022-02-08 17:14:25,788] {dagbag.py:500} INFO - Filling up the DagBag from /home/airflow/.local/lib/python3.7/site-packages/airflow/example_dags/example_branch_python_dop_operator_3.py
[2022-02-08 17:14:27,068] {processor.py:654} INFO - DAG(s) dict_keys(['example_branch_dop_operator_v3']) retrieved from /home/airflow/.local/lib/python3.7/site-packages/airflow/example_dags/example_branch_python_dop_operator_3.py
[2022-02-08 17:14:27,470] {logging_mixin.py:109} INFO - [2022-02-08 17:14:27,470] {dag.py:2396} INFO - Sync 1 DAGs
[2022-02-08 17:14:28,778] {logging_mixin.py:109} INFO - [2022-02-08 17:14:28,777] {dag.py:2935} INFO - Setting next_dagrun for example_branch_dop_operator_v3 to 2022-02-08T17:13:00+00:00
[2022-02-08 17:14:29,384] {processor.py:171} INFO - Processing /home/airflow/.local/lib/python3.7/site-packages/airflow/example_dags/example_branch_python_dop_operator_3.py took 3.660 seconds
[2022-02-08 17:16:45,970] {processor.py:163} INFO - Started process (PID=1385) to work on /home/airflow/.local/lib/python3.7/site-packages/airflow/example_dags/example_branch_python_dop_operator_3.py
[2022-02-08 17:16:45,997] {processor.py:642} INFO - Processing file /home/airflow/.local/lib/python3.7/site-packages/airflow/example_dags/example_branch_python_dop_operator_3.py for tasks to queue
[2022-02-08 17:16:46,009] {logging_mixin.py:109} INFO - [2022-02-08 17:16:46,008] {dagbag.py:500} INFO - Filling up the DagBag from /home/airflow/.local/lib/python3.7/site-packages/airflow/example_dags/example_branch_python_dop_operator_3.py
[2022-02-08 17:16:46,820] {processor.py:654} INFO - DAG(s) dict_keys(['example_branch_dop_operator_v3']) retrieved from /home/airflow/.local/lib/python3.7/site-packages/airflow/example_dags/example_branch_python_dop_operator_3.py
[2022-02-08 17:16:47,345] {logging_mixin.py:109} INFO - [2022-02-08 17:16:47,344] {dag.py:2396} INFO - Sync 1 DAGs
[2022-02-08 17:16:48,749] {logging_mixin.py:109} INFO - [2022-02-08 17:16:48,748] {dag.py:2935} INFO - Setting next_dagrun for example_branch_dop_operator_v3 to 2022-02-08T17:15:00+00:00
[2022-02-08 17:16:49,219] {processor.py:171} INFO - Processing /home/airflow/.local/lib/python3.7/site-packages/airflow/example_dags/example_branch_python_dop_operator_3.py took 3.389 seconds
[2022-02-08 17:20:40,721] {processor.py:163} INFO - Started process (PID=1645) to work on /home/airflow/.local/lib/python3.7/site-packages/airflow/example_dags/example_branch_python_dop_operator_3.py
[2022-02-08 17:20:40,761] {processor.py:642} INFO - Processing file /home/airflow/.local/lib/python3.7/site-packages/airflow/example_dags/example_branch_python_dop_operator_3.py for tasks to queue
[2022-02-08 17:20:40,812] {logging_mixin.py:109} INFO - [2022-02-08 17:20:40,812] {dagbag.py:500} INFO - Filling up the DagBag from /home/airflow/.local/lib/python3.7/site-packages/airflow/example_dags/example_branch_python_dop_operator_3.py
[2022-02-08 17:20:41,979] {processor.py:654} INFO - DAG(s) dict_keys(['example_branch_dop_operator_v3']) retrieved from /home/airflow/.local/lib/python3.7/site-packages/airflow/example_dags/example_branch_python_dop_operator_3.py
[2022-02-08 17:20:42,398] {logging_mixin.py:109} INFO - [2022-02-08 17:20:42,398] {dag.py:2396} INFO - Sync 1 DAGs
[2022-02-08 17:20:43,689] {logging_mixin.py:109} INFO - [2022-02-08 17:20:43,688] {dag.py:2935} INFO - Setting next_dagrun for example_branch_dop_operator_v3 to 2022-02-08T17:19:00+00:00
[2022-02-08 17:20:44,186] {processor.py:171} INFO - Processing /home/airflow/.local/lib/python3.7/site-packages/airflow/example_dags/example_branch_python_dop_operator_3.py took 3.549 seconds
[2022-02-08 17:22:44,981] {processor.py:163} INFO - Started process (PID=1824) to work on /home/airflow/.local/lib/python3.7/site-packages/airflow/example_dags/example_branch_python_dop_operator_3.py
[2022-02-08 17:22:45,010] {processor.py:642} INFO - Processing file /home/airflow/.local/lib/python3.7/site-packages/airflow/example_dags/example_branch_python_dop_operator_3.py for tasks to queue
[2022-02-08 17:22:45,038] {logging_mixin.py:109} INFO - [2022-02-08 17:22:45,038] {dagbag.py:500} INFO - Filling up the DagBag from /home/airflow/.local/lib/python3.7/site-packages/airflow/example_dags/example_branch_python_dop_operator_3.py
[2022-02-08 17:22:45,771] {processor.py:654} INFO - DAG(s) dict_keys(['example_branch_dop_operator_v3']) retrieved from /home/airflow/.local/lib/python3.7/site-packages/airflow/example_dags/example_branch_python_dop_operator_3.py
[2022-02-08 17:22:45,990] {logging_mixin.py:109} INFO - [2022-02-08 17:22:45,989] {dag.py:2396} INFO - Sync 1 DAGs
[2022-02-08 17:22:46,530] {logging_mixin.py:109} INFO - [2022-02-08 17:22:46,529] {dag.py:2935} INFO - Setting next_dagrun for example_branch_dop_operator_v3 to 2022-02-08T17:21:00+00:00
[2022-02-08 17:22:46,844] {processor.py:171} INFO - Processing /home/airflow/.local/lib/python3.7/site-packages/airflow/example_dags/example_branch_python_dop_operator_3.py took 1.908 seconds
[2022-02-08 17:25:00,916] {processor.py:163} INFO - Started process (PID=1949) to work on /home/airflow/.local/lib/python3.7/site-packages/airflow/example_dags/example_branch_python_dop_operator_3.py
[2022-02-08 17:25:00,948] {processor.py:642} INFO - Processing file /home/airflow/.local/lib/python3.7/site-packages/airflow/example_dags/example_branch_python_dop_operator_3.py for tasks to queue
[2022-02-08 17:25:00,970] {logging_mixin.py:109} INFO - [2022-02-08 17:25:00,970] {dagbag.py:500} INFO - Filling up the DagBag from /home/airflow/.local/lib/python3.7/site-packages/airflow/example_dags/example_branch_python_dop_operator_3.py
[2022-02-08 17:25:02,020] {processor.py:654} INFO - DAG(s) dict_keys(['example_branch_dop_operator_v3']) retrieved from /home/airflow/.local/lib/python3.7/site-packages/airflow/example_dags/example_branch_python_dop_operator_3.py
[2022-02-08 17:25:03,606] {logging_mixin.py:109} INFO - [2022-02-08 17:25:03,599] {dag.py:2396} INFO - Sync 1 DAGs
[2022-02-08 17:25:05,053] {logging_mixin.py:109} INFO - [2022-02-08 17:25:05,052] {dag.py:2935} INFO - Setting next_dagrun for example_branch_dop_operator_v3 to 2022-02-08T17:24:00+00:00
[2022-02-08 17:25:05,363] {processor.py:171} INFO - Processing /home/airflow/.local/lib/python3.7/site-packages/airflow/example_dags/example_branch_python_dop_operator_3.py took 4.479 seconds
[2022-02-08 18:02:27,310] {processor.py:163} INFO - Started process (PID=903) to work on /home/airflow/.local/lib/python3.7/site-packages/airflow/example_dags/example_branch_python_dop_operator_3.py
[2022-02-08 18:02:27,345] {processor.py:642} INFO - Processing file /home/airflow/.local/lib/python3.7/site-packages/airflow/example_dags/example_branch_python_dop_operator_3.py for tasks to queue
[2022-02-08 18:02:27,405] {logging_mixin.py:109} INFO - [2022-02-08 18:02:27,405] {dagbag.py:500} INFO - Filling up the DagBag from /home/airflow/.local/lib/python3.7/site-packages/airflow/example_dags/example_branch_python_dop_operator_3.py
[2022-02-08 18:02:28,864] {processor.py:654} INFO - DAG(s) dict_keys(['example_branch_dop_operator_v3']) retrieved from /home/airflow/.local/lib/python3.7/site-packages/airflow/example_dags/example_branch_python_dop_operator_3.py
[2022-02-08 18:02:29,533] {logging_mixin.py:109} INFO - [2022-02-08 18:02:29,532] {dag.py:2396} INFO - Sync 1 DAGs
[2022-02-08 18:02:30,639] {logging_mixin.py:109} INFO - [2022-02-08 18:02:30,638] {dag.py:2935} INFO - Setting next_dagrun for example_branch_dop_operator_v3 to 2022-02-08T18:01:00+00:00
[2022-02-08 18:02:31,391] {processor.py:171} INFO - Processing /home/airflow/.local/lib/python3.7/site-packages/airflow/example_dags/example_branch_python_dop_operator_3.py took 4.157 seconds
