[2022-02-08 10:13:56,265] {processor.py:163} INFO - Started process (PID=668) to work on /home/airflow/.local/lib/python3.7/site-packages/airflow/example_dags/example_short_circuit_operator.py
[2022-02-08 10:13:56,268] {processor.py:642} INFO - Processing file /home/airflow/.local/lib/python3.7/site-packages/airflow/example_dags/example_short_circuit_operator.py for tasks to queue
[2022-02-08 10:13:56,271] {logging_mixin.py:109} INFO - [2022-02-08 10:13:56,271] {dagbag.py:500} INFO - Filling up the DagBag from /home/airflow/.local/lib/python3.7/site-packages/airflow/example_dags/example_short_circuit_operator.py
[2022-02-08 10:13:56,329] {processor.py:654} INFO - DAG(s) dict_keys(['example_short_circuit_operator']) retrieved from /home/airflow/.local/lib/python3.7/site-packages/airflow/example_dags/example_short_circuit_operator.py
[2022-02-08 10:14:05,535] {logging_mixin.py:109} INFO - [2022-02-08 10:14:05,534] {manager.py:496} INFO - Created Permission View: can read on DAG:example_short_circuit_operator
[2022-02-08 10:14:05,609] {logging_mixin.py:109} INFO - [2022-02-08 10:14:05,609] {manager.py:496} INFO - Created Permission View: can edit on DAG:example_short_circuit_operator
[2022-02-08 10:14:05,613] {logging_mixin.py:109} INFO - [2022-02-08 10:14:05,611] {dag.py:2396} INFO - Sync 1 DAGs
[2022-02-08 10:14:05,657] {logging_mixin.py:109} INFO - [2022-02-08 10:14:05,656] {dag.py:2415} INFO - Creating ORM DAG for example_short_circuit_operator
[2022-02-08 10:14:05,705] {logging_mixin.py:109} INFO - [2022-02-08 10:14:05,705] {dag.py:2935} INFO - Setting next_dagrun for example_short_circuit_operator to 2022-02-07T10:14:05.704030+00:00
[2022-02-08 10:14:05,791] {processor.py:171} INFO - Processing /home/airflow/.local/lib/python3.7/site-packages/airflow/example_dags/example_short_circuit_operator.py took 9.533 seconds
[2022-02-08 10:14:35,944] {processor.py:163} INFO - Started process (PID=799) to work on /home/airflow/.local/lib/python3.7/site-packages/airflow/example_dags/example_short_circuit_operator.py
[2022-02-08 10:14:35,947] {processor.py:642} INFO - Processing file /home/airflow/.local/lib/python3.7/site-packages/airflow/example_dags/example_short_circuit_operator.py for tasks to queue
[2022-02-08 10:14:35,949] {logging_mixin.py:109} INFO - [2022-02-08 10:14:35,948] {dagbag.py:500} INFO - Filling up the DagBag from /home/airflow/.local/lib/python3.7/site-packages/airflow/example_dags/example_short_circuit_operator.py
[2022-02-08 10:14:36,002] {processor.py:654} INFO - DAG(s) dict_keys(['example_short_circuit_operator']) retrieved from /home/airflow/.local/lib/python3.7/site-packages/airflow/example_dags/example_short_circuit_operator.py
[2022-02-08 10:14:36,034] {logging_mixin.py:109} INFO - [2022-02-08 10:14:36,034] {dag.py:2396} INFO - Sync 1 DAGs
[2022-02-08 10:14:36,076] {logging_mixin.py:109} INFO - [2022-02-08 10:14:36,076] {dag.py:2935} INFO - Setting next_dagrun for example_short_circuit_operator to 2022-02-07T10:14:36.075153+00:00
[2022-02-08 10:14:36,122] {processor.py:171} INFO - Processing /home/airflow/.local/lib/python3.7/site-packages/airflow/example_dags/example_short_circuit_operator.py took 0.184 seconds
[2022-02-08 10:15:06,515] {processor.py:163} INFO - Started process (PID=898) to work on /home/airflow/.local/lib/python3.7/site-packages/airflow/example_dags/example_short_circuit_operator.py
[2022-02-08 10:15:06,520] {processor.py:642} INFO - Processing file /home/airflow/.local/lib/python3.7/site-packages/airflow/example_dags/example_short_circuit_operator.py for tasks to queue
[2022-02-08 10:15:06,526] {logging_mixin.py:109} INFO - [2022-02-08 10:15:06,526] {dagbag.py:500} INFO - Filling up the DagBag from /home/airflow/.local/lib/python3.7/site-packages/airflow/example_dags/example_short_circuit_operator.py
[2022-02-08 10:15:06,594] {processor.py:654} INFO - DAG(s) dict_keys(['example_short_circuit_operator']) retrieved from /home/airflow/.local/lib/python3.7/site-packages/airflow/example_dags/example_short_circuit_operator.py
[2022-02-08 10:15:06,631] {logging_mixin.py:109} INFO - [2022-02-08 10:15:06,630] {dag.py:2396} INFO - Sync 1 DAGs
[2022-02-08 10:15:06,680] {logging_mixin.py:109} INFO - [2022-02-08 10:15:06,680] {dag.py:2935} INFO - Setting next_dagrun for example_short_circuit_operator to 2022-02-07T10:15:06.678925+00:00
[2022-02-08 10:15:06,727] {processor.py:171} INFO - Processing /home/airflow/.local/lib/python3.7/site-packages/airflow/example_dags/example_short_circuit_operator.py took 0.218 seconds
[2022-02-08 10:24:01,618] {processor.py:163} INFO - Started process (PID=477) to work on /home/airflow/.local/lib/python3.7/site-packages/airflow/example_dags/example_short_circuit_operator.py
[2022-02-08 10:24:01,659] {processor.py:642} INFO - Processing file /home/airflow/.local/lib/python3.7/site-packages/airflow/example_dags/example_short_circuit_operator.py for tasks to queue
[2022-02-08 10:24:01,690] {logging_mixin.py:109} INFO - [2022-02-08 10:24:01,690] {dagbag.py:500} INFO - Filling up the DagBag from /home/airflow/.local/lib/python3.7/site-packages/airflow/example_dags/example_short_circuit_operator.py
[2022-02-08 10:24:02,496] {processor.py:654} INFO - DAG(s) dict_keys(['example_short_circuit_operator']) retrieved from /home/airflow/.local/lib/python3.7/site-packages/airflow/example_dags/example_short_circuit_operator.py
[2022-02-08 10:24:02,759] {logging_mixin.py:109} INFO - [2022-02-08 10:24:02,759] {dag.py:2396} INFO - Sync 1 DAGs
[2022-02-08 10:24:03,448] {logging_mixin.py:109} INFO - [2022-02-08 10:24:03,447] {dag.py:2935} INFO - Setting next_dagrun for example_short_circuit_operator to 2022-02-07T10:24:03.446191+00:00
[2022-02-08 10:24:03,779] {processor.py:171} INFO - Processing /home/airflow/.local/lib/python3.7/site-packages/airflow/example_dags/example_short_circuit_operator.py took 2.285 seconds
[2022-02-08 11:10:09,395] {processor.py:163} INFO - Started process (PID=640) to work on /home/airflow/.local/lib/python3.7/site-packages/airflow/example_dags/example_short_circuit_operator.py
[2022-02-08 11:10:09,579] {processor.py:642} INFO - Processing file /home/airflow/.local/lib/python3.7/site-packages/airflow/example_dags/example_short_circuit_operator.py for tasks to queue
[2022-02-08 11:10:09,641] {logging_mixin.py:109} INFO - [2022-02-08 11:10:09,641] {dagbag.py:500} INFO - Filling up the DagBag from /home/airflow/.local/lib/python3.7/site-packages/airflow/example_dags/example_short_circuit_operator.py
[2022-02-08 11:10:13,578] {processor.py:654} INFO - DAG(s) dict_keys(['example_short_circuit_operator']) retrieved from /home/airflow/.local/lib/python3.7/site-packages/airflow/example_dags/example_short_circuit_operator.py
[2022-02-08 11:10:14,891] {logging_mixin.py:109} INFO - [2022-02-08 11:10:14,772] {dag.py:2396} INFO - Sync 1 DAGs
[2022-02-08 11:10:16,217] {logging_mixin.py:109} INFO - [2022-02-08 11:10:16,216] {dag.py:2935} INFO - Setting next_dagrun for example_short_circuit_operator to 2022-02-07T11:10:16.165699+00:00
[2022-02-08 11:10:17,427] {processor.py:171} INFO - Processing /home/airflow/.local/lib/python3.7/site-packages/airflow/example_dags/example_short_circuit_operator.py took 8.112 seconds
[2022-02-08 11:21:21,336] {processor.py:163} INFO - Started process (PID=592) to work on /home/airflow/.local/lib/python3.7/site-packages/airflow/example_dags/example_short_circuit_operator.py
[2022-02-08 11:21:21,353] {processor.py:642} INFO - Processing file /home/airflow/.local/lib/python3.7/site-packages/airflow/example_dags/example_short_circuit_operator.py for tasks to queue
[2022-02-08 11:21:21,373] {logging_mixin.py:109} INFO - [2022-02-08 11:21:21,370] {dagbag.py:500} INFO - Filling up the DagBag from /home/airflow/.local/lib/python3.7/site-packages/airflow/example_dags/example_short_circuit_operator.py
[2022-02-08 11:21:22,887] {processor.py:654} INFO - DAG(s) dict_keys(['example_short_circuit_operator']) retrieved from /home/airflow/.local/lib/python3.7/site-packages/airflow/example_dags/example_short_circuit_operator.py
[2022-02-08 11:21:23,845] {logging_mixin.py:109} INFO - [2022-02-08 11:21:23,844] {dag.py:2396} INFO - Sync 1 DAGs
[2022-02-08 11:21:24,963] {logging_mixin.py:109} INFO - [2022-02-08 11:21:24,941] {dag.py:2935} INFO - Setting next_dagrun for example_short_circuit_operator to 2022-02-07T11:21:24.931524+00:00
[2022-02-08 11:21:25,518] {processor.py:171} INFO - Processing /home/airflow/.local/lib/python3.7/site-packages/airflow/example_dags/example_short_circuit_operator.py took 4.324 seconds
[2022-02-08 12:36:08,848] {processor.py:163} INFO - Started process (PID=390) to work on /home/airflow/.local/lib/python3.7/site-packages/airflow/example_dags/example_short_circuit_operator.py
[2022-02-08 12:36:08,870] {processor.py:642} INFO - Processing file /home/airflow/.local/lib/python3.7/site-packages/airflow/example_dags/example_short_circuit_operator.py for tasks to queue
[2022-02-08 12:36:08,894] {logging_mixin.py:109} INFO - [2022-02-08 12:36:08,888] {dagbag.py:500} INFO - Filling up the DagBag from /home/airflow/.local/lib/python3.7/site-packages/airflow/example_dags/example_short_circuit_operator.py
[2022-02-08 12:36:09,374] {processor.py:654} INFO - DAG(s) dict_keys(['example_short_circuit_operator']) retrieved from /home/airflow/.local/lib/python3.7/site-packages/airflow/example_dags/example_short_circuit_operator.py
[2022-02-08 12:36:09,756] {logging_mixin.py:109} INFO - [2022-02-08 12:36:09,756] {dag.py:2396} INFO - Sync 1 DAGs
[2022-02-08 12:36:10,266] {logging_mixin.py:109} INFO - [2022-02-08 12:36:10,265] {dag.py:2935} INFO - Setting next_dagrun for example_short_circuit_operator to 2022-02-07T12:36:10.241606+00:00
[2022-02-08 12:36:10,432] {processor.py:171} INFO - Processing /home/airflow/.local/lib/python3.7/site-packages/airflow/example_dags/example_short_circuit_operator.py took 1.598 seconds
[2022-02-08 12:41:17,815] {processor.py:163} INFO - Started process (PID=645) to work on /home/airflow/.local/lib/python3.7/site-packages/airflow/example_dags/example_short_circuit_operator.py
[2022-02-08 12:41:17,879] {processor.py:642} INFO - Processing file /home/airflow/.local/lib/python3.7/site-packages/airflow/example_dags/example_short_circuit_operator.py for tasks to queue
[2022-02-08 12:41:17,954] {logging_mixin.py:109} INFO - [2022-02-08 12:41:17,954] {dagbag.py:500} INFO - Filling up the DagBag from /home/airflow/.local/lib/python3.7/site-packages/airflow/example_dags/example_short_circuit_operator.py
[2022-02-08 12:41:19,321] {processor.py:654} INFO - DAG(s) dict_keys(['example_short_circuit_operator']) retrieved from /home/airflow/.local/lib/python3.7/site-packages/airflow/example_dags/example_short_circuit_operator.py
[2022-02-08 12:41:19,957] {logging_mixin.py:109} INFO - [2022-02-08 12:41:19,956] {dag.py:2396} INFO - Sync 1 DAGs
[2022-02-08 12:41:20,879] {logging_mixin.py:109} INFO - [2022-02-08 12:41:20,879] {dag.py:2935} INFO - Setting next_dagrun for example_short_circuit_operator to 2022-02-07T12:41:20.854628+00:00
[2022-02-08 12:41:21,179] {processor.py:171} INFO - Processing /home/airflow/.local/lib/python3.7/site-packages/airflow/example_dags/example_short_circuit_operator.py took 3.437 seconds
[2022-02-08 12:44:00,854] {processor.py:163} INFO - Started process (PID=813) to work on /home/airflow/.local/lib/python3.7/site-packages/airflow/example_dags/example_short_circuit_operator.py
[2022-02-08 12:44:00,887] {processor.py:642} INFO - Processing file /home/airflow/.local/lib/python3.7/site-packages/airflow/example_dags/example_short_circuit_operator.py for tasks to queue
[2022-02-08 12:44:00,903] {logging_mixin.py:109} INFO - [2022-02-08 12:44:00,903] {dagbag.py:500} INFO - Filling up the DagBag from /home/airflow/.local/lib/python3.7/site-packages/airflow/example_dags/example_short_circuit_operator.py
[2022-02-08 12:44:02,005] {processor.py:654} INFO - DAG(s) dict_keys(['example_short_circuit_operator']) retrieved from /home/airflow/.local/lib/python3.7/site-packages/airflow/example_dags/example_short_circuit_operator.py
[2022-02-08 12:44:02,739] {logging_mixin.py:109} INFO - [2022-02-08 12:44:02,739] {dag.py:2396} INFO - Sync 1 DAGs
[2022-02-08 12:44:03,479] {logging_mixin.py:109} INFO - [2022-02-08 12:44:03,479] {dag.py:2935} INFO - Setting next_dagrun for example_short_circuit_operator to 2022-02-07T12:44:03.427710+00:00
[2022-02-08 12:44:03,813] {processor.py:171} INFO - Processing /home/airflow/.local/lib/python3.7/site-packages/airflow/example_dags/example_short_circuit_operator.py took 3.046 seconds
[2022-02-08 12:46:39,379] {processor.py:163} INFO - Started process (PID=1030) to work on /home/airflow/.local/lib/python3.7/site-packages/airflow/example_dags/example_short_circuit_operator.py
[2022-02-08 12:46:39,394] {processor.py:642} INFO - Processing file /home/airflow/.local/lib/python3.7/site-packages/airflow/example_dags/example_short_circuit_operator.py for tasks to queue
[2022-02-08 12:46:39,443] {logging_mixin.py:109} INFO - [2022-02-08 12:46:39,443] {dagbag.py:500} INFO - Filling up the DagBag from /home/airflow/.local/lib/python3.7/site-packages/airflow/example_dags/example_short_circuit_operator.py
[2022-02-08 12:46:40,484] {processor.py:654} INFO - DAG(s) dict_keys(['example_short_circuit_operator']) retrieved from /home/airflow/.local/lib/python3.7/site-packages/airflow/example_dags/example_short_circuit_operator.py
[2022-02-08 12:46:41,174] {logging_mixin.py:109} INFO - [2022-02-08 12:46:41,173] {dag.py:2396} INFO - Sync 1 DAGs
[2022-02-08 12:46:42,001] {logging_mixin.py:109} INFO - [2022-02-08 12:46:42,000] {dag.py:2935} INFO - Setting next_dagrun for example_short_circuit_operator to 2022-02-07T12:46:41.961638+00:00
[2022-02-08 12:46:42,430] {processor.py:171} INFO - Processing /home/airflow/.local/lib/python3.7/site-packages/airflow/example_dags/example_short_circuit_operator.py took 3.188 seconds
[2022-02-08 16:13:30,645] {processor.py:163} INFO - Started process (PID=394) to work on /home/airflow/.local/lib/python3.7/site-packages/airflow/example_dags/example_short_circuit_operator.py
[2022-02-08 16:13:30,663] {processor.py:642} INFO - Processing file /home/airflow/.local/lib/python3.7/site-packages/airflow/example_dags/example_short_circuit_operator.py for tasks to queue
[2022-02-08 16:13:30,683] {logging_mixin.py:109} INFO - [2022-02-08 16:13:30,683] {dagbag.py:500} INFO - Filling up the DagBag from /home/airflow/.local/lib/python3.7/site-packages/airflow/example_dags/example_short_circuit_operator.py
[2022-02-08 16:13:31,445] {processor.py:654} INFO - DAG(s) dict_keys(['example_short_circuit_operator']) retrieved from /home/airflow/.local/lib/python3.7/site-packages/airflow/example_dags/example_short_circuit_operator.py
[2022-02-08 16:13:31,882] {logging_mixin.py:109} INFO - [2022-02-08 16:13:31,882] {dag.py:2396} INFO - Sync 1 DAGs
[2022-02-08 16:13:32,358] {logging_mixin.py:109} INFO - [2022-02-08 16:13:32,357] {dag.py:2935} INFO - Setting next_dagrun for example_short_circuit_operator to 2022-02-07T16:13:32.310989+00:00
[2022-02-08 16:13:32,517] {processor.py:171} INFO - Processing /home/airflow/.local/lib/python3.7/site-packages/airflow/example_dags/example_short_circuit_operator.py took 1.975 seconds
[2022-02-08 16:39:36,656] {processor.py:163} INFO - Started process (PID=1007) to work on /home/airflow/.local/lib/python3.7/site-packages/airflow/example_dags/example_short_circuit_operator.py
[2022-02-08 16:39:36,712] {processor.py:642} INFO - Processing file /home/airflow/.local/lib/python3.7/site-packages/airflow/example_dags/example_short_circuit_operator.py for tasks to queue
[2022-02-08 16:39:36,762] {logging_mixin.py:109} INFO - [2022-02-08 16:39:36,761] {dagbag.py:500} INFO - Filling up the DagBag from /home/airflow/.local/lib/python3.7/site-packages/airflow/example_dags/example_short_circuit_operator.py
[2022-02-08 16:40:09,460] {processor.py:174} ERROR - Got an exception! Propagating...
Traceback (most recent call last):
  File "/home/airflow/.local/lib/python3.7/site-packages/sqlalchemy/engine/base.py", line 2336, in _wrap_pool_connect
    return fn()
  File "/home/airflow/.local/lib/python3.7/site-packages/sqlalchemy/pool/base.py", line 364, in connect
    return _ConnectionFairy._checkout(self)
  File "/home/airflow/.local/lib/python3.7/site-packages/sqlalchemy/pool/base.py", line 778, in _checkout
    fairy = _ConnectionRecord.checkout(pool)
  File "/home/airflow/.local/lib/python3.7/site-packages/sqlalchemy/pool/base.py", line 495, in checkout
    rec = pool._do_get()
  File "/home/airflow/.local/lib/python3.7/site-packages/sqlalchemy/pool/impl.py", line 140, in _do_get
    self._dec_overflow()
  File "/home/airflow/.local/lib/python3.7/site-packages/sqlalchemy/util/langhelpers.py", line 70, in __exit__
    with_traceback=exc_tb,
  File "/home/airflow/.local/lib/python3.7/site-packages/sqlalchemy/util/compat.py", line 182, in raise_
    raise exception
  File "/home/airflow/.local/lib/python3.7/site-packages/sqlalchemy/pool/impl.py", line 137, in _do_get
    return self._create_connection()
  File "/home/airflow/.local/lib/python3.7/site-packages/sqlalchemy/pool/base.py", line 309, in _create_connection
    return _ConnectionRecord(self)
  File "/home/airflow/.local/lib/python3.7/site-packages/sqlalchemy/pool/base.py", line 440, in __init__
    self.__connect(first_connect_check=True)
  File "/home/airflow/.local/lib/python3.7/site-packages/sqlalchemy/pool/base.py", line 661, in __connect
    pool.logger.debug("Error on connect(): %s", e)
  File "/home/airflow/.local/lib/python3.7/site-packages/sqlalchemy/util/langhelpers.py", line 70, in __exit__
    with_traceback=exc_tb,
  File "/home/airflow/.local/lib/python3.7/site-packages/sqlalchemy/util/compat.py", line 182, in raise_
    raise exception
  File "/home/airflow/.local/lib/python3.7/site-packages/sqlalchemy/pool/base.py", line 656, in __connect
    connection = pool._invoke_creator(self)
  File "/home/airflow/.local/lib/python3.7/site-packages/sqlalchemy/engine/strategies.py", line 114, in connect
    return dialect.connect(*cargs, **cparams)
  File "/home/airflow/.local/lib/python3.7/site-packages/sqlalchemy/engine/default.py", line 508, in connect
    return self.dbapi.connect(*cargs, **cparams)
  File "/home/airflow/.local/lib/python3.7/site-packages/psycopg2/__init__.py", line 122, in connect
    conn = _connect(dsn, connection_factory=connection_factory, **kwasync)
psycopg2.OperationalError: could not translate host name "postgres" to address: Temporary failure in name resolution


The above exception was the direct cause of the following exception:

Traceback (most recent call last):
  File "/home/airflow/.local/lib/python3.7/site-packages/airflow/dag_processing/processor.py", line 168, in _run_file_processor
    callback_requests=callback_requests,
  File "/home/airflow/.local/lib/python3.7/site-packages/airflow/utils/session.py", line 70, in wrapper
    return func(*args, session=session, **kwargs)
  File "/home/airflow/.local/lib/python3.7/site-packages/airflow/dag_processing/processor.py", line 651, in process_file
    self._deactivate_missing_dags(session, dagbag, file_path)
  File "/home/airflow/.local/lib/python3.7/site-packages/airflow/dag_processing/processor.py", line 687, in _deactivate_missing_dags
    .update({DagModel.is_active: False}, synchronize_session="fetch")
  File "/home/airflow/.local/lib/python3.7/site-packages/sqlalchemy/orm/query.py", line 4063, in update
    update_op.exec_()
  File "/home/airflow/.local/lib/python3.7/site-packages/sqlalchemy/orm/persistence.py", line 1696, in exec_
    self._do_pre_synchronize()
  File "/home/airflow/.local/lib/python3.7/site-packages/sqlalchemy/orm/persistence.py", line 1806, in _do_pre_synchronize
    select_stmt, mapper=self.mapper, params=query._params
  File "/home/airflow/.local/lib/python3.7/site-packages/sqlalchemy/orm/session.py", line 1295, in execute
    return self._connection_for_bind(bind, close_with_result=True).execute(
  File "/home/airflow/.local/lib/python3.7/site-packages/sqlalchemy/orm/session.py", line 1151, in _connection_for_bind
    engine, execution_options
  File "/home/airflow/.local/lib/python3.7/site-packages/sqlalchemy/orm/session.py", line 433, in _connection_for_bind
    conn = bind._contextual_connect()
  File "/home/airflow/.local/lib/python3.7/site-packages/sqlalchemy/engine/base.py", line 2302, in _contextual_connect
    self._wrap_pool_connect(self.pool.connect, None),
  File "/home/airflow/.local/lib/python3.7/site-packages/sqlalchemy/engine/base.py", line 2340, in _wrap_pool_connect
    e, dialect, self
  File "/home/airflow/.local/lib/python3.7/site-packages/sqlalchemy/engine/base.py", line 1584, in _handle_dbapi_exception_noconnection
    sqlalchemy_exception, with_traceback=exc_info[2], from_=e
  File "/home/airflow/.local/lib/python3.7/site-packages/sqlalchemy/util/compat.py", line 182, in raise_
    raise exception
  File "/home/airflow/.local/lib/python3.7/site-packages/sqlalchemy/engine/base.py", line 2336, in _wrap_pool_connect
    return fn()
  File "/home/airflow/.local/lib/python3.7/site-packages/sqlalchemy/pool/base.py", line 364, in connect
    return _ConnectionFairy._checkout(self)
  File "/home/airflow/.local/lib/python3.7/site-packages/sqlalchemy/pool/base.py", line 778, in _checkout
    fairy = _ConnectionRecord.checkout(pool)
  File "/home/airflow/.local/lib/python3.7/site-packages/sqlalchemy/pool/base.py", line 495, in checkout
    rec = pool._do_get()
  File "/home/airflow/.local/lib/python3.7/site-packages/sqlalchemy/pool/impl.py", line 140, in _do_get
    self._dec_overflow()
  File "/home/airflow/.local/lib/python3.7/site-packages/sqlalchemy/util/langhelpers.py", line 70, in __exit__
    with_traceback=exc_tb,
  File "/home/airflow/.local/lib/python3.7/site-packages/sqlalchemy/util/compat.py", line 182, in raise_
    raise exception
  File "/home/airflow/.local/lib/python3.7/site-packages/sqlalchemy/pool/impl.py", line 137, in _do_get
    return self._create_connection()
  File "/home/airflow/.local/lib/python3.7/site-packages/sqlalchemy/pool/base.py", line 309, in _create_connection
    return _ConnectionRecord(self)
  File "/home/airflow/.local/lib/python3.7/site-packages/sqlalchemy/pool/base.py", line 440, in __init__
    self.__connect(first_connect_check=True)
  File "/home/airflow/.local/lib/python3.7/site-packages/sqlalchemy/pool/base.py", line 661, in __connect
    pool.logger.debug("Error on connect(): %s", e)
  File "/home/airflow/.local/lib/python3.7/site-packages/sqlalchemy/util/langhelpers.py", line 70, in __exit__
    with_traceback=exc_tb,
  File "/home/airflow/.local/lib/python3.7/site-packages/sqlalchemy/util/compat.py", line 182, in raise_
    raise exception
  File "/home/airflow/.local/lib/python3.7/site-packages/sqlalchemy/pool/base.py", line 656, in __connect
    connection = pool._invoke_creator(self)
  File "/home/airflow/.local/lib/python3.7/site-packages/sqlalchemy/engine/strategies.py", line 114, in connect
    return dialect.connect(*cargs, **cparams)
  File "/home/airflow/.local/lib/python3.7/site-packages/sqlalchemy/engine/default.py", line 508, in connect
    return self.dbapi.connect(*cargs, **cparams)
  File "/home/airflow/.local/lib/python3.7/site-packages/psycopg2/__init__.py", line 122, in connect
    conn = _connect(dsn, connection_factory=connection_factory, **kwasync)
sqlalchemy.exc.OperationalError: (psycopg2.OperationalError) could not translate host name "postgres" to address: Temporary failure in name resolution

(Background on this error at: http://sqlalche.me/e/13/e3q8)
[2022-02-08 17:14:29,726] {processor.py:163} INFO - Started process (PID=1198) to work on /home/airflow/.local/lib/python3.7/site-packages/airflow/example_dags/example_short_circuit_operator.py
[2022-02-08 17:14:29,769] {processor.py:642} INFO - Processing file /home/airflow/.local/lib/python3.7/site-packages/airflow/example_dags/example_short_circuit_operator.py for tasks to queue
[2022-02-08 17:14:29,803] {logging_mixin.py:109} INFO - [2022-02-08 17:14:29,800] {dagbag.py:500} INFO - Filling up the DagBag from /home/airflow/.local/lib/python3.7/site-packages/airflow/example_dags/example_short_circuit_operator.py
[2022-02-08 17:14:30,442] {processor.py:654} INFO - DAG(s) dict_keys(['example_short_circuit_operator']) retrieved from /home/airflow/.local/lib/python3.7/site-packages/airflow/example_dags/example_short_circuit_operator.py
[2022-02-08 17:14:30,889] {logging_mixin.py:109} INFO - [2022-02-08 17:14:30,881] {dag.py:2396} INFO - Sync 1 DAGs
[2022-02-08 17:14:31,619] {logging_mixin.py:109} INFO - [2022-02-08 17:14:31,619] {dag.py:2935} INFO - Setting next_dagrun for example_short_circuit_operator to 2022-02-07T17:14:31.588156+00:00
[2022-02-08 17:14:32,007] {processor.py:171} INFO - Processing /home/airflow/.local/lib/python3.7/site-packages/airflow/example_dags/example_short_circuit_operator.py took 2.522 seconds
[2022-02-08 17:16:46,437] {processor.py:163} INFO - Started process (PID=1387) to work on /home/airflow/.local/lib/python3.7/site-packages/airflow/example_dags/example_short_circuit_operator.py
[2022-02-08 17:16:46,506] {processor.py:642} INFO - Processing file /home/airflow/.local/lib/python3.7/site-packages/airflow/example_dags/example_short_circuit_operator.py for tasks to queue
[2022-02-08 17:16:46,511] {logging_mixin.py:109} INFO - [2022-02-08 17:16:46,510] {dagbag.py:500} INFO - Filling up the DagBag from /home/airflow/.local/lib/python3.7/site-packages/airflow/example_dags/example_short_circuit_operator.py
[2022-02-08 17:16:47,628] {processor.py:654} INFO - DAG(s) dict_keys(['example_short_circuit_operator']) retrieved from /home/airflow/.local/lib/python3.7/site-packages/airflow/example_dags/example_short_circuit_operator.py
[2022-02-08 17:16:48,489] {logging_mixin.py:109} INFO - [2022-02-08 17:16:48,489] {dag.py:2396} INFO - Sync 1 DAGs
[2022-02-08 17:16:49,303] {logging_mixin.py:109} INFO - [2022-02-08 17:16:49,300] {dag.py:2935} INFO - Setting next_dagrun for example_short_circuit_operator to 2022-02-07T17:16:49.298034+00:00
[2022-02-08 17:16:49,489] {processor.py:171} INFO - Processing /home/airflow/.local/lib/python3.7/site-packages/airflow/example_dags/example_short_circuit_operator.py took 3.111 seconds
[2022-02-08 17:20:42,668] {processor.py:163} INFO - Started process (PID=1658) to work on /home/airflow/.local/lib/python3.7/site-packages/airflow/example_dags/example_short_circuit_operator.py
[2022-02-08 17:20:42,692] {processor.py:642} INFO - Processing file /home/airflow/.local/lib/python3.7/site-packages/airflow/example_dags/example_short_circuit_operator.py for tasks to queue
[2022-02-08 17:20:42,755] {logging_mixin.py:109} INFO - [2022-02-08 17:20:42,755] {dagbag.py:500} INFO - Filling up the DagBag from /home/airflow/.local/lib/python3.7/site-packages/airflow/example_dags/example_short_circuit_operator.py
[2022-02-08 17:20:43,748] {processor.py:654} INFO - DAG(s) dict_keys(['example_short_circuit_operator']) retrieved from /home/airflow/.local/lib/python3.7/site-packages/airflow/example_dags/example_short_circuit_operator.py
[2022-02-08 17:20:44,244] {logging_mixin.py:109} INFO - [2022-02-08 17:20:44,244] {dag.py:2396} INFO - Sync 1 DAGs
[2022-02-08 17:20:45,103] {logging_mixin.py:109} INFO - [2022-02-08 17:20:45,103] {dag.py:2935} INFO - Setting next_dagrun for example_short_circuit_operator to 2022-02-07T17:20:45.072348+00:00
[2022-02-08 17:20:45,574] {processor.py:171} INFO - Processing /home/airflow/.local/lib/python3.7/site-packages/airflow/example_dags/example_short_circuit_operator.py took 2.980 seconds
[2022-02-08 17:22:45,558] {processor.py:163} INFO - Started process (PID=1826) to work on /home/airflow/.local/lib/python3.7/site-packages/airflow/example_dags/example_short_circuit_operator.py
[2022-02-08 17:22:45,592] {processor.py:642} INFO - Processing file /home/airflow/.local/lib/python3.7/site-packages/airflow/example_dags/example_short_circuit_operator.py for tasks to queue
[2022-02-08 17:22:45,624] {logging_mixin.py:109} INFO - [2022-02-08 17:22:45,624] {dagbag.py:500} INFO - Filling up the DagBag from /home/airflow/.local/lib/python3.7/site-packages/airflow/example_dags/example_short_circuit_operator.py
[2022-02-08 17:22:46,232] {processor.py:654} INFO - DAG(s) dict_keys(['example_short_circuit_operator']) retrieved from /home/airflow/.local/lib/python3.7/site-packages/airflow/example_dags/example_short_circuit_operator.py
[2022-02-08 17:22:46,708] {logging_mixin.py:109} INFO - [2022-02-08 17:22:46,689] {dag.py:2396} INFO - Sync 1 DAGs
[2022-02-08 17:22:47,576] {logging_mixin.py:109} INFO - [2022-02-08 17:22:47,572] {dag.py:2935} INFO - Setting next_dagrun for example_short_circuit_operator to 2022-02-07T17:22:47.546373+00:00
[2022-02-08 17:22:47,984] {processor.py:171} INFO - Processing /home/airflow/.local/lib/python3.7/site-packages/airflow/example_dags/example_short_circuit_operator.py took 2.479 seconds
[2022-02-08 17:25:03,619] {processor.py:163} INFO - Started process (PID=1951) to work on /home/airflow/.local/lib/python3.7/site-packages/airflow/example_dags/example_short_circuit_operator.py
[2022-02-08 17:25:03,649] {processor.py:642} INFO - Processing file /home/airflow/.local/lib/python3.7/site-packages/airflow/example_dags/example_short_circuit_operator.py for tasks to queue
[2022-02-08 17:25:03,690] {logging_mixin.py:109} INFO - [2022-02-08 17:25:03,687] {dagbag.py:500} INFO - Filling up the DagBag from /home/airflow/.local/lib/python3.7/site-packages/airflow/example_dags/example_short_circuit_operator.py
[2022-02-08 17:25:04,882] {processor.py:654} INFO - DAG(s) dict_keys(['example_short_circuit_operator']) retrieved from /home/airflow/.local/lib/python3.7/site-packages/airflow/example_dags/example_short_circuit_operator.py
[2022-02-08 17:25:05,495] {logging_mixin.py:109} INFO - [2022-02-08 17:25:05,495] {dag.py:2396} INFO - Sync 1 DAGs
[2022-02-08 17:25:05,860] {logging_mixin.py:109} INFO - [2022-02-08 17:25:05,859] {dag.py:2935} INFO - Setting next_dagrun for example_short_circuit_operator to 2022-02-07T17:25:05.842279+00:00
[2022-02-08 17:25:06,109] {processor.py:171} INFO - Processing /home/airflow/.local/lib/python3.7/site-packages/airflow/example_dags/example_short_circuit_operator.py took 2.616 seconds
[2022-02-08 18:02:28,878] {processor.py:163} INFO - Started process (PID=905) to work on /home/airflow/.local/lib/python3.7/site-packages/airflow/example_dags/example_short_circuit_operator.py
[2022-02-08 18:02:28,930] {processor.py:642} INFO - Processing file /home/airflow/.local/lib/python3.7/site-packages/airflow/example_dags/example_short_circuit_operator.py for tasks to queue
[2022-02-08 18:02:29,000] {logging_mixin.py:109} INFO - [2022-02-08 18:02:29,000] {dagbag.py:500} INFO - Filling up the DagBag from /home/airflow/.local/lib/python3.7/site-packages/airflow/example_dags/example_short_circuit_operator.py
[2022-02-08 18:02:30,531] {processor.py:654} INFO - DAG(s) dict_keys(['example_short_circuit_operator']) retrieved from /home/airflow/.local/lib/python3.7/site-packages/airflow/example_dags/example_short_circuit_operator.py
[2022-02-08 18:02:31,373] {logging_mixin.py:109} INFO - [2022-02-08 18:02:31,373] {dag.py:2396} INFO - Sync 1 DAGs
[2022-02-08 18:02:31,698] {logging_mixin.py:109} INFO - [2022-02-08 18:02:31,697] {dag.py:2935} INFO - Setting next_dagrun for example_short_circuit_operator to 2022-02-07T18:02:31.695120+00:00
[2022-02-08 18:02:31,773] {processor.py:171} INFO - Processing /home/airflow/.local/lib/python3.7/site-packages/airflow/example_dags/example_short_circuit_operator.py took 2.961 seconds
