[2022-02-08 10:12:44,193] {processor.py:163} INFO - Started process (PID=533) to work on /home/airflow/.local/lib/python3.7/site-packages/airflow/example_dags/example_branch_labels.py
[2022-02-08 10:12:44,199] {processor.py:642} INFO - Processing file /home/airflow/.local/lib/python3.7/site-packages/airflow/example_dags/example_branch_labels.py for tasks to queue
[2022-02-08 10:12:44,204] {logging_mixin.py:109} INFO - [2022-02-08 10:12:44,202] {dagbag.py:500} INFO - Filling up the DagBag from /home/airflow/.local/lib/python3.7/site-packages/airflow/example_dags/example_branch_labels.py
[2022-02-08 10:12:44,295] {processor.py:654} INFO - DAG(s) dict_keys(['example_branch_labels']) retrieved from /home/airflow/.local/lib/python3.7/site-packages/airflow/example_dags/example_branch_labels.py
[2022-02-08 10:12:56,006] {logging_mixin.py:109} INFO - [2022-02-08 10:12:56,005] {manager.py:496} INFO - Created Permission View: can read on DAG:example_branch_labels
[2022-02-08 10:12:56,046] {logging_mixin.py:109} INFO - [2022-02-08 10:12:56,045] {manager.py:496} INFO - Created Permission View: can edit on DAG:example_branch_labels
[2022-02-08 10:12:56,048] {logging_mixin.py:109} INFO - [2022-02-08 10:12:56,047] {dag.py:2396} INFO - Sync 1 DAGs
[2022-02-08 10:12:56,076] {logging_mixin.py:109} INFO - [2022-02-08 10:12:56,075] {dag.py:2415} INFO - Creating ORM DAG for example_branch_labels
[2022-02-08 10:12:56,107] {logging_mixin.py:109} INFO - [2022-02-08 10:12:56,107] {dag.py:2935} INFO - Setting next_dagrun for example_branch_labels to 2022-02-07 00:00:00+00:00
[2022-02-08 10:12:56,168] {processor.py:171} INFO - Processing /home/airflow/.local/lib/python3.7/site-packages/airflow/example_dags/example_branch_labels.py took 11.988 seconds
[2022-02-08 10:14:07,474] {processor.py:163} INFO - Started process (PID=727) to work on /home/airflow/.local/lib/python3.7/site-packages/airflow/example_dags/example_branch_labels.py
[2022-02-08 10:14:07,483] {processor.py:642} INFO - Processing file /home/airflow/.local/lib/python3.7/site-packages/airflow/example_dags/example_branch_labels.py for tasks to queue
[2022-02-08 10:14:07,486] {logging_mixin.py:109} INFO - [2022-02-08 10:14:07,486] {dagbag.py:500} INFO - Filling up the DagBag from /home/airflow/.local/lib/python3.7/site-packages/airflow/example_dags/example_branch_labels.py
[2022-02-08 10:14:07,559] {processor.py:654} INFO - DAG(s) dict_keys(['example_branch_labels']) retrieved from /home/airflow/.local/lib/python3.7/site-packages/airflow/example_dags/example_branch_labels.py
[2022-02-08 10:14:07,608] {logging_mixin.py:109} INFO - [2022-02-08 10:14:07,607] {dag.py:2396} INFO - Sync 1 DAGs
[2022-02-08 10:14:07,721] {logging_mixin.py:109} INFO - [2022-02-08 10:14:07,721] {dag.py:2935} INFO - Setting next_dagrun for example_branch_labels to 2022-02-07 00:00:00+00:00
[2022-02-08 10:14:07,798] {processor.py:171} INFO - Processing /home/airflow/.local/lib/python3.7/site-packages/airflow/example_dags/example_branch_labels.py took 0.337 seconds
[2022-02-08 10:14:38,385] {processor.py:163} INFO - Started process (PID=809) to work on /home/airflow/.local/lib/python3.7/site-packages/airflow/example_dags/example_branch_labels.py
[2022-02-08 10:14:38,388] {processor.py:642} INFO - Processing file /home/airflow/.local/lib/python3.7/site-packages/airflow/example_dags/example_branch_labels.py for tasks to queue
[2022-02-08 10:14:38,390] {logging_mixin.py:109} INFO - [2022-02-08 10:14:38,390] {dagbag.py:500} INFO - Filling up the DagBag from /home/airflow/.local/lib/python3.7/site-packages/airflow/example_dags/example_branch_labels.py
[2022-02-08 10:14:38,443] {processor.py:654} INFO - DAG(s) dict_keys(['example_branch_labels']) retrieved from /home/airflow/.local/lib/python3.7/site-packages/airflow/example_dags/example_branch_labels.py
[2022-02-08 10:14:38,477] {logging_mixin.py:109} INFO - [2022-02-08 10:14:38,476] {dag.py:2396} INFO - Sync 1 DAGs
[2022-02-08 10:14:38,525] {logging_mixin.py:109} INFO - [2022-02-08 10:14:38,525] {dag.py:2935} INFO - Setting next_dagrun for example_branch_labels to 2022-02-07 00:00:00+00:00
[2022-02-08 10:14:38,565] {processor.py:171} INFO - Processing /home/airflow/.local/lib/python3.7/site-packages/airflow/example_dags/example_branch_labels.py took 0.184 seconds
[2022-02-08 10:15:09,916] {processor.py:163} INFO - Started process (PID=908) to work on /home/airflow/.local/lib/python3.7/site-packages/airflow/example_dags/example_branch_labels.py
[2022-02-08 10:15:09,924] {processor.py:642} INFO - Processing file /home/airflow/.local/lib/python3.7/site-packages/airflow/example_dags/example_branch_labels.py for tasks to queue
[2022-02-08 10:15:09,929] {logging_mixin.py:109} INFO - [2022-02-08 10:15:09,929] {dagbag.py:500} INFO - Filling up the DagBag from /home/airflow/.local/lib/python3.7/site-packages/airflow/example_dags/example_branch_labels.py
[2022-02-08 10:15:10,075] {processor.py:654} INFO - DAG(s) dict_keys(['example_branch_labels']) retrieved from /home/airflow/.local/lib/python3.7/site-packages/airflow/example_dags/example_branch_labels.py
[2022-02-08 10:15:10,158] {logging_mixin.py:109} INFO - [2022-02-08 10:15:10,158] {dag.py:2396} INFO - Sync 1 DAGs
[2022-02-08 10:15:10,352] {logging_mixin.py:109} INFO - [2022-02-08 10:15:10,338] {dag.py:2935} INFO - Setting next_dagrun for example_branch_labels to 2022-02-07 00:00:00+00:00
[2022-02-08 10:15:10,421] {processor.py:171} INFO - Processing /home/airflow/.local/lib/python3.7/site-packages/airflow/example_dags/example_branch_labels.py took 0.513 seconds
[2022-02-08 10:23:27,682] {processor.py:163} INFO - Started process (PID=417) to work on /home/airflow/.local/lib/python3.7/site-packages/airflow/example_dags/example_branch_labels.py
[2022-02-08 10:23:27,745] {processor.py:642} INFO - Processing file /home/airflow/.local/lib/python3.7/site-packages/airflow/example_dags/example_branch_labels.py for tasks to queue
[2022-02-08 10:23:27,774] {logging_mixin.py:109} INFO - [2022-02-08 10:23:27,774] {dagbag.py:500} INFO - Filling up the DagBag from /home/airflow/.local/lib/python3.7/site-packages/airflow/example_dags/example_branch_labels.py
[2022-02-08 10:23:28,673] {processor.py:654} INFO - DAG(s) dict_keys(['example_branch_labels']) retrieved from /home/airflow/.local/lib/python3.7/site-packages/airflow/example_dags/example_branch_labels.py
[2022-02-08 10:23:29,249] {logging_mixin.py:109} INFO - [2022-02-08 10:23:29,248] {dag.py:2396} INFO - Sync 1 DAGs
[2022-02-08 10:23:30,315] {logging_mixin.py:109} INFO - [2022-02-08 10:23:30,293] {dag.py:2935} INFO - Setting next_dagrun for example_branch_labels to 2022-02-07 00:00:00+00:00
[2022-02-08 10:23:30,678] {processor.py:171} INFO - Processing /home/airflow/.local/lib/python3.7/site-packages/airflow/example_dags/example_branch_labels.py took 3.067 seconds
[2022-02-08 10:25:52,595] {processor.py:163} INFO - Started process (PID=584) to work on /home/airflow/.local/lib/python3.7/site-packages/airflow/example_dags/example_branch_labels.py
[2022-02-08 10:25:52,671] {processor.py:642} INFO - Processing file /home/airflow/.local/lib/python3.7/site-packages/airflow/example_dags/example_branch_labels.py for tasks to queue
[2022-02-08 10:25:52,736] {logging_mixin.py:109} INFO - [2022-02-08 10:25:52,704] {dagbag.py:500} INFO - Filling up the DagBag from /home/airflow/.local/lib/python3.7/site-packages/airflow/example_dags/example_branch_labels.py
[2022-02-08 10:25:54,234] {processor.py:654} INFO - DAG(s) dict_keys(['example_branch_labels']) retrieved from /home/airflow/.local/lib/python3.7/site-packages/airflow/example_dags/example_branch_labels.py
[2022-02-08 10:25:55,387] {logging_mixin.py:109} INFO - [2022-02-08 10:25:55,386] {dag.py:2396} INFO - Sync 1 DAGs
[2022-02-08 10:25:56,628] {logging_mixin.py:109} INFO - [2022-02-08 10:25:56,627] {dag.py:2935} INFO - Setting next_dagrun for example_branch_labels to 2022-02-07 00:00:00+00:00
[2022-02-08 10:25:57,009] {processor.py:171} INFO - Processing /home/airflow/.local/lib/python3.7/site-packages/airflow/example_dags/example_branch_labels.py took 4.514 seconds
[2022-02-08 10:27:57,702] {processor.py:163} INFO - Started process (PID=721) to work on /home/airflow/.local/lib/python3.7/site-packages/airflow/example_dags/example_branch_labels.py
[2022-02-08 10:27:57,722] {processor.py:642} INFO - Processing file /home/airflow/.local/lib/python3.7/site-packages/airflow/example_dags/example_branch_labels.py for tasks to queue
[2022-02-08 10:27:57,776] {logging_mixin.py:109} INFO - [2022-02-08 10:27:57,762] {dagbag.py:500} INFO - Filling up the DagBag from /home/airflow/.local/lib/python3.7/site-packages/airflow/example_dags/example_branch_labels.py
[2022-02-08 10:27:59,195] {processor.py:654} INFO - DAG(s) dict_keys(['example_branch_labels']) retrieved from /home/airflow/.local/lib/python3.7/site-packages/airflow/example_dags/example_branch_labels.py
[2022-02-08 10:28:00,306] {logging_mixin.py:109} INFO - [2022-02-08 10:28:00,254] {dag.py:2396} INFO - Sync 1 DAGs
[2022-02-08 10:28:01,958] {logging_mixin.py:109} INFO - [2022-02-08 10:28:01,958] {dag.py:2935} INFO - Setting next_dagrun for example_branch_labels to 2022-02-07 00:00:00+00:00
[2022-02-08 10:28:02,618] {processor.py:171} INFO - Processing /home/airflow/.local/lib/python3.7/site-packages/airflow/example_dags/example_branch_labels.py took 5.004 seconds
[2022-02-08 11:06:03,057] {processor.py:163} INFO - Started process (PID=393) to work on /home/airflow/.local/lib/python3.7/site-packages/airflow/example_dags/example_branch_labels.py
[2022-02-08 11:06:03,102] {processor.py:642} INFO - Processing file /home/airflow/.local/lib/python3.7/site-packages/airflow/example_dags/example_branch_labels.py for tasks to queue
[2022-02-08 11:06:03,226] {logging_mixin.py:109} INFO - [2022-02-08 11:06:03,206] {dagbag.py:500} INFO - Filling up the DagBag from /home/airflow/.local/lib/python3.7/site-packages/airflow/example_dags/example_branch_labels.py
[2022-02-08 11:06:04,335] {processor.py:654} INFO - DAG(s) dict_keys(['example_branch_labels']) retrieved from /home/airflow/.local/lib/python3.7/site-packages/airflow/example_dags/example_branch_labels.py
[2022-02-08 11:06:04,872] {logging_mixin.py:109} INFO - [2022-02-08 11:06:04,872] {dag.py:2396} INFO - Sync 1 DAGs
[2022-02-08 11:06:05,777] {logging_mixin.py:109} INFO - [2022-02-08 11:06:05,746] {dag.py:2935} INFO - Setting next_dagrun for example_branch_labels to 2022-02-07 00:00:00+00:00
[2022-02-08 11:06:06,038] {processor.py:171} INFO - Processing /home/airflow/.local/lib/python3.7/site-packages/airflow/example_dags/example_branch_labels.py took 3.110 seconds
[2022-02-08 11:09:14,165] {processor.py:163} INFO - Started process (PID=574) to work on /home/airflow/.local/lib/python3.7/site-packages/airflow/example_dags/example_branch_labels.py
[2022-02-08 11:09:14,248] {processor.py:642} INFO - Processing file /home/airflow/.local/lib/python3.7/site-packages/airflow/example_dags/example_branch_labels.py for tasks to queue
[2022-02-08 11:09:14,321] {logging_mixin.py:109} INFO - [2022-02-08 11:09:14,320] {dagbag.py:500} INFO - Filling up the DagBag from /home/airflow/.local/lib/python3.7/site-packages/airflow/example_dags/example_branch_labels.py
[2022-02-08 11:09:17,543] {processor.py:654} INFO - DAG(s) dict_keys(['example_branch_labels']) retrieved from /home/airflow/.local/lib/python3.7/site-packages/airflow/example_dags/example_branch_labels.py
[2022-02-08 11:09:19,501] {logging_mixin.py:109} INFO - [2022-02-08 11:09:19,436] {dag.py:2396} INFO - Sync 1 DAGs
[2022-02-08 11:09:27,960] {logging_mixin.py:109} INFO - [2022-02-08 11:09:27,906] {dag.py:2935} INFO - Setting next_dagrun for example_branch_labels to 2022-02-07 00:00:00+00:00
[2022-02-08 11:09:28,889] {processor.py:171} INFO - Processing /home/airflow/.local/lib/python3.7/site-packages/airflow/example_dags/example_branch_labels.py took 14.877 seconds
[2022-02-08 11:20:26,014] {processor.py:163} INFO - Started process (PID=521) to work on /home/airflow/.local/lib/python3.7/site-packages/airflow/example_dags/example_branch_labels.py
[2022-02-08 11:20:26,055] {processor.py:642} INFO - Processing file /home/airflow/.local/lib/python3.7/site-packages/airflow/example_dags/example_branch_labels.py for tasks to queue
[2022-02-08 11:20:26,107] {logging_mixin.py:109} INFO - [2022-02-08 11:20:26,107] {dagbag.py:500} INFO - Filling up the DagBag from /home/airflow/.local/lib/python3.7/site-packages/airflow/example_dags/example_branch_labels.py
[2022-02-08 11:20:28,670] {processor.py:654} INFO - DAG(s) dict_keys(['example_branch_labels']) retrieved from /home/airflow/.local/lib/python3.7/site-packages/airflow/example_dags/example_branch_labels.py
[2022-02-08 11:20:29,775] {logging_mixin.py:109} INFO - [2022-02-08 11:20:29,773] {dag.py:2396} INFO - Sync 1 DAGs
[2022-02-08 11:20:31,529] {logging_mixin.py:109} INFO - [2022-02-08 11:20:31,528] {dag.py:2935} INFO - Setting next_dagrun for example_branch_labels to 2022-02-07 00:00:00+00:00
[2022-02-08 11:20:31,977] {processor.py:171} INFO - Processing /home/airflow/.local/lib/python3.7/site-packages/airflow/example_dags/example_branch_labels.py took 6.260 seconds
[2022-02-08 12:35:49,284] {processor.py:163} INFO - Started process (PID=352) to work on /home/airflow/.local/lib/python3.7/site-packages/airflow/example_dags/example_branch_labels.py
[2022-02-08 12:35:49,305] {processor.py:642} INFO - Processing file /home/airflow/.local/lib/python3.7/site-packages/airflow/example_dags/example_branch_labels.py for tasks to queue
[2022-02-08 12:35:49,332] {logging_mixin.py:109} INFO - [2022-02-08 12:35:49,331] {dagbag.py:500} INFO - Filling up the DagBag from /home/airflow/.local/lib/python3.7/site-packages/airflow/example_dags/example_branch_labels.py
[2022-02-08 12:35:49,820] {processor.py:654} INFO - DAG(s) dict_keys(['example_branch_labels']) retrieved from /home/airflow/.local/lib/python3.7/site-packages/airflow/example_dags/example_branch_labels.py
[2022-02-08 12:35:50,088] {logging_mixin.py:109} INFO - [2022-02-08 12:35:50,087] {dag.py:2396} INFO - Sync 1 DAGs
[2022-02-08 12:35:50,481] {logging_mixin.py:109} INFO - [2022-02-08 12:35:50,481] {dag.py:2935} INFO - Setting next_dagrun for example_branch_labels to 2022-02-07 00:00:00+00:00
[2022-02-08 12:35:50,617] {processor.py:171} INFO - Processing /home/airflow/.local/lib/python3.7/site-packages/airflow/example_dags/example_branch_labels.py took 1.365 seconds
[2022-02-08 12:40:40,803] {processor.py:163} INFO - Started process (PID=593) to work on /home/airflow/.local/lib/python3.7/site-packages/airflow/example_dags/example_branch_labels.py
[2022-02-08 12:40:40,862] {processor.py:642} INFO - Processing file /home/airflow/.local/lib/python3.7/site-packages/airflow/example_dags/example_branch_labels.py for tasks to queue
[2022-02-08 12:40:40,905] {logging_mixin.py:109} INFO - [2022-02-08 12:40:40,904] {dagbag.py:500} INFO - Filling up the DagBag from /home/airflow/.local/lib/python3.7/site-packages/airflow/example_dags/example_branch_labels.py
[2022-02-08 12:40:41,990] {processor.py:654} INFO - DAG(s) dict_keys(['example_branch_labels']) retrieved from /home/airflow/.local/lib/python3.7/site-packages/airflow/example_dags/example_branch_labels.py
[2022-02-08 12:40:42,804] {logging_mixin.py:109} INFO - [2022-02-08 12:40:42,800] {dag.py:2396} INFO - Sync 1 DAGs
[2022-02-08 12:40:43,786] {logging_mixin.py:109} INFO - [2022-02-08 12:40:43,785] {dag.py:2935} INFO - Setting next_dagrun for example_branch_labels to 2022-02-07 00:00:00+00:00
[2022-02-08 12:40:44,364] {processor.py:171} INFO - Processing /home/airflow/.local/lib/python3.7/site-packages/airflow/example_dags/example_branch_labels.py took 3.685 seconds
[2022-02-08 12:43:29,722] {processor.py:163} INFO - Started process (PID=762) to work on /home/airflow/.local/lib/python3.7/site-packages/airflow/example_dags/example_branch_labels.py
[2022-02-08 12:43:29,785] {processor.py:642} INFO - Processing file /home/airflow/.local/lib/python3.7/site-packages/airflow/example_dags/example_branch_labels.py for tasks to queue
[2022-02-08 12:43:29,836] {logging_mixin.py:109} INFO - [2022-02-08 12:43:29,835] {dagbag.py:500} INFO - Filling up the DagBag from /home/airflow/.local/lib/python3.7/site-packages/airflow/example_dags/example_branch_labels.py
[2022-02-08 12:43:30,806] {processor.py:654} INFO - DAG(s) dict_keys(['example_branch_labels']) retrieved from /home/airflow/.local/lib/python3.7/site-packages/airflow/example_dags/example_branch_labels.py
[2022-02-08 12:43:31,322] {logging_mixin.py:109} INFO - [2022-02-08 12:43:31,322] {dag.py:2396} INFO - Sync 1 DAGs
[2022-02-08 12:43:32,157] {logging_mixin.py:109} INFO - [2022-02-08 12:43:32,156] {dag.py:2935} INFO - Setting next_dagrun for example_branch_labels to 2022-02-07 00:00:00+00:00
[2022-02-08 12:43:32,415] {processor.py:171} INFO - Processing /home/airflow/.local/lib/python3.7/site-packages/airflow/example_dags/example_branch_labels.py took 2.816 seconds
[2022-02-08 12:45:59,524] {processor.py:163} INFO - Started process (PID=967) to work on /home/airflow/.local/lib/python3.7/site-packages/airflow/example_dags/example_branch_labels.py
[2022-02-08 12:45:59,535] {processor.py:642} INFO - Processing file /home/airflow/.local/lib/python3.7/site-packages/airflow/example_dags/example_branch_labels.py for tasks to queue
[2022-02-08 12:45:59,559] {logging_mixin.py:109} INFO - [2022-02-08 12:45:59,559] {dagbag.py:500} INFO - Filling up the DagBag from /home/airflow/.local/lib/python3.7/site-packages/airflow/example_dags/example_branch_labels.py
[2022-02-08 12:46:00,384] {processor.py:654} INFO - DAG(s) dict_keys(['example_branch_labels']) retrieved from /home/airflow/.local/lib/python3.7/site-packages/airflow/example_dags/example_branch_labels.py
[2022-02-08 12:46:01,281] {logging_mixin.py:109} INFO - [2022-02-08 12:46:01,280] {dag.py:2396} INFO - Sync 1 DAGs
[2022-02-08 12:46:02,521] {logging_mixin.py:109} INFO - [2022-02-08 12:46:02,520] {dag.py:2935} INFO - Setting next_dagrun for example_branch_labels to 2022-02-07 00:00:00+00:00
[2022-02-08 12:46:02,970] {processor.py:171} INFO - Processing /home/airflow/.local/lib/python3.7/site-packages/airflow/example_dags/example_branch_labels.py took 3.461 seconds
[2022-02-08 16:13:03,181] {processor.py:163} INFO - Started process (PID=336) to work on /home/airflow/.local/lib/python3.7/site-packages/airflow/example_dags/example_branch_labels.py
[2022-02-08 16:13:03,187] {processor.py:642} INFO - Processing file /home/airflow/.local/lib/python3.7/site-packages/airflow/example_dags/example_branch_labels.py for tasks to queue
[2022-02-08 16:13:03,190] {logging_mixin.py:109} INFO - [2022-02-08 16:13:03,190] {dagbag.py:500} INFO - Filling up the DagBag from /home/airflow/.local/lib/python3.7/site-packages/airflow/example_dags/example_branch_labels.py
[2022-02-08 16:13:03,385] {processor.py:654} INFO - DAG(s) dict_keys(['example_branch_labels']) retrieved from /home/airflow/.local/lib/python3.7/site-packages/airflow/example_dags/example_branch_labels.py
[2022-02-08 16:13:03,524] {logging_mixin.py:109} INFO - [2022-02-08 16:13:03,523] {dag.py:2396} INFO - Sync 1 DAGs
[2022-02-08 16:13:03,798] {logging_mixin.py:109} INFO - [2022-02-08 16:13:03,797] {dag.py:2935} INFO - Setting next_dagrun for example_branch_labels to 2022-02-07 00:00:00+00:00
[2022-02-08 16:13:03,915] {processor.py:171} INFO - Processing /home/airflow/.local/lib/python3.7/site-packages/airflow/example_dags/example_branch_labels.py took 0.752 seconds
[2022-02-08 16:30:54,749] {processor.py:163} INFO - Started process (PID=469) to work on /home/airflow/.local/lib/python3.7/site-packages/airflow/example_dags/example_branch_labels.py
[2022-02-08 16:30:54,790] {processor.py:642} INFO - Processing file /home/airflow/.local/lib/python3.7/site-packages/airflow/example_dags/example_branch_labels.py for tasks to queue
[2022-02-08 16:30:54,805] {logging_mixin.py:109} INFO - [2022-02-08 16:30:54,804] {dagbag.py:500} INFO - Filling up the DagBag from /home/airflow/.local/lib/python3.7/site-packages/airflow/example_dags/example_branch_labels.py
[2022-02-08 16:30:55,623] {processor.py:654} INFO - DAG(s) dict_keys(['example_branch_labels']) retrieved from /home/airflow/.local/lib/python3.7/site-packages/airflow/example_dags/example_branch_labels.py
[2022-02-08 16:30:56,515] {logging_mixin.py:109} INFO - [2022-02-08 16:30:56,514] {dag.py:2396} INFO - Sync 1 DAGs
[2022-02-08 16:30:57,353] {logging_mixin.py:109} INFO - [2022-02-08 16:30:57,310] {dag.py:2935} INFO - Setting next_dagrun for example_branch_labels to 2022-02-07 00:00:00+00:00
[2022-02-08 16:30:57,580] {processor.py:171} INFO - Processing /home/airflow/.local/lib/python3.7/site-packages/airflow/example_dags/example_branch_labels.py took 2.878 seconds
[2022-02-08 16:33:14,796] {processor.py:163} INFO - Started process (PID=633) to work on /home/airflow/.local/lib/python3.7/site-packages/airflow/example_dags/example_branch_labels.py
[2022-02-08 16:33:14,844] {processor.py:642} INFO - Processing file /home/airflow/.local/lib/python3.7/site-packages/airflow/example_dags/example_branch_labels.py for tasks to queue
[2022-02-08 16:33:14,867] {logging_mixin.py:109} INFO - [2022-02-08 16:33:14,867] {dagbag.py:500} INFO - Filling up the DagBag from /home/airflow/.local/lib/python3.7/site-packages/airflow/example_dags/example_branch_labels.py
[2022-02-08 16:33:15,939] {processor.py:654} INFO - DAG(s) dict_keys(['example_branch_labels']) retrieved from /home/airflow/.local/lib/python3.7/site-packages/airflow/example_dags/example_branch_labels.py
[2022-02-08 16:33:16,419] {logging_mixin.py:109} INFO - [2022-02-08 16:33:16,418] {dag.py:2396} INFO - Sync 1 DAGs
[2022-02-08 16:33:17,445] {logging_mixin.py:109} INFO - [2022-02-08 16:33:17,444] {dag.py:2935} INFO - Setting next_dagrun for example_branch_labels to 2022-02-07 00:00:00+00:00
[2022-02-08 16:33:17,829] {processor.py:171} INFO - Processing /home/airflow/.local/lib/python3.7/site-packages/airflow/example_dags/example_branch_labels.py took 3.154 seconds
[2022-02-08 16:36:33,612] {processor.py:163} INFO - Started process (PID=791) to work on /home/airflow/.local/lib/python3.7/site-packages/airflow/example_dags/example_branch_labels.py
[2022-02-08 16:36:33,686] {processor.py:642} INFO - Processing file /home/airflow/.local/lib/python3.7/site-packages/airflow/example_dags/example_branch_labels.py for tasks to queue
[2022-02-08 16:36:33,708] {logging_mixin.py:109} INFO - [2022-02-08 16:36:33,707] {dagbag.py:500} INFO - Filling up the DagBag from /home/airflow/.local/lib/python3.7/site-packages/airflow/example_dags/example_branch_labels.py
[2022-02-08 16:36:34,834] {processor.py:654} INFO - DAG(s) dict_keys(['example_branch_labels']) retrieved from /home/airflow/.local/lib/python3.7/site-packages/airflow/example_dags/example_branch_labels.py
[2022-02-08 16:36:35,459] {logging_mixin.py:109} INFO - [2022-02-08 16:36:35,459] {dag.py:2396} INFO - Sync 1 DAGs
[2022-02-08 16:36:36,246] {logging_mixin.py:109} INFO - [2022-02-08 16:36:36,246] {dag.py:2935} INFO - Setting next_dagrun for example_branch_labels to 2022-02-07 00:00:00+00:00
[2022-02-08 16:36:36,629] {processor.py:171} INFO - Processing /home/airflow/.local/lib/python3.7/site-packages/airflow/example_dags/example_branch_labels.py took 3.092 seconds
[2022-02-08 16:39:10,023] {processor.py:163} INFO - Started process (PID=957) to work on /home/airflow/.local/lib/python3.7/site-packages/airflow/example_dags/example_branch_labels.py
[2022-02-08 16:39:10,050] {processor.py:642} INFO - Processing file /home/airflow/.local/lib/python3.7/site-packages/airflow/example_dags/example_branch_labels.py for tasks to queue
[2022-02-08 16:39:10,077] {logging_mixin.py:109} INFO - [2022-02-08 16:39:10,076] {dagbag.py:500} INFO - Filling up the DagBag from /home/airflow/.local/lib/python3.7/site-packages/airflow/example_dags/example_branch_labels.py
[2022-02-08 16:39:10,954] {processor.py:654} INFO - DAG(s) dict_keys(['example_branch_labels']) retrieved from /home/airflow/.local/lib/python3.7/site-packages/airflow/example_dags/example_branch_labels.py
[2022-02-08 16:39:11,394] {logging_mixin.py:109} INFO - [2022-02-08 16:39:11,393] {dag.py:2396} INFO - Sync 1 DAGs
[2022-02-08 16:39:12,207] {logging_mixin.py:109} INFO - [2022-02-08 16:39:12,188] {dag.py:2935} INFO - Setting next_dagrun for example_branch_labels to 2022-02-07 00:00:00+00:00
[2022-02-08 16:39:12,670] {processor.py:171} INFO - Processing /home/airflow/.local/lib/python3.7/site-packages/airflow/example_dags/example_branch_labels.py took 2.705 seconds
[2022-02-08 17:13:45,403] {processor.py:163} INFO - Started process (PID=1137) to work on /home/airflow/.local/lib/python3.7/site-packages/airflow/example_dags/example_branch_labels.py
[2022-02-08 17:13:45,432] {processor.py:642} INFO - Processing file /home/airflow/.local/lib/python3.7/site-packages/airflow/example_dags/example_branch_labels.py for tasks to queue
[2022-02-08 17:13:45,500] {logging_mixin.py:109} INFO - [2022-02-08 17:13:45,491] {dagbag.py:500} INFO - Filling up the DagBag from /home/airflow/.local/lib/python3.7/site-packages/airflow/example_dags/example_branch_labels.py
[2022-02-08 17:13:46,917] {processor.py:654} INFO - DAG(s) dict_keys(['example_branch_labels']) retrieved from /home/airflow/.local/lib/python3.7/site-packages/airflow/example_dags/example_branch_labels.py
[2022-02-08 17:13:47,579] {logging_mixin.py:109} INFO - [2022-02-08 17:13:47,578] {dag.py:2396} INFO - Sync 1 DAGs
[2022-02-08 17:13:48,445] {logging_mixin.py:109} INFO - [2022-02-08 17:13:48,444] {dag.py:2935} INFO - Setting next_dagrun for example_branch_labels to 2022-02-07 00:00:00+00:00
[2022-02-08 17:13:48,862] {processor.py:171} INFO - Processing /home/airflow/.local/lib/python3.7/site-packages/airflow/example_dags/example_branch_labels.py took 3.553 seconds
[2022-02-08 17:15:31,952] {processor.py:163} INFO - Started process (PID=1289) to work on /home/airflow/.local/lib/python3.7/site-packages/airflow/example_dags/example_branch_labels.py
[2022-02-08 17:15:31,985] {processor.py:642} INFO - Processing file /home/airflow/.local/lib/python3.7/site-packages/airflow/example_dags/example_branch_labels.py for tasks to queue
[2022-02-08 17:15:31,993] {logging_mixin.py:109} INFO - [2022-02-08 17:15:31,993] {dagbag.py:500} INFO - Filling up the DagBag from /home/airflow/.local/lib/python3.7/site-packages/airflow/example_dags/example_branch_labels.py
[2022-02-08 17:15:32,564] {processor.py:654} INFO - DAG(s) dict_keys(['example_branch_labels']) retrieved from /home/airflow/.local/lib/python3.7/site-packages/airflow/example_dags/example_branch_labels.py
[2022-02-08 17:15:33,064] {logging_mixin.py:109} INFO - [2022-02-08 17:15:33,063] {dag.py:2396} INFO - Sync 1 DAGs
[2022-02-08 17:15:33,916] {logging_mixin.py:109} INFO - [2022-02-08 17:15:33,915] {dag.py:2935} INFO - Setting next_dagrun for example_branch_labels to 2022-02-07 00:00:00+00:00
[2022-02-08 17:15:34,240] {processor.py:171} INFO - Processing /home/airflow/.local/lib/python3.7/site-packages/airflow/example_dags/example_branch_labels.py took 2.323 seconds
[2022-02-08 17:17:29,625] {processor.py:163} INFO - Started process (PID=1465) to work on /home/airflow/.local/lib/python3.7/site-packages/airflow/example_dags/example_branch_labels.py
[2022-02-08 17:17:29,665] {processor.py:642} INFO - Processing file /home/airflow/.local/lib/python3.7/site-packages/airflow/example_dags/example_branch_labels.py for tasks to queue
[2022-02-08 17:17:29,691] {logging_mixin.py:109} INFO - [2022-02-08 17:17:29,691] {dagbag.py:500} INFO - Filling up the DagBag from /home/airflow/.local/lib/python3.7/site-packages/airflow/example_dags/example_branch_labels.py
[2022-02-08 17:17:30,681] {processor.py:654} INFO - DAG(s) dict_keys(['example_branch_labels']) retrieved from /home/airflow/.local/lib/python3.7/site-packages/airflow/example_dags/example_branch_labels.py
[2022-02-08 17:17:31,032] {logging_mixin.py:109} INFO - [2022-02-08 17:17:31,032] {dag.py:2396} INFO - Sync 1 DAGs
[2022-02-08 17:17:31,656] {logging_mixin.py:109} INFO - [2022-02-08 17:17:31,655] {dag.py:2935} INFO - Setting next_dagrun for example_branch_labels to 2022-02-07 00:00:00+00:00
[2022-02-08 17:17:31,955] {processor.py:171} INFO - Processing /home/airflow/.local/lib/python3.7/site-packages/airflow/example_dags/example_branch_labels.py took 2.431 seconds
[2022-02-08 17:20:08,565] {processor.py:163} INFO - Started process (PID=1591) to work on /home/airflow/.local/lib/python3.7/site-packages/airflow/example_dags/example_branch_labels.py
[2022-02-08 17:20:08,623] {processor.py:642} INFO - Processing file /home/airflow/.local/lib/python3.7/site-packages/airflow/example_dags/example_branch_labels.py for tasks to queue
[2022-02-08 17:20:08,674] {logging_mixin.py:109} INFO - [2022-02-08 17:20:08,674] {dagbag.py:500} INFO - Filling up the DagBag from /home/airflow/.local/lib/python3.7/site-packages/airflow/example_dags/example_branch_labels.py
[2022-02-08 17:20:10,277] {processor.py:654} INFO - DAG(s) dict_keys(['example_branch_labels']) retrieved from /home/airflow/.local/lib/python3.7/site-packages/airflow/example_dags/example_branch_labels.py
[2022-02-08 17:20:11,109] {logging_mixin.py:109} INFO - [2022-02-08 17:20:11,109] {dag.py:2396} INFO - Sync 1 DAGs
[2022-02-08 17:20:11,942] {logging_mixin.py:109} INFO - [2022-02-08 17:20:11,888] {dag.py:2935} INFO - Setting next_dagrun for example_branch_labels to 2022-02-07 00:00:00+00:00
[2022-02-08 17:20:12,330] {processor.py:171} INFO - Processing /home/airflow/.local/lib/python3.7/site-packages/airflow/example_dags/example_branch_labels.py took 3.819 seconds
[2022-02-08 17:21:57,387] {processor.py:163} INFO - Started process (PID=1746) to work on /home/airflow/.local/lib/python3.7/site-packages/airflow/example_dags/example_branch_labels.py
[2022-02-08 17:21:57,406] {processor.py:642} INFO - Processing file /home/airflow/.local/lib/python3.7/site-packages/airflow/example_dags/example_branch_labels.py for tasks to queue
[2022-02-08 17:21:57,450] {logging_mixin.py:109} INFO - [2022-02-08 17:21:57,445] {dagbag.py:500} INFO - Filling up the DagBag from /home/airflow/.local/lib/python3.7/site-packages/airflow/example_dags/example_branch_labels.py
[2022-02-08 17:21:58,522] {processor.py:654} INFO - DAG(s) dict_keys(['example_branch_labels']) retrieved from /home/airflow/.local/lib/python3.7/site-packages/airflow/example_dags/example_branch_labels.py
[2022-02-08 17:21:59,310] {logging_mixin.py:109} INFO - [2022-02-08 17:21:59,291] {dag.py:2396} INFO - Sync 1 DAGs
[2022-02-08 17:22:00,139] {logging_mixin.py:109} INFO - [2022-02-08 17:22:00,122] {dag.py:2935} INFO - Setting next_dagrun for example_branch_labels to 2022-02-07 00:00:00+00:00
[2022-02-08 17:22:00,508] {processor.py:171} INFO - Processing /home/airflow/.local/lib/python3.7/site-packages/airflow/example_dags/example_branch_labels.py took 3.156 seconds
[2022-02-08 17:24:44,585] {processor.py:163} INFO - Started process (PID=1904) to work on /home/airflow/.local/lib/python3.7/site-packages/airflow/example_dags/example_branch_labels.py
[2022-02-08 17:24:44,606] {processor.py:642} INFO - Processing file /home/airflow/.local/lib/python3.7/site-packages/airflow/example_dags/example_branch_labels.py for tasks to queue
[2022-02-08 17:24:44,628] {logging_mixin.py:109} INFO - [2022-02-08 17:24:44,627] {dagbag.py:500} INFO - Filling up the DagBag from /home/airflow/.local/lib/python3.7/site-packages/airflow/example_dags/example_branch_labels.py
[2022-02-08 17:24:45,034] {processor.py:654} INFO - DAG(s) dict_keys(['example_branch_labels']) retrieved from /home/airflow/.local/lib/python3.7/site-packages/airflow/example_dags/example_branch_labels.py
[2022-02-08 17:24:45,265] {logging_mixin.py:109} INFO - [2022-02-08 17:24:45,265] {dag.py:2396} INFO - Sync 1 DAGs
[2022-02-08 17:24:45,686] {logging_mixin.py:109} INFO - [2022-02-08 17:24:45,685] {dag.py:2935} INFO - Setting next_dagrun for example_branch_labels to 2022-02-07 00:00:00+00:00
[2022-02-08 17:24:45,906] {processor.py:171} INFO - Processing /home/airflow/.local/lib/python3.7/site-packages/airflow/example_dags/example_branch_labels.py took 1.342 seconds
[2022-02-08 17:58:58,972] {processor.py:163} INFO - Started process (PID=692) to work on /home/airflow/.local/lib/python3.7/site-packages/airflow/example_dags/example_branch_labels.py
[2022-02-08 17:58:59,248] {processor.py:642} INFO - Processing file /home/airflow/.local/lib/python3.7/site-packages/airflow/example_dags/example_branch_labels.py for tasks to queue
[2022-02-08 17:58:59,351] {logging_mixin.py:109} INFO - [2022-02-08 17:58:59,313] {dagbag.py:500} INFO - Filling up the DagBag from /home/airflow/.local/lib/python3.7/site-packages/airflow/example_dags/example_branch_labels.py
[2022-02-08 17:59:01,123] {processor.py:654} INFO - DAG(s) dict_keys(['example_branch_labels']) retrieved from /home/airflow/.local/lib/python3.7/site-packages/airflow/example_dags/example_branch_labels.py
[2022-02-08 17:59:02,041] {logging_mixin.py:109} INFO - [2022-02-08 17:59:02,041] {dag.py:2396} INFO - Sync 1 DAGs
[2022-02-08 17:59:03,439] {logging_mixin.py:109} INFO - [2022-02-08 17:59:03,405] {dag.py:2935} INFO - Setting next_dagrun for example_branch_labels to 2022-02-07 00:00:00+00:00
[2022-02-08 17:59:03,938] {processor.py:171} INFO - Processing /home/airflow/.local/lib/python3.7/site-packages/airflow/example_dags/example_branch_labels.py took 5.083 seconds
[2022-02-08 18:01:39,863] {processor.py:163} INFO - Started process (PID=843) to work on /home/airflow/.local/lib/python3.7/site-packages/airflow/example_dags/example_branch_labels.py
[2022-02-08 18:01:39,872] {processor.py:642} INFO - Processing file /home/airflow/.local/lib/python3.7/site-packages/airflow/example_dags/example_branch_labels.py for tasks to queue
[2022-02-08 18:01:39,898] {logging_mixin.py:109} INFO - [2022-02-08 18:01:39,898] {dagbag.py:500} INFO - Filling up the DagBag from /home/airflow/.local/lib/python3.7/site-packages/airflow/example_dags/example_branch_labels.py
[2022-02-08 18:01:41,083] {processor.py:654} INFO - DAG(s) dict_keys(['example_branch_labels']) retrieved from /home/airflow/.local/lib/python3.7/site-packages/airflow/example_dags/example_branch_labels.py
[2022-02-08 18:01:41,717] {logging_mixin.py:109} INFO - [2022-02-08 18:01:41,689] {dag.py:2396} INFO - Sync 1 DAGs
[2022-02-08 18:01:42,659] {logging_mixin.py:109} INFO - [2022-02-08 18:01:42,637] {dag.py:2935} INFO - Setting next_dagrun for example_branch_labels to 2022-02-07 00:00:00+00:00
[2022-02-08 18:01:42,904] {processor.py:171} INFO - Processing /home/airflow/.local/lib/python3.7/site-packages/airflow/example_dags/example_branch_labels.py took 3.109 seconds
[2022-02-08 18:04:00,974] {processor.py:163} INFO - Started process (PID=1026) to work on /home/airflow/.local/lib/python3.7/site-packages/airflow/example_dags/example_branch_labels.py
[2022-02-08 18:04:00,998] {processor.py:642} INFO - Processing file /home/airflow/.local/lib/python3.7/site-packages/airflow/example_dags/example_branch_labels.py for tasks to queue
[2022-02-08 18:04:01,046] {logging_mixin.py:109} INFO - [2022-02-08 18:04:01,046] {dagbag.py:500} INFO - Filling up the DagBag from /home/airflow/.local/lib/python3.7/site-packages/airflow/example_dags/example_branch_labels.py
[2022-02-08 18:04:02,099] {processor.py:654} INFO - DAG(s) dict_keys(['example_branch_labels']) retrieved from /home/airflow/.local/lib/python3.7/site-packages/airflow/example_dags/example_branch_labels.py
[2022-02-08 18:04:02,748] {logging_mixin.py:109} INFO - [2022-02-08 18:04:02,747] {dag.py:2396} INFO - Sync 1 DAGs
[2022-02-08 18:04:03,796] {logging_mixin.py:109} INFO - [2022-02-08 18:04:03,779] {dag.py:2935} INFO - Setting next_dagrun for example_branch_labels to 2022-02-07 00:00:00+00:00
[2022-02-08 18:04:04,228] {processor.py:171} INFO - Processing /home/airflow/.local/lib/python3.7/site-packages/airflow/example_dags/example_branch_labels.py took 3.341 seconds
