[2022-02-08 10:12:04,675] {processor.py:163} INFO - Started process (PID=467) to work on /home/airflow/.local/lib/python3.7/site-packages/airflow/example_dags/example_external_task_marker_dag.py
[2022-02-08 10:12:04,679] {processor.py:642} INFO - Processing file /home/airflow/.local/lib/python3.7/site-packages/airflow/example_dags/example_external_task_marker_dag.py for tasks to queue
[2022-02-08 10:12:04,681] {logging_mixin.py:109} INFO - [2022-02-08 10:12:04,681] {dagbag.py:500} INFO - Filling up the DagBag from /home/airflow/.local/lib/python3.7/site-packages/airflow/example_dags/example_external_task_marker_dag.py
[2022-02-08 10:12:04,831] {processor.py:654} INFO - DAG(s) dict_keys(['example_external_task_marker_parent', 'example_external_task_marker_child']) retrieved from /home/airflow/.local/lib/python3.7/site-packages/airflow/example_dags/example_external_task_marker_dag.py
[2022-02-08 10:12:16,513] {logging_mixin.py:109} INFO - [2022-02-08 10:12:16,513] {manager.py:496} INFO - Created Permission View: can read on DAG:example_external_task_marker_parent
[2022-02-08 10:12:16,555] {logging_mixin.py:109} INFO - [2022-02-08 10:12:16,554] {manager.py:496} INFO - Created Permission View: can edit on DAG:example_external_task_marker_parent
[2022-02-08 10:12:16,654] {logging_mixin.py:109} INFO - [2022-02-08 10:12:16,653] {manager.py:496} INFO - Created Permission View: can read on DAG:example_external_task_marker_child
[2022-02-08 10:12:16,698] {logging_mixin.py:109} INFO - [2022-02-08 10:12:16,697] {manager.py:496} INFO - Created Permission View: can edit on DAG:example_external_task_marker_child
[2022-02-08 10:12:16,700] {logging_mixin.py:109} INFO - [2022-02-08 10:12:16,699] {dag.py:2396} INFO - Sync 2 DAGs
[2022-02-08 10:12:16,725] {logging_mixin.py:109} INFO - [2022-02-08 10:12:16,724] {dag.py:2415} INFO - Creating ORM DAG for example_external_task_marker_child
[2022-02-08 10:12:16,728] {logging_mixin.py:109} INFO - [2022-02-08 10:12:16,728] {dag.py:2415} INFO - Creating ORM DAG for example_external_task_marker_parent
[2022-02-08 10:12:16,751] {logging_mixin.py:109} INFO - [2022-02-08 10:12:16,750] {dag.py:2935} INFO - Setting next_dagrun for example_external_task_marker_child to None
[2022-02-08 10:12:16,754] {logging_mixin.py:109} INFO - [2022-02-08 10:12:16,753] {dag.py:2935} INFO - Setting next_dagrun for example_external_task_marker_parent to None
[2022-02-08 10:12:16,817] {processor.py:171} INFO - Processing /home/airflow/.local/lib/python3.7/site-packages/airflow/example_dags/example_external_task_marker_dag.py took 12.147 seconds
[2022-02-08 10:14:05,199] {processor.py:163} INFO - Started process (PID=717) to work on /home/airflow/.local/lib/python3.7/site-packages/airflow/example_dags/example_external_task_marker_dag.py
[2022-02-08 10:14:05,203] {processor.py:642} INFO - Processing file /home/airflow/.local/lib/python3.7/site-packages/airflow/example_dags/example_external_task_marker_dag.py for tasks to queue
[2022-02-08 10:14:05,205] {logging_mixin.py:109} INFO - [2022-02-08 10:14:05,205] {dagbag.py:500} INFO - Filling up the DagBag from /home/airflow/.local/lib/python3.7/site-packages/airflow/example_dags/example_external_task_marker_dag.py
[2022-02-08 10:14:05,318] {processor.py:654} INFO - DAG(s) dict_keys(['example_external_task_marker_parent', 'example_external_task_marker_child']) retrieved from /home/airflow/.local/lib/python3.7/site-packages/airflow/example_dags/example_external_task_marker_dag.py
[2022-02-08 10:14:05,409] {logging_mixin.py:109} INFO - [2022-02-08 10:14:05,409] {dag.py:2396} INFO - Sync 2 DAGs
[2022-02-08 10:14:05,485] {logging_mixin.py:109} INFO - [2022-02-08 10:14:05,484] {dag.py:2935} INFO - Setting next_dagrun for example_external_task_marker_child to None
[2022-02-08 10:14:05,515] {logging_mixin.py:109} INFO - [2022-02-08 10:14:05,515] {dag.py:2935} INFO - Setting next_dagrun for example_external_task_marker_parent to None
[2022-02-08 10:14:05,599] {processor.py:171} INFO - Processing /home/airflow/.local/lib/python3.7/site-packages/airflow/example_dags/example_external_task_marker_dag.py took 0.417 seconds
[2022-02-08 10:14:35,721] {processor.py:163} INFO - Started process (PID=797) to work on /home/airflow/.local/lib/python3.7/site-packages/airflow/example_dags/example_external_task_marker_dag.py
[2022-02-08 10:14:35,724] {processor.py:642} INFO - Processing file /home/airflow/.local/lib/python3.7/site-packages/airflow/example_dags/example_external_task_marker_dag.py for tasks to queue
[2022-02-08 10:14:35,726] {logging_mixin.py:109} INFO - [2022-02-08 10:14:35,726] {dagbag.py:500} INFO - Filling up the DagBag from /home/airflow/.local/lib/python3.7/site-packages/airflow/example_dags/example_external_task_marker_dag.py
[2022-02-08 10:14:35,778] {processor.py:654} INFO - DAG(s) dict_keys(['example_external_task_marker_parent', 'example_external_task_marker_child']) retrieved from /home/airflow/.local/lib/python3.7/site-packages/airflow/example_dags/example_external_task_marker_dag.py
[2022-02-08 10:14:35,829] {logging_mixin.py:109} INFO - [2022-02-08 10:14:35,829] {dag.py:2396} INFO - Sync 2 DAGs
[2022-02-08 10:14:35,871] {logging_mixin.py:109} INFO - [2022-02-08 10:14:35,870] {dag.py:2935} INFO - Setting next_dagrun for example_external_task_marker_child to None
[2022-02-08 10:14:35,873] {logging_mixin.py:109} INFO - [2022-02-08 10:14:35,872] {dag.py:2935} INFO - Setting next_dagrun for example_external_task_marker_parent to None
[2022-02-08 10:14:35,912] {processor.py:171} INFO - Processing /home/airflow/.local/lib/python3.7/site-packages/airflow/example_dags/example_external_task_marker_dag.py took 0.197 seconds
[2022-02-08 10:15:06,107] {processor.py:163} INFO - Started process (PID=894) to work on /home/airflow/.local/lib/python3.7/site-packages/airflow/example_dags/example_external_task_marker_dag.py
[2022-02-08 10:15:06,111] {processor.py:642} INFO - Processing file /home/airflow/.local/lib/python3.7/site-packages/airflow/example_dags/example_external_task_marker_dag.py for tasks to queue
[2022-02-08 10:15:06,117] {logging_mixin.py:109} INFO - [2022-02-08 10:15:06,117] {dagbag.py:500} INFO - Filling up the DagBag from /home/airflow/.local/lib/python3.7/site-packages/airflow/example_dags/example_external_task_marker_dag.py
[2022-02-08 10:15:06,214] {processor.py:654} INFO - DAG(s) dict_keys(['example_external_task_marker_parent', 'example_external_task_marker_child']) retrieved from /home/airflow/.local/lib/python3.7/site-packages/airflow/example_dags/example_external_task_marker_dag.py
[2022-02-08 10:15:06,299] {logging_mixin.py:109} INFO - [2022-02-08 10:15:06,299] {dag.py:2396} INFO - Sync 2 DAGs
[2022-02-08 10:15:06,398] {logging_mixin.py:109} INFO - [2022-02-08 10:15:06,398] {dag.py:2935} INFO - Setting next_dagrun for example_external_task_marker_child to None
[2022-02-08 10:15:06,401] {logging_mixin.py:109} INFO - [2022-02-08 10:15:06,400] {dag.py:2935} INFO - Setting next_dagrun for example_external_task_marker_parent to None
[2022-02-08 10:15:06,462] {processor.py:171} INFO - Processing /home/airflow/.local/lib/python3.7/site-packages/airflow/example_dags/example_external_task_marker_dag.py took 0.361 seconds
[2022-02-08 10:21:14,769] {processor.py:163} INFO - Started process (PID=313) to work on /home/airflow/.local/lib/python3.7/site-packages/airflow/example_dags/example_external_task_marker_dag.py
[2022-02-08 10:21:14,812] {processor.py:642} INFO - Processing file /home/airflow/.local/lib/python3.7/site-packages/airflow/example_dags/example_external_task_marker_dag.py for tasks to queue
[2022-02-08 10:21:14,829] {logging_mixin.py:109} INFO - [2022-02-08 10:21:14,828] {dagbag.py:500} INFO - Filling up the DagBag from /home/airflow/.local/lib/python3.7/site-packages/airflow/example_dags/example_external_task_marker_dag.py
[2022-02-08 10:21:15,627] {processor.py:654} INFO - DAG(s) dict_keys(['example_external_task_marker_parent', 'example_external_task_marker_child']) retrieved from /home/airflow/.local/lib/python3.7/site-packages/airflow/example_dags/example_external_task_marker_dag.py
[2022-02-08 10:21:16,128] {logging_mixin.py:109} INFO - [2022-02-08 10:21:16,127] {dag.py:2396} INFO - Sync 2 DAGs
[2022-02-08 10:21:16,793] {logging_mixin.py:109} INFO - [2022-02-08 10:21:16,792] {dag.py:2935} INFO - Setting next_dagrun for example_external_task_marker_child to None
[2022-02-08 10:21:16,815] {logging_mixin.py:109} INFO - [2022-02-08 10:21:16,804] {dag.py:2935} INFO - Setting next_dagrun for example_external_task_marker_parent to None
[2022-02-08 10:21:17,072] {processor.py:171} INFO - Processing /home/airflow/.local/lib/python3.7/site-packages/airflow/example_dags/example_external_task_marker_dag.py took 2.381 seconds
[2022-02-08 10:23:12,278] {processor.py:163} INFO - Started process (PID=390) to work on /home/airflow/.local/lib/python3.7/site-packages/airflow/example_dags/example_external_task_marker_dag.py
[2022-02-08 10:23:12,294] {processor.py:642} INFO - Processing file /home/airflow/.local/lib/python3.7/site-packages/airflow/example_dags/example_external_task_marker_dag.py for tasks to queue
[2022-02-08 10:23:12,319] {logging_mixin.py:109} INFO - [2022-02-08 10:23:12,318] {dagbag.py:500} INFO - Filling up the DagBag from /home/airflow/.local/lib/python3.7/site-packages/airflow/example_dags/example_external_task_marker_dag.py
[2022-02-08 10:23:13,067] {processor.py:654} INFO - DAG(s) dict_keys(['example_external_task_marker_parent', 'example_external_task_marker_child']) retrieved from /home/airflow/.local/lib/python3.7/site-packages/airflow/example_dags/example_external_task_marker_dag.py
[2022-02-08 10:23:13,758] {logging_mixin.py:109} INFO - [2022-02-08 10:23:13,757] {dag.py:2396} INFO - Sync 2 DAGs
[2022-02-08 10:23:14,234] {logging_mixin.py:109} INFO - [2022-02-08 10:23:14,234] {dag.py:2935} INFO - Setting next_dagrun for example_external_task_marker_child to None
[2022-02-08 10:23:14,269] {logging_mixin.py:109} INFO - [2022-02-08 10:23:14,269] {dag.py:2935} INFO - Setting next_dagrun for example_external_task_marker_parent to None
[2022-02-08 10:23:14,517] {processor.py:171} INFO - Processing /home/airflow/.local/lib/python3.7/site-packages/airflow/example_dags/example_external_task_marker_dag.py took 2.296 seconds
[2022-02-08 10:25:10,266] {processor.py:163} INFO - Started process (PID=559) to work on /home/airflow/.local/lib/python3.7/site-packages/airflow/example_dags/example_external_task_marker_dag.py
[2022-02-08 10:25:10,318] {processor.py:642} INFO - Processing file /home/airflow/.local/lib/python3.7/site-packages/airflow/example_dags/example_external_task_marker_dag.py for tasks to queue
[2022-02-08 10:25:10,414] {logging_mixin.py:109} INFO - [2022-02-08 10:25:10,414] {dagbag.py:500} INFO - Filling up the DagBag from /home/airflow/.local/lib/python3.7/site-packages/airflow/example_dags/example_external_task_marker_dag.py
[2022-02-08 10:25:11,971] {processor.py:654} INFO - DAG(s) dict_keys(['example_external_task_marker_parent', 'example_external_task_marker_child']) retrieved from /home/airflow/.local/lib/python3.7/site-packages/airflow/example_dags/example_external_task_marker_dag.py
[2022-02-08 10:25:12,934] {logging_mixin.py:109} INFO - [2022-02-08 10:25:12,934] {dag.py:2396} INFO - Sync 2 DAGs
[2022-02-08 10:25:14,189] {logging_mixin.py:109} INFO - [2022-02-08 10:25:14,184] {dag.py:2935} INFO - Setting next_dagrun for example_external_task_marker_child to None
[2022-02-08 10:25:14,202] {logging_mixin.py:109} INFO - [2022-02-08 10:25:14,201] {dag.py:2935} INFO - Setting next_dagrun for example_external_task_marker_parent to None
[2022-02-08 10:25:15,030] {processor.py:171} INFO - Processing /home/airflow/.local/lib/python3.7/site-packages/airflow/example_dags/example_external_task_marker_dag.py took 5.119 seconds
[2022-02-08 10:27:12,987] {processor.py:163} INFO - Started process (PID=685) to work on /home/airflow/.local/lib/python3.7/site-packages/airflow/example_dags/example_external_task_marker_dag.py
[2022-02-08 10:27:13,062] {processor.py:642} INFO - Processing file /home/airflow/.local/lib/python3.7/site-packages/airflow/example_dags/example_external_task_marker_dag.py for tasks to queue
[2022-02-08 10:27:13,130] {logging_mixin.py:109} INFO - [2022-02-08 10:27:13,087] {dagbag.py:500} INFO - Filling up the DagBag from /home/airflow/.local/lib/python3.7/site-packages/airflow/example_dags/example_external_task_marker_dag.py
[2022-02-08 10:27:14,631] {processor.py:654} INFO - DAG(s) dict_keys(['example_external_task_marker_parent', 'example_external_task_marker_child']) retrieved from /home/airflow/.local/lib/python3.7/site-packages/airflow/example_dags/example_external_task_marker_dag.py
[2022-02-08 10:27:15,695] {logging_mixin.py:109} INFO - [2022-02-08 10:27:15,694] {dag.py:2396} INFO - Sync 2 DAGs
[2022-02-08 10:27:17,044] {logging_mixin.py:109} INFO - [2022-02-08 10:27:17,013] {dag.py:2935} INFO - Setting next_dagrun for example_external_task_marker_child to None
[2022-02-08 10:27:17,074] {logging_mixin.py:109} INFO - [2022-02-08 10:27:17,064] {dag.py:2935} INFO - Setting next_dagrun for example_external_task_marker_parent to None
[2022-02-08 10:27:18,044] {processor.py:171} INFO - Processing /home/airflow/.local/lib/python3.7/site-packages/airflow/example_dags/example_external_task_marker_dag.py took 5.274 seconds
[2022-02-08 11:05:51,138] {processor.py:163} INFO - Started process (PID=369) to work on /home/airflow/.local/lib/python3.7/site-packages/airflow/example_dags/example_external_task_marker_dag.py
[2022-02-08 11:05:51,157] {processor.py:642} INFO - Processing file /home/airflow/.local/lib/python3.7/site-packages/airflow/example_dags/example_external_task_marker_dag.py for tasks to queue
[2022-02-08 11:05:51,179] {logging_mixin.py:109} INFO - [2022-02-08 11:05:51,179] {dagbag.py:500} INFO - Filling up the DagBag from /home/airflow/.local/lib/python3.7/site-packages/airflow/example_dags/example_external_task_marker_dag.py
[2022-02-08 11:05:51,873] {processor.py:654} INFO - DAG(s) dict_keys(['example_external_task_marker_parent', 'example_external_task_marker_child']) retrieved from /home/airflow/.local/lib/python3.7/site-packages/airflow/example_dags/example_external_task_marker_dag.py
[2022-02-08 11:05:52,383] {logging_mixin.py:109} INFO - [2022-02-08 11:05:52,382] {dag.py:2396} INFO - Sync 2 DAGs
[2022-02-08 11:05:52,942] {logging_mixin.py:109} INFO - [2022-02-08 11:05:52,926] {dag.py:2935} INFO - Setting next_dagrun for example_external_task_marker_child to None
[2022-02-08 11:05:52,948] {logging_mixin.py:109} INFO - [2022-02-08 11:05:52,947] {dag.py:2935} INFO - Setting next_dagrun for example_external_task_marker_parent to None
[2022-02-08 11:05:53,107] {processor.py:171} INFO - Processing /home/airflow/.local/lib/python3.7/site-packages/airflow/example_dags/example_external_task_marker_dag.py took 2.008 seconds
[2022-02-08 11:08:51,939] {processor.py:163} INFO - Started process (PID=548) to work on /home/airflow/.local/lib/python3.7/site-packages/airflow/example_dags/example_external_task_marker_dag.py
[2022-02-08 11:08:52,046] {processor.py:642} INFO - Processing file /home/airflow/.local/lib/python3.7/site-packages/airflow/example_dags/example_external_task_marker_dag.py for tasks to queue
[2022-02-08 11:08:52,099] {logging_mixin.py:109} INFO - [2022-02-08 11:08:52,059] {dagbag.py:500} INFO - Filling up the DagBag from /home/airflow/.local/lib/python3.7/site-packages/airflow/example_dags/example_external_task_marker_dag.py
[2022-02-08 11:08:54,167] {processor.py:654} INFO - DAG(s) dict_keys(['example_external_task_marker_parent', 'example_external_task_marker_child']) retrieved from /home/airflow/.local/lib/python3.7/site-packages/airflow/example_dags/example_external_task_marker_dag.py
[2022-02-08 11:08:55,289] {logging_mixin.py:109} INFO - [2022-02-08 11:08:55,289] {dag.py:2396} INFO - Sync 2 DAGs
[2022-02-08 11:08:56,556] {logging_mixin.py:109} INFO - [2022-02-08 11:08:56,556] {dag.py:2935} INFO - Setting next_dagrun for example_external_task_marker_child to None
[2022-02-08 11:08:56,575] {logging_mixin.py:109} INFO - [2022-02-08 11:08:56,575] {dag.py:2935} INFO - Setting next_dagrun for example_external_task_marker_parent to None
[2022-02-08 11:08:57,298] {processor.py:171} INFO - Processing /home/airflow/.local/lib/python3.7/site-packages/airflow/example_dags/example_external_task_marker_dag.py took 5.553 seconds
[2022-02-08 11:20:04,919] {processor.py:163} INFO - Started process (PID=495) to work on /home/airflow/.local/lib/python3.7/site-packages/airflow/example_dags/example_external_task_marker_dag.py
[2022-02-08 11:20:04,963] {processor.py:642} INFO - Processing file /home/airflow/.local/lib/python3.7/site-packages/airflow/example_dags/example_external_task_marker_dag.py for tasks to queue
[2022-02-08 11:20:04,992] {logging_mixin.py:109} INFO - [2022-02-08 11:20:04,992] {dagbag.py:500} INFO - Filling up the DagBag from /home/airflow/.local/lib/python3.7/site-packages/airflow/example_dags/example_external_task_marker_dag.py
[2022-02-08 11:20:05,971] {processor.py:654} INFO - DAG(s) dict_keys(['example_external_task_marker_parent', 'example_external_task_marker_child']) retrieved from /home/airflow/.local/lib/python3.7/site-packages/airflow/example_dags/example_external_task_marker_dag.py
[2022-02-08 11:20:06,763] {logging_mixin.py:109} INFO - [2022-02-08 11:20:06,763] {dag.py:2396} INFO - Sync 2 DAGs
[2022-02-08 11:20:07,673] {logging_mixin.py:109} INFO - [2022-02-08 11:20:07,672] {dag.py:2935} INFO - Setting next_dagrun for example_external_task_marker_child to None
[2022-02-08 11:20:07,699] {logging_mixin.py:109} INFO - [2022-02-08 11:20:07,699] {dag.py:2935} INFO - Setting next_dagrun for example_external_task_marker_parent to None
[2022-02-08 11:20:08,053] {processor.py:171} INFO - Processing /home/airflow/.local/lib/python3.7/site-packages/airflow/example_dags/example_external_task_marker_dag.py took 3.218 seconds
[2022-02-08 12:35:40,620] {processor.py:163} INFO - Started process (PID=336) to work on /home/airflow/.local/lib/python3.7/site-packages/airflow/example_dags/example_external_task_marker_dag.py
[2022-02-08 12:35:40,637] {processor.py:642} INFO - Processing file /home/airflow/.local/lib/python3.7/site-packages/airflow/example_dags/example_external_task_marker_dag.py for tasks to queue
[2022-02-08 12:35:40,654] {logging_mixin.py:109} INFO - [2022-02-08 12:35:40,644] {dagbag.py:500} INFO - Filling up the DagBag from /home/airflow/.local/lib/python3.7/site-packages/airflow/example_dags/example_external_task_marker_dag.py
[2022-02-08 12:35:41,073] {processor.py:654} INFO - DAG(s) dict_keys(['example_external_task_marker_parent', 'example_external_task_marker_child']) retrieved from /home/airflow/.local/lib/python3.7/site-packages/airflow/example_dags/example_external_task_marker_dag.py
[2022-02-08 12:35:41,514] {logging_mixin.py:109} INFO - [2022-02-08 12:35:41,513] {dag.py:2396} INFO - Sync 2 DAGs
[2022-02-08 12:35:42,092] {logging_mixin.py:109} INFO - [2022-02-08 12:35:42,092] {dag.py:2935} INFO - Setting next_dagrun for example_external_task_marker_child to None
[2022-02-08 12:35:42,102] {logging_mixin.py:109} INFO - [2022-02-08 12:35:42,102] {dag.py:2935} INFO - Setting next_dagrun for example_external_task_marker_parent to None
[2022-02-08 12:35:42,389] {processor.py:171} INFO - Processing /home/airflow/.local/lib/python3.7/site-packages/airflow/example_dags/example_external_task_marker_dag.py took 1.798 seconds
[2022-02-08 12:40:21,699] {processor.py:163} INFO - Started process (PID=567) to work on /home/airflow/.local/lib/python3.7/site-packages/airflow/example_dags/example_external_task_marker_dag.py
[2022-02-08 12:40:21,785] {processor.py:642} INFO - Processing file /home/airflow/.local/lib/python3.7/site-packages/airflow/example_dags/example_external_task_marker_dag.py for tasks to queue
[2022-02-08 12:40:21,831] {logging_mixin.py:109} INFO - [2022-02-08 12:40:21,830] {dagbag.py:500} INFO - Filling up the DagBag from /home/airflow/.local/lib/python3.7/site-packages/airflow/example_dags/example_external_task_marker_dag.py
[2022-02-08 12:40:22,453] {processor.py:654} INFO - DAG(s) dict_keys(['example_external_task_marker_parent', 'example_external_task_marker_child']) retrieved from /home/airflow/.local/lib/python3.7/site-packages/airflow/example_dags/example_external_task_marker_dag.py
[2022-02-08 12:40:23,277] {logging_mixin.py:109} INFO - [2022-02-08 12:40:23,277] {dag.py:2396} INFO - Sync 2 DAGs
[2022-02-08 12:40:24,180] {logging_mixin.py:109} INFO - [2022-02-08 12:40:24,153] {dag.py:2935} INFO - Setting next_dagrun for example_external_task_marker_child to None
[2022-02-08 12:40:24,197] {logging_mixin.py:109} INFO - [2022-02-08 12:40:24,196] {dag.py:2935} INFO - Setting next_dagrun for example_external_task_marker_parent to None
[2022-02-08 12:40:24,674] {processor.py:171} INFO - Processing /home/airflow/.local/lib/python3.7/site-packages/airflow/example_dags/example_external_task_marker_dag.py took 3.074 seconds
[2022-02-08 12:43:12,358] {processor.py:163} INFO - Started process (PID=734) to work on /home/airflow/.local/lib/python3.7/site-packages/airflow/example_dags/example_external_task_marker_dag.py
[2022-02-08 12:43:12,425] {processor.py:642} INFO - Processing file /home/airflow/.local/lib/python3.7/site-packages/airflow/example_dags/example_external_task_marker_dag.py for tasks to queue
[2022-02-08 12:43:12,463] {logging_mixin.py:109} INFO - [2022-02-08 12:43:12,448] {dagbag.py:500} INFO - Filling up the DagBag from /home/airflow/.local/lib/python3.7/site-packages/airflow/example_dags/example_external_task_marker_dag.py
[2022-02-08 12:43:13,478] {processor.py:654} INFO - DAG(s) dict_keys(['example_external_task_marker_parent', 'example_external_task_marker_child']) retrieved from /home/airflow/.local/lib/python3.7/site-packages/airflow/example_dags/example_external_task_marker_dag.py
[2022-02-08 12:43:14,386] {logging_mixin.py:109} INFO - [2022-02-08 12:43:14,386] {dag.py:2396} INFO - Sync 2 DAGs
[2022-02-08 12:43:15,123] {logging_mixin.py:109} INFO - [2022-02-08 12:43:15,123] {dag.py:2935} INFO - Setting next_dagrun for example_external_task_marker_child to None
[2022-02-08 12:43:15,149] {logging_mixin.py:109} INFO - [2022-02-08 12:43:15,149] {dag.py:2935} INFO - Setting next_dagrun for example_external_task_marker_parent to None
[2022-02-08 12:43:15,577] {processor.py:171} INFO - Processing /home/airflow/.local/lib/python3.7/site-packages/airflow/example_dags/example_external_task_marker_dag.py took 3.287 seconds
[2022-02-08 12:45:07,871] {processor.py:163} INFO - Started process (PID=904) to work on /home/airflow/.local/lib/python3.7/site-packages/airflow/example_dags/example_external_task_marker_dag.py
[2022-02-08 12:45:07,895] {processor.py:642} INFO - Processing file /home/airflow/.local/lib/python3.7/site-packages/airflow/example_dags/example_external_task_marker_dag.py for tasks to queue
[2022-02-08 12:45:07,905] {logging_mixin.py:109} INFO - [2022-02-08 12:45:07,905] {dagbag.py:500} INFO - Filling up the DagBag from /home/airflow/.local/lib/python3.7/site-packages/airflow/example_dags/example_external_task_marker_dag.py
[2022-02-08 12:45:08,482] {processor.py:654} INFO - DAG(s) dict_keys(['example_external_task_marker_parent', 'example_external_task_marker_child']) retrieved from /home/airflow/.local/lib/python3.7/site-packages/airflow/example_dags/example_external_task_marker_dag.py
[2022-02-08 12:45:09,187] {logging_mixin.py:109} INFO - [2022-02-08 12:45:09,187] {dag.py:2396} INFO - Sync 2 DAGs
[2022-02-08 12:45:10,100] {logging_mixin.py:109} INFO - [2022-02-08 12:45:10,099] {dag.py:2935} INFO - Setting next_dagrun for example_external_task_marker_child to None
[2022-02-08 12:45:10,127] {logging_mixin.py:109} INFO - [2022-02-08 12:45:10,127] {dag.py:2935} INFO - Setting next_dagrun for example_external_task_marker_parent to None
[2022-02-08 12:45:10,614] {processor.py:171} INFO - Processing /home/airflow/.local/lib/python3.7/site-packages/airflow/example_dags/example_external_task_marker_dag.py took 2.792 seconds
[2022-02-08 16:12:57,933] {processor.py:163} INFO - Started process (PID=326) to work on /home/airflow/.local/lib/python3.7/site-packages/airflow/example_dags/example_external_task_marker_dag.py
[2022-02-08 16:12:57,947] {processor.py:642} INFO - Processing file /home/airflow/.local/lib/python3.7/site-packages/airflow/example_dags/example_external_task_marker_dag.py for tasks to queue
[2022-02-08 16:12:57,956] {logging_mixin.py:109} INFO - [2022-02-08 16:12:57,956] {dagbag.py:500} INFO - Filling up the DagBag from /home/airflow/.local/lib/python3.7/site-packages/airflow/example_dags/example_external_task_marker_dag.py
[2022-02-08 16:12:58,232] {processor.py:654} INFO - DAG(s) dict_keys(['example_external_task_marker_parent', 'example_external_task_marker_child']) retrieved from /home/airflow/.local/lib/python3.7/site-packages/airflow/example_dags/example_external_task_marker_dag.py
[2022-02-08 16:12:58,409] {logging_mixin.py:109} INFO - [2022-02-08 16:12:58,408] {dag.py:2396} INFO - Sync 2 DAGs
[2022-02-08 16:12:58,606] {logging_mixin.py:109} INFO - [2022-02-08 16:12:58,605] {dag.py:2935} INFO - Setting next_dagrun for example_external_task_marker_child to None
[2022-02-08 16:12:58,619] {logging_mixin.py:109} INFO - [2022-02-08 16:12:58,614] {dag.py:2935} INFO - Setting next_dagrun for example_external_task_marker_parent to None
[2022-02-08 16:12:58,771] {processor.py:171} INFO - Processing /home/airflow/.local/lib/python3.7/site-packages/airflow/example_dags/example_external_task_marker_dag.py took 0.871 seconds
[2022-02-08 16:30:42,731] {processor.py:163} INFO - Started process (PID=453) to work on /home/airflow/.local/lib/python3.7/site-packages/airflow/example_dags/example_external_task_marker_dag.py
[2022-02-08 16:30:42,758] {processor.py:642} INFO - Processing file /home/airflow/.local/lib/python3.7/site-packages/airflow/example_dags/example_external_task_marker_dag.py for tasks to queue
[2022-02-08 16:30:42,807] {logging_mixin.py:109} INFO - [2022-02-08 16:30:42,806] {dagbag.py:500} INFO - Filling up the DagBag from /home/airflow/.local/lib/python3.7/site-packages/airflow/example_dags/example_external_task_marker_dag.py
[2022-02-08 16:30:43,642] {processor.py:654} INFO - DAG(s) dict_keys(['example_external_task_marker_parent', 'example_external_task_marker_child']) retrieved from /home/airflow/.local/lib/python3.7/site-packages/airflow/example_dags/example_external_task_marker_dag.py
[2022-02-08 16:30:44,201] {logging_mixin.py:109} INFO - [2022-02-08 16:30:44,200] {dag.py:2396} INFO - Sync 2 DAGs
[2022-02-08 16:30:44,687] {logging_mixin.py:109} INFO - [2022-02-08 16:30:44,686] {dag.py:2935} INFO - Setting next_dagrun for example_external_task_marker_child to None
[2022-02-08 16:30:44,700] {logging_mixin.py:109} INFO - [2022-02-08 16:30:44,699] {dag.py:2935} INFO - Setting next_dagrun for example_external_task_marker_parent to None
[2022-02-08 16:30:44,893] {processor.py:171} INFO - Processing /home/airflow/.local/lib/python3.7/site-packages/airflow/example_dags/example_external_task_marker_dag.py took 2.216 seconds
[2022-02-08 16:32:57,493] {processor.py:163} INFO - Started process (PID=604) to work on /home/airflow/.local/lib/python3.7/site-packages/airflow/example_dags/example_external_task_marker_dag.py
[2022-02-08 16:32:57,506] {processor.py:642} INFO - Processing file /home/airflow/.local/lib/python3.7/site-packages/airflow/example_dags/example_external_task_marker_dag.py for tasks to queue
[2022-02-08 16:32:57,530] {logging_mixin.py:109} INFO - [2022-02-08 16:32:57,530] {dagbag.py:500} INFO - Filling up the DagBag from /home/airflow/.local/lib/python3.7/site-packages/airflow/example_dags/example_external_task_marker_dag.py
[2022-02-08 16:32:58,527] {processor.py:654} INFO - DAG(s) dict_keys(['example_external_task_marker_parent', 'example_external_task_marker_child']) retrieved from /home/airflow/.local/lib/python3.7/site-packages/airflow/example_dags/example_external_task_marker_dag.py
[2022-02-08 16:32:59,000] {logging_mixin.py:109} INFO - [2022-02-08 16:32:59,000] {dag.py:2396} INFO - Sync 2 DAGs
[2022-02-08 16:32:59,817] {logging_mixin.py:109} INFO - [2022-02-08 16:32:59,817] {dag.py:2935} INFO - Setting next_dagrun for example_external_task_marker_child to None
[2022-02-08 16:32:59,858] {logging_mixin.py:109} INFO - [2022-02-08 16:32:59,857] {dag.py:2935} INFO - Setting next_dagrun for example_external_task_marker_parent to None
[2022-02-08 16:33:00,317] {processor.py:171} INFO - Processing /home/airflow/.local/lib/python3.7/site-packages/airflow/example_dags/example_external_task_marker_dag.py took 2.962 seconds
[2022-02-08 16:36:14,378] {processor.py:163} INFO - Started process (PID=775) to work on /home/airflow/.local/lib/python3.7/site-packages/airflow/example_dags/example_external_task_marker_dag.py
[2022-02-08 16:36:14,437] {processor.py:642} INFO - Processing file /home/airflow/.local/lib/python3.7/site-packages/airflow/example_dags/example_external_task_marker_dag.py for tasks to queue
[2022-02-08 16:36:14,453] {logging_mixin.py:109} INFO - [2022-02-08 16:36:14,452] {dagbag.py:500} INFO - Filling up the DagBag from /home/airflow/.local/lib/python3.7/site-packages/airflow/example_dags/example_external_task_marker_dag.py
[2022-02-08 16:36:15,434] {processor.py:654} INFO - DAG(s) dict_keys(['example_external_task_marker_parent', 'example_external_task_marker_child']) retrieved from /home/airflow/.local/lib/python3.7/site-packages/airflow/example_dags/example_external_task_marker_dag.py
[2022-02-08 16:36:16,287] {logging_mixin.py:109} INFO - [2022-02-08 16:36:16,286] {dag.py:2396} INFO - Sync 2 DAGs
[2022-02-08 16:36:17,024] {logging_mixin.py:109} INFO - [2022-02-08 16:36:17,023] {dag.py:2935} INFO - Setting next_dagrun for example_external_task_marker_child to None
[2022-02-08 16:36:17,051] {logging_mixin.py:109} INFO - [2022-02-08 16:36:17,050] {dag.py:2935} INFO - Setting next_dagrun for example_external_task_marker_parent to None
[2022-02-08 16:36:17,463] {processor.py:171} INFO - Processing /home/airflow/.local/lib/python3.7/site-packages/airflow/example_dags/example_external_task_marker_dag.py took 3.173 seconds
[2022-02-08 16:38:54,695] {processor.py:163} INFO - Started process (PID=934) to work on /home/airflow/.local/lib/python3.7/site-packages/airflow/example_dags/example_external_task_marker_dag.py
[2022-02-08 16:38:54,734] {processor.py:642} INFO - Processing file /home/airflow/.local/lib/python3.7/site-packages/airflow/example_dags/example_external_task_marker_dag.py for tasks to queue
[2022-02-08 16:38:54,766] {logging_mixin.py:109} INFO - [2022-02-08 16:38:54,745] {dagbag.py:500} INFO - Filling up the DagBag from /home/airflow/.local/lib/python3.7/site-packages/airflow/example_dags/example_external_task_marker_dag.py
[2022-02-08 16:38:55,533] {processor.py:654} INFO - DAG(s) dict_keys(['example_external_task_marker_parent', 'example_external_task_marker_child']) retrieved from /home/airflow/.local/lib/python3.7/site-packages/airflow/example_dags/example_external_task_marker_dag.py
[2022-02-08 16:38:56,522] {logging_mixin.py:109} INFO - [2022-02-08 16:38:56,521] {dag.py:2396} INFO - Sync 2 DAGs
[2022-02-08 16:38:57,231] {logging_mixin.py:109} INFO - [2022-02-08 16:38:57,230] {dag.py:2935} INFO - Setting next_dagrun for example_external_task_marker_child to None
[2022-02-08 16:38:57,240] {logging_mixin.py:109} INFO - [2022-02-08 16:38:57,240] {dag.py:2935} INFO - Setting next_dagrun for example_external_task_marker_parent to None
[2022-02-08 16:38:57,613] {processor.py:171} INFO - Processing /home/airflow/.local/lib/python3.7/site-packages/airflow/example_dags/example_external_task_marker_dag.py took 3.090 seconds
[2022-02-08 17:13:29,373] {processor.py:163} INFO - Started process (PID=1111) to work on /home/airflow/.local/lib/python3.7/site-packages/airflow/example_dags/example_external_task_marker_dag.py
[2022-02-08 17:13:29,410] {processor.py:642} INFO - Processing file /home/airflow/.local/lib/python3.7/site-packages/airflow/example_dags/example_external_task_marker_dag.py for tasks to queue
[2022-02-08 17:13:29,427] {logging_mixin.py:109} INFO - [2022-02-08 17:13:29,427] {dagbag.py:500} INFO - Filling up the DagBag from /home/airflow/.local/lib/python3.7/site-packages/airflow/example_dags/example_external_task_marker_dag.py
[2022-02-08 17:13:30,346] {processor.py:654} INFO - DAG(s) dict_keys(['example_external_task_marker_parent', 'example_external_task_marker_child']) retrieved from /home/airflow/.local/lib/python3.7/site-packages/airflow/example_dags/example_external_task_marker_dag.py
[2022-02-08 17:13:31,163] {logging_mixin.py:109} INFO - [2022-02-08 17:13:31,163] {dag.py:2396} INFO - Sync 2 DAGs
[2022-02-08 17:13:31,889] {logging_mixin.py:109} INFO - [2022-02-08 17:13:31,889] {dag.py:2935} INFO - Setting next_dagrun for example_external_task_marker_child to None
[2022-02-08 17:13:31,933] {logging_mixin.py:109} INFO - [2022-02-08 17:13:31,932] {dag.py:2935} INFO - Setting next_dagrun for example_external_task_marker_parent to None
[2022-02-08 17:13:32,280] {processor.py:171} INFO - Processing /home/airflow/.local/lib/python3.7/site-packages/airflow/example_dags/example_external_task_marker_dag.py took 2.979 seconds
[2022-02-08 17:15:16,090] {processor.py:163} INFO - Started process (PID=1279) to work on /home/airflow/.local/lib/python3.7/site-packages/airflow/example_dags/example_external_task_marker_dag.py
[2022-02-08 17:15:16,146] {processor.py:642} INFO - Processing file /home/airflow/.local/lib/python3.7/site-packages/airflow/example_dags/example_external_task_marker_dag.py for tasks to queue
[2022-02-08 17:15:16,206] {logging_mixin.py:109} INFO - [2022-02-08 17:15:16,206] {dagbag.py:500} INFO - Filling up the DagBag from /home/airflow/.local/lib/python3.7/site-packages/airflow/example_dags/example_external_task_marker_dag.py
[2022-02-08 17:15:16,718] {processor.py:654} INFO - DAG(s) dict_keys(['example_external_task_marker_parent', 'example_external_task_marker_child']) retrieved from /home/airflow/.local/lib/python3.7/site-packages/airflow/example_dags/example_external_task_marker_dag.py
[2022-02-08 17:15:17,309] {logging_mixin.py:109} INFO - [2022-02-08 17:15:17,308] {dag.py:2396} INFO - Sync 2 DAGs
[2022-02-08 17:15:18,185] {logging_mixin.py:109} INFO - [2022-02-08 17:15:18,185] {dag.py:2935} INFO - Setting next_dagrun for example_external_task_marker_child to None
[2022-02-08 17:15:18,207] {logging_mixin.py:109} INFO - [2022-02-08 17:15:18,206] {dag.py:2935} INFO - Setting next_dagrun for example_external_task_marker_parent to None
[2022-02-08 17:15:18,662] {processor.py:171} INFO - Processing /home/airflow/.local/lib/python3.7/site-packages/airflow/example_dags/example_external_task_marker_dag.py took 2.699 seconds
[2022-02-08 17:17:15,528] {processor.py:163} INFO - Started process (PID=1438) to work on /home/airflow/.local/lib/python3.7/site-packages/airflow/example_dags/example_external_task_marker_dag.py
[2022-02-08 17:17:15,560] {processor.py:642} INFO - Processing file /home/airflow/.local/lib/python3.7/site-packages/airflow/example_dags/example_external_task_marker_dag.py for tasks to queue
[2022-02-08 17:17:15,585] {logging_mixin.py:109} INFO - [2022-02-08 17:17:15,585] {dagbag.py:500} INFO - Filling up the DagBag from /home/airflow/.local/lib/python3.7/site-packages/airflow/example_dags/example_external_task_marker_dag.py
[2022-02-08 17:17:16,327] {processor.py:654} INFO - DAG(s) dict_keys(['example_external_task_marker_parent', 'example_external_task_marker_child']) retrieved from /home/airflow/.local/lib/python3.7/site-packages/airflow/example_dags/example_external_task_marker_dag.py
[2022-02-08 17:17:16,947] {logging_mixin.py:109} INFO - [2022-02-08 17:17:16,947] {dag.py:2396} INFO - Sync 2 DAGs
[2022-02-08 17:17:17,631] {logging_mixin.py:109} INFO - [2022-02-08 17:17:17,631] {dag.py:2935} INFO - Setting next_dagrun for example_external_task_marker_child to None
[2022-02-08 17:17:17,654] {logging_mixin.py:109} INFO - [2022-02-08 17:17:17,652] {dag.py:2935} INFO - Setting next_dagrun for example_external_task_marker_parent to None
[2022-02-08 17:17:18,031] {processor.py:171} INFO - Processing /home/airflow/.local/lib/python3.7/site-packages/airflow/example_dags/example_external_task_marker_dag.py took 2.556 seconds
[2022-02-08 17:19:51,097] {processor.py:163} INFO - Started process (PID=1571) to work on /home/airflow/.local/lib/python3.7/site-packages/airflow/example_dags/example_external_task_marker_dag.py
[2022-02-08 17:19:51,143] {processor.py:642} INFO - Processing file /home/airflow/.local/lib/python3.7/site-packages/airflow/example_dags/example_external_task_marker_dag.py for tasks to queue
[2022-02-08 17:19:51,176] {logging_mixin.py:109} INFO - [2022-02-08 17:19:51,176] {dagbag.py:500} INFO - Filling up the DagBag from /home/airflow/.local/lib/python3.7/site-packages/airflow/example_dags/example_external_task_marker_dag.py
[2022-02-08 17:19:52,313] {processor.py:654} INFO - DAG(s) dict_keys(['example_external_task_marker_parent', 'example_external_task_marker_child']) retrieved from /home/airflow/.local/lib/python3.7/site-packages/airflow/example_dags/example_external_task_marker_dag.py
[2022-02-08 17:19:53,090] {logging_mixin.py:109} INFO - [2022-02-08 17:19:53,089] {dag.py:2396} INFO - Sync 2 DAGs
[2022-02-08 17:19:53,898] {logging_mixin.py:109} INFO - [2022-02-08 17:19:53,898] {dag.py:2935} INFO - Setting next_dagrun for example_external_task_marker_child to None
[2022-02-08 17:19:53,956] {logging_mixin.py:109} INFO - [2022-02-08 17:19:53,953] {dag.py:2935} INFO - Setting next_dagrun for example_external_task_marker_parent to None
[2022-02-08 17:19:54,363] {processor.py:171} INFO - Processing /home/airflow/.local/lib/python3.7/site-packages/airflow/example_dags/example_external_task_marker_dag.py took 3.333 seconds
[2022-02-08 17:21:43,727] {processor.py:163} INFO - Started process (PID=1717) to work on /home/airflow/.local/lib/python3.7/site-packages/airflow/example_dags/example_external_task_marker_dag.py
[2022-02-08 17:21:43,756] {processor.py:642} INFO - Processing file /home/airflow/.local/lib/python3.7/site-packages/airflow/example_dags/example_external_task_marker_dag.py for tasks to queue
[2022-02-08 17:21:43,780] {logging_mixin.py:109} INFO - [2022-02-08 17:21:43,780] {dagbag.py:500} INFO - Filling up the DagBag from /home/airflow/.local/lib/python3.7/site-packages/airflow/example_dags/example_external_task_marker_dag.py
[2022-02-08 17:21:44,476] {processor.py:654} INFO - DAG(s) dict_keys(['example_external_task_marker_parent', 'example_external_task_marker_child']) retrieved from /home/airflow/.local/lib/python3.7/site-packages/airflow/example_dags/example_external_task_marker_dag.py
[2022-02-08 17:21:45,248] {logging_mixin.py:109} INFO - [2022-02-08 17:21:45,248] {dag.py:2396} INFO - Sync 2 DAGs
[2022-02-08 17:21:45,707] {logging_mixin.py:109} INFO - [2022-02-08 17:21:45,707] {dag.py:2935} INFO - Setting next_dagrun for example_external_task_marker_child to None
[2022-02-08 17:21:45,724] {logging_mixin.py:109} INFO - [2022-02-08 17:21:45,724] {dag.py:2935} INFO - Setting next_dagrun for example_external_task_marker_parent to None
[2022-02-08 17:21:46,119] {processor.py:171} INFO - Processing /home/airflow/.local/lib/python3.7/site-packages/airflow/example_dags/example_external_task_marker_dag.py took 2.435 seconds
[2022-02-08 17:24:35,071] {processor.py:163} INFO - Started process (PID=1894) to work on /home/airflow/.local/lib/python3.7/site-packages/airflow/example_dags/example_external_task_marker_dag.py
[2022-02-08 17:24:35,129] {processor.py:642} INFO - Processing file /home/airflow/.local/lib/python3.7/site-packages/airflow/example_dags/example_external_task_marker_dag.py for tasks to queue
[2022-02-08 17:24:35,149] {logging_mixin.py:109} INFO - [2022-02-08 17:24:35,149] {dagbag.py:500} INFO - Filling up the DagBag from /home/airflow/.local/lib/python3.7/site-packages/airflow/example_dags/example_external_task_marker_dag.py
[2022-02-08 17:24:36,033] {processor.py:654} INFO - DAG(s) dict_keys(['example_external_task_marker_parent', 'example_external_task_marker_child']) retrieved from /home/airflow/.local/lib/python3.7/site-packages/airflow/example_dags/example_external_task_marker_dag.py
[2022-02-08 17:24:36,537] {logging_mixin.py:109} INFO - [2022-02-08 17:24:36,536] {dag.py:2396} INFO - Sync 2 DAGs
[2022-02-08 17:24:36,962] {logging_mixin.py:109} INFO - [2022-02-08 17:24:36,961] {dag.py:2935} INFO - Setting next_dagrun for example_external_task_marker_child to None
[2022-02-08 17:24:36,972] {logging_mixin.py:109} INFO - [2022-02-08 17:24:36,965] {dag.py:2935} INFO - Setting next_dagrun for example_external_task_marker_parent to None
[2022-02-08 17:24:37,137] {processor.py:171} INFO - Processing /home/airflow/.local/lib/python3.7/site-packages/airflow/example_dags/example_external_task_marker_dag.py took 2.116 seconds
[2022-02-08 17:58:19,922] {processor.py:163} INFO - Started process (PID=645) to work on /home/airflow/.local/lib/python3.7/site-packages/airflow/example_dags/example_external_task_marker_dag.py
[2022-02-08 17:58:19,955] {processor.py:642} INFO - Processing file /home/airflow/.local/lib/python3.7/site-packages/airflow/example_dags/example_external_task_marker_dag.py for tasks to queue
[2022-02-08 17:58:20,034] {logging_mixin.py:109} INFO - [2022-02-08 17:58:20,013] {dagbag.py:500} INFO - Filling up the DagBag from /home/airflow/.local/lib/python3.7/site-packages/airflow/example_dags/example_external_task_marker_dag.py
[2022-02-08 18:01:20,097] {processor.py:163} INFO - Started process (PID=815) to work on /home/airflow/.local/lib/python3.7/site-packages/airflow/example_dags/example_external_task_marker_dag.py
[2022-02-08 18:01:20,148] {processor.py:642} INFO - Processing file /home/airflow/.local/lib/python3.7/site-packages/airflow/example_dags/example_external_task_marker_dag.py for tasks to queue
[2022-02-08 18:01:20,184] {logging_mixin.py:109} INFO - [2022-02-08 18:01:20,154] {dagbag.py:500} INFO - Filling up the DagBag from /home/airflow/.local/lib/python3.7/site-packages/airflow/example_dags/example_external_task_marker_dag.py
[2022-02-08 18:01:21,187] {processor.py:654} INFO - DAG(s) dict_keys(['example_external_task_marker_parent', 'example_external_task_marker_child']) retrieved from /home/airflow/.local/lib/python3.7/site-packages/airflow/example_dags/example_external_task_marker_dag.py
[2022-02-08 18:01:22,085] {logging_mixin.py:109} INFO - [2022-02-08 18:01:22,085] {dag.py:2396} INFO - Sync 2 DAGs
[2022-02-08 18:01:22,773] {logging_mixin.py:109} INFO - [2022-02-08 18:01:22,773] {dag.py:2935} INFO - Setting next_dagrun for example_external_task_marker_child to None
[2022-02-08 18:01:22,796] {logging_mixin.py:109} INFO - [2022-02-08 18:01:22,796] {dag.py:2935} INFO - Setting next_dagrun for example_external_task_marker_parent to None
[2022-02-08 18:01:23,216] {processor.py:171} INFO - Processing /home/airflow/.local/lib/python3.7/site-packages/airflow/example_dags/example_external_task_marker_dag.py took 3.246 seconds
[2022-02-08 18:03:37,821] {processor.py:163} INFO - Started process (PID=998) to work on /home/airflow/.local/lib/python3.7/site-packages/airflow/example_dags/example_external_task_marker_dag.py
[2022-02-08 18:03:37,848] {processor.py:642} INFO - Processing file /home/airflow/.local/lib/python3.7/site-packages/airflow/example_dags/example_external_task_marker_dag.py for tasks to queue
[2022-02-08 18:03:37,881] {logging_mixin.py:109} INFO - [2022-02-08 18:03:37,866] {dagbag.py:500} INFO - Filling up the DagBag from /home/airflow/.local/lib/python3.7/site-packages/airflow/example_dags/example_external_task_marker_dag.py
[2022-02-08 18:03:38,512] {processor.py:654} INFO - DAG(s) dict_keys(['example_external_task_marker_parent', 'example_external_task_marker_child']) retrieved from /home/airflow/.local/lib/python3.7/site-packages/airflow/example_dags/example_external_task_marker_dag.py
[2022-02-08 18:03:39,051] {logging_mixin.py:109} INFO - [2022-02-08 18:03:39,050] {dag.py:2396} INFO - Sync 2 DAGs
[2022-02-08 18:03:39,994] {logging_mixin.py:109} INFO - [2022-02-08 18:03:39,994] {dag.py:2935} INFO - Setting next_dagrun for example_external_task_marker_child to None
[2022-02-08 18:03:40,038] {logging_mixin.py:109} INFO - [2022-02-08 18:03:40,038] {dag.py:2935} INFO - Setting next_dagrun for example_external_task_marker_parent to None
[2022-02-08 18:03:40,550] {processor.py:171} INFO - Processing /home/airflow/.local/lib/python3.7/site-packages/airflow/example_dags/example_external_task_marker_dag.py took 2.788 seconds
