[2022-02-08 10:12:30,174] {processor.py:163} INFO - Started process (PID=502) to work on /home/airflow/.local/lib/python3.7/site-packages/airflow/example_dags/example_branch_datetime_operator.py
[2022-02-08 10:12:30,183] {processor.py:642} INFO - Processing file /home/airflow/.local/lib/python3.7/site-packages/airflow/example_dags/example_branch_datetime_operator.py for tasks to queue
[2022-02-08 10:12:30,195] {logging_mixin.py:109} INFO - [2022-02-08 10:12:30,194] {dagbag.py:500} INFO - Filling up the DagBag from /home/airflow/.local/lib/python3.7/site-packages/airflow/example_dags/example_branch_datetime_operator.py
[2022-02-08 10:12:30,394] {processor.py:654} INFO - DAG(s) dict_keys(['example_branch_datetime_operator_2']) retrieved from /home/airflow/.local/lib/python3.7/site-packages/airflow/example_dags/example_branch_datetime_operator.py
[2022-02-08 10:12:43,595] {logging_mixin.py:109} INFO - [2022-02-08 10:12:43,594] {manager.py:496} INFO - Created Permission View: can read on DAG:example_branch_datetime_operator_2
[2022-02-08 10:12:43,749] {logging_mixin.py:109} INFO - [2022-02-08 10:12:43,749] {manager.py:496} INFO - Created Permission View: can edit on DAG:example_branch_datetime_operator_2
[2022-02-08 10:12:43,769] {logging_mixin.py:109} INFO - [2022-02-08 10:12:43,767] {dag.py:2396} INFO - Sync 1 DAGs
[2022-02-08 10:12:43,846] {logging_mixin.py:109} INFO - [2022-02-08 10:12:43,844] {dag.py:2415} INFO - Creating ORM DAG for example_branch_datetime_operator_2
[2022-02-08 10:12:43,922] {logging_mixin.py:109} INFO - [2022-02-08 10:12:43,921] {dag.py:2935} INFO - Setting next_dagrun for example_branch_datetime_operator_2 to 2022-02-07 00:00:00+00:00
[2022-02-08 10:12:44,025] {processor.py:171} INFO - Processing /home/airflow/.local/lib/python3.7/site-packages/airflow/example_dags/example_branch_datetime_operator.py took 13.907 seconds
[2022-02-08 10:14:06,599] {processor.py:163} INFO - Started process (PID=723) to work on /home/airflow/.local/lib/python3.7/site-packages/airflow/example_dags/example_branch_datetime_operator.py
[2022-02-08 10:14:06,605] {processor.py:642} INFO - Processing file /home/airflow/.local/lib/python3.7/site-packages/airflow/example_dags/example_branch_datetime_operator.py for tasks to queue
[2022-02-08 10:14:06,611] {logging_mixin.py:109} INFO - [2022-02-08 10:14:06,611] {dagbag.py:500} INFO - Filling up the DagBag from /home/airflow/.local/lib/python3.7/site-packages/airflow/example_dags/example_branch_datetime_operator.py
[2022-02-08 10:14:06,759] {processor.py:654} INFO - DAG(s) dict_keys(['example_branch_datetime_operator_2']) retrieved from /home/airflow/.local/lib/python3.7/site-packages/airflow/example_dags/example_branch_datetime_operator.py
[2022-02-08 10:14:06,804] {logging_mixin.py:109} INFO - [2022-02-08 10:14:06,803] {dag.py:2396} INFO - Sync 1 DAGs
[2022-02-08 10:14:06,857] {logging_mixin.py:109} INFO - [2022-02-08 10:14:06,857] {dag.py:2935} INFO - Setting next_dagrun for example_branch_datetime_operator_2 to 2022-02-07 00:00:00+00:00
[2022-02-08 10:14:06,900] {processor.py:171} INFO - Processing /home/airflow/.local/lib/python3.7/site-packages/airflow/example_dags/example_branch_datetime_operator.py took 0.308 seconds
[2022-02-08 10:14:37,140] {processor.py:163} INFO - Started process (PID=803) to work on /home/airflow/.local/lib/python3.7/site-packages/airflow/example_dags/example_branch_datetime_operator.py
[2022-02-08 10:14:37,145] {processor.py:642} INFO - Processing file /home/airflow/.local/lib/python3.7/site-packages/airflow/example_dags/example_branch_datetime_operator.py for tasks to queue
[2022-02-08 10:14:37,148] {logging_mixin.py:109} INFO - [2022-02-08 10:14:37,148] {dagbag.py:500} INFO - Filling up the DagBag from /home/airflow/.local/lib/python3.7/site-packages/airflow/example_dags/example_branch_datetime_operator.py
[2022-02-08 10:14:37,212] {processor.py:654} INFO - DAG(s) dict_keys(['example_branch_datetime_operator_2']) retrieved from /home/airflow/.local/lib/python3.7/site-packages/airflow/example_dags/example_branch_datetime_operator.py
[2022-02-08 10:14:37,244] {logging_mixin.py:109} INFO - [2022-02-08 10:14:37,243] {dag.py:2396} INFO - Sync 1 DAGs
[2022-02-08 10:14:37,300] {logging_mixin.py:109} INFO - [2022-02-08 10:14:37,300] {dag.py:2935} INFO - Setting next_dagrun for example_branch_datetime_operator_2 to 2022-02-07 00:00:00+00:00
[2022-02-08 10:14:37,339] {processor.py:171} INFO - Processing /home/airflow/.local/lib/python3.7/site-packages/airflow/example_dags/example_branch_datetime_operator.py took 0.206 seconds
[2022-02-08 10:15:07,621] {processor.py:163} INFO - Started process (PID=902) to work on /home/airflow/.local/lib/python3.7/site-packages/airflow/example_dags/example_branch_datetime_operator.py
[2022-02-08 10:15:07,625] {processor.py:642} INFO - Processing file /home/airflow/.local/lib/python3.7/site-packages/airflow/example_dags/example_branch_datetime_operator.py for tasks to queue
[2022-02-08 10:15:07,629] {logging_mixin.py:109} INFO - [2022-02-08 10:15:07,629] {dagbag.py:500} INFO - Filling up the DagBag from /home/airflow/.local/lib/python3.7/site-packages/airflow/example_dags/example_branch_datetime_operator.py
[2022-02-08 10:15:07,705] {processor.py:654} INFO - DAG(s) dict_keys(['example_branch_datetime_operator_2']) retrieved from /home/airflow/.local/lib/python3.7/site-packages/airflow/example_dags/example_branch_datetime_operator.py
[2022-02-08 10:15:07,760] {logging_mixin.py:109} INFO - [2022-02-08 10:15:07,760] {dag.py:2396} INFO - Sync 1 DAGs
[2022-02-08 10:15:07,915] {logging_mixin.py:109} INFO - [2022-02-08 10:15:07,914] {dag.py:2935} INFO - Setting next_dagrun for example_branch_datetime_operator_2 to 2022-02-07 00:00:00+00:00
[2022-02-08 10:15:07,991] {processor.py:171} INFO - Processing /home/airflow/.local/lib/python3.7/site-packages/airflow/example_dags/example_branch_datetime_operator.py took 0.377 seconds
[2022-02-08 10:21:25,323] {processor.py:163} INFO - Started process (PID=329) to work on /home/airflow/.local/lib/python3.7/site-packages/airflow/example_dags/example_branch_datetime_operator.py
[2022-02-08 10:21:25,418] {processor.py:642} INFO - Processing file /home/airflow/.local/lib/python3.7/site-packages/airflow/example_dags/example_branch_datetime_operator.py for tasks to queue
[2022-02-08 10:21:26,086] {logging_mixin.py:109} INFO - [2022-02-08 10:21:25,884] {dagbag.py:500} INFO - Filling up the DagBag from /home/airflow/.local/lib/python3.7/site-packages/airflow/example_dags/example_branch_datetime_operator.py
[2022-02-08 10:22:09,302] {logging_mixin.py:109} INFO - [2022-02-08 10:22:08,581] {timeout.py:36} ERROR - Process timed out, PID: 329
[2022-02-08 10:22:28,870] {logging_mixin.py:109} INFO - [2022-02-08 10:22:26,019] {dagbag.py:528} ERROR - DagBag import timeout for /home/airflow/.local/lib/python3.7/site-packages/airflow/example_dags/example_branch_datetime_operator.py after 30.0s.
Please take a look at these docs to improve your DAG import time:
* https://airflow.apache.org/docs/apache-airflow/2.2.3/best-practices.html#top-level-python-code
* https://airflow.apache.org/docs/apache-airflow/2.2.3/best-practices.html#reducing-dag-complexity, PID: 329
Traceback (most recent call last):
  File "/home/airflow/.local/lib/python3.7/site-packages/airflow/models/dagbag.py", line 515, in collect_dags
    found_dags = self.process_file(filepath, only_if_updated=only_if_updated, safe_mode=safe_mode)
  File "/home/airflow/.local/lib/python3.7/site-packages/airflow/models/dagbag.py", line 294, in process_file
    mods = self._load_modules_from_file(filepath, safe_mode)
  File "/home/airflow/.local/lib/python3.7/site-packages/airflow/models/dagbag.py", line 340, in _load_modules_from_file
    self.import_errors[filepath] = str(e)
  File "/home/airflow/.local/lib/python3.7/site-packages/airflow/utils/timeout.py", line 48, in __exit__
    signal.setitimer(signal.ITIMER_REAL, 0)
  File "/home/airflow/.local/lib/python3.7/site-packages/airflow/utils/timeout.py", line 37, in handle_timeout
    raise AirflowTaskTimeout(self.error_message)
airflow.exceptions.AirflowTaskTimeout: DagBag import timeout for /home/airflow/.local/lib/python3.7/site-packages/airflow/example_dags/example_branch_datetime_operator.py after 30.0s.
Please take a look at these docs to improve your DAG import time:
* https://airflow.apache.org/docs/apache-airflow/2.2.3/best-practices.html#top-level-python-code
* https://airflow.apache.org/docs/apache-airflow/2.2.3/best-practices.html#reducing-dag-complexity, PID: 329
[2022-02-08 10:23:19,103] {processor.py:163} INFO - Started process (PID=402) to work on /home/airflow/.local/lib/python3.7/site-packages/airflow/example_dags/example_branch_datetime_operator.py
[2022-02-08 10:23:19,157] {processor.py:642} INFO - Processing file /home/airflow/.local/lib/python3.7/site-packages/airflow/example_dags/example_branch_datetime_operator.py for tasks to queue
[2022-02-08 10:23:19,219] {logging_mixin.py:109} INFO - [2022-02-08 10:23:19,219] {dagbag.py:500} INFO - Filling up the DagBag from /home/airflow/.local/lib/python3.7/site-packages/airflow/example_dags/example_branch_datetime_operator.py
[2022-02-08 10:23:20,529] {processor.py:654} INFO - DAG(s) dict_keys(['example_branch_datetime_operator_2']) retrieved from /home/airflow/.local/lib/python3.7/site-packages/airflow/example_dags/example_branch_datetime_operator.py
[2022-02-08 10:23:21,144] {logging_mixin.py:109} INFO - [2022-02-08 10:23:21,113] {dag.py:2396} INFO - Sync 1 DAGs
[2022-02-08 10:23:22,127] {logging_mixin.py:109} INFO - [2022-02-08 10:23:22,125] {dag.py:2935} INFO - Setting next_dagrun for example_branch_datetime_operator_2 to 2022-02-07 00:00:00+00:00
[2022-02-08 10:23:22,571] {processor.py:171} INFO - Processing /home/airflow/.local/lib/python3.7/site-packages/airflow/example_dags/example_branch_datetime_operator.py took 3.564 seconds
[2022-02-08 10:25:22,867] {processor.py:163} INFO - Started process (PID=575) to work on /home/airflow/.local/lib/python3.7/site-packages/airflow/example_dags/example_branch_datetime_operator.py
[2022-02-08 10:25:22,995] {processor.py:642} INFO - Processing file /home/airflow/.local/lib/python3.7/site-packages/airflow/example_dags/example_branch_datetime_operator.py for tasks to queue
[2022-02-08 10:25:23,090] {logging_mixin.py:109} INFO - [2022-02-08 10:25:23,048] {dagbag.py:500} INFO - Filling up the DagBag from /home/airflow/.local/lib/python3.7/site-packages/airflow/example_dags/example_branch_datetime_operator.py
[2022-02-08 10:25:44,867] {processor.py:654} INFO - DAG(s) dict_keys(['example_branch_datetime_operator_2']) retrieved from /home/airflow/.local/lib/python3.7/site-packages/airflow/example_dags/example_branch_datetime_operator.py
[2022-02-08 10:25:45,284] {logging_mixin.py:109} INFO - [2022-02-08 10:25:45,282] {dag.py:2396} INFO - Sync 1 DAGs
[2022-02-08 10:25:46,173] {logging_mixin.py:109} INFO - [2022-02-08 10:25:46,157] {dag.py:2935} INFO - Setting next_dagrun for example_branch_datetime_operator_2 to 2022-02-07 00:00:00+00:00
[2022-02-08 10:25:47,219] {processor.py:171} INFO - Processing /home/airflow/.local/lib/python3.7/site-packages/airflow/example_dags/example_branch_datetime_operator.py took 23.268 seconds
[2022-02-08 10:27:26,326] {processor.py:163} INFO - Started process (PID=707) to work on /home/airflow/.local/lib/python3.7/site-packages/airflow/example_dags/example_branch_datetime_operator.py
[2022-02-08 10:27:26,408] {processor.py:642} INFO - Processing file /home/airflow/.local/lib/python3.7/site-packages/airflow/example_dags/example_branch_datetime_operator.py for tasks to queue
[2022-02-08 10:27:26,481] {logging_mixin.py:109} INFO - [2022-02-08 10:27:26,454] {dagbag.py:500} INFO - Filling up the DagBag from /home/airflow/.local/lib/python3.7/site-packages/airflow/example_dags/example_branch_datetime_operator.py
[2022-02-08 10:27:28,381] {processor.py:654} INFO - DAG(s) dict_keys(['example_branch_datetime_operator_2']) retrieved from /home/airflow/.local/lib/python3.7/site-packages/airflow/example_dags/example_branch_datetime_operator.py
[2022-02-08 10:27:28,757] {logging_mixin.py:109} INFO - [2022-02-08 10:27:28,757] {dag.py:2396} INFO - Sync 1 DAGs
[2022-02-08 10:27:30,014] {logging_mixin.py:109} INFO - [2022-02-08 10:27:30,013] {dag.py:2935} INFO - Setting next_dagrun for example_branch_datetime_operator_2 to 2022-02-07 00:00:00+00:00
[2022-02-08 10:27:30,731] {processor.py:171} INFO - Processing /home/airflow/.local/lib/python3.7/site-packages/airflow/example_dags/example_branch_datetime_operator.py took 4.601 seconds
[2022-02-08 11:05:56,049] {processor.py:163} INFO - Started process (PID=389) to work on /home/airflow/.local/lib/python3.7/site-packages/airflow/example_dags/example_branch_datetime_operator.py
[2022-02-08 11:05:56,071] {processor.py:642} INFO - Processing file /home/airflow/.local/lib/python3.7/site-packages/airflow/example_dags/example_branch_datetime_operator.py for tasks to queue
[2022-02-08 11:05:56,080] {logging_mixin.py:109} INFO - [2022-02-08 11:05:56,080] {dagbag.py:500} INFO - Filling up the DagBag from /home/airflow/.local/lib/python3.7/site-packages/airflow/example_dags/example_branch_datetime_operator.py
[2022-02-08 11:05:57,367] {processor.py:654} INFO - DAG(s) dict_keys(['example_branch_datetime_operator_2']) retrieved from /home/airflow/.local/lib/python3.7/site-packages/airflow/example_dags/example_branch_datetime_operator.py
[2022-02-08 11:05:57,779] {logging_mixin.py:109} INFO - [2022-02-08 11:05:57,779] {dag.py:2396} INFO - Sync 1 DAGs
[2022-02-08 11:05:58,872] {logging_mixin.py:109} INFO - [2022-02-08 11:05:58,859] {dag.py:2935} INFO - Setting next_dagrun for example_branch_datetime_operator_2 to 2022-02-07 00:00:00+00:00
[2022-02-08 11:05:59,189] {processor.py:171} INFO - Processing /home/airflow/.local/lib/python3.7/site-packages/airflow/example_dags/example_branch_datetime_operator.py took 3.190 seconds
[2022-02-08 11:09:03,698] {processor.py:163} INFO - Started process (PID=557) to work on /home/airflow/.local/lib/python3.7/site-packages/airflow/example_dags/example_branch_datetime_operator.py
[2022-02-08 11:09:03,763] {processor.py:642} INFO - Processing file /home/airflow/.local/lib/python3.7/site-packages/airflow/example_dags/example_branch_datetime_operator.py for tasks to queue
[2022-02-08 11:09:03,791] {logging_mixin.py:109} INFO - [2022-02-08 11:09:03,790] {dagbag.py:500} INFO - Filling up the DagBag from /home/airflow/.local/lib/python3.7/site-packages/airflow/example_dags/example_branch_datetime_operator.py
[2022-02-08 11:09:04,577] {processor.py:654} INFO - DAG(s) dict_keys(['example_branch_datetime_operator_2']) retrieved from /home/airflow/.local/lib/python3.7/site-packages/airflow/example_dags/example_branch_datetime_operator.py
[2022-02-08 11:09:05,389] {logging_mixin.py:109} INFO - [2022-02-08 11:09:05,389] {dag.py:2396} INFO - Sync 1 DAGs
[2022-02-08 11:09:06,279] {logging_mixin.py:109} INFO - [2022-02-08 11:09:06,279] {dag.py:2935} INFO - Setting next_dagrun for example_branch_datetime_operator_2 to 2022-02-07 00:00:00+00:00
[2022-02-08 11:09:06,533] {processor.py:171} INFO - Processing /home/airflow/.local/lib/python3.7/site-packages/airflow/example_dags/example_branch_datetime_operator.py took 2.894 seconds
[2022-02-08 11:20:13,764] {processor.py:163} INFO - Started process (PID=511) to work on /home/airflow/.local/lib/python3.7/site-packages/airflow/example_dags/example_branch_datetime_operator.py
[2022-02-08 11:20:13,848] {processor.py:642} INFO - Processing file /home/airflow/.local/lib/python3.7/site-packages/airflow/example_dags/example_branch_datetime_operator.py for tasks to queue
[2022-02-08 11:20:13,860] {logging_mixin.py:109} INFO - [2022-02-08 11:20:13,860] {dagbag.py:500} INFO - Filling up the DagBag from /home/airflow/.local/lib/python3.7/site-packages/airflow/example_dags/example_branch_datetime_operator.py
[2022-02-08 11:20:15,264] {processor.py:654} INFO - DAG(s) dict_keys(['example_branch_datetime_operator_2']) retrieved from /home/airflow/.local/lib/python3.7/site-packages/airflow/example_dags/example_branch_datetime_operator.py
[2022-02-08 11:20:16,300] {logging_mixin.py:109} INFO - [2022-02-08 11:20:16,299] {dag.py:2396} INFO - Sync 1 DAGs
[2022-02-08 11:20:17,798] {logging_mixin.py:109} INFO - [2022-02-08 11:20:17,797] {dag.py:2935} INFO - Setting next_dagrun for example_branch_datetime_operator_2 to 2022-02-07 00:00:00+00:00
[2022-02-08 11:20:17,927] {processor.py:171} INFO - Processing /home/airflow/.local/lib/python3.7/site-packages/airflow/example_dags/example_branch_datetime_operator.py took 4.283 seconds
[2022-02-08 12:35:45,494] {processor.py:163} INFO - Started process (PID=342) to work on /home/airflow/.local/lib/python3.7/site-packages/airflow/example_dags/example_branch_datetime_operator.py
[2022-02-08 12:35:45,505] {processor.py:642} INFO - Processing file /home/airflow/.local/lib/python3.7/site-packages/airflow/example_dags/example_branch_datetime_operator.py for tasks to queue
[2022-02-08 12:35:45,529] {logging_mixin.py:109} INFO - [2022-02-08 12:35:45,528] {dagbag.py:500} INFO - Filling up the DagBag from /home/airflow/.local/lib/python3.7/site-packages/airflow/example_dags/example_branch_datetime_operator.py
[2022-02-08 12:35:46,080] {processor.py:654} INFO - DAG(s) dict_keys(['example_branch_datetime_operator_2']) retrieved from /home/airflow/.local/lib/python3.7/site-packages/airflow/example_dags/example_branch_datetime_operator.py
[2022-02-08 12:35:46,354] {logging_mixin.py:109} INFO - [2022-02-08 12:35:46,353] {dag.py:2396} INFO - Sync 1 DAGs
[2022-02-08 12:35:46,880] {logging_mixin.py:109} INFO - [2022-02-08 12:35:46,879] {dag.py:2935} INFO - Setting next_dagrun for example_branch_datetime_operator_2 to 2022-02-07 00:00:00+00:00
[2022-02-08 12:35:47,192] {processor.py:171} INFO - Processing /home/airflow/.local/lib/python3.7/site-packages/airflow/example_dags/example_branch_datetime_operator.py took 1.734 seconds
[2022-02-08 12:40:31,502] {processor.py:163} INFO - Started process (PID=573) to work on /home/airflow/.local/lib/python3.7/site-packages/airflow/example_dags/example_branch_datetime_operator.py
[2022-02-08 12:40:31,550] {processor.py:642} INFO - Processing file /home/airflow/.local/lib/python3.7/site-packages/airflow/example_dags/example_branch_datetime_operator.py for tasks to queue
[2022-02-08 12:40:31,605] {logging_mixin.py:109} INFO - [2022-02-08 12:40:31,604] {dagbag.py:500} INFO - Filling up the DagBag from /home/airflow/.local/lib/python3.7/site-packages/airflow/example_dags/example_branch_datetime_operator.py
[2022-02-08 12:40:32,683] {processor.py:654} INFO - DAG(s) dict_keys(['example_branch_datetime_operator_2']) retrieved from /home/airflow/.local/lib/python3.7/site-packages/airflow/example_dags/example_branch_datetime_operator.py
[2022-02-08 12:40:33,245] {logging_mixin.py:109} INFO - [2022-02-08 12:40:33,245] {dag.py:2396} INFO - Sync 1 DAGs
[2022-02-08 12:40:34,291] {logging_mixin.py:109} INFO - [2022-02-08 12:40:34,291] {dag.py:2935} INFO - Setting next_dagrun for example_branch_datetime_operator_2 to 2022-02-07 00:00:00+00:00
[2022-02-08 12:40:34,734] {processor.py:171} INFO - Processing /home/airflow/.local/lib/python3.7/site-packages/airflow/example_dags/example_branch_datetime_operator.py took 3.310 seconds
[2022-02-08 12:43:20,539] {processor.py:163} INFO - Started process (PID=740) to work on /home/airflow/.local/lib/python3.7/site-packages/airflow/example_dags/example_branch_datetime_operator.py
[2022-02-08 12:43:20,579] {processor.py:642} INFO - Processing file /home/airflow/.local/lib/python3.7/site-packages/airflow/example_dags/example_branch_datetime_operator.py for tasks to queue
[2022-02-08 12:43:20,592] {logging_mixin.py:109} INFO - [2022-02-08 12:43:20,592] {dagbag.py:500} INFO - Filling up the DagBag from /home/airflow/.local/lib/python3.7/site-packages/airflow/example_dags/example_branch_datetime_operator.py
[2022-02-08 12:43:21,743] {processor.py:654} INFO - DAG(s) dict_keys(['example_branch_datetime_operator_2']) retrieved from /home/airflow/.local/lib/python3.7/site-packages/airflow/example_dags/example_branch_datetime_operator.py
[2022-02-08 12:43:22,299] {logging_mixin.py:109} INFO - [2022-02-08 12:43:22,299] {dag.py:2396} INFO - Sync 1 DAGs
[2022-02-08 12:43:23,174] {logging_mixin.py:109} INFO - [2022-02-08 12:43:23,173] {dag.py:2935} INFO - Setting next_dagrun for example_branch_datetime_operator_2 to 2022-02-07 00:00:00+00:00
[2022-02-08 12:43:23,599] {processor.py:171} INFO - Processing /home/airflow/.local/lib/python3.7/site-packages/airflow/example_dags/example_branch_datetime_operator.py took 3.100 seconds
[2022-02-08 12:45:19,119] {processor.py:163} INFO - Started process (PID=916) to work on /home/airflow/.local/lib/python3.7/site-packages/airflow/example_dags/example_branch_datetime_operator.py
[2022-02-08 12:45:19,129] {processor.py:642} INFO - Processing file /home/airflow/.local/lib/python3.7/site-packages/airflow/example_dags/example_branch_datetime_operator.py for tasks to queue
[2022-02-08 12:45:19,141] {logging_mixin.py:109} INFO - [2022-02-08 12:45:19,140] {dagbag.py:500} INFO - Filling up the DagBag from /home/airflow/.local/lib/python3.7/site-packages/airflow/example_dags/example_branch_datetime_operator.py
[2022-02-08 12:45:20,075] {processor.py:654} INFO - DAG(s) dict_keys(['example_branch_datetime_operator_2']) retrieved from /home/airflow/.local/lib/python3.7/site-packages/airflow/example_dags/example_branch_datetime_operator.py
[2022-02-08 12:45:20,613] {logging_mixin.py:109} INFO - [2022-02-08 12:45:20,582] {dag.py:2396} INFO - Sync 1 DAGs
[2022-02-08 12:45:21,490] {logging_mixin.py:109} INFO - [2022-02-08 12:45:21,476] {dag.py:2935} INFO - Setting next_dagrun for example_branch_datetime_operator_2 to 2022-02-07 00:00:00+00:00
[2022-02-08 12:45:21,967] {processor.py:171} INFO - Processing /home/airflow/.local/lib/python3.7/site-packages/airflow/example_dags/example_branch_datetime_operator.py took 2.897 seconds
[2022-02-08 16:13:00,774] {processor.py:163} INFO - Started process (PID=332) to work on /home/airflow/.local/lib/python3.7/site-packages/airflow/example_dags/example_branch_datetime_operator.py
[2022-02-08 16:13:00,787] {processor.py:642} INFO - Processing file /home/airflow/.local/lib/python3.7/site-packages/airflow/example_dags/example_branch_datetime_operator.py for tasks to queue
[2022-02-08 16:13:00,800] {logging_mixin.py:109} INFO - [2022-02-08 16:13:00,799] {dagbag.py:500} INFO - Filling up the DagBag from /home/airflow/.local/lib/python3.7/site-packages/airflow/example_dags/example_branch_datetime_operator.py
[2022-02-08 16:13:01,092] {processor.py:654} INFO - DAG(s) dict_keys(['example_branch_datetime_operator_2']) retrieved from /home/airflow/.local/lib/python3.7/site-packages/airflow/example_dags/example_branch_datetime_operator.py
[2022-02-08 16:13:01,203] {logging_mixin.py:109} INFO - [2022-02-08 16:13:01,203] {dag.py:2396} INFO - Sync 1 DAGs
[2022-02-08 16:13:01,325] {logging_mixin.py:109} INFO - [2022-02-08 16:13:01,325] {dag.py:2935} INFO - Setting next_dagrun for example_branch_datetime_operator_2 to 2022-02-07 00:00:00+00:00
[2022-02-08 16:13:01,425] {processor.py:171} INFO - Processing /home/airflow/.local/lib/python3.7/site-packages/airflow/example_dags/example_branch_datetime_operator.py took 0.684 seconds
[2022-02-08 16:30:48,403] {processor.py:163} INFO - Started process (PID=459) to work on /home/airflow/.local/lib/python3.7/site-packages/airflow/example_dags/example_branch_datetime_operator.py
[2022-02-08 16:30:48,447] {processor.py:642} INFO - Processing file /home/airflow/.local/lib/python3.7/site-packages/airflow/example_dags/example_branch_datetime_operator.py for tasks to queue
[2022-02-08 16:30:48,484] {logging_mixin.py:109} INFO - [2022-02-08 16:30:48,483] {dagbag.py:500} INFO - Filling up the DagBag from /home/airflow/.local/lib/python3.7/site-packages/airflow/example_dags/example_branch_datetime_operator.py
[2022-02-08 16:30:49,304] {processor.py:654} INFO - DAG(s) dict_keys(['example_branch_datetime_operator_2']) retrieved from /home/airflow/.local/lib/python3.7/site-packages/airflow/example_dags/example_branch_datetime_operator.py
[2022-02-08 16:30:49,805] {logging_mixin.py:109} INFO - [2022-02-08 16:30:49,804] {dag.py:2396} INFO - Sync 1 DAGs
[2022-02-08 16:30:50,291] {logging_mixin.py:109} INFO - [2022-02-08 16:30:50,290] {dag.py:2935} INFO - Setting next_dagrun for example_branch_datetime_operator_2 to 2022-02-07 00:00:00+00:00
[2022-02-08 16:30:50,483] {processor.py:171} INFO - Processing /home/airflow/.local/lib/python3.7/site-packages/airflow/example_dags/example_branch_datetime_operator.py took 2.124 seconds
[2022-02-08 16:33:05,695] {processor.py:163} INFO - Started process (PID=623) to work on /home/airflow/.local/lib/python3.7/site-packages/airflow/example_dags/example_branch_datetime_operator.py
[2022-02-08 16:33:05,718] {processor.py:642} INFO - Processing file /home/airflow/.local/lib/python3.7/site-packages/airflow/example_dags/example_branch_datetime_operator.py for tasks to queue
[2022-02-08 16:33:05,784] {logging_mixin.py:109} INFO - [2022-02-08 16:33:05,783] {dagbag.py:500} INFO - Filling up the DagBag from /home/airflow/.local/lib/python3.7/site-packages/airflow/example_dags/example_branch_datetime_operator.py
[2022-02-08 16:33:06,574] {processor.py:654} INFO - DAG(s) dict_keys(['example_branch_datetime_operator_2']) retrieved from /home/airflow/.local/lib/python3.7/site-packages/airflow/example_dags/example_branch_datetime_operator.py
[2022-02-08 16:33:07,227] {logging_mixin.py:109} INFO - [2022-02-08 16:33:07,227] {dag.py:2396} INFO - Sync 1 DAGs
[2022-02-08 16:33:08,078] {logging_mixin.py:109} INFO - [2022-02-08 16:33:08,078] {dag.py:2935} INFO - Setting next_dagrun for example_branch_datetime_operator_2 to 2022-02-07 00:00:00+00:00
[2022-02-08 16:33:08,494] {processor.py:171} INFO - Processing /home/airflow/.local/lib/python3.7/site-packages/airflow/example_dags/example_branch_datetime_operator.py took 2.858 seconds
[2022-02-08 16:36:24,973] {processor.py:163} INFO - Started process (PID=787) to work on /home/airflow/.local/lib/python3.7/site-packages/airflow/example_dags/example_branch_datetime_operator.py
[2022-02-08 16:36:25,107] {processor.py:642} INFO - Processing file /home/airflow/.local/lib/python3.7/site-packages/airflow/example_dags/example_branch_datetime_operator.py for tasks to queue
[2022-02-08 16:36:25,166] {logging_mixin.py:109} INFO - [2022-02-08 16:36:25,165] {dagbag.py:500} INFO - Filling up the DagBag from /home/airflow/.local/lib/python3.7/site-packages/airflow/example_dags/example_branch_datetime_operator.py
[2022-02-08 16:36:26,683] {processor.py:654} INFO - DAG(s) dict_keys(['example_branch_datetime_operator_2']) retrieved from /home/airflow/.local/lib/python3.7/site-packages/airflow/example_dags/example_branch_datetime_operator.py
[2022-02-08 16:36:27,509] {logging_mixin.py:109} INFO - [2022-02-08 16:36:27,476] {dag.py:2396} INFO - Sync 1 DAGs
[2022-02-08 16:36:28,302] {logging_mixin.py:109} INFO - [2022-02-08 16:36:28,301] {dag.py:2935} INFO - Setting next_dagrun for example_branch_datetime_operator_2 to 2022-02-07 00:00:00+00:00
[2022-02-08 16:36:28,810] {processor.py:171} INFO - Processing /home/airflow/.local/lib/python3.7/site-packages/airflow/example_dags/example_branch_datetime_operator.py took 3.996 seconds
[2022-02-08 16:39:02,762] {processor.py:163} INFO - Started process (PID=940) to work on /home/airflow/.local/lib/python3.7/site-packages/airflow/example_dags/example_branch_datetime_operator.py
[2022-02-08 16:39:02,817] {processor.py:642} INFO - Processing file /home/airflow/.local/lib/python3.7/site-packages/airflow/example_dags/example_branch_datetime_operator.py for tasks to queue
[2022-02-08 16:39:02,834] {logging_mixin.py:109} INFO - [2022-02-08 16:39:02,825] {dagbag.py:500} INFO - Filling up the DagBag from /home/airflow/.local/lib/python3.7/site-packages/airflow/example_dags/example_branch_datetime_operator.py
[2022-02-08 16:39:03,835] {processor.py:654} INFO - DAG(s) dict_keys(['example_branch_datetime_operator_2']) retrieved from /home/airflow/.local/lib/python3.7/site-packages/airflow/example_dags/example_branch_datetime_operator.py
[2022-02-08 16:39:04,601] {logging_mixin.py:109} INFO - [2022-02-08 16:39:04,600] {dag.py:2396} INFO - Sync 1 DAGs
[2022-02-08 16:39:05,689] {logging_mixin.py:109} INFO - [2022-02-08 16:39:05,689] {dag.py:2935} INFO - Setting next_dagrun for example_branch_datetime_operator_2 to 2022-02-07 00:00:00+00:00
[2022-02-08 16:39:06,044] {processor.py:171} INFO - Processing /home/airflow/.local/lib/python3.7/site-packages/airflow/example_dags/example_branch_datetime_operator.py took 3.392 seconds
[2022-02-08 17:13:37,404] {processor.py:163} INFO - Started process (PID=1127) to work on /home/airflow/.local/lib/python3.7/site-packages/airflow/example_dags/example_branch_datetime_operator.py
[2022-02-08 17:13:37,467] {processor.py:642} INFO - Processing file /home/airflow/.local/lib/python3.7/site-packages/airflow/example_dags/example_branch_datetime_operator.py for tasks to queue
[2022-02-08 17:13:37,498] {logging_mixin.py:109} INFO - [2022-02-08 17:13:37,492] {dagbag.py:500} INFO - Filling up the DagBag from /home/airflow/.local/lib/python3.7/site-packages/airflow/example_dags/example_branch_datetime_operator.py
[2022-02-08 17:13:38,544] {processor.py:654} INFO - DAG(s) dict_keys(['example_branch_datetime_operator_2']) retrieved from /home/airflow/.local/lib/python3.7/site-packages/airflow/example_dags/example_branch_datetime_operator.py
[2022-02-08 17:13:39,050] {logging_mixin.py:109} INFO - [2022-02-08 17:13:39,050] {dag.py:2396} INFO - Sync 1 DAGs
[2022-02-08 17:13:40,211] {logging_mixin.py:109} INFO - [2022-02-08 17:13:40,158] {dag.py:2935} INFO - Setting next_dagrun for example_branch_datetime_operator_2 to 2022-02-07 00:00:00+00:00
[2022-02-08 17:13:40,749] {processor.py:171} INFO - Processing /home/airflow/.local/lib/python3.7/site-packages/airflow/example_dags/example_branch_datetime_operator.py took 3.404 seconds
[2022-02-08 17:15:24,089] {processor.py:163} INFO - Started process (PID=1285) to work on /home/airflow/.local/lib/python3.7/site-packages/airflow/example_dags/example_branch_datetime_operator.py
[2022-02-08 17:15:24,101] {processor.py:642} INFO - Processing file /home/airflow/.local/lib/python3.7/site-packages/airflow/example_dags/example_branch_datetime_operator.py for tasks to queue
[2022-02-08 17:15:24,135] {logging_mixin.py:109} INFO - [2022-02-08 17:15:24,135] {dagbag.py:500} INFO - Filling up the DagBag from /home/airflow/.local/lib/python3.7/site-packages/airflow/example_dags/example_branch_datetime_operator.py
[2022-02-08 17:15:25,335] {processor.py:654} INFO - DAG(s) dict_keys(['example_branch_datetime_operator_2']) retrieved from /home/airflow/.local/lib/python3.7/site-packages/airflow/example_dags/example_branch_datetime_operator.py
[2022-02-08 17:15:25,889] {logging_mixin.py:109} INFO - [2022-02-08 17:15:25,889] {dag.py:2396} INFO - Sync 1 DAGs
[2022-02-08 17:15:26,963] {logging_mixin.py:109} INFO - [2022-02-08 17:15:26,963] {dag.py:2935} INFO - Setting next_dagrun for example_branch_datetime_operator_2 to 2022-02-07 00:00:00+00:00
[2022-02-08 17:15:27,504] {processor.py:171} INFO - Processing /home/airflow/.local/lib/python3.7/site-packages/airflow/example_dags/example_branch_datetime_operator.py took 3.506 seconds
[2022-02-08 17:17:23,950] {processor.py:163} INFO - Started process (PID=1444) to work on /home/airflow/.local/lib/python3.7/site-packages/airflow/example_dags/example_branch_datetime_operator.py
[2022-02-08 17:17:23,988] {processor.py:642} INFO - Processing file /home/airflow/.local/lib/python3.7/site-packages/airflow/example_dags/example_branch_datetime_operator.py for tasks to queue
[2022-02-08 17:17:24,021] {logging_mixin.py:109} INFO - [2022-02-08 17:17:24,021] {dagbag.py:500} INFO - Filling up the DagBag from /home/airflow/.local/lib/python3.7/site-packages/airflow/example_dags/example_branch_datetime_operator.py
[2022-02-08 17:17:24,704] {processor.py:654} INFO - DAG(s) dict_keys(['example_branch_datetime_operator_2']) retrieved from /home/airflow/.local/lib/python3.7/site-packages/airflow/example_dags/example_branch_datetime_operator.py
[2022-02-08 17:17:25,039] {logging_mixin.py:109} INFO - [2022-02-08 17:17:25,039] {dag.py:2396} INFO - Sync 1 DAGs
[2022-02-08 17:17:25,565] {logging_mixin.py:109} INFO - [2022-02-08 17:17:25,565] {dag.py:2935} INFO - Setting next_dagrun for example_branch_datetime_operator_2 to 2022-02-07 00:00:00+00:00
[2022-02-08 17:17:25,855] {processor.py:171} INFO - Processing /home/airflow/.local/lib/python3.7/site-packages/airflow/example_dags/example_branch_datetime_operator.py took 1.973 seconds
[2022-02-08 17:19:59,736] {processor.py:163} INFO - Started process (PID=1577) to work on /home/airflow/.local/lib/python3.7/site-packages/airflow/example_dags/example_branch_datetime_operator.py
[2022-02-08 17:19:59,772] {processor.py:642} INFO - Processing file /home/airflow/.local/lib/python3.7/site-packages/airflow/example_dags/example_branch_datetime_operator.py for tasks to queue
[2022-02-08 17:19:59,832] {logging_mixin.py:109} INFO - [2022-02-08 17:19:59,819] {dagbag.py:500} INFO - Filling up the DagBag from /home/airflow/.local/lib/python3.7/site-packages/airflow/example_dags/example_branch_datetime_operator.py
[2022-02-08 17:20:01,160] {processor.py:654} INFO - DAG(s) dict_keys(['example_branch_datetime_operator_2']) retrieved from /home/airflow/.local/lib/python3.7/site-packages/airflow/example_dags/example_branch_datetime_operator.py
[2022-02-08 17:20:01,779] {logging_mixin.py:109} INFO - [2022-02-08 17:20:01,779] {dag.py:2396} INFO - Sync 1 DAGs
[2022-02-08 17:20:02,903] {logging_mixin.py:109} INFO - [2022-02-08 17:20:02,903] {dag.py:2935} INFO - Setting next_dagrun for example_branch_datetime_operator_2 to 2022-02-07 00:00:00+00:00
[2022-02-08 17:20:03,365] {processor.py:171} INFO - Processing /home/airflow/.local/lib/python3.7/site-packages/airflow/example_dags/example_branch_datetime_operator.py took 3.723 seconds
[2022-02-08 17:21:50,229] {processor.py:163} INFO - Started process (PID=1723) to work on /home/airflow/.local/lib/python3.7/site-packages/airflow/example_dags/example_branch_datetime_operator.py
[2022-02-08 17:21:50,262] {processor.py:642} INFO - Processing file /home/airflow/.local/lib/python3.7/site-packages/airflow/example_dags/example_branch_datetime_operator.py for tasks to queue
[2022-02-08 17:21:50,286] {logging_mixin.py:109} INFO - [2022-02-08 17:21:50,286] {dagbag.py:500} INFO - Filling up the DagBag from /home/airflow/.local/lib/python3.7/site-packages/airflow/example_dags/example_branch_datetime_operator.py
[2022-02-08 17:21:50,897] {processor.py:654} INFO - DAG(s) dict_keys(['example_branch_datetime_operator_2']) retrieved from /home/airflow/.local/lib/python3.7/site-packages/airflow/example_dags/example_branch_datetime_operator.py
[2022-02-08 17:21:51,180] {logging_mixin.py:109} INFO - [2022-02-08 17:21:51,180] {dag.py:2396} INFO - Sync 1 DAGs
[2022-02-08 17:21:51,757] {logging_mixin.py:109} INFO - [2022-02-08 17:21:51,756] {dag.py:2935} INFO - Setting next_dagrun for example_branch_datetime_operator_2 to 2022-02-07 00:00:00+00:00
[2022-02-08 17:21:52,023] {processor.py:171} INFO - Processing /home/airflow/.local/lib/python3.7/site-packages/airflow/example_dags/example_branch_datetime_operator.py took 1.846 seconds
[2022-02-08 17:24:40,171] {processor.py:163} INFO - Started process (PID=1900) to work on /home/airflow/.local/lib/python3.7/site-packages/airflow/example_dags/example_branch_datetime_operator.py
[2022-02-08 17:24:40,212] {processor.py:642} INFO - Processing file /home/airflow/.local/lib/python3.7/site-packages/airflow/example_dags/example_branch_datetime_operator.py for tasks to queue
[2022-02-08 17:24:40,232] {logging_mixin.py:109} INFO - [2022-02-08 17:24:40,232] {dagbag.py:500} INFO - Filling up the DagBag from /home/airflow/.local/lib/python3.7/site-packages/airflow/example_dags/example_branch_datetime_operator.py
[2022-02-08 17:24:41,207] {processor.py:654} INFO - DAG(s) dict_keys(['example_branch_datetime_operator_2']) retrieved from /home/airflow/.local/lib/python3.7/site-packages/airflow/example_dags/example_branch_datetime_operator.py
[2022-02-08 17:24:41,467] {logging_mixin.py:109} INFO - [2022-02-08 17:24:41,467] {dag.py:2396} INFO - Sync 1 DAGs
[2022-02-08 17:24:42,049] {logging_mixin.py:109} INFO - [2022-02-08 17:24:42,048] {dag.py:2935} INFO - Setting next_dagrun for example_branch_datetime_operator_2 to 2022-02-07 00:00:00+00:00
[2022-02-08 17:24:42,313] {processor.py:171} INFO - Processing /home/airflow/.local/lib/python3.7/site-packages/airflow/example_dags/example_branch_datetime_operator.py took 2.179 seconds
[2022-02-08 17:58:46,936] {processor.py:163} INFO - Started process (PID=670) to work on /home/airflow/.local/lib/python3.7/site-packages/airflow/example_dags/example_branch_datetime_operator.py
[2022-02-08 17:58:47,055] {processor.py:642} INFO - Processing file /home/airflow/.local/lib/python3.7/site-packages/airflow/example_dags/example_branch_datetime_operator.py for tasks to queue
[2022-02-08 17:58:47,066] {logging_mixin.py:109} INFO - [2022-02-08 17:58:47,065] {dagbag.py:500} INFO - Filling up the DagBag from /home/airflow/.local/lib/python3.7/site-packages/airflow/example_dags/example_branch_datetime_operator.py
[2022-02-08 17:58:48,637] {processor.py:654} INFO - DAG(s) dict_keys(['example_branch_datetime_operator_2']) retrieved from /home/airflow/.local/lib/python3.7/site-packages/airflow/example_dags/example_branch_datetime_operator.py
[2022-02-08 17:58:49,419] {logging_mixin.py:109} INFO - [2022-02-08 17:58:49,418] {dag.py:2396} INFO - Sync 1 DAGs
[2022-02-08 17:58:50,677] {logging_mixin.py:109} INFO - [2022-02-08 17:58:50,676] {dag.py:2935} INFO - Setting next_dagrun for example_branch_datetime_operator_2 to 2022-02-07 00:00:00+00:00
[2022-02-08 17:58:51,325] {processor.py:171} INFO - Processing /home/airflow/.local/lib/python3.7/site-packages/airflow/example_dags/example_branch_datetime_operator.py took 4.532 seconds
[2022-02-08 18:01:30,449] {processor.py:163} INFO - Started process (PID=827) to work on /home/airflow/.local/lib/python3.7/site-packages/airflow/example_dags/example_branch_datetime_operator.py
[2022-02-08 18:01:30,486] {processor.py:642} INFO - Processing file /home/airflow/.local/lib/python3.7/site-packages/airflow/example_dags/example_branch_datetime_operator.py for tasks to queue
[2022-02-08 18:01:30,504] {logging_mixin.py:109} INFO - [2022-02-08 18:01:30,504] {dagbag.py:500} INFO - Filling up the DagBag from /home/airflow/.local/lib/python3.7/site-packages/airflow/example_dags/example_branch_datetime_operator.py
[2022-02-08 18:01:31,581] {processor.py:654} INFO - DAG(s) dict_keys(['example_branch_datetime_operator_2']) retrieved from /home/airflow/.local/lib/python3.7/site-packages/airflow/example_dags/example_branch_datetime_operator.py
[2022-02-08 18:01:32,180] {logging_mixin.py:109} INFO - [2022-02-08 18:01:32,180] {dag.py:2396} INFO - Sync 1 DAGs
[2022-02-08 18:01:33,174] {logging_mixin.py:109} INFO - [2022-02-08 18:01:33,174] {dag.py:2935} INFO - Setting next_dagrun for example_branch_datetime_operator_2 to 2022-02-07 00:00:00+00:00
[2022-02-08 18:01:33,562] {processor.py:171} INFO - Processing /home/airflow/.local/lib/python3.7/site-packages/airflow/example_dags/example_branch_datetime_operator.py took 3.204 seconds
[2022-02-08 18:03:48,841] {processor.py:163} INFO - Started process (PID=1010) to work on /home/airflow/.local/lib/python3.7/site-packages/airflow/example_dags/example_branch_datetime_operator.py
[2022-02-08 18:03:48,974] {processor.py:642} INFO - Processing file /home/airflow/.local/lib/python3.7/site-packages/airflow/example_dags/example_branch_datetime_operator.py for tasks to queue
[2022-02-08 18:03:48,991] {logging_mixin.py:109} INFO - [2022-02-08 18:03:48,990] {dagbag.py:500} INFO - Filling up the DagBag from /home/airflow/.local/lib/python3.7/site-packages/airflow/example_dags/example_branch_datetime_operator.py
[2022-02-08 18:03:51,189] {processor.py:654} INFO - DAG(s) dict_keys(['example_branch_datetime_operator_2']) retrieved from /home/airflow/.local/lib/python3.7/site-packages/airflow/example_dags/example_branch_datetime_operator.py
[2022-02-08 18:03:52,243] {logging_mixin.py:109} INFO - [2022-02-08 18:03:52,192] {dag.py:2396} INFO - Sync 1 DAGs
[2022-02-08 18:03:53,747] {logging_mixin.py:109} INFO - [2022-02-08 18:03:53,747] {dag.py:2935} INFO - Setting next_dagrun for example_branch_datetime_operator_2 to 2022-02-07 00:00:00+00:00
[2022-02-08 18:03:54,168] {processor.py:171} INFO - Processing /home/airflow/.local/lib/python3.7/site-packages/airflow/example_dags/example_branch_datetime_operator.py took 5.443 seconds
