[2022-02-08 10:11:15,538] {processor.py:163} INFO - Started process (PID=376) to work on /home/airflow/.local/lib/python3.7/site-packages/airflow/example_dags/example_nested_branch_dag.py
[2022-02-08 10:11:15,542] {processor.py:642} INFO - Processing file /home/airflow/.local/lib/python3.7/site-packages/airflow/example_dags/example_nested_branch_dag.py for tasks to queue
[2022-02-08 10:11:15,544] {logging_mixin.py:109} INFO - [2022-02-08 10:11:15,544] {dagbag.py:500} INFO - Filling up the DagBag from /home/airflow/.local/lib/python3.7/site-packages/airflow/example_dags/example_nested_branch_dag.py
[2022-02-08 10:11:15,697] {processor.py:654} INFO - DAG(s) dict_keys(['example_nested_branch_dag']) retrieved from /home/airflow/.local/lib/python3.7/site-packages/airflow/example_dags/example_nested_branch_dag.py
[2022-02-08 10:11:33,166] {logging_mixin.py:109} INFO - [2022-02-08 10:11:33,165] {manager.py:496} INFO - Created Permission View: can read on DAG:example_nested_branch_dag
[2022-02-08 10:11:33,295] {logging_mixin.py:109} INFO - [2022-02-08 10:11:33,294] {manager.py:496} INFO - Created Permission View: can edit on DAG:example_nested_branch_dag
[2022-02-08 10:11:33,298] {logging_mixin.py:109} INFO - [2022-02-08 10:11:33,297] {dag.py:2396} INFO - Sync 1 DAGs
[2022-02-08 10:11:33,376] {logging_mixin.py:109} INFO - [2022-02-08 10:11:33,375] {dag.py:2415} INFO - Creating ORM DAG for example_nested_branch_dag
[2022-02-08 10:11:33,502] {logging_mixin.py:109} INFO - [2022-02-08 10:11:33,501] {dag.py:2935} INFO - Setting next_dagrun for example_nested_branch_dag to 2022-02-07 00:00:00+00:00
[2022-02-08 10:11:33,636] {processor.py:171} INFO - Processing /home/airflow/.local/lib/python3.7/site-packages/airflow/example_dags/example_nested_branch_dag.py took 18.115 seconds
[2022-02-08 10:13:59,366] {processor.py:163} INFO - Started process (PID=685) to work on /home/airflow/.local/lib/python3.7/site-packages/airflow/example_dags/example_nested_branch_dag.py
[2022-02-08 10:13:59,370] {processor.py:642} INFO - Processing file /home/airflow/.local/lib/python3.7/site-packages/airflow/example_dags/example_nested_branch_dag.py for tasks to queue
[2022-02-08 10:13:59,373] {logging_mixin.py:109} INFO - [2022-02-08 10:13:59,372] {dagbag.py:500} INFO - Filling up the DagBag from /home/airflow/.local/lib/python3.7/site-packages/airflow/example_dags/example_nested_branch_dag.py
[2022-02-08 10:13:59,438] {processor.py:654} INFO - DAG(s) dict_keys(['example_nested_branch_dag']) retrieved from /home/airflow/.local/lib/python3.7/site-packages/airflow/example_dags/example_nested_branch_dag.py
[2022-02-08 10:13:59,475] {logging_mixin.py:109} INFO - [2022-02-08 10:13:59,475] {dag.py:2396} INFO - Sync 1 DAGs
[2022-02-08 10:13:59,528] {logging_mixin.py:109} INFO - [2022-02-08 10:13:59,528] {dag.py:2935} INFO - Setting next_dagrun for example_nested_branch_dag to 2022-02-07 00:00:00+00:00
[2022-02-08 10:13:59,584] {processor.py:171} INFO - Processing /home/airflow/.local/lib/python3.7/site-packages/airflow/example_dags/example_nested_branch_dag.py took 0.224 seconds
[2022-02-08 10:14:30,171] {processor.py:163} INFO - Started process (PID=783) to work on /home/airflow/.local/lib/python3.7/site-packages/airflow/example_dags/example_nested_branch_dag.py
[2022-02-08 10:14:30,177] {processor.py:642} INFO - Processing file /home/airflow/.local/lib/python3.7/site-packages/airflow/example_dags/example_nested_branch_dag.py for tasks to queue
[2022-02-08 10:14:30,181] {logging_mixin.py:109} INFO - [2022-02-08 10:14:30,180] {dagbag.py:500} INFO - Filling up the DagBag from /home/airflow/.local/lib/python3.7/site-packages/airflow/example_dags/example_nested_branch_dag.py
[2022-02-08 10:14:30,337] {processor.py:654} INFO - DAG(s) dict_keys(['example_nested_branch_dag']) retrieved from /home/airflow/.local/lib/python3.7/site-packages/airflow/example_dags/example_nested_branch_dag.py
[2022-02-08 10:14:30,392] {logging_mixin.py:109} INFO - [2022-02-08 10:14:30,391] {dag.py:2396} INFO - Sync 1 DAGs
[2022-02-08 10:14:30,497] {logging_mixin.py:109} INFO - [2022-02-08 10:14:30,486] {dag.py:2935} INFO - Setting next_dagrun for example_nested_branch_dag to 2022-02-07 00:00:00+00:00
[2022-02-08 10:14:30,546] {processor.py:171} INFO - Processing /home/airflow/.local/lib/python3.7/site-packages/airflow/example_dags/example_nested_branch_dag.py took 0.387 seconds
[2022-02-08 10:15:01,639] {processor.py:163} INFO - Started process (PID=881) to work on /home/airflow/.local/lib/python3.7/site-packages/airflow/example_dags/example_nested_branch_dag.py
[2022-02-08 10:15:01,646] {processor.py:642} INFO - Processing file /home/airflow/.local/lib/python3.7/site-packages/airflow/example_dags/example_nested_branch_dag.py for tasks to queue
[2022-02-08 10:15:01,650] {logging_mixin.py:109} INFO - [2022-02-08 10:15:01,650] {dagbag.py:500} INFO - Filling up the DagBag from /home/airflow/.local/lib/python3.7/site-packages/airflow/example_dags/example_nested_branch_dag.py
[2022-02-08 10:15:01,717] {processor.py:654} INFO - DAG(s) dict_keys(['example_nested_branch_dag']) retrieved from /home/airflow/.local/lib/python3.7/site-packages/airflow/example_dags/example_nested_branch_dag.py
[2022-02-08 10:15:01,840] {logging_mixin.py:109} INFO - [2022-02-08 10:15:01,840] {dag.py:2396} INFO - Sync 1 DAGs
[2022-02-08 10:15:01,931] {logging_mixin.py:109} INFO - [2022-02-08 10:15:01,930] {dag.py:2935} INFO - Setting next_dagrun for example_nested_branch_dag to 2022-02-07 00:00:00+00:00
[2022-02-08 10:15:01,995] {processor.py:171} INFO - Processing /home/airflow/.local/lib/python3.7/site-packages/airflow/example_dags/example_nested_branch_dag.py took 0.368 seconds
[2022-02-08 10:20:57,353] {processor.py:163} INFO - Started process (PID=293) to work on /home/airflow/.local/lib/python3.7/site-packages/airflow/example_dags/example_nested_branch_dag.py
[2022-02-08 10:20:57,384] {processor.py:642} INFO - Processing file /home/airflow/.local/lib/python3.7/site-packages/airflow/example_dags/example_nested_branch_dag.py for tasks to queue
[2022-02-08 10:20:57,414] {logging_mixin.py:109} INFO - [2022-02-08 10:20:57,410] {dagbag.py:500} INFO - Filling up the DagBag from /home/airflow/.local/lib/python3.7/site-packages/airflow/example_dags/example_nested_branch_dag.py
[2022-02-08 10:20:57,924] {processor.py:654} INFO - DAG(s) dict_keys(['example_nested_branch_dag']) retrieved from /home/airflow/.local/lib/python3.7/site-packages/airflow/example_dags/example_nested_branch_dag.py
[2022-02-08 10:20:58,238] {logging_mixin.py:109} INFO - [2022-02-08 10:20:58,237] {dag.py:2396} INFO - Sync 1 DAGs
[2022-02-08 10:20:58,823] {logging_mixin.py:109} INFO - [2022-02-08 10:20:58,806] {dag.py:2935} INFO - Setting next_dagrun for example_nested_branch_dag to 2022-02-07 00:00:00+00:00
[2022-02-08 10:20:59,076] {processor.py:171} INFO - Processing /home/airflow/.local/lib/python3.7/site-packages/airflow/example_dags/example_nested_branch_dag.py took 1.749 seconds
[2022-02-08 10:22:48,151] {processor.py:163} INFO - Started process (PID=359) to work on /home/airflow/.local/lib/python3.7/site-packages/airflow/example_dags/example_nested_branch_dag.py
[2022-02-08 10:22:48,199] {processor.py:642} INFO - Processing file /home/airflow/.local/lib/python3.7/site-packages/airflow/example_dags/example_nested_branch_dag.py for tasks to queue
[2022-02-08 10:22:48,211] {logging_mixin.py:109} INFO - [2022-02-08 10:22:48,210] {dagbag.py:500} INFO - Filling up the DagBag from /home/airflow/.local/lib/python3.7/site-packages/airflow/example_dags/example_nested_branch_dag.py
[2022-02-08 10:22:49,355] {processor.py:654} INFO - DAG(s) dict_keys(['example_nested_branch_dag']) retrieved from /home/airflow/.local/lib/python3.7/site-packages/airflow/example_dags/example_nested_branch_dag.py
[2022-02-08 10:22:49,756] {logging_mixin.py:109} INFO - [2022-02-08 10:22:49,755] {dag.py:2396} INFO - Sync 1 DAGs
[2022-02-08 10:22:50,249] {logging_mixin.py:109} INFO - [2022-02-08 10:22:50,249] {dag.py:2935} INFO - Setting next_dagrun for example_nested_branch_dag to 2022-02-07 00:00:00+00:00
[2022-02-08 10:22:50,498] {processor.py:171} INFO - Processing /home/airflow/.local/lib/python3.7/site-packages/airflow/example_dags/example_nested_branch_dag.py took 2.424 seconds
[2022-02-08 10:24:28,633] {processor.py:163} INFO - Started process (PID=512) to work on /home/airflow/.local/lib/python3.7/site-packages/airflow/example_dags/example_nested_branch_dag.py
[2022-02-08 10:24:28,710] {processor.py:642} INFO - Processing file /home/airflow/.local/lib/python3.7/site-packages/airflow/example_dags/example_nested_branch_dag.py for tasks to queue
[2022-02-08 10:24:28,777] {logging_mixin.py:109} INFO - [2022-02-08 10:24:28,767] {dagbag.py:500} INFO - Filling up the DagBag from /home/airflow/.local/lib/python3.7/site-packages/airflow/example_dags/example_nested_branch_dag.py
[2022-02-08 10:24:31,490] {processor.py:654} INFO - DAG(s) dict_keys(['example_nested_branch_dag']) retrieved from /home/airflow/.local/lib/python3.7/site-packages/airflow/example_dags/example_nested_branch_dag.py
[2022-02-08 10:24:32,302] {logging_mixin.py:109} INFO - [2022-02-08 10:24:32,262] {dag.py:2396} INFO - Sync 1 DAGs
[2022-02-08 10:24:33,545] {logging_mixin.py:109} INFO - [2022-02-08 10:24:33,533] {dag.py:2935} INFO - Setting next_dagrun for example_nested_branch_dag to 2022-02-07 00:00:00+00:00
[2022-02-08 10:24:34,135] {processor.py:171} INFO - Processing /home/airflow/.local/lib/python3.7/site-packages/airflow/example_dags/example_nested_branch_dag.py took 5.563 seconds
[2022-02-08 10:26:27,958] {processor.py:163} INFO - Started process (PID=634) to work on /home/airflow/.local/lib/python3.7/site-packages/airflow/example_dags/example_nested_branch_dag.py
[2022-02-08 10:26:28,032] {processor.py:642} INFO - Processing file /home/airflow/.local/lib/python3.7/site-packages/airflow/example_dags/example_nested_branch_dag.py for tasks to queue
[2022-02-08 10:26:28,099] {logging_mixin.py:109} INFO - [2022-02-08 10:26:28,099] {dagbag.py:500} INFO - Filling up the DagBag from /home/airflow/.local/lib/python3.7/site-packages/airflow/example_dags/example_nested_branch_dag.py
[2022-02-08 10:26:29,949] {processor.py:654} INFO - DAG(s) dict_keys(['example_nested_branch_dag']) retrieved from /home/airflow/.local/lib/python3.7/site-packages/airflow/example_dags/example_nested_branch_dag.py
[2022-02-08 10:26:31,233] {logging_mixin.py:109} INFO - [2022-02-08 10:26:31,232] {dag.py:2396} INFO - Sync 1 DAGs
[2022-02-08 10:26:32,209] {logging_mixin.py:109} INFO - [2022-02-08 10:26:32,207] {dag.py:2935} INFO - Setting next_dagrun for example_nested_branch_dag to 2022-02-07 00:00:00+00:00
[2022-02-08 10:26:32,671] {processor.py:171} INFO - Processing /home/airflow/.local/lib/python3.7/site-packages/airflow/example_dags/example_nested_branch_dag.py took 4.811 seconds
[2022-02-08 11:05:31,021] {processor.py:163} INFO - Started process (PID=332) to work on /home/airflow/.local/lib/python3.7/site-packages/airflow/example_dags/example_nested_branch_dag.py
[2022-02-08 11:05:31,053] {processor.py:642} INFO - Processing file /home/airflow/.local/lib/python3.7/site-packages/airflow/example_dags/example_nested_branch_dag.py for tasks to queue
[2022-02-08 11:05:31,075] {logging_mixin.py:109} INFO - [2022-02-08 11:05:31,074] {dagbag.py:500} INFO - Filling up the DagBag from /home/airflow/.local/lib/python3.7/site-packages/airflow/example_dags/example_nested_branch_dag.py
[2022-02-08 11:05:31,857] {processor.py:654} INFO - DAG(s) dict_keys(['example_nested_branch_dag']) retrieved from /home/airflow/.local/lib/python3.7/site-packages/airflow/example_dags/example_nested_branch_dag.py
[2022-02-08 11:05:32,151] {logging_mixin.py:109} INFO - [2022-02-08 11:05:32,151] {dag.py:2396} INFO - Sync 1 DAGs
[2022-02-08 11:05:32,684] {logging_mixin.py:109} INFO - [2022-02-08 11:05:32,683] {dag.py:2935} INFO - Setting next_dagrun for example_nested_branch_dag to 2022-02-07 00:00:00+00:00
[2022-02-08 11:05:32,932] {processor.py:171} INFO - Processing /home/airflow/.local/lib/python3.7/site-packages/airflow/example_dags/example_nested_branch_dag.py took 1.947 seconds
[2022-02-08 11:08:13,201] {processor.py:163} INFO - Started process (PID=502) to work on /home/airflow/.local/lib/python3.7/site-packages/airflow/example_dags/example_nested_branch_dag.py
[2022-02-08 11:08:13,219] {processor.py:642} INFO - Processing file /home/airflow/.local/lib/python3.7/site-packages/airflow/example_dags/example_nested_branch_dag.py for tasks to queue
[2022-02-08 11:08:13,258] {logging_mixin.py:109} INFO - [2022-02-08 11:08:13,257] {dagbag.py:500} INFO - Filling up the DagBag from /home/airflow/.local/lib/python3.7/site-packages/airflow/example_dags/example_nested_branch_dag.py
[2022-02-08 11:08:14,642] {processor.py:654} INFO - DAG(s) dict_keys(['example_nested_branch_dag']) retrieved from /home/airflow/.local/lib/python3.7/site-packages/airflow/example_dags/example_nested_branch_dag.py
[2022-02-08 11:08:15,490] {logging_mixin.py:109} INFO - [2022-02-08 11:08:15,490] {dag.py:2396} INFO - Sync 1 DAGs
[2022-02-08 11:08:16,304] {logging_mixin.py:109} INFO - [2022-02-08 11:08:16,303] {dag.py:2935} INFO - Setting next_dagrun for example_nested_branch_dag to 2022-02-07 00:00:00+00:00
[2022-02-08 11:08:16,604] {processor.py:171} INFO - Processing /home/airflow/.local/lib/python3.7/site-packages/airflow/example_dags/example_nested_branch_dag.py took 3.601 seconds
[2022-02-08 11:19:25,722] {processor.py:163} INFO - Started process (PID=444) to work on /home/airflow/.local/lib/python3.7/site-packages/airflow/example_dags/example_nested_branch_dag.py
[2022-02-08 11:19:25,782] {processor.py:642} INFO - Processing file /home/airflow/.local/lib/python3.7/site-packages/airflow/example_dags/example_nested_branch_dag.py for tasks to queue
[2022-02-08 11:19:25,794] {logging_mixin.py:109} INFO - [2022-02-08 11:19:25,793] {dagbag.py:500} INFO - Filling up the DagBag from /home/airflow/.local/lib/python3.7/site-packages/airflow/example_dags/example_nested_branch_dag.py
[2022-02-08 11:19:27,849] {processor.py:654} INFO - DAG(s) dict_keys(['example_nested_branch_dag']) retrieved from /home/airflow/.local/lib/python3.7/site-packages/airflow/example_dags/example_nested_branch_dag.py
[2022-02-08 11:19:28,813] {logging_mixin.py:109} INFO - [2022-02-08 11:19:28,810] {dag.py:2396} INFO - Sync 1 DAGs
[2022-02-08 11:19:30,080] {logging_mixin.py:109} INFO - [2022-02-08 11:19:30,079] {dag.py:2935} INFO - Setting next_dagrun for example_nested_branch_dag to 2022-02-07 00:00:00+00:00
[2022-02-08 11:19:30,643] {processor.py:171} INFO - Processing /home/airflow/.local/lib/python3.7/site-packages/airflow/example_dags/example_nested_branch_dag.py took 5.061 seconds
[2022-02-08 11:22:07,128] {processor.py:163} INFO - Started process (PID=644) to work on /home/airflow/.local/lib/python3.7/site-packages/airflow/example_dags/example_nested_branch_dag.py
[2022-02-08 11:22:07,175] {processor.py:642} INFO - Processing file /home/airflow/.local/lib/python3.7/site-packages/airflow/example_dags/example_nested_branch_dag.py for tasks to queue
[2022-02-08 11:22:07,271] {logging_mixin.py:109} INFO - [2022-02-08 11:22:07,267] {dagbag.py:500} INFO - Filling up the DagBag from /home/airflow/.local/lib/python3.7/site-packages/airflow/example_dags/example_nested_branch_dag.py
[2022-02-08 11:22:09,647] {processor.py:654} INFO - DAG(s) dict_keys(['example_nested_branch_dag']) retrieved from /home/airflow/.local/lib/python3.7/site-packages/airflow/example_dags/example_nested_branch_dag.py
[2022-02-08 11:22:11,998] {logging_mixin.py:109} INFO - [2022-02-08 11:22:11,998] {dag.py:2396} INFO - Sync 1 DAGs
[2022-02-08 11:22:26,886] {logging_mixin.py:109} INFO - [2022-02-08 11:22:26,859] {dag.py:2935} INFO - Setting next_dagrun for example_nested_branch_dag to 2022-02-07 00:00:00+00:00
[2022-02-08 11:22:28,076] {processor.py:171} INFO - Processing /home/airflow/.local/lib/python3.7/site-packages/airflow/example_dags/example_nested_branch_dag.py took 21.061 seconds
[2022-02-08 11:32:41,448] {processor.py:163} INFO - Started process (PID=493) to work on /home/airflow/.local/lib/python3.7/site-packages/airflow/example_dags/example_nested_branch_dag.py
[2022-02-08 11:32:41,479] {processor.py:642} INFO - Processing file /home/airflow/.local/lib/python3.7/site-packages/airflow/example_dags/example_nested_branch_dag.py for tasks to queue
[2022-02-08 11:32:41,572] {logging_mixin.py:109} INFO - [2022-02-08 11:32:41,570] {dagbag.py:500} INFO - Filling up the DagBag from /home/airflow/.local/lib/python3.7/site-packages/airflow/example_dags/example_nested_branch_dag.py
[2022-02-08 11:32:43,520] {processor.py:654} INFO - DAG(s) dict_keys(['example_nested_branch_dag']) retrieved from /home/airflow/.local/lib/python3.7/site-packages/airflow/example_dags/example_nested_branch_dag.py
[2022-02-08 11:32:44,527] {logging_mixin.py:109} INFO - [2022-02-08 11:32:44,523] {dag.py:2396} INFO - Sync 1 DAGs
[2022-02-08 11:32:52,321] {logging_mixin.py:109} INFO - [2022-02-08 11:32:52,255] {dag.py:2935} INFO - Setting next_dagrun for example_nested_branch_dag to 2022-02-07 00:00:00+00:00
[2022-02-08 11:32:53,068] {processor.py:171} INFO - Processing /home/airflow/.local/lib/python3.7/site-packages/airflow/example_dags/example_nested_branch_dag.py took 11.849 seconds
[2022-02-08 12:35:24,266] {processor.py:163} INFO - Started process (PID=305) to work on /home/airflow/.local/lib/python3.7/site-packages/airflow/example_dags/example_nested_branch_dag.py
[2022-02-08 12:35:24,278] {processor.py:642} INFO - Processing file /home/airflow/.local/lib/python3.7/site-packages/airflow/example_dags/example_nested_branch_dag.py for tasks to queue
[2022-02-08 12:35:24,298] {logging_mixin.py:109} INFO - [2022-02-08 12:35:24,297] {dagbag.py:500} INFO - Filling up the DagBag from /home/airflow/.local/lib/python3.7/site-packages/airflow/example_dags/example_nested_branch_dag.py
[2022-02-08 12:35:24,872] {processor.py:654} INFO - DAG(s) dict_keys(['example_nested_branch_dag']) retrieved from /home/airflow/.local/lib/python3.7/site-packages/airflow/example_dags/example_nested_branch_dag.py
[2022-02-08 12:35:25,179] {logging_mixin.py:109} INFO - [2022-02-08 12:35:25,179] {dag.py:2396} INFO - Sync 1 DAGs
[2022-02-08 12:35:25,657] {logging_mixin.py:109} INFO - [2022-02-08 12:35:25,656] {dag.py:2935} INFO - Setting next_dagrun for example_nested_branch_dag to 2022-02-07 00:00:00+00:00
[2022-02-08 12:35:25,898] {processor.py:171} INFO - Processing /home/airflow/.local/lib/python3.7/site-packages/airflow/example_dags/example_nested_branch_dag.py took 1.678 seconds
[2022-02-08 12:36:21,942] {processor.py:163} INFO - Started process (PID=420) to work on /home/airflow/.local/lib/python3.7/site-packages/airflow/example_dags/example_nested_branch_dag.py
[2022-02-08 12:36:21,953] {processor.py:642} INFO - Processing file /home/airflow/.local/lib/python3.7/site-packages/airflow/example_dags/example_nested_branch_dag.py for tasks to queue
[2022-02-08 12:36:21,975] {logging_mixin.py:109} INFO - [2022-02-08 12:36:21,975] {dagbag.py:500} INFO - Filling up the DagBag from /home/airflow/.local/lib/python3.7/site-packages/airflow/example_dags/example_nested_branch_dag.py
[2022-02-08 12:36:22,600] {processor.py:654} INFO - DAG(s) dict_keys(['example_nested_branch_dag']) retrieved from /home/airflow/.local/lib/python3.7/site-packages/airflow/example_dags/example_nested_branch_dag.py
[2022-02-08 12:36:22,889] {logging_mixin.py:109} INFO - [2022-02-08 12:36:22,889] {dag.py:2396} INFO - Sync 1 DAGs
[2022-02-08 12:36:23,377] {logging_mixin.py:109} INFO - [2022-02-08 12:36:23,361] {dag.py:2935} INFO - Setting next_dagrun for example_nested_branch_dag to 2022-02-07 00:00:00+00:00
[2022-02-08 12:36:23,596] {processor.py:171} INFO - Processing /home/airflow/.local/lib/python3.7/site-packages/airflow/example_dags/example_nested_branch_dag.py took 1.765 seconds
[2022-02-08 12:38:36,447] {processor.py:163} INFO - Started process (PID=476) to work on /home/airflow/.local/lib/python3.7/site-packages/airflow/example_dags/example_nested_branch_dag.py
[2022-02-08 12:38:36,483] {processor.py:642} INFO - Processing file /home/airflow/.local/lib/python3.7/site-packages/airflow/example_dags/example_nested_branch_dag.py for tasks to queue
[2022-02-08 12:38:36,516] {logging_mixin.py:109} INFO - [2022-02-08 12:38:36,515] {dagbag.py:500} INFO - Filling up the DagBag from /home/airflow/.local/lib/python3.7/site-packages/airflow/example_dags/example_nested_branch_dag.py
[2022-02-08 12:38:37,687] {processor.py:654} INFO - DAG(s) dict_keys(['example_nested_branch_dag']) retrieved from /home/airflow/.local/lib/python3.7/site-packages/airflow/example_dags/example_nested_branch_dag.py
[2022-02-08 12:38:38,408] {logging_mixin.py:109} INFO - [2022-02-08 12:38:38,407] {dag.py:2396} INFO - Sync 1 DAGs
[2022-02-08 12:38:39,517] {logging_mixin.py:109} INFO - [2022-02-08 12:38:39,470] {dag.py:2935} INFO - Setting next_dagrun for example_nested_branch_dag to 2022-02-07 00:00:00+00:00
[2022-02-08 12:38:42,958] {processor.py:171} INFO - Processing /home/airflow/.local/lib/python3.7/site-packages/airflow/example_dags/example_nested_branch_dag.py took 6.571 seconds
[2022-02-08 12:39:54,962] {processor.py:163} INFO - Started process (PID=531) to work on /home/airflow/.local/lib/python3.7/site-packages/airflow/example_dags/example_nested_branch_dag.py
[2022-02-08 12:39:55,068] {processor.py:642} INFO - Processing file /home/airflow/.local/lib/python3.7/site-packages/airflow/example_dags/example_nested_branch_dag.py for tasks to queue
[2022-02-08 12:39:55,114] {logging_mixin.py:109} INFO - [2022-02-08 12:39:55,113] {dagbag.py:500} INFO - Filling up the DagBag from /home/airflow/.local/lib/python3.7/site-packages/airflow/example_dags/example_nested_branch_dag.py
[2022-02-08 12:39:56,642] {processor.py:654} INFO - DAG(s) dict_keys(['example_nested_branch_dag']) retrieved from /home/airflow/.local/lib/python3.7/site-packages/airflow/example_dags/example_nested_branch_dag.py
[2022-02-08 12:39:57,304] {logging_mixin.py:109} INFO - [2022-02-08 12:39:57,304] {dag.py:2396} INFO - Sync 1 DAGs
[2022-02-08 12:39:58,373] {logging_mixin.py:109} INFO - [2022-02-08 12:39:58,373] {dag.py:2935} INFO - Setting next_dagrun for example_nested_branch_dag to 2022-02-07 00:00:00+00:00
[2022-02-08 12:39:58,809] {processor.py:171} INFO - Processing /home/airflow/.local/lib/python3.7/site-packages/airflow/example_dags/example_nested_branch_dag.py took 3.965 seconds
[2022-02-08 12:42:38,034] {processor.py:163} INFO - Started process (PID=687) to work on /home/airflow/.local/lib/python3.7/site-packages/airflow/example_dags/example_nested_branch_dag.py
[2022-02-08 12:42:38,072] {processor.py:642} INFO - Processing file /home/airflow/.local/lib/python3.7/site-packages/airflow/example_dags/example_nested_branch_dag.py for tasks to queue
[2022-02-08 12:42:38,094] {logging_mixin.py:109} INFO - [2022-02-08 12:42:38,093] {dagbag.py:500} INFO - Filling up the DagBag from /home/airflow/.local/lib/python3.7/site-packages/airflow/example_dags/example_nested_branch_dag.py
[2022-02-08 12:42:39,188] {processor.py:654} INFO - DAG(s) dict_keys(['example_nested_branch_dag']) retrieved from /home/airflow/.local/lib/python3.7/site-packages/airflow/example_dags/example_nested_branch_dag.py
[2022-02-08 12:42:39,888] {logging_mixin.py:109} INFO - [2022-02-08 12:42:39,888] {dag.py:2396} INFO - Sync 1 DAGs
[2022-02-08 12:42:40,860] {logging_mixin.py:109} INFO - [2022-02-08 12:42:40,819] {dag.py:2935} INFO - Setting next_dagrun for example_nested_branch_dag to 2022-02-07 00:00:00+00:00
[2022-02-08 12:42:41,394] {processor.py:171} INFO - Processing /home/airflow/.local/lib/python3.7/site-packages/airflow/example_dags/example_nested_branch_dag.py took 3.444 seconds
[2022-02-08 12:44:39,671] {processor.py:163} INFO - Started process (PID=856) to work on /home/airflow/.local/lib/python3.7/site-packages/airflow/example_dags/example_nested_branch_dag.py
[2022-02-08 12:44:39,690] {processor.py:642} INFO - Processing file /home/airflow/.local/lib/python3.7/site-packages/airflow/example_dags/example_nested_branch_dag.py for tasks to queue
[2022-02-08 12:44:39,727] {logging_mixin.py:109} INFO - [2022-02-08 12:44:39,723] {dagbag.py:500} INFO - Filling up the DagBag from /home/airflow/.local/lib/python3.7/site-packages/airflow/example_dags/example_nested_branch_dag.py
[2022-02-08 12:44:40,804] {processor.py:654} INFO - DAG(s) dict_keys(['example_nested_branch_dag']) retrieved from /home/airflow/.local/lib/python3.7/site-packages/airflow/example_dags/example_nested_branch_dag.py
[2022-02-08 12:44:40,994] {logging_mixin.py:109} INFO - [2022-02-08 12:44:40,993] {dag.py:2396} INFO - Sync 1 DAGs
[2022-02-08 12:44:41,870] {logging_mixin.py:109} INFO - [2022-02-08 12:44:41,869] {dag.py:2935} INFO - Setting next_dagrun for example_nested_branch_dag to 2022-02-07 00:00:00+00:00
[2022-02-08 12:44:42,273] {processor.py:171} INFO - Processing /home/airflow/.local/lib/python3.7/site-packages/airflow/example_dags/example_nested_branch_dag.py took 2.609 seconds
[2022-02-08 12:45:52,493] {processor.py:163} INFO - Started process (PID=955) to work on /home/airflow/.local/lib/python3.7/site-packages/airflow/example_dags/example_nested_branch_dag.py
[2022-02-08 12:45:52,591] {processor.py:642} INFO - Processing file /home/airflow/.local/lib/python3.7/site-packages/airflow/example_dags/example_nested_branch_dag.py for tasks to queue
[2022-02-08 12:45:52,615] {logging_mixin.py:109} INFO - [2022-02-08 12:45:52,614] {dagbag.py:500} INFO - Filling up the DagBag from /home/airflow/.local/lib/python3.7/site-packages/airflow/example_dags/example_nested_branch_dag.py
[2022-02-08 12:45:53,537] {processor.py:654} INFO - DAG(s) dict_keys(['example_nested_branch_dag']) retrieved from /home/airflow/.local/lib/python3.7/site-packages/airflow/example_dags/example_nested_branch_dag.py
[2022-02-08 12:45:54,319] {logging_mixin.py:109} INFO - [2022-02-08 12:45:54,319] {dag.py:2396} INFO - Sync 1 DAGs
[2022-02-08 12:45:55,329] {logging_mixin.py:109} INFO - [2022-02-08 12:45:55,328] {dag.py:2935} INFO - Setting next_dagrun for example_nested_branch_dag to 2022-02-07 00:00:00+00:00
[2022-02-08 12:45:55,776] {processor.py:171} INFO - Processing /home/airflow/.local/lib/python3.7/site-packages/airflow/example_dags/example_nested_branch_dag.py took 3.446 seconds
[2022-02-08 12:49:28,439] {processor.py:163} INFO - Started process (PID=1180) to work on /home/airflow/.local/lib/python3.7/site-packages/airflow/example_dags/example_nested_branch_dag.py
[2022-02-08 12:49:28,562] {processor.py:642} INFO - Processing file /home/airflow/.local/lib/python3.7/site-packages/airflow/example_dags/example_nested_branch_dag.py for tasks to queue
[2022-02-08 12:49:28,629] {logging_mixin.py:109} INFO - [2022-02-08 12:49:28,622] {dagbag.py:500} INFO - Filling up the DagBag from /home/airflow/.local/lib/python3.7/site-packages/airflow/example_dags/example_nested_branch_dag.py
[2022-02-08 12:49:30,430] {processor.py:654} INFO - DAG(s) dict_keys(['example_nested_branch_dag']) retrieved from /home/airflow/.local/lib/python3.7/site-packages/airflow/example_dags/example_nested_branch_dag.py
[2022-02-08 12:49:31,806] {logging_mixin.py:109} INFO - [2022-02-08 12:49:31,805] {dag.py:2396} INFO - Sync 1 DAGs
[2022-02-08 12:49:34,792] {logging_mixin.py:109} INFO - [2022-02-08 12:49:34,792] {dag.py:2935} INFO - Setting next_dagrun for example_nested_branch_dag to 2022-02-07 00:00:00+00:00
[2022-02-08 12:49:35,438] {processor.py:171} INFO - Processing /home/airflow/.local/lib/python3.7/site-packages/airflow/example_dags/example_nested_branch_dag.py took 7.253 seconds
[2022-02-08 16:01:16,022] {processor.py:163} INFO - Started process (PID=265) to work on /home/airflow/.local/lib/python3.7/site-packages/airflow/example_dags/example_nested_branch_dag.py
[2022-02-08 16:01:16,030] {processor.py:642} INFO - Processing file /home/airflow/.local/lib/python3.7/site-packages/airflow/example_dags/example_nested_branch_dag.py for tasks to queue
[2022-02-08 16:01:16,050] {logging_mixin.py:109} INFO - [2022-02-08 16:01:16,049] {dagbag.py:500} INFO - Filling up the DagBag from /home/airflow/.local/lib/python3.7/site-packages/airflow/example_dags/example_nested_branch_dag.py
[2022-02-08 16:01:16,561] {processor.py:654} INFO - DAG(s) dict_keys(['example_nested_branch_dag']) retrieved from /home/airflow/.local/lib/python3.7/site-packages/airflow/example_dags/example_nested_branch_dag.py
[2022-02-08 16:01:16,865] {logging_mixin.py:109} INFO - [2022-02-08 16:01:16,864] {dag.py:2396} INFO - Sync 1 DAGs
[2022-02-08 16:01:17,215] {logging_mixin.py:109} INFO - [2022-02-08 16:01:17,214] {dag.py:2935} INFO - Setting next_dagrun for example_nested_branch_dag to 2022-02-07 00:00:00+00:00
[2022-02-08 16:01:17,363] {processor.py:171} INFO - Processing /home/airflow/.local/lib/python3.7/site-packages/airflow/example_dags/example_nested_branch_dag.py took 1.354 seconds
[2022-02-08 16:12:46,070] {processor.py:163} INFO - Started process (PID=306) to work on /home/airflow/.local/lib/python3.7/site-packages/airflow/example_dags/example_nested_branch_dag.py
[2022-02-08 16:12:46,088] {processor.py:642} INFO - Processing file /home/airflow/.local/lib/python3.7/site-packages/airflow/example_dags/example_nested_branch_dag.py for tasks to queue
[2022-02-08 16:12:46,128] {logging_mixin.py:109} INFO - [2022-02-08 16:12:46,110] {dagbag.py:500} INFO - Filling up the DagBag from /home/airflow/.local/lib/python3.7/site-packages/airflow/example_dags/example_nested_branch_dag.py
[2022-02-08 16:12:46,591] {processor.py:654} INFO - DAG(s) dict_keys(['example_nested_branch_dag']) retrieved from /home/airflow/.local/lib/python3.7/site-packages/airflow/example_dags/example_nested_branch_dag.py
[2022-02-08 16:12:46,854] {logging_mixin.py:109} INFO - [2022-02-08 16:12:46,854] {dag.py:2396} INFO - Sync 1 DAGs
[2022-02-08 16:12:47,241] {logging_mixin.py:109} INFO - [2022-02-08 16:12:47,240] {dag.py:2935} INFO - Setting next_dagrun for example_nested_branch_dag to 2022-02-07 00:00:00+00:00
[2022-02-08 16:12:47,397] {processor.py:171} INFO - Processing /home/airflow/.local/lib/python3.7/site-packages/airflow/example_dags/example_nested_branch_dag.py took 1.390 seconds
[2022-02-08 16:13:43,526] {processor.py:163} INFO - Started process (PID=414) to work on /home/airflow/.local/lib/python3.7/site-packages/airflow/example_dags/example_nested_branch_dag.py
[2022-02-08 16:13:43,539] {processor.py:642} INFO - Processing file /home/airflow/.local/lib/python3.7/site-packages/airflow/example_dags/example_nested_branch_dag.py for tasks to queue
[2022-02-08 16:13:43,553] {logging_mixin.py:109} INFO - [2022-02-08 16:13:43,553] {dagbag.py:500} INFO - Filling up the DagBag from /home/airflow/.local/lib/python3.7/site-packages/airflow/example_dags/example_nested_branch_dag.py
[2022-02-08 16:13:44,556] {processor.py:654} INFO - DAG(s) dict_keys(['example_nested_branch_dag']) retrieved from /home/airflow/.local/lib/python3.7/site-packages/airflow/example_dags/example_nested_branch_dag.py
[2022-02-08 16:13:44,715] {logging_mixin.py:109} INFO - [2022-02-08 16:13:44,715] {dag.py:2396} INFO - Sync 1 DAGs
[2022-02-08 16:13:45,015] {logging_mixin.py:109} INFO - [2022-02-08 16:13:45,014] {dag.py:2935} INFO - Setting next_dagrun for example_nested_branch_dag to 2022-02-07 00:00:00+00:00
[2022-02-08 16:13:45,197] {processor.py:171} INFO - Processing /home/airflow/.local/lib/python3.7/site-packages/airflow/example_dags/example_nested_branch_dag.py took 1.682 seconds
[2022-02-08 16:21:23,626] {processor.py:163} INFO - Started process (PID=681) to work on /home/airflow/.local/lib/python3.7/site-packages/airflow/example_dags/example_nested_branch_dag.py
[2022-02-08 16:21:23,648] {processor.py:642} INFO - Processing file /home/airflow/.local/lib/python3.7/site-packages/airflow/example_dags/example_nested_branch_dag.py for tasks to queue
[2022-02-08 16:21:23,679] {logging_mixin.py:109} INFO - [2022-02-08 16:21:23,676] {dagbag.py:500} INFO - Filling up the DagBag from /home/airflow/.local/lib/python3.7/site-packages/airflow/example_dags/example_nested_branch_dag.py
[2022-02-08 16:21:24,896] {processor.py:654} INFO - DAG(s) dict_keys(['example_nested_branch_dag']) retrieved from /home/airflow/.local/lib/python3.7/site-packages/airflow/example_dags/example_nested_branch_dag.py
[2022-02-08 16:21:25,387] {logging_mixin.py:109} INFO - [2022-02-08 16:21:25,386] {dag.py:2396} INFO - Sync 1 DAGs
[2022-02-08 16:21:27,053] {logging_mixin.py:109} INFO - [2022-02-08 16:21:27,004] {dag.py:2935} INFO - Setting next_dagrun for example_nested_branch_dag to 2022-02-07 00:00:00+00:00
[2022-02-08 16:21:38,132] {processor.py:171} INFO - Processing /home/airflow/.local/lib/python3.7/site-packages/airflow/example_dags/example_nested_branch_dag.py took 14.651 seconds
[2022-02-08 16:29:44,572] {processor.py:163} INFO - Started process (PID=423) to work on /home/airflow/.local/lib/python3.7/site-packages/airflow/example_dags/example_nested_branch_dag.py
[2022-02-08 16:29:44,626] {processor.py:642} INFO - Processing file /home/airflow/.local/lib/python3.7/site-packages/airflow/example_dags/example_nested_branch_dag.py for tasks to queue
[2022-02-08 16:29:44,643] {logging_mixin.py:109} INFO - [2022-02-08 16:29:44,643] {dagbag.py:500} INFO - Filling up the DagBag from /home/airflow/.local/lib/python3.7/site-packages/airflow/example_dags/example_nested_branch_dag.py
[2022-02-08 16:29:46,191] {processor.py:654} INFO - DAG(s) dict_keys(['example_nested_branch_dag']) retrieved from /home/airflow/.local/lib/python3.7/site-packages/airflow/example_dags/example_nested_branch_dag.py
[2022-02-08 16:29:46,695] {logging_mixin.py:109} INFO - [2022-02-08 16:29:46,689] {dag.py:2396} INFO - Sync 1 DAGs
[2022-02-08 16:30:22,977] {logging_mixin.py:109} INFO - [2022-02-08 16:30:22,966] {dag.py:2935} INFO - Setting next_dagrun for example_nested_branch_dag to 2022-02-07 00:00:00+00:00
[2022-02-08 16:30:23,286] {processor.py:171} INFO - Processing /home/airflow/.local/lib/python3.7/site-packages/airflow/example_dags/example_nested_branch_dag.py took 3.587 seconds
[2022-02-08 16:32:23,127] {processor.py:163} INFO - Started process (PID=558) to work on /home/airflow/.local/lib/python3.7/site-packages/airflow/example_dags/example_nested_branch_dag.py
[2022-02-08 16:32:23,147] {processor.py:642} INFO - Processing file /home/airflow/.local/lib/python3.7/site-packages/airflow/example_dags/example_nested_branch_dag.py for tasks to queue
[2022-02-08 16:32:23,190] {logging_mixin.py:109} INFO - [2022-02-08 16:32:23,190] {dagbag.py:500} INFO - Filling up the DagBag from /home/airflow/.local/lib/python3.7/site-packages/airflow/example_dags/example_nested_branch_dag.py
[2022-02-08 16:32:24,343] {processor.py:654} INFO - DAG(s) dict_keys(['example_nested_branch_dag']) retrieved from /home/airflow/.local/lib/python3.7/site-packages/airflow/example_dags/example_nested_branch_dag.py
[2022-02-08 16:32:25,238] {logging_mixin.py:109} INFO - [2022-02-08 16:32:25,238] {dag.py:2396} INFO - Sync 1 DAGs
[2022-02-08 16:32:26,230] {logging_mixin.py:109} INFO - [2022-02-08 16:32:26,230] {dag.py:2935} INFO - Setting next_dagrun for example_nested_branch_dag to 2022-02-07 00:00:00+00:00
[2022-02-08 16:32:26,724] {processor.py:171} INFO - Processing /home/airflow/.local/lib/python3.7/site-packages/airflow/example_dags/example_nested_branch_dag.py took 3.993 seconds
[2022-02-08 16:35:45,194] {processor.py:163} INFO - Started process (PID=726) to work on /home/airflow/.local/lib/python3.7/site-packages/airflow/example_dags/example_nested_branch_dag.py
[2022-02-08 16:35:45,201] {processor.py:642} INFO - Processing file /home/airflow/.local/lib/python3.7/site-packages/airflow/example_dags/example_nested_branch_dag.py for tasks to queue
[2022-02-08 16:35:45,206] {logging_mixin.py:109} INFO - [2022-02-08 16:35:45,205] {dagbag.py:500} INFO - Filling up the DagBag from /home/airflow/.local/lib/python3.7/site-packages/airflow/example_dags/example_nested_branch_dag.py
[2022-02-08 16:35:45,890] {processor.py:654} INFO - DAG(s) dict_keys(['example_nested_branch_dag']) retrieved from /home/airflow/.local/lib/python3.7/site-packages/airflow/example_dags/example_nested_branch_dag.py
[2022-02-08 16:35:46,620] {logging_mixin.py:109} INFO - [2022-02-08 16:35:46,620] {dag.py:2396} INFO - Sync 1 DAGs
[2022-02-08 16:35:48,079] {logging_mixin.py:109} INFO - [2022-02-08 16:35:48,010] {dag.py:2935} INFO - Setting next_dagrun for example_nested_branch_dag to 2022-02-07 00:00:00+00:00
[2022-02-08 16:35:48,291] {processor.py:171} INFO - Processing /home/airflow/.local/lib/python3.7/site-packages/airflow/example_dags/example_nested_branch_dag.py took 3.112 seconds
[2022-02-08 16:38:25,085] {processor.py:163} INFO - Started process (PID=883) to work on /home/airflow/.local/lib/python3.7/site-packages/airflow/example_dags/example_nested_branch_dag.py
[2022-02-08 16:38:25,124] {processor.py:642} INFO - Processing file /home/airflow/.local/lib/python3.7/site-packages/airflow/example_dags/example_nested_branch_dag.py for tasks to queue
[2022-02-08 16:38:25,166] {logging_mixin.py:109} INFO - [2022-02-08 16:38:25,165] {dagbag.py:500} INFO - Filling up the DagBag from /home/airflow/.local/lib/python3.7/site-packages/airflow/example_dags/example_nested_branch_dag.py
[2022-02-08 16:38:26,025] {processor.py:654} INFO - DAG(s) dict_keys(['example_nested_branch_dag']) retrieved from /home/airflow/.local/lib/python3.7/site-packages/airflow/example_dags/example_nested_branch_dag.py
[2022-02-08 16:38:26,493] {logging_mixin.py:109} INFO - [2022-02-08 16:38:26,492] {dag.py:2396} INFO - Sync 1 DAGs
[2022-02-08 16:38:27,361] {logging_mixin.py:109} INFO - [2022-02-08 16:38:27,360] {dag.py:2935} INFO - Setting next_dagrun for example_nested_branch_dag to 2022-02-07 00:00:00+00:00
[2022-02-08 16:38:27,663] {processor.py:171} INFO - Processing /home/airflow/.local/lib/python3.7/site-packages/airflow/example_dags/example_nested_branch_dag.py took 2.617 seconds
[2022-02-08 17:12:57,672] {processor.py:163} INFO - Started process (PID=1080) to work on /home/airflow/.local/lib/python3.7/site-packages/airflow/example_dags/example_nested_branch_dag.py
[2022-02-08 17:12:57,720] {processor.py:642} INFO - Processing file /home/airflow/.local/lib/python3.7/site-packages/airflow/example_dags/example_nested_branch_dag.py for tasks to queue
[2022-02-08 17:12:57,764] {logging_mixin.py:109} INFO - [2022-02-08 17:12:57,764] {dagbag.py:500} INFO - Filling up the DagBag from /home/airflow/.local/lib/python3.7/site-packages/airflow/example_dags/example_nested_branch_dag.py
[2022-02-08 17:12:59,217] {processor.py:654} INFO - DAG(s) dict_keys(['example_nested_branch_dag']) retrieved from /home/airflow/.local/lib/python3.7/site-packages/airflow/example_dags/example_nested_branch_dag.py
[2022-02-08 17:12:59,836] {logging_mixin.py:109} INFO - [2022-02-08 17:12:59,836] {dag.py:2396} INFO - Sync 1 DAGs
[2022-02-08 17:13:00,815] {logging_mixin.py:109} INFO - [2022-02-08 17:13:00,815] {dag.py:2935} INFO - Setting next_dagrun for example_nested_branch_dag to 2022-02-07 00:00:00+00:00
[2022-02-08 17:13:01,313] {processor.py:171} INFO - Processing /home/airflow/.local/lib/python3.7/site-packages/airflow/example_dags/example_nested_branch_dag.py took 3.689 seconds
[2022-02-08 17:14:49,725] {processor.py:163} INFO - Started process (PID=1231) to work on /home/airflow/.local/lib/python3.7/site-packages/airflow/example_dags/example_nested_branch_dag.py
[2022-02-08 17:14:49,757] {processor.py:642} INFO - Processing file /home/airflow/.local/lib/python3.7/site-packages/airflow/example_dags/example_nested_branch_dag.py for tasks to queue
[2022-02-08 17:14:49,787] {logging_mixin.py:109} INFO - [2022-02-08 17:14:49,787] {dagbag.py:500} INFO - Filling up the DagBag from /home/airflow/.local/lib/python3.7/site-packages/airflow/example_dags/example_nested_branch_dag.py
[2022-02-08 17:14:50,948] {processor.py:654} INFO - DAG(s) dict_keys(['example_nested_branch_dag']) retrieved from /home/airflow/.local/lib/python3.7/site-packages/airflow/example_dags/example_nested_branch_dag.py
[2022-02-08 17:14:51,495] {logging_mixin.py:109} INFO - [2022-02-08 17:14:51,495] {dag.py:2396} INFO - Sync 1 DAGs
[2022-02-08 17:14:52,415] {logging_mixin.py:109} INFO - [2022-02-08 17:14:52,414] {dag.py:2935} INFO - Setting next_dagrun for example_nested_branch_dag to 2022-02-07 00:00:00+00:00
[2022-02-08 17:14:52,702] {processor.py:171} INFO - Processing /home/airflow/.local/lib/python3.7/site-packages/airflow/example_dags/example_nested_branch_dag.py took 3.080 seconds
[2022-02-08 17:16:18,743] {processor.py:163} INFO - Started process (PID=1345) to work on /home/airflow/.local/lib/python3.7/site-packages/airflow/example_dags/example_nested_branch_dag.py
[2022-02-08 17:16:18,806] {processor.py:642} INFO - Processing file /home/airflow/.local/lib/python3.7/site-packages/airflow/example_dags/example_nested_branch_dag.py for tasks to queue
[2022-02-08 17:16:18,862] {logging_mixin.py:109} INFO - [2022-02-08 17:16:18,861] {dagbag.py:500} INFO - Filling up the DagBag from /home/airflow/.local/lib/python3.7/site-packages/airflow/example_dags/example_nested_branch_dag.py
[2022-02-08 17:16:19,518] {processor.py:654} INFO - DAG(s) dict_keys(['example_nested_branch_dag']) retrieved from /home/airflow/.local/lib/python3.7/site-packages/airflow/example_dags/example_nested_branch_dag.py
[2022-02-08 17:16:20,371] {logging_mixin.py:109} INFO - [2022-02-08 17:16:20,369] {dag.py:2396} INFO - Sync 1 DAGs
[2022-02-08 17:16:21,290] {logging_mixin.py:109} INFO - [2022-02-08 17:16:21,289] {dag.py:2935} INFO - Setting next_dagrun for example_nested_branch_dag to 2022-02-07 00:00:00+00:00
[2022-02-08 17:16:21,652] {processor.py:171} INFO - Processing /home/airflow/.local/lib/python3.7/site-packages/airflow/example_dags/example_nested_branch_dag.py took 3.391 seconds
[2022-02-08 17:19:18,765] {processor.py:163} INFO - Started process (PID=1523) to work on /home/airflow/.local/lib/python3.7/site-packages/airflow/example_dags/example_nested_branch_dag.py
[2022-02-08 17:19:18,805] {processor.py:642} INFO - Processing file /home/airflow/.local/lib/python3.7/site-packages/airflow/example_dags/example_nested_branch_dag.py for tasks to queue
[2022-02-08 17:19:18,855] {logging_mixin.py:109} INFO - [2022-02-08 17:19:18,855] {dagbag.py:500} INFO - Filling up the DagBag from /home/airflow/.local/lib/python3.7/site-packages/airflow/example_dags/example_nested_branch_dag.py
[2022-02-08 17:19:19,848] {processor.py:654} INFO - DAG(s) dict_keys(['example_nested_branch_dag']) retrieved from /home/airflow/.local/lib/python3.7/site-packages/airflow/example_dags/example_nested_branch_dag.py
[2022-02-08 17:19:19,998] {logging_mixin.py:109} INFO - [2022-02-08 17:19:19,997] {dag.py:2396} INFO - Sync 1 DAGs
[2022-02-08 17:19:21,091] {logging_mixin.py:109} INFO - [2022-02-08 17:19:21,090] {dag.py:2935} INFO - Setting next_dagrun for example_nested_branch_dag to 2022-02-07 00:00:00+00:00
[2022-02-08 17:19:21,548] {processor.py:171} INFO - Processing /home/airflow/.local/lib/python3.7/site-packages/airflow/example_dags/example_nested_branch_dag.py took 2.837 seconds
[2022-02-08 17:21:16,272] {processor.py:163} INFO - Started process (PID=1688) to work on /home/airflow/.local/lib/python3.7/site-packages/airflow/example_dags/example_nested_branch_dag.py
[2022-02-08 17:21:16,324] {processor.py:642} INFO - Processing file /home/airflow/.local/lib/python3.7/site-packages/airflow/example_dags/example_nested_branch_dag.py for tasks to queue
[2022-02-08 17:21:16,342] {logging_mixin.py:109} INFO - [2022-02-08 17:21:16,342] {dagbag.py:500} INFO - Filling up the DagBag from /home/airflow/.local/lib/python3.7/site-packages/airflow/example_dags/example_nested_branch_dag.py
[2022-02-08 17:21:17,307] {processor.py:654} INFO - DAG(s) dict_keys(['example_nested_branch_dag']) retrieved from /home/airflow/.local/lib/python3.7/site-packages/airflow/example_dags/example_nested_branch_dag.py
[2022-02-08 17:21:17,949] {logging_mixin.py:109} INFO - [2022-02-08 17:21:17,949] {dag.py:2396} INFO - Sync 1 DAGs
[2022-02-08 17:21:18,757] {logging_mixin.py:109} INFO - [2022-02-08 17:21:18,757] {dag.py:2935} INFO - Setting next_dagrun for example_nested_branch_dag to 2022-02-07 00:00:00+00:00
[2022-02-08 17:21:19,177] {processor.py:171} INFO - Processing /home/airflow/.local/lib/python3.7/site-packages/airflow/example_dags/example_nested_branch_dag.py took 2.958 seconds
[2022-02-08 17:22:14,072] {processor.py:163} INFO - Started process (PID=1778) to work on /home/airflow/.local/lib/python3.7/site-packages/airflow/example_dags/example_nested_branch_dag.py
[2022-02-08 17:22:14,129] {processor.py:642} INFO - Processing file /home/airflow/.local/lib/python3.7/site-packages/airflow/example_dags/example_nested_branch_dag.py for tasks to queue
[2022-02-08 17:22:14,154] {logging_mixin.py:109} INFO - [2022-02-08 17:22:14,144] {dagbag.py:500} INFO - Filling up the DagBag from /home/airflow/.local/lib/python3.7/site-packages/airflow/example_dags/example_nested_branch_dag.py
[2022-02-08 17:22:15,299] {processor.py:654} INFO - DAG(s) dict_keys(['example_nested_branch_dag']) retrieved from /home/airflow/.local/lib/python3.7/site-packages/airflow/example_dags/example_nested_branch_dag.py
[2022-02-08 17:22:15,809] {logging_mixin.py:109} INFO - [2022-02-08 17:22:15,809] {dag.py:2396} INFO - Sync 1 DAGs
[2022-02-08 17:22:16,385] {logging_mixin.py:109} INFO - [2022-02-08 17:22:16,384] {dag.py:2935} INFO - Setting next_dagrun for example_nested_branch_dag to 2022-02-07 00:00:00+00:00
[2022-02-08 17:22:16,578] {processor.py:171} INFO - Processing /home/airflow/.local/lib/python3.7/site-packages/airflow/example_dags/example_nested_branch_dag.py took 2.572 seconds
[2022-02-08 17:24:15,218] {processor.py:163} INFO - Started process (PID=1862) to work on /home/airflow/.local/lib/python3.7/site-packages/airflow/example_dags/example_nested_branch_dag.py
[2022-02-08 17:24:15,248] {processor.py:642} INFO - Processing file /home/airflow/.local/lib/python3.7/site-packages/airflow/example_dags/example_nested_branch_dag.py for tasks to queue
[2022-02-08 17:24:15,283] {logging_mixin.py:109} INFO - [2022-02-08 17:24:15,264] {dagbag.py:500} INFO - Filling up the DagBag from /home/airflow/.local/lib/python3.7/site-packages/airflow/example_dags/example_nested_branch_dag.py
[2022-02-08 17:24:16,080] {processor.py:654} INFO - DAG(s) dict_keys(['example_nested_branch_dag']) retrieved from /home/airflow/.local/lib/python3.7/site-packages/airflow/example_dags/example_nested_branch_dag.py
[2022-02-08 17:24:16,524] {logging_mixin.py:109} INFO - [2022-02-08 17:24:16,524] {dag.py:2396} INFO - Sync 1 DAGs
[2022-02-08 17:24:17,211] {logging_mixin.py:109} INFO - [2022-02-08 17:24:17,211] {dag.py:2935} INFO - Setting next_dagrun for example_nested_branch_dag to 2022-02-07 00:00:00+00:00
[2022-02-08 17:24:17,414] {processor.py:171} INFO - Processing /home/airflow/.local/lib/python3.7/site-packages/airflow/example_dags/example_nested_branch_dag.py took 2.285 seconds
[2022-02-08 17:38:08,065] {processor.py:163} INFO - Started process (PID=2243) to work on /home/airflow/.local/lib/python3.7/site-packages/airflow/example_dags/example_nested_branch_dag.py
[2022-02-08 17:38:08,093] {processor.py:642} INFO - Processing file /home/airflow/.local/lib/python3.7/site-packages/airflow/example_dags/example_nested_branch_dag.py for tasks to queue
[2022-02-08 17:38:08,141] {logging_mixin.py:109} INFO - [2022-02-08 17:38:08,131] {dagbag.py:500} INFO - Filling up the DagBag from /home/airflow/.local/lib/python3.7/site-packages/airflow/example_dags/example_nested_branch_dag.py
[2022-02-08 17:38:08,820] {processor.py:654} INFO - DAG(s) dict_keys(['example_nested_branch_dag']) retrieved from /home/airflow/.local/lib/python3.7/site-packages/airflow/example_dags/example_nested_branch_dag.py
[2022-02-08 17:38:09,241] {logging_mixin.py:109} INFO - [2022-02-08 17:38:09,239] {dag.py:2396} INFO - Sync 1 DAGs
[2022-02-08 17:38:10,307] {logging_mixin.py:109} INFO - [2022-02-08 17:38:10,298] {dag.py:2935} INFO - Setting next_dagrun for example_nested_branch_dag to 2022-02-07 00:00:00+00:00
[2022-02-08 17:38:11,138] {processor.py:171} INFO - Processing /home/airflow/.local/lib/python3.7/site-packages/airflow/example_dags/example_nested_branch_dag.py took 3.187 seconds
[2022-02-08 17:45:33,278] {processor.py:163} INFO - Started process (PID=318) to work on /home/airflow/.local/lib/python3.7/site-packages/airflow/example_dags/example_nested_branch_dag.py
[2022-02-08 17:45:33,341] {processor.py:642} INFO - Processing file /home/airflow/.local/lib/python3.7/site-packages/airflow/example_dags/example_nested_branch_dag.py for tasks to queue
[2022-02-08 17:45:33,369] {logging_mixin.py:109} INFO - [2022-02-08 17:45:33,368] {dagbag.py:500} INFO - Filling up the DagBag from /home/airflow/.local/lib/python3.7/site-packages/airflow/example_dags/example_nested_branch_dag.py
[2022-02-08 17:45:34,713] {processor.py:654} INFO - DAG(s) dict_keys(['example_nested_branch_dag']) retrieved from /home/airflow/.local/lib/python3.7/site-packages/airflow/example_dags/example_nested_branch_dag.py
[2022-02-08 17:45:35,122] {logging_mixin.py:109} INFO - [2022-02-08 17:45:35,121] {dag.py:2396} INFO - Sync 1 DAGs
[2022-02-08 17:45:35,932] {logging_mixin.py:109} INFO - [2022-02-08 17:45:35,931] {dag.py:2935} INFO - Setting next_dagrun for example_nested_branch_dag to 2022-02-07 00:00:00+00:00
[2022-02-08 17:45:36,519] {processor.py:171} INFO - Processing /home/airflow/.local/lib/python3.7/site-packages/airflow/example_dags/example_nested_branch_dag.py took 3.332 seconds
[2022-02-08 17:57:30,365] {processor.py:163} INFO - Started process (PID=591) to work on /home/airflow/.local/lib/python3.7/site-packages/airflow/example_dags/example_nested_branch_dag.py
[2022-02-08 17:57:30,375] {processor.py:642} INFO - Processing file /home/airflow/.local/lib/python3.7/site-packages/airflow/example_dags/example_nested_branch_dag.py for tasks to queue
[2022-02-08 17:57:30,422] {logging_mixin.py:109} INFO - [2022-02-08 17:57:30,415] {dagbag.py:500} INFO - Filling up the DagBag from /home/airflow/.local/lib/python3.7/site-packages/airflow/example_dags/example_nested_branch_dag.py
[2022-02-08 18:00:51,418] {processor.py:163} INFO - Started process (PID=770) to work on /home/airflow/.local/lib/python3.7/site-packages/airflow/example_dags/example_nested_branch_dag.py
[2022-02-08 18:00:51,470] {processor.py:642} INFO - Processing file /home/airflow/.local/lib/python3.7/site-packages/airflow/example_dags/example_nested_branch_dag.py for tasks to queue
[2022-02-08 18:00:51,487] {logging_mixin.py:109} INFO - [2022-02-08 18:00:51,486] {dagbag.py:500} INFO - Filling up the DagBag from /home/airflow/.local/lib/python3.7/site-packages/airflow/example_dags/example_nested_branch_dag.py
[2022-02-08 18:00:52,750] {processor.py:654} INFO - DAG(s) dict_keys(['example_nested_branch_dag']) retrieved from /home/airflow/.local/lib/python3.7/site-packages/airflow/example_dags/example_nested_branch_dag.py
[2022-02-08 18:00:53,322] {logging_mixin.py:109} INFO - [2022-02-08 18:00:53,322] {dag.py:2396} INFO - Sync 1 DAGs
[2022-02-08 18:00:54,258] {logging_mixin.py:109} INFO - [2022-02-08 18:00:54,257] {dag.py:2935} INFO - Setting next_dagrun for example_nested_branch_dag to 2022-02-07 00:00:00+00:00
[2022-02-08 18:00:54,645] {processor.py:171} INFO - Processing /home/airflow/.local/lib/python3.7/site-packages/airflow/example_dags/example_nested_branch_dag.py took 3.296 seconds
[2022-02-08 18:02:55,924] {processor.py:163} INFO - Started process (PID=941) to work on /home/airflow/.local/lib/python3.7/site-packages/airflow/example_dags/example_nested_branch_dag.py
[2022-02-08 18:02:55,980] {processor.py:642} INFO - Processing file /home/airflow/.local/lib/python3.7/site-packages/airflow/example_dags/example_nested_branch_dag.py for tasks to queue
[2022-02-08 18:02:56,051] {logging_mixin.py:109} INFO - [2022-02-08 18:02:56,051] {dagbag.py:500} INFO - Filling up the DagBag from /home/airflow/.local/lib/python3.7/site-packages/airflow/example_dags/example_nested_branch_dag.py
[2022-02-08 18:02:57,080] {processor.py:654} INFO - DAG(s) dict_keys(['example_nested_branch_dag']) retrieved from /home/airflow/.local/lib/python3.7/site-packages/airflow/example_dags/example_nested_branch_dag.py
[2022-02-08 18:02:57,917] {logging_mixin.py:109} INFO - [2022-02-08 18:02:57,917] {dag.py:2396} INFO - Sync 1 DAGs
[2022-02-08 18:02:58,699] {logging_mixin.py:109} INFO - [2022-02-08 18:02:58,654] {dag.py:2935} INFO - Setting next_dagrun for example_nested_branch_dag to 2022-02-07 00:00:00+00:00
[2022-02-08 18:02:59,139] {processor.py:171} INFO - Processing /home/airflow/.local/lib/python3.7/site-packages/airflow/example_dags/example_nested_branch_dag.py took 3.310 seconds
[2022-02-08 18:06:07,959] {processor.py:163} INFO - Started process (PID=1123) to work on /home/airflow/.local/lib/python3.7/site-packages/airflow/example_dags/example_nested_branch_dag.py
[2022-02-08 18:06:07,990] {processor.py:642} INFO - Processing file /home/airflow/.local/lib/python3.7/site-packages/airflow/example_dags/example_nested_branch_dag.py for tasks to queue
[2022-02-08 18:06:08,072] {logging_mixin.py:109} INFO - [2022-02-08 18:06:08,040] {dagbag.py:500} INFO - Filling up the DagBag from /home/airflow/.local/lib/python3.7/site-packages/airflow/example_dags/example_nested_branch_dag.py
[2022-02-08 18:06:09,582] {processor.py:654} INFO - DAG(s) dict_keys(['example_nested_branch_dag']) retrieved from /home/airflow/.local/lib/python3.7/site-packages/airflow/example_dags/example_nested_branch_dag.py
[2022-02-08 18:06:10,281] {logging_mixin.py:109} INFO - [2022-02-08 18:06:10,280] {dag.py:2396} INFO - Sync 1 DAGs
[2022-02-08 18:06:11,353] {logging_mixin.py:109} INFO - [2022-02-08 18:06:11,352] {dag.py:2935} INFO - Setting next_dagrun for example_nested_branch_dag to 2022-02-07 00:00:00+00:00
[2022-02-08 18:06:11,815] {processor.py:171} INFO - Processing /home/airflow/.local/lib/python3.7/site-packages/airflow/example_dags/example_nested_branch_dag.py took 3.994 seconds
