[2022-02-08 10:13:17,126] {processor.py:163} INFO - Started process (PID=588) to work on /home/airflow/.local/lib/python3.7/site-packages/airflow/example_dags/example_kubernetes_executor.py
[2022-02-08 10:13:17,129] {processor.py:642} INFO - Processing file /home/airflow/.local/lib/python3.7/site-packages/airflow/example_dags/example_kubernetes_executor.py for tasks to queue
[2022-02-08 10:13:17,131] {logging_mixin.py:109} INFO - [2022-02-08 10:13:17,131] {dagbag.py:500} INFO - Filling up the DagBag from /home/airflow/.local/lib/python3.7/site-packages/airflow/example_dags/example_kubernetes_executor.py
[2022-02-08 10:13:17,209] {processor.py:654} INFO - DAG(s) dict_keys(['example_kubernetes_executor']) retrieved from /home/airflow/.local/lib/python3.7/site-packages/airflow/example_dags/example_kubernetes_executor.py
[2022-02-08 10:13:27,111] {logging_mixin.py:109} INFO - [2022-02-08 10:13:27,111] {manager.py:496} INFO - Created Permission View: can read on DAG:example_kubernetes_executor
[2022-02-08 10:13:27,186] {logging_mixin.py:109} INFO - [2022-02-08 10:13:27,186] {manager.py:496} INFO - Created Permission View: can edit on DAG:example_kubernetes_executor
[2022-02-08 10:13:27,189] {logging_mixin.py:109} INFO - [2022-02-08 10:13:27,188] {dag.py:2396} INFO - Sync 1 DAGs
[2022-02-08 10:13:27,242] {logging_mixin.py:109} INFO - [2022-02-08 10:13:27,241] {dag.py:2415} INFO - Creating ORM DAG for example_kubernetes_executor
[2022-02-08 10:13:27,293] {logging_mixin.py:109} INFO - [2022-02-08 10:13:27,293] {dag.py:2935} INFO - Setting next_dagrun for example_kubernetes_executor to None
[2022-02-08 10:13:27,379] {processor.py:171} INFO - Processing /home/airflow/.local/lib/python3.7/site-packages/airflow/example_dags/example_kubernetes_executor.py took 10.259 seconds
[2022-02-08 10:14:09,254] {processor.py:163} INFO - Started process (PID=739) to work on /home/airflow/.local/lib/python3.7/site-packages/airflow/example_dags/example_kubernetes_executor.py
[2022-02-08 10:14:09,269] {processor.py:642} INFO - Processing file /home/airflow/.local/lib/python3.7/site-packages/airflow/example_dags/example_kubernetes_executor.py for tasks to queue
[2022-02-08 10:14:09,272] {logging_mixin.py:109} INFO - [2022-02-08 10:14:09,271] {dagbag.py:500} INFO - Filling up the DagBag from /home/airflow/.local/lib/python3.7/site-packages/airflow/example_dags/example_kubernetes_executor.py
[2022-02-08 10:14:09,483] {processor.py:654} INFO - DAG(s) dict_keys(['example_kubernetes_executor']) retrieved from /home/airflow/.local/lib/python3.7/site-packages/airflow/example_dags/example_kubernetes_executor.py
[2022-02-08 10:14:09,543] {logging_mixin.py:109} INFO - [2022-02-08 10:14:09,542] {dag.py:2396} INFO - Sync 1 DAGs
[2022-02-08 10:14:09,601] {logging_mixin.py:109} INFO - [2022-02-08 10:14:09,601] {dag.py:2935} INFO - Setting next_dagrun for example_kubernetes_executor to None
[2022-02-08 10:14:09,649] {processor.py:171} INFO - Processing /home/airflow/.local/lib/python3.7/site-packages/airflow/example_dags/example_kubernetes_executor.py took 0.401 seconds
[2022-02-08 10:14:40,477] {processor.py:163} INFO - Started process (PID=832) to work on /home/airflow/.local/lib/python3.7/site-packages/airflow/example_dags/example_kubernetes_executor.py
[2022-02-08 10:14:40,481] {processor.py:642} INFO - Processing file /home/airflow/.local/lib/python3.7/site-packages/airflow/example_dags/example_kubernetes_executor.py for tasks to queue
[2022-02-08 10:14:40,483] {logging_mixin.py:109} INFO - [2022-02-08 10:14:40,483] {dagbag.py:500} INFO - Filling up the DagBag from /home/airflow/.local/lib/python3.7/site-packages/airflow/example_dags/example_kubernetes_executor.py
[2022-02-08 10:14:40,690] {processor.py:654} INFO - DAG(s) dict_keys(['example_kubernetes_executor']) retrieved from /home/airflow/.local/lib/python3.7/site-packages/airflow/example_dags/example_kubernetes_executor.py
[2022-02-08 10:14:40,779] {logging_mixin.py:109} INFO - [2022-02-08 10:14:40,779] {dag.py:2396} INFO - Sync 1 DAGs
[2022-02-08 10:14:40,941] {logging_mixin.py:109} INFO - [2022-02-08 10:14:40,941] {dag.py:2935} INFO - Setting next_dagrun for example_kubernetes_executor to None
[2022-02-08 10:14:41,006] {processor.py:171} INFO - Processing /home/airflow/.local/lib/python3.7/site-packages/airflow/example_dags/example_kubernetes_executor.py took 0.536 seconds
[2022-02-08 10:15:12,051] {processor.py:163} INFO - Started process (PID=918) to work on /home/airflow/.local/lib/python3.7/site-packages/airflow/example_dags/example_kubernetes_executor.py
[2022-02-08 10:15:12,058] {processor.py:642} INFO - Processing file /home/airflow/.local/lib/python3.7/site-packages/airflow/example_dags/example_kubernetes_executor.py for tasks to queue
[2022-02-08 10:15:12,060] {logging_mixin.py:109} INFO - [2022-02-08 10:15:12,060] {dagbag.py:500} INFO - Filling up the DagBag from /home/airflow/.local/lib/python3.7/site-packages/airflow/example_dags/example_kubernetes_executor.py
[2022-02-08 10:15:12,201] {processor.py:654} INFO - DAG(s) dict_keys(['example_kubernetes_executor']) retrieved from /home/airflow/.local/lib/python3.7/site-packages/airflow/example_dags/example_kubernetes_executor.py
[2022-02-08 10:15:12,315] {logging_mixin.py:109} INFO - [2022-02-08 10:15:12,315] {dag.py:2396} INFO - Sync 1 DAGs
[2022-02-08 10:15:12,445] {logging_mixin.py:109} INFO - [2022-02-08 10:15:12,445] {dag.py:2935} INFO - Setting next_dagrun for example_kubernetes_executor to None
[2022-02-08 10:15:12,516] {processor.py:171} INFO - Processing /home/airflow/.local/lib/python3.7/site-packages/airflow/example_dags/example_kubernetes_executor.py took 0.471 seconds
[2022-02-08 10:23:43,465] {processor.py:163} INFO - Started process (PID=443) to work on /home/airflow/.local/lib/python3.7/site-packages/airflow/example_dags/example_kubernetes_executor.py
[2022-02-08 10:23:43,525] {processor.py:642} INFO - Processing file /home/airflow/.local/lib/python3.7/site-packages/airflow/example_dags/example_kubernetes_executor.py for tasks to queue
[2022-02-08 10:23:43,560] {logging_mixin.py:109} INFO - [2022-02-08 10:23:43,560] {dagbag.py:500} INFO - Filling up the DagBag from /home/airflow/.local/lib/python3.7/site-packages/airflow/example_dags/example_kubernetes_executor.py
[2022-02-08 10:23:45,084] {processor.py:654} INFO - DAG(s) dict_keys(['example_kubernetes_executor']) retrieved from /home/airflow/.local/lib/python3.7/site-packages/airflow/example_dags/example_kubernetes_executor.py
[2022-02-08 10:23:45,620] {logging_mixin.py:109} INFO - [2022-02-08 10:23:45,619] {dag.py:2396} INFO - Sync 1 DAGs
[2022-02-08 10:23:46,431] {logging_mixin.py:109} INFO - [2022-02-08 10:23:46,418] {dag.py:2935} INFO - Setting next_dagrun for example_kubernetes_executor to None
[2022-02-08 10:23:46,694] {processor.py:171} INFO - Processing /home/airflow/.local/lib/python3.7/site-packages/airflow/example_dags/example_kubernetes_executor.py took 3.338 seconds
[2022-02-08 11:06:19,549] {processor.py:163} INFO - Started process (PID=422) to work on /home/airflow/.local/lib/python3.7/site-packages/airflow/example_dags/example_kubernetes_executor.py
[2022-02-08 11:06:19,630] {processor.py:642} INFO - Processing file /home/airflow/.local/lib/python3.7/site-packages/airflow/example_dags/example_kubernetes_executor.py for tasks to queue
[2022-02-08 11:06:19,825] {logging_mixin.py:109} INFO - [2022-02-08 11:06:19,764] {dagbag.py:500} INFO - Filling up the DagBag from /home/airflow/.local/lib/python3.7/site-packages/airflow/example_dags/example_kubernetes_executor.py
[2022-02-08 11:06:22,151] {processor.py:654} INFO - DAG(s) dict_keys(['example_kubernetes_executor']) retrieved from /home/airflow/.local/lib/python3.7/site-packages/airflow/example_dags/example_kubernetes_executor.py
[2022-02-08 11:06:24,032] {logging_mixin.py:109} INFO - [2022-02-08 11:06:23,868] {dag.py:2396} INFO - Sync 1 DAGs
[2022-02-08 11:06:27,912] {logging_mixin.py:109} INFO - [2022-02-08 11:06:27,909] {dag.py:2935} INFO - Setting next_dagrun for example_kubernetes_executor to None
[2022-02-08 11:06:28,204] {processor.py:171} INFO - Processing /home/airflow/.local/lib/python3.7/site-packages/airflow/example_dags/example_kubernetes_executor.py took 8.734 seconds
[2022-02-08 11:09:45,993] {processor.py:163} INFO - Started process (PID=608) to work on /home/airflow/.local/lib/python3.7/site-packages/airflow/example_dags/example_kubernetes_executor.py
[2022-02-08 11:09:46,030] {processor.py:642} INFO - Processing file /home/airflow/.local/lib/python3.7/site-packages/airflow/example_dags/example_kubernetes_executor.py for tasks to queue
[2022-02-08 11:09:46,075] {logging_mixin.py:109} INFO - [2022-02-08 11:09:46,055] {dagbag.py:500} INFO - Filling up the DagBag from /home/airflow/.local/lib/python3.7/site-packages/airflow/example_dags/example_kubernetes_executor.py
[2022-02-08 11:09:47,130] {processor.py:654} INFO - DAG(s) dict_keys(['example_kubernetes_executor']) retrieved from /home/airflow/.local/lib/python3.7/site-packages/airflow/example_dags/example_kubernetes_executor.py
[2022-02-08 11:09:47,442] {logging_mixin.py:109} INFO - [2022-02-08 11:09:47,442] {dag.py:2396} INFO - Sync 1 DAGs
[2022-02-08 11:09:48,284] {logging_mixin.py:109} INFO - [2022-02-08 11:09:48,283] {dag.py:2935} INFO - Setting next_dagrun for example_kubernetes_executor to None
[2022-02-08 11:09:48,605] {processor.py:171} INFO - Processing /home/airflow/.local/lib/python3.7/site-packages/airflow/example_dags/example_kubernetes_executor.py took 2.653 seconds
[2022-02-08 11:20:49,162] {processor.py:163} INFO - Started process (PID=549) to work on /home/airflow/.local/lib/python3.7/site-packages/airflow/example_dags/example_kubernetes_executor.py
[2022-02-08 11:20:49,205] {processor.py:642} INFO - Processing file /home/airflow/.local/lib/python3.7/site-packages/airflow/example_dags/example_kubernetes_executor.py for tasks to queue
[2022-02-08 11:20:49,306] {logging_mixin.py:109} INFO - [2022-02-08 11:20:49,296] {dagbag.py:500} INFO - Filling up the DagBag from /home/airflow/.local/lib/python3.7/site-packages/airflow/example_dags/example_kubernetes_executor.py
[2022-02-08 11:20:59,145] {processor.py:654} INFO - DAG(s) dict_keys(['example_kubernetes_executor']) retrieved from /home/airflow/.local/lib/python3.7/site-packages/airflow/example_dags/example_kubernetes_executor.py
[2022-02-08 11:21:00,316] {logging_mixin.py:109} INFO - [2022-02-08 11:21:00,314] {dag.py:2396} INFO - Sync 1 DAGs
[2022-02-08 11:21:00,585] {logging_mixin.py:109} INFO - [2022-02-08 11:21:00,585] {dag.py:2935} INFO - Setting next_dagrun for example_kubernetes_executor to None
[2022-02-08 11:21:00,712] {processor.py:171} INFO - Processing /home/airflow/.local/lib/python3.7/site-packages/airflow/example_dags/example_kubernetes_executor.py took 11.702 seconds
[2022-02-08 12:35:58,378] {processor.py:163} INFO - Started process (PID=374) to work on /home/airflow/.local/lib/python3.7/site-packages/airflow/example_dags/example_kubernetes_executor.py
[2022-02-08 12:35:58,407] {processor.py:642} INFO - Processing file /home/airflow/.local/lib/python3.7/site-packages/airflow/example_dags/example_kubernetes_executor.py for tasks to queue
[2022-02-08 12:35:58,425] {logging_mixin.py:109} INFO - [2022-02-08 12:35:58,420] {dagbag.py:500} INFO - Filling up the DagBag from /home/airflow/.local/lib/python3.7/site-packages/airflow/example_dags/example_kubernetes_executor.py
[2022-02-08 12:35:59,134] {processor.py:654} INFO - DAG(s) dict_keys(['example_kubernetes_executor']) retrieved from /home/airflow/.local/lib/python3.7/site-packages/airflow/example_dags/example_kubernetes_executor.py
[2022-02-08 12:35:59,375] {logging_mixin.py:109} INFO - [2022-02-08 12:35:59,369] {dag.py:2396} INFO - Sync 1 DAGs
[2022-02-08 12:35:59,845] {logging_mixin.py:109} INFO - [2022-02-08 12:35:59,845] {dag.py:2935} INFO - Setting next_dagrun for example_kubernetes_executor to None
[2022-02-08 12:36:00,074] {processor.py:171} INFO - Processing /home/airflow/.local/lib/python3.7/site-packages/airflow/example_dags/example_kubernetes_executor.py took 1.763 seconds
[2022-02-08 12:40:58,884] {processor.py:163} INFO - Started process (PID=617) to work on /home/airflow/.local/lib/python3.7/site-packages/airflow/example_dags/example_kubernetes_executor.py
[2022-02-08 12:40:58,922] {processor.py:642} INFO - Processing file /home/airflow/.local/lib/python3.7/site-packages/airflow/example_dags/example_kubernetes_executor.py for tasks to queue
[2022-02-08 12:40:58,973] {logging_mixin.py:109} INFO - [2022-02-08 12:40:58,969] {dagbag.py:500} INFO - Filling up the DagBag from /home/airflow/.local/lib/python3.7/site-packages/airflow/example_dags/example_kubernetes_executor.py
[2022-02-08 12:41:00,634] {processor.py:654} INFO - DAG(s) dict_keys(['example_kubernetes_executor']) retrieved from /home/airflow/.local/lib/python3.7/site-packages/airflow/example_dags/example_kubernetes_executor.py
[2022-02-08 12:41:01,144] {logging_mixin.py:109} INFO - [2022-02-08 12:41:01,136] {dag.py:2396} INFO - Sync 1 DAGs
[2022-02-08 12:41:01,934] {logging_mixin.py:109} INFO - [2022-02-08 12:41:01,933] {dag.py:2935} INFO - Setting next_dagrun for example_kubernetes_executor to None
[2022-02-08 12:41:02,494] {processor.py:171} INFO - Processing /home/airflow/.local/lib/python3.7/site-packages/airflow/example_dags/example_kubernetes_executor.py took 3.669 seconds
[2022-02-08 12:43:42,056] {processor.py:163} INFO - Started process (PID=774) to work on /home/airflow/.local/lib/python3.7/site-packages/airflow/example_dags/example_kubernetes_executor.py
[2022-02-08 12:43:42,123] {processor.py:642} INFO - Processing file /home/airflow/.local/lib/python3.7/site-packages/airflow/example_dags/example_kubernetes_executor.py for tasks to queue
[2022-02-08 12:43:42,138] {logging_mixin.py:109} INFO - [2022-02-08 12:43:42,137] {dagbag.py:500} INFO - Filling up the DagBag from /home/airflow/.local/lib/python3.7/site-packages/airflow/example_dags/example_kubernetes_executor.py
[2022-02-08 12:43:43,812] {processor.py:654} INFO - DAG(s) dict_keys(['example_kubernetes_executor']) retrieved from /home/airflow/.local/lib/python3.7/site-packages/airflow/example_dags/example_kubernetes_executor.py
[2022-02-08 12:43:44,228] {logging_mixin.py:109} INFO - [2022-02-08 12:43:44,228] {dag.py:2396} INFO - Sync 1 DAGs
[2022-02-08 12:43:44,590] {logging_mixin.py:109} INFO - [2022-02-08 12:43:44,590] {dag.py:2935} INFO - Setting next_dagrun for example_kubernetes_executor to None
[2022-02-08 12:43:44,985] {processor.py:171} INFO - Processing /home/airflow/.local/lib/python3.7/site-packages/airflow/example_dags/example_kubernetes_executor.py took 3.007 seconds
[2022-02-08 12:46:18,456] {processor.py:163} INFO - Started process (PID=995) to work on /home/airflow/.local/lib/python3.7/site-packages/airflow/example_dags/example_kubernetes_executor.py
[2022-02-08 12:46:18,479] {processor.py:642} INFO - Processing file /home/airflow/.local/lib/python3.7/site-packages/airflow/example_dags/example_kubernetes_executor.py for tasks to queue
[2022-02-08 12:46:18,515] {logging_mixin.py:109} INFO - [2022-02-08 12:46:18,515] {dagbag.py:500} INFO - Filling up the DagBag from /home/airflow/.local/lib/python3.7/site-packages/airflow/example_dags/example_kubernetes_executor.py
[2022-02-08 12:46:20,179] {processor.py:654} INFO - DAG(s) dict_keys(['example_kubernetes_executor']) retrieved from /home/airflow/.local/lib/python3.7/site-packages/airflow/example_dags/example_kubernetes_executor.py
[2022-02-08 12:46:20,537] {logging_mixin.py:109} INFO - [2022-02-08 12:46:20,536] {dag.py:2396} INFO - Sync 1 DAGs
[2022-02-08 12:46:20,784] {logging_mixin.py:109} INFO - [2022-02-08 12:46:20,784] {dag.py:2935} INFO - Setting next_dagrun for example_kubernetes_executor to None
[2022-02-08 12:46:21,285] {processor.py:171} INFO - Processing /home/airflow/.local/lib/python3.7/site-packages/airflow/example_dags/example_kubernetes_executor.py took 2.898 seconds
[2022-02-08 16:13:21,708] {processor.py:163} INFO - Started process (PID=360) to work on /home/airflow/.local/lib/python3.7/site-packages/airflow/example_dags/example_kubernetes_executor.py
[2022-02-08 16:13:21,744] {processor.py:642} INFO - Processing file /home/airflow/.local/lib/python3.7/site-packages/airflow/example_dags/example_kubernetes_executor.py for tasks to queue
[2022-02-08 16:13:21,772] {logging_mixin.py:109} INFO - [2022-02-08 16:13:21,771] {dagbag.py:500} INFO - Filling up the DagBag from /home/airflow/.local/lib/python3.7/site-packages/airflow/example_dags/example_kubernetes_executor.py
[2022-02-08 16:13:22,919] {processor.py:654} INFO - DAG(s) dict_keys(['example_kubernetes_executor']) retrieved from /home/airflow/.local/lib/python3.7/site-packages/airflow/example_dags/example_kubernetes_executor.py
[2022-02-08 16:13:23,110] {logging_mixin.py:109} INFO - [2022-02-08 16:13:23,109] {dag.py:2396} INFO - Sync 1 DAGs
[2022-02-08 16:13:24,114] {logging_mixin.py:109} INFO - [2022-02-08 16:13:24,114] {dag.py:2935} INFO - Setting next_dagrun for example_kubernetes_executor to None
[2022-02-08 16:13:24,230] {processor.py:171} INFO - Processing /home/airflow/.local/lib/python3.7/site-packages/airflow/example_dags/example_kubernetes_executor.py took 2.592 seconds
[2022-02-08 16:31:19,227] {processor.py:163} INFO - Started process (PID=493) to work on /home/airflow/.local/lib/python3.7/site-packages/airflow/example_dags/example_kubernetes_executor.py
[2022-02-08 16:31:19,578] {processor.py:642} INFO - Processing file /home/airflow/.local/lib/python3.7/site-packages/airflow/example_dags/example_kubernetes_executor.py for tasks to queue
[2022-02-08 16:31:19,910] {logging_mixin.py:109} INFO - [2022-02-08 16:31:19,809] {dagbag.py:500} INFO - Filling up the DagBag from /home/airflow/.local/lib/python3.7/site-packages/airflow/example_dags/example_kubernetes_executor.py
[2022-02-08 16:31:31,068] {processor.py:654} INFO - DAG(s) dict_keys(['example_kubernetes_executor']) retrieved from /home/airflow/.local/lib/python3.7/site-packages/airflow/example_dags/example_kubernetes_executor.py
[2022-02-08 16:31:32,043] {logging_mixin.py:109} INFO - [2022-02-08 16:31:32,042] {dag.py:2396} INFO - Sync 1 DAGs
[2022-02-08 16:31:33,311] {logging_mixin.py:109} INFO - [2022-02-08 16:31:33,254] {dag.py:2935} INFO - Setting next_dagrun for example_kubernetes_executor to None
[2022-02-08 16:31:37,705] {processor.py:171} INFO - Processing /home/airflow/.local/lib/python3.7/site-packages/airflow/example_dags/example_kubernetes_executor.py took 19.052 seconds
[2022-02-08 16:33:30,916] {processor.py:163} INFO - Started process (PID=656) to work on /home/airflow/.local/lib/python3.7/site-packages/airflow/example_dags/example_kubernetes_executor.py
[2022-02-08 16:33:31,016] {processor.py:642} INFO - Processing file /home/airflow/.local/lib/python3.7/site-packages/airflow/example_dags/example_kubernetes_executor.py for tasks to queue
[2022-02-08 16:33:31,029] {logging_mixin.py:109} INFO - [2022-02-08 16:33:31,028] {dagbag.py:500} INFO - Filling up the DagBag from /home/airflow/.local/lib/python3.7/site-packages/airflow/example_dags/example_kubernetes_executor.py
[2022-02-08 16:33:32,322] {processor.py:654} INFO - DAG(s) dict_keys(['example_kubernetes_executor']) retrieved from /home/airflow/.local/lib/python3.7/site-packages/airflow/example_dags/example_kubernetes_executor.py
[2022-02-08 16:33:32,884] {logging_mixin.py:109} INFO - [2022-02-08 16:33:32,884] {dag.py:2396} INFO - Sync 1 DAGs
[2022-02-08 16:33:33,248] {logging_mixin.py:109} INFO - [2022-02-08 16:33:33,247] {dag.py:2935} INFO - Setting next_dagrun for example_kubernetes_executor to None
[2022-02-08 16:33:33,679] {processor.py:171} INFO - Processing /home/airflow/.local/lib/python3.7/site-packages/airflow/example_dags/example_kubernetes_executor.py took 2.899 seconds
[2022-02-08 16:36:47,056] {processor.py:163} INFO - Started process (PID=819) to work on /home/airflow/.local/lib/python3.7/site-packages/airflow/example_dags/example_kubernetes_executor.py
[2022-02-08 16:36:47,086] {processor.py:642} INFO - Processing file /home/airflow/.local/lib/python3.7/site-packages/airflow/example_dags/example_kubernetes_executor.py for tasks to queue
[2022-02-08 16:36:47,104] {logging_mixin.py:109} INFO - [2022-02-08 16:36:47,104] {dagbag.py:500} INFO - Filling up the DagBag from /home/airflow/.local/lib/python3.7/site-packages/airflow/example_dags/example_kubernetes_executor.py
[2022-02-08 16:36:48,031] {processor.py:654} INFO - DAG(s) dict_keys(['example_kubernetes_executor']) retrieved from /home/airflow/.local/lib/python3.7/site-packages/airflow/example_dags/example_kubernetes_executor.py
[2022-02-08 16:36:48,599] {logging_mixin.py:109} INFO - [2022-02-08 16:36:48,599] {dag.py:2396} INFO - Sync 1 DAGs
[2022-02-08 16:36:49,399] {logging_mixin.py:109} INFO - [2022-02-08 16:36:49,398] {dag.py:2935} INFO - Setting next_dagrun for example_kubernetes_executor to None
[2022-02-08 16:36:49,819] {processor.py:171} INFO - Processing /home/airflow/.local/lib/python3.7/site-packages/airflow/example_dags/example_kubernetes_executor.py took 2.795 seconds
[2022-02-08 16:39:21,118] {processor.py:163} INFO - Started process (PID=975) to work on /home/airflow/.local/lib/python3.7/site-packages/airflow/example_dags/example_kubernetes_executor.py
[2022-02-08 16:39:21,133] {processor.py:642} INFO - Processing file /home/airflow/.local/lib/python3.7/site-packages/airflow/example_dags/example_kubernetes_executor.py for tasks to queue
[2022-02-08 16:39:21,172] {logging_mixin.py:109} INFO - [2022-02-08 16:39:21,171] {dagbag.py:500} INFO - Filling up the DagBag from /home/airflow/.local/lib/python3.7/site-packages/airflow/example_dags/example_kubernetes_executor.py
[2022-02-08 16:39:22,189] {processor.py:654} INFO - DAG(s) dict_keys(['example_kubernetes_executor']) retrieved from /home/airflow/.local/lib/python3.7/site-packages/airflow/example_dags/example_kubernetes_executor.py
[2022-02-08 16:39:22,784] {logging_mixin.py:109} INFO - [2022-02-08 16:39:22,783] {dag.py:2396} INFO - Sync 1 DAGs
[2022-02-08 16:39:23,553] {logging_mixin.py:109} INFO - [2022-02-08 16:39:23,552] {dag.py:2935} INFO - Setting next_dagrun for example_kubernetes_executor to None
[2022-02-08 16:39:23,986] {processor.py:171} INFO - Processing /home/airflow/.local/lib/python3.7/site-packages/airflow/example_dags/example_kubernetes_executor.py took 2.946 seconds
[2022-02-08 17:14:00,724] {processor.py:163} INFO - Started process (PID=1166) to work on /home/airflow/.local/lib/python3.7/site-packages/airflow/example_dags/example_kubernetes_executor.py
[2022-02-08 17:14:00,747] {processor.py:642} INFO - Processing file /home/airflow/.local/lib/python3.7/site-packages/airflow/example_dags/example_kubernetes_executor.py for tasks to queue
[2022-02-08 17:14:00,784] {logging_mixin.py:109} INFO - [2022-02-08 17:14:00,783] {dagbag.py:500} INFO - Filling up the DagBag from /home/airflow/.local/lib/python3.7/site-packages/airflow/example_dags/example_kubernetes_executor.py
[2022-02-08 17:14:01,956] {processor.py:654} INFO - DAG(s) dict_keys(['example_kubernetes_executor']) retrieved from /home/airflow/.local/lib/python3.7/site-packages/airflow/example_dags/example_kubernetes_executor.py
[2022-02-08 17:14:03,044] {logging_mixin.py:109} INFO - [2022-02-08 17:14:03,044] {dag.py:2396} INFO - Sync 1 DAGs
[2022-02-08 17:14:03,983] {logging_mixin.py:109} INFO - [2022-02-08 17:14:03,982] {dag.py:2935} INFO - Setting next_dagrun for example_kubernetes_executor to None
[2022-02-08 17:14:04,264] {processor.py:171} INFO - Processing /home/airflow/.local/lib/python3.7/site-packages/airflow/example_dags/example_kubernetes_executor.py took 3.666 seconds
[2022-02-08 17:16:28,302] {processor.py:163} INFO - Started process (PID=1365) to work on /home/airflow/.local/lib/python3.7/site-packages/airflow/example_dags/example_kubernetes_executor.py
[2022-02-08 17:16:28,309] {processor.py:642} INFO - Processing file /home/airflow/.local/lib/python3.7/site-packages/airflow/example_dags/example_kubernetes_executor.py for tasks to queue
[2022-02-08 17:16:28,315] {logging_mixin.py:109} INFO - [2022-02-08 17:16:28,313] {dagbag.py:500} INFO - Filling up the DagBag from /home/airflow/.local/lib/python3.7/site-packages/airflow/example_dags/example_kubernetes_executor.py
[2022-02-08 17:16:29,422] {processor.py:654} INFO - DAG(s) dict_keys(['example_kubernetes_executor']) retrieved from /home/airflow/.local/lib/python3.7/site-packages/airflow/example_dags/example_kubernetes_executor.py
[2022-02-08 17:16:29,957] {logging_mixin.py:109} INFO - [2022-02-08 17:16:29,957] {dag.py:2396} INFO - Sync 1 DAGs
[2022-02-08 17:16:30,624] {logging_mixin.py:109} INFO - [2022-02-08 17:16:30,594] {dag.py:2935} INFO - Setting next_dagrun for example_kubernetes_executor to None
[2022-02-08 17:16:30,950] {processor.py:171} INFO - Processing /home/airflow/.local/lib/python3.7/site-packages/airflow/example_dags/example_kubernetes_executor.py took 2.659 seconds
[2022-02-08 17:20:25,198] {processor.py:163} INFO - Started process (PID=1625) to work on /home/airflow/.local/lib/python3.7/site-packages/airflow/example_dags/example_kubernetes_executor.py
[2022-02-08 17:20:25,226] {processor.py:642} INFO - Processing file /home/airflow/.local/lib/python3.7/site-packages/airflow/example_dags/example_kubernetes_executor.py for tasks to queue
[2022-02-08 17:20:25,251] {logging_mixin.py:109} INFO - [2022-02-08 17:20:25,251] {dagbag.py:500} INFO - Filling up the DagBag from /home/airflow/.local/lib/python3.7/site-packages/airflow/example_dags/example_kubernetes_executor.py
[2022-02-08 17:20:27,213] {processor.py:654} INFO - DAG(s) dict_keys(['example_kubernetes_executor']) retrieved from /home/airflow/.local/lib/python3.7/site-packages/airflow/example_dags/example_kubernetes_executor.py
[2022-02-08 17:20:28,123] {logging_mixin.py:109} INFO - [2022-02-08 17:20:28,098] {dag.py:2396} INFO - Sync 1 DAGs
[2022-02-08 17:20:28,860] {logging_mixin.py:109} INFO - [2022-02-08 17:20:28,859] {dag.py:2935} INFO - Setting next_dagrun for example_kubernetes_executor to None
[2022-02-08 17:20:29,433] {processor.py:171} INFO - Processing /home/airflow/.local/lib/python3.7/site-packages/airflow/example_dags/example_kubernetes_executor.py took 4.313 seconds
[2022-02-08 17:22:31,070] {processor.py:163} INFO - Started process (PID=1794) to work on /home/airflow/.local/lib/python3.7/site-packages/airflow/example_dags/example_kubernetes_executor.py
[2022-02-08 17:22:31,121] {processor.py:642} INFO - Processing file /home/airflow/.local/lib/python3.7/site-packages/airflow/example_dags/example_kubernetes_executor.py for tasks to queue
[2022-02-08 17:22:31,142] {logging_mixin.py:109} INFO - [2022-02-08 17:22:31,141] {dagbag.py:500} INFO - Filling up the DagBag from /home/airflow/.local/lib/python3.7/site-packages/airflow/example_dags/example_kubernetes_executor.py
[2022-02-08 17:22:32,039] {processor.py:654} INFO - DAG(s) dict_keys(['example_kubernetes_executor']) retrieved from /home/airflow/.local/lib/python3.7/site-packages/airflow/example_dags/example_kubernetes_executor.py
[2022-02-08 17:22:32,491] {logging_mixin.py:109} INFO - [2022-02-08 17:22:32,491] {dag.py:2396} INFO - Sync 1 DAGs
[2022-02-08 17:22:33,214] {logging_mixin.py:109} INFO - [2022-02-08 17:22:33,184] {dag.py:2935} INFO - Setting next_dagrun for example_kubernetes_executor to None
[2022-02-08 17:22:33,550] {processor.py:171} INFO - Processing /home/airflow/.local/lib/python3.7/site-packages/airflow/example_dags/example_kubernetes_executor.py took 2.554 seconds
[2022-02-08 17:24:50,850] {processor.py:163} INFO - Started process (PID=1935) to work on /home/airflow/.local/lib/python3.7/site-packages/airflow/example_dags/example_kubernetes_executor.py
[2022-02-08 17:24:50,861] {processor.py:642} INFO - Processing file /home/airflow/.local/lib/python3.7/site-packages/airflow/example_dags/example_kubernetes_executor.py for tasks to queue
[2022-02-08 17:24:50,918] {logging_mixin.py:109} INFO - [2022-02-08 17:24:50,907] {dagbag.py:500} INFO - Filling up the DagBag from /home/airflow/.local/lib/python3.7/site-packages/airflow/example_dags/example_kubernetes_executor.py
[2022-02-08 17:24:51,992] {processor.py:654} INFO - DAG(s) dict_keys(['example_kubernetes_executor']) retrieved from /home/airflow/.local/lib/python3.7/site-packages/airflow/example_dags/example_kubernetes_executor.py
[2022-02-08 17:24:52,455] {logging_mixin.py:109} INFO - [2022-02-08 17:24:52,451] {dag.py:2396} INFO - Sync 1 DAGs
[2022-02-08 17:24:52,879] {logging_mixin.py:109} INFO - [2022-02-08 17:24:52,878] {dag.py:2935} INFO - Setting next_dagrun for example_kubernetes_executor to None
[2022-02-08 17:24:53,064] {processor.py:171} INFO - Processing /home/airflow/.local/lib/python3.7/site-packages/airflow/example_dags/example_kubernetes_executor.py took 2.244 seconds
[2022-02-08 17:59:20,886] {processor.py:163} INFO - Started process (PID=723) to work on /home/airflow/.local/lib/python3.7/site-packages/airflow/example_dags/example_kubernetes_executor.py
[2022-02-08 17:59:20,925] {processor.py:642} INFO - Processing file /home/airflow/.local/lib/python3.7/site-packages/airflow/example_dags/example_kubernetes_executor.py for tasks to queue
[2022-02-08 17:59:20,997] {logging_mixin.py:109} INFO - [2022-02-08 17:59:20,993] {dagbag.py:500} INFO - Filling up the DagBag from /home/airflow/.local/lib/python3.7/site-packages/airflow/example_dags/example_kubernetes_executor.py
[2022-02-08 17:59:21,909] {processor.py:654} INFO - DAG(s) dict_keys(['example_kubernetes_executor']) retrieved from /home/airflow/.local/lib/python3.7/site-packages/airflow/example_dags/example_kubernetes_executor.py
[2022-02-08 17:59:22,946] {logging_mixin.py:109} INFO - [2022-02-08 17:59:22,945] {dag.py:2396} INFO - Sync 1 DAGs
[2022-02-08 17:59:23,678] {logging_mixin.py:109} INFO - [2022-02-08 17:59:23,677] {dag.py:2935} INFO - Setting next_dagrun for example_kubernetes_executor to None
[2022-02-08 17:59:24,378] {processor.py:171} INFO - Processing /home/airflow/.local/lib/python3.7/site-packages/airflow/example_dags/example_kubernetes_executor.py took 3.604 seconds
[2022-02-08 18:01:55,561] {processor.py:163} INFO - Started process (PID=861) to work on /home/airflow/.local/lib/python3.7/site-packages/airflow/example_dags/example_kubernetes_executor.py
[2022-02-08 18:01:55,584] {processor.py:642} INFO - Processing file /home/airflow/.local/lib/python3.7/site-packages/airflow/example_dags/example_kubernetes_executor.py for tasks to queue
[2022-02-08 18:01:55,649] {logging_mixin.py:109} INFO - [2022-02-08 18:01:55,645] {dagbag.py:500} INFO - Filling up the DagBag from /home/airflow/.local/lib/python3.7/site-packages/airflow/example_dags/example_kubernetes_executor.py
[2022-02-08 18:01:56,692] {processor.py:654} INFO - DAG(s) dict_keys(['example_kubernetes_executor']) retrieved from /home/airflow/.local/lib/python3.7/site-packages/airflow/example_dags/example_kubernetes_executor.py
[2022-02-08 18:01:57,643] {logging_mixin.py:109} INFO - [2022-02-08 18:01:57,612] {dag.py:2396} INFO - Sync 1 DAGs
[2022-02-08 18:01:58,582] {logging_mixin.py:109} INFO - [2022-02-08 18:01:58,581] {dag.py:2935} INFO - Setting next_dagrun for example_kubernetes_executor to None
[2022-02-08 18:01:59,182] {processor.py:171} INFO - Processing /home/airflow/.local/lib/python3.7/site-packages/airflow/example_dags/example_kubernetes_executor.py took 3.746 seconds
[2022-02-08 18:04:12,777] {processor.py:163} INFO - Started process (PID=1042) to work on /home/airflow/.local/lib/python3.7/site-packages/airflow/example_dags/example_kubernetes_executor.py
[2022-02-08 18:04:12,833] {processor.py:642} INFO - Processing file /home/airflow/.local/lib/python3.7/site-packages/airflow/example_dags/example_kubernetes_executor.py for tasks to queue
[2022-02-08 18:04:12,860] {logging_mixin.py:109} INFO - [2022-02-08 18:04:12,860] {dagbag.py:500} INFO - Filling up the DagBag from /home/airflow/.local/lib/python3.7/site-packages/airflow/example_dags/example_kubernetes_executor.py
[2022-02-08 18:04:14,012] {processor.py:654} INFO - DAG(s) dict_keys(['example_kubernetes_executor']) retrieved from /home/airflow/.local/lib/python3.7/site-packages/airflow/example_dags/example_kubernetes_executor.py
[2022-02-08 18:04:14,762] {logging_mixin.py:109} INFO - [2022-02-08 18:04:14,762] {dag.py:2396} INFO - Sync 1 DAGs
[2022-02-08 18:04:16,198] {logging_mixin.py:109} INFO - [2022-02-08 18:04:16,198] {dag.py:2935} INFO - Setting next_dagrun for example_kubernetes_executor to None
[2022-02-08 18:04:16,826] {processor.py:171} INFO - Processing /home/airflow/.local/lib/python3.7/site-packages/airflow/example_dags/example_kubernetes_executor.py took 4.134 seconds
