[2022-02-08 10:10:54,025] {processor.py:163} INFO - Started process (PID=351) to work on /home/airflow/.local/lib/python3.7/site-packages/airflow/example_dags/tutorial_taskflow_api_etl.py
[2022-02-08 10:10:54,031] {processor.py:642} INFO - Processing file /home/airflow/.local/lib/python3.7/site-packages/airflow/example_dags/tutorial_taskflow_api_etl.py for tasks to queue
[2022-02-08 10:10:54,045] {logging_mixin.py:109} INFO - [2022-02-08 10:10:54,045] {dagbag.py:500} INFO - Filling up the DagBag from /home/airflow/.local/lib/python3.7/site-packages/airflow/example_dags/tutorial_taskflow_api_etl.py
[2022-02-08 10:10:54,289] {processor.py:654} INFO - DAG(s) dict_keys(['tutorial_taskflow_api_etl']) retrieved from /home/airflow/.local/lib/python3.7/site-packages/airflow/example_dags/tutorial_taskflow_api_etl.py
[2022-02-08 10:11:16,683] {logging_mixin.py:109} INFO - [2022-02-08 10:11:16,682] {manager.py:496} INFO - Created Permission View: can read on DAG:tutorial_taskflow_api_etl
[2022-02-08 10:11:16,752] {logging_mixin.py:109} INFO - [2022-02-08 10:11:16,752] {manager.py:496} INFO - Created Permission View: can edit on DAG:tutorial_taskflow_api_etl
[2022-02-08 10:11:16,755] {logging_mixin.py:109} INFO - [2022-02-08 10:11:16,754] {dag.py:2396} INFO - Sync 1 DAGs
[2022-02-08 10:11:16,803] {logging_mixin.py:109} INFO - [2022-02-08 10:11:16,802] {dag.py:2415} INFO - Creating ORM DAG for tutorial_taskflow_api_etl
[2022-02-08 10:11:16,842] {logging_mixin.py:109} INFO - [2022-02-08 10:11:16,841] {dag.py:2935} INFO - Setting next_dagrun for tutorial_taskflow_api_etl to None
[2022-02-08 10:11:16,921] {processor.py:171} INFO - Processing /home/airflow/.local/lib/python3.7/site-packages/airflow/example_dags/tutorial_taskflow_api_etl.py took 22.912 seconds
[2022-02-08 10:13:58,370] {processor.py:163} INFO - Started process (PID=683) to work on /home/airflow/.local/lib/python3.7/site-packages/airflow/example_dags/tutorial_taskflow_api_etl.py
[2022-02-08 10:13:58,374] {processor.py:642} INFO - Processing file /home/airflow/.local/lib/python3.7/site-packages/airflow/example_dags/tutorial_taskflow_api_etl.py for tasks to queue
[2022-02-08 10:13:58,376] {logging_mixin.py:109} INFO - [2022-02-08 10:13:58,376] {dagbag.py:500} INFO - Filling up the DagBag from /home/airflow/.local/lib/python3.7/site-packages/airflow/example_dags/tutorial_taskflow_api_etl.py
[2022-02-08 10:13:58,445] {processor.py:654} INFO - DAG(s) dict_keys(['tutorial_taskflow_api_etl']) retrieved from /home/airflow/.local/lib/python3.7/site-packages/airflow/example_dags/tutorial_taskflow_api_etl.py
[2022-02-08 10:13:59,226] {logging_mixin.py:109} INFO - [2022-02-08 10:13:59,225] {dag.py:2396} INFO - Sync 1 DAGs
[2022-02-08 10:13:59,277] {logging_mixin.py:109} INFO - [2022-02-08 10:13:59,277] {dag.py:2935} INFO - Setting next_dagrun for tutorial_taskflow_api_etl to None
[2022-02-08 10:13:59,330] {processor.py:171} INFO - Processing /home/airflow/.local/lib/python3.7/site-packages/airflow/example_dags/tutorial_taskflow_api_etl.py took 0.966 seconds
[2022-02-08 10:14:29,607] {processor.py:163} INFO - Started process (PID=781) to work on /home/airflow/.local/lib/python3.7/site-packages/airflow/example_dags/tutorial_taskflow_api_etl.py
[2022-02-08 10:14:29,610] {processor.py:642} INFO - Processing file /home/airflow/.local/lib/python3.7/site-packages/airflow/example_dags/tutorial_taskflow_api_etl.py for tasks to queue
[2022-02-08 10:14:29,614] {logging_mixin.py:109} INFO - [2022-02-08 10:14:29,614] {dagbag.py:500} INFO - Filling up the DagBag from /home/airflow/.local/lib/python3.7/site-packages/airflow/example_dags/tutorial_taskflow_api_etl.py
[2022-02-08 10:14:29,695] {processor.py:654} INFO - DAG(s) dict_keys(['tutorial_taskflow_api_etl']) retrieved from /home/airflow/.local/lib/python3.7/site-packages/airflow/example_dags/tutorial_taskflow_api_etl.py
[2022-02-08 10:14:30,992] {logging_mixin.py:109} INFO - [2022-02-08 10:14:30,991] {dag.py:2396} INFO - Sync 1 DAGs
[2022-02-08 10:14:31,037] {logging_mixin.py:109} INFO - [2022-02-08 10:14:31,037] {dag.py:2935} INFO - Setting next_dagrun for tutorial_taskflow_api_etl to None
[2022-02-08 10:14:31,099] {processor.py:171} INFO - Processing /home/airflow/.local/lib/python3.7/site-packages/airflow/example_dags/tutorial_taskflow_api_etl.py took 1.499 seconds
[2022-02-08 10:15:01,272] {processor.py:163} INFO - Started process (PID=874) to work on /home/airflow/.local/lib/python3.7/site-packages/airflow/example_dags/tutorial_taskflow_api_etl.py
[2022-02-08 10:15:01,276] {processor.py:642} INFO - Processing file /home/airflow/.local/lib/python3.7/site-packages/airflow/example_dags/tutorial_taskflow_api_etl.py for tasks to queue
[2022-02-08 10:15:01,285] {logging_mixin.py:109} INFO - [2022-02-08 10:15:01,285] {dagbag.py:500} INFO - Filling up the DagBag from /home/airflow/.local/lib/python3.7/site-packages/airflow/example_dags/tutorial_taskflow_api_etl.py
[2022-02-08 10:15:01,393] {processor.py:654} INFO - DAG(s) dict_keys(['tutorial_taskflow_api_etl']) retrieved from /home/airflow/.local/lib/python3.7/site-packages/airflow/example_dags/tutorial_taskflow_api_etl.py
[2022-02-08 10:15:02,575] {logging_mixin.py:109} INFO - [2022-02-08 10:15:02,574] {dag.py:2396} INFO - Sync 1 DAGs
[2022-02-08 10:15:02,636] {logging_mixin.py:109} INFO - [2022-02-08 10:15:02,636] {dag.py:2935} INFO - Setting next_dagrun for tutorial_taskflow_api_etl to None
[2022-02-08 10:15:02,713] {processor.py:171} INFO - Processing /home/airflow/.local/lib/python3.7/site-packages/airflow/example_dags/tutorial_taskflow_api_etl.py took 1.455 seconds
[2022-02-08 10:20:53,282] {processor.py:163} INFO - Started process (PID=282) to work on /home/airflow/.local/lib/python3.7/site-packages/airflow/example_dags/tutorial_taskflow_api_etl.py
[2022-02-08 10:20:53,306] {processor.py:642} INFO - Processing file /home/airflow/.local/lib/python3.7/site-packages/airflow/example_dags/tutorial_taskflow_api_etl.py for tasks to queue
[2022-02-08 10:20:53,318] {logging_mixin.py:109} INFO - [2022-02-08 10:20:53,318] {dagbag.py:500} INFO - Filling up the DagBag from /home/airflow/.local/lib/python3.7/site-packages/airflow/example_dags/tutorial_taskflow_api_etl.py
[2022-02-08 10:20:53,773] {processor.py:654} INFO - DAG(s) dict_keys(['tutorial_taskflow_api_etl']) retrieved from /home/airflow/.local/lib/python3.7/site-packages/airflow/example_dags/tutorial_taskflow_api_etl.py
[2022-02-08 10:21:01,986] {logging_mixin.py:109} INFO - [2022-02-08 10:21:01,985] {dag.py:2396} INFO - Sync 1 DAGs
[2022-02-08 10:21:02,271] {logging_mixin.py:109} INFO - [2022-02-08 10:21:02,259] {dag.py:2935} INFO - Setting next_dagrun for tutorial_taskflow_api_etl to None
[2022-02-08 10:21:02,471] {processor.py:171} INFO - Processing /home/airflow/.local/lib/python3.7/site-packages/airflow/example_dags/tutorial_taskflow_api_etl.py took 9.278 seconds
[2022-02-08 10:22:44,313] {processor.py:163} INFO - Started process (PID=357) to work on /home/airflow/.local/lib/python3.7/site-packages/airflow/example_dags/tutorial_taskflow_api_etl.py
[2022-02-08 10:22:44,331] {processor.py:642} INFO - Processing file /home/airflow/.local/lib/python3.7/site-packages/airflow/example_dags/tutorial_taskflow_api_etl.py for tasks to queue
[2022-02-08 10:22:44,345] {logging_mixin.py:109} INFO - [2022-02-08 10:22:44,344] {dagbag.py:500} INFO - Filling up the DagBag from /home/airflow/.local/lib/python3.7/site-packages/airflow/example_dags/tutorial_taskflow_api_etl.py
[2022-02-08 10:22:45,966] {processor.py:654} INFO - DAG(s) dict_keys(['tutorial_taskflow_api_etl']) retrieved from /home/airflow/.local/lib/python3.7/site-packages/airflow/example_dags/tutorial_taskflow_api_etl.py
[2022-02-08 10:22:55,211] {logging_mixin.py:109} INFO - [2022-02-08 10:22:55,210] {dag.py:2396} INFO - Sync 1 DAGs
[2022-02-08 10:22:55,714] {logging_mixin.py:109} INFO - [2022-02-08 10:22:55,714] {dag.py:2935} INFO - Setting next_dagrun for tutorial_taskflow_api_etl to None
[2022-02-08 10:22:56,085] {processor.py:171} INFO - Processing /home/airflow/.local/lib/python3.7/site-packages/airflow/example_dags/tutorial_taskflow_api_etl.py took 11.797 seconds
[2022-02-08 10:24:17,256] {processor.py:163} INFO - Started process (PID=495) to work on /home/airflow/.local/lib/python3.7/site-packages/airflow/example_dags/tutorial_taskflow_api_etl.py
[2022-02-08 10:24:17,299] {processor.py:642} INFO - Processing file /home/airflow/.local/lib/python3.7/site-packages/airflow/example_dags/tutorial_taskflow_api_etl.py for tasks to queue
[2022-02-08 10:24:17,328] {logging_mixin.py:109} INFO - [2022-02-08 10:24:17,314] {dagbag.py:500} INFO - Filling up the DagBag from /home/airflow/.local/lib/python3.7/site-packages/airflow/example_dags/tutorial_taskflow_api_etl.py
[2022-02-08 10:24:18,554] {processor.py:654} INFO - DAG(s) dict_keys(['tutorial_taskflow_api_etl']) retrieved from /home/airflow/.local/lib/python3.7/site-packages/airflow/example_dags/tutorial_taskflow_api_etl.py
[2022-02-08 10:24:40,472] {logging_mixin.py:109} INFO - [2022-02-08 10:24:40,371] {dag.py:2396} INFO - Sync 1 DAGs
[2022-02-08 10:24:41,306] {logging_mixin.py:109} INFO - [2022-02-08 10:24:41,304] {dag.py:2935} INFO - Setting next_dagrun for tutorial_taskflow_api_etl to None
[2022-02-08 10:24:42,414] {processor.py:171} INFO - Processing /home/airflow/.local/lib/python3.7/site-packages/airflow/example_dags/tutorial_taskflow_api_etl.py took 25.163 seconds
[2022-02-08 10:26:19,840] {processor.py:163} INFO - Started process (PID=632) to work on /home/airflow/.local/lib/python3.7/site-packages/airflow/example_dags/tutorial_taskflow_api_etl.py
[2022-02-08 10:26:19,880] {processor.py:642} INFO - Processing file /home/airflow/.local/lib/python3.7/site-packages/airflow/example_dags/tutorial_taskflow_api_etl.py for tasks to queue
[2022-02-08 10:26:19,927] {logging_mixin.py:109} INFO - [2022-02-08 10:26:19,927] {dagbag.py:500} INFO - Filling up the DagBag from /home/airflow/.local/lib/python3.7/site-packages/airflow/example_dags/tutorial_taskflow_api_etl.py
[2022-02-08 10:26:21,323] {processor.py:654} INFO - DAG(s) dict_keys(['tutorial_taskflow_api_etl']) retrieved from /home/airflow/.local/lib/python3.7/site-packages/airflow/example_dags/tutorial_taskflow_api_etl.py
[2022-02-08 10:26:37,695] {logging_mixin.py:109} INFO - [2022-02-08 10:26:37,694] {dag.py:2396} INFO - Sync 1 DAGs
[2022-02-08 10:26:39,117] {logging_mixin.py:109} INFO - [2022-02-08 10:26:39,117] {dag.py:2935} INFO - Setting next_dagrun for tutorial_taskflow_api_etl to None
[2022-02-08 10:26:39,755] {processor.py:171} INFO - Processing /home/airflow/.local/lib/python3.7/site-packages/airflow/example_dags/tutorial_taskflow_api_etl.py took 19.985 seconds
[2022-02-08 11:05:25,818] {processor.py:163} INFO - Started process (PID=330) to work on /home/airflow/.local/lib/python3.7/site-packages/airflow/example_dags/tutorial_taskflow_api_etl.py
[2022-02-08 11:05:25,841] {processor.py:642} INFO - Processing file /home/airflow/.local/lib/python3.7/site-packages/airflow/example_dags/tutorial_taskflow_api_etl.py for tasks to queue
[2022-02-08 11:05:25,863] {logging_mixin.py:109} INFO - [2022-02-08 11:05:25,863] {dagbag.py:500} INFO - Filling up the DagBag from /home/airflow/.local/lib/python3.7/site-packages/airflow/example_dags/tutorial_taskflow_api_etl.py
[2022-02-08 11:05:26,559] {processor.py:654} INFO - DAG(s) dict_keys(['tutorial_taskflow_api_etl']) retrieved from /home/airflow/.local/lib/python3.7/site-packages/airflow/example_dags/tutorial_taskflow_api_etl.py
[2022-02-08 11:05:35,765] {logging_mixin.py:109} INFO - [2022-02-08 11:05:35,765] {dag.py:2396} INFO - Sync 1 DAGs
[2022-02-08 11:05:36,267] {logging_mixin.py:109} INFO - [2022-02-08 11:05:36,253] {dag.py:2935} INFO - Setting next_dagrun for tutorial_taskflow_api_etl to None
[2022-02-08 11:05:36,531] {processor.py:171} INFO - Processing /home/airflow/.local/lib/python3.7/site-packages/airflow/example_dags/tutorial_taskflow_api_etl.py took 10.764 seconds
[2022-02-08 11:07:59,867] {processor.py:163} INFO - Started process (PID=483) to work on /home/airflow/.local/lib/python3.7/site-packages/airflow/example_dags/tutorial_taskflow_api_etl.py
[2022-02-08 11:07:59,904] {processor.py:642} INFO - Processing file /home/airflow/.local/lib/python3.7/site-packages/airflow/example_dags/tutorial_taskflow_api_etl.py for tasks to queue
[2022-02-08 11:07:59,976] {logging_mixin.py:109} INFO - [2022-02-08 11:07:59,953] {dagbag.py:500} INFO - Filling up the DagBag from /home/airflow/.local/lib/python3.7/site-packages/airflow/example_dags/tutorial_taskflow_api_etl.py
[2022-02-08 11:08:01,339] {processor.py:654} INFO - DAG(s) dict_keys(['tutorial_taskflow_api_etl']) retrieved from /home/airflow/.local/lib/python3.7/site-packages/airflow/example_dags/tutorial_taskflow_api_etl.py
[2022-02-08 11:08:17,354] {logging_mixin.py:109} INFO - [2022-02-08 11:08:17,354] {dag.py:2396} INFO - Sync 1 DAGs
[2022-02-08 11:08:18,080] {logging_mixin.py:109} INFO - [2022-02-08 11:08:18,080] {dag.py:2935} INFO - Setting next_dagrun for tutorial_taskflow_api_etl to None
[2022-02-08 11:08:19,096] {processor.py:171} INFO - Processing /home/airflow/.local/lib/python3.7/site-packages/airflow/example_dags/tutorial_taskflow_api_etl.py took 19.361 seconds
[2022-02-08 11:19:20,149] {processor.py:163} INFO - Started process (PID=436) to work on /home/airflow/.local/lib/python3.7/site-packages/airflow/example_dags/tutorial_taskflow_api_etl.py
[2022-02-08 11:19:20,226] {processor.py:642} INFO - Processing file /home/airflow/.local/lib/python3.7/site-packages/airflow/example_dags/tutorial_taskflow_api_etl.py for tasks to queue
[2022-02-08 11:19:20,273] {logging_mixin.py:109} INFO - [2022-02-08 11:19:20,265] {dagbag.py:500} INFO - Filling up the DagBag from /home/airflow/.local/lib/python3.7/site-packages/airflow/example_dags/tutorial_taskflow_api_etl.py
[2022-02-08 11:19:24,194] {processor.py:654} INFO - DAG(s) dict_keys(['tutorial_taskflow_api_etl']) retrieved from /home/airflow/.local/lib/python3.7/site-packages/airflow/example_dags/tutorial_taskflow_api_etl.py
[2022-02-08 11:19:44,102] {logging_mixin.py:109} INFO - [2022-02-08 11:19:44,064] {dag.py:2396} INFO - Sync 1 DAGs
[2022-02-08 11:19:44,291] {logging_mixin.py:109} INFO - [2022-02-08 11:19:44,291] {dag.py:2935} INFO - Setting next_dagrun for tutorial_taskflow_api_etl to None
[2022-02-08 11:19:44,502] {processor.py:171} INFO - Processing /home/airflow/.local/lib/python3.7/site-packages/airflow/example_dags/tutorial_taskflow_api_etl.py took 25.052 seconds
[2022-02-08 11:21:44,516] {processor.py:163} INFO - Started process (PID=627) to work on /home/airflow/.local/lib/python3.7/site-packages/airflow/example_dags/tutorial_taskflow_api_etl.py
[2022-02-08 11:21:44,654] {processor.py:642} INFO - Processing file /home/airflow/.local/lib/python3.7/site-packages/airflow/example_dags/tutorial_taskflow_api_etl.py for tasks to queue
[2022-02-08 11:21:44,745] {logging_mixin.py:109} INFO - [2022-02-08 11:21:44,698] {dagbag.py:500} INFO - Filling up the DagBag from /home/airflow/.local/lib/python3.7/site-packages/airflow/example_dags/tutorial_taskflow_api_etl.py
[2022-02-08 11:21:47,337] {processor.py:654} INFO - DAG(s) dict_keys(['tutorial_taskflow_api_etl']) retrieved from /home/airflow/.local/lib/python3.7/site-packages/airflow/example_dags/tutorial_taskflow_api_etl.py
[2022-02-08 11:32:30,436] {processor.py:163} INFO - Started process (PID=481) to work on /home/airflow/.local/lib/python3.7/site-packages/airflow/example_dags/tutorial_taskflow_api_etl.py
[2022-02-08 11:32:30,792] {processor.py:642} INFO - Processing file /home/airflow/.local/lib/python3.7/site-packages/airflow/example_dags/tutorial_taskflow_api_etl.py for tasks to queue
[2022-02-08 11:32:31,411] {logging_mixin.py:109} INFO - [2022-02-08 11:32:31,170] {dagbag.py:500} INFO - Filling up the DagBag from /home/airflow/.local/lib/python3.7/site-packages/airflow/example_dags/tutorial_taskflow_api_etl.py
[2022-02-08 11:32:40,763] {processor.py:654} INFO - DAG(s) dict_keys(['tutorial_taskflow_api_etl']) retrieved from /home/airflow/.local/lib/python3.7/site-packages/airflow/example_dags/tutorial_taskflow_api_etl.py
[2022-02-08 12:35:20,351] {processor.py:163} INFO - Started process (PID=303) to work on /home/airflow/.local/lib/python3.7/site-packages/airflow/example_dags/tutorial_taskflow_api_etl.py
[2022-02-08 12:35:20,382] {processor.py:642} INFO - Processing file /home/airflow/.local/lib/python3.7/site-packages/airflow/example_dags/tutorial_taskflow_api_etl.py for tasks to queue
[2022-02-08 12:35:20,396] {logging_mixin.py:109} INFO - [2022-02-08 12:35:20,395] {dagbag.py:500} INFO - Filling up the DagBag from /home/airflow/.local/lib/python3.7/site-packages/airflow/example_dags/tutorial_taskflow_api_etl.py
[2022-02-08 12:35:21,150] {processor.py:654} INFO - DAG(s) dict_keys(['tutorial_taskflow_api_etl']) retrieved from /home/airflow/.local/lib/python3.7/site-packages/airflow/example_dags/tutorial_taskflow_api_etl.py
[2022-02-08 12:35:29,405] {logging_mixin.py:109} INFO - [2022-02-08 12:35:29,404] {dag.py:2396} INFO - Sync 1 DAGs
[2022-02-08 12:35:29,881] {logging_mixin.py:109} INFO - [2022-02-08 12:35:29,880] {dag.py:2935} INFO - Setting next_dagrun for tutorial_taskflow_api_etl to None
[2022-02-08 12:35:30,142] {processor.py:171} INFO - Processing /home/airflow/.local/lib/python3.7/site-packages/airflow/example_dags/tutorial_taskflow_api_etl.py took 9.838 seconds
[2022-02-08 12:36:20,667] {processor.py:163} INFO - Started process (PID=418) to work on /home/airflow/.local/lib/python3.7/site-packages/airflow/example_dags/tutorial_taskflow_api_etl.py
[2022-02-08 12:36:20,675] {processor.py:642} INFO - Processing file /home/airflow/.local/lib/python3.7/site-packages/airflow/example_dags/tutorial_taskflow_api_etl.py for tasks to queue
[2022-02-08 12:36:20,706] {logging_mixin.py:109} INFO - [2022-02-08 12:36:20,705] {dagbag.py:500} INFO - Filling up the DagBag from /home/airflow/.local/lib/python3.7/site-packages/airflow/example_dags/tutorial_taskflow_api_etl.py
[2022-02-08 12:36:21,513] {processor.py:654} INFO - DAG(s) dict_keys(['tutorial_taskflow_api_etl']) retrieved from /home/airflow/.local/lib/python3.7/site-packages/airflow/example_dags/tutorial_taskflow_api_etl.py
[2022-02-08 12:36:32,453] {logging_mixin.py:109} INFO - [2022-02-08 12:36:32,452] {dag.py:2396} INFO - Sync 1 DAGs
[2022-02-08 12:36:33,058] {logging_mixin.py:109} INFO - [2022-02-08 12:36:33,057] {dag.py:2935} INFO - Setting next_dagrun for tutorial_taskflow_api_etl to None
[2022-02-08 12:36:33,445] {processor.py:171} INFO - Processing /home/airflow/.local/lib/python3.7/site-packages/airflow/example_dags/tutorial_taskflow_api_etl.py took 12.827 seconds
[2022-02-08 12:38:27,830] {processor.py:163} INFO - Started process (PID=454) to work on /home/airflow/.local/lib/python3.7/site-packages/airflow/example_dags/tutorial_taskflow_api_etl.py
[2022-02-08 12:38:27,860] {processor.py:642} INFO - Processing file /home/airflow/.local/lib/python3.7/site-packages/airflow/example_dags/tutorial_taskflow_api_etl.py for tasks to queue
[2022-02-08 12:38:27,878] {logging_mixin.py:109} INFO - [2022-02-08 12:38:27,871] {dagbag.py:500} INFO - Filling up the DagBag from /home/airflow/.local/lib/python3.7/site-packages/airflow/example_dags/tutorial_taskflow_api_etl.py
[2022-02-08 12:38:30,336] {processor.py:654} INFO - DAG(s) dict_keys(['tutorial_taskflow_api_etl']) retrieved from /home/airflow/.local/lib/python3.7/site-packages/airflow/example_dags/tutorial_taskflow_api_etl.py
[2022-02-08 12:39:15,014] {logging_mixin.py:109} INFO - [2022-02-08 12:39:14,902] {dag.py:2396} INFO - Sync 1 DAGs
[2022-02-08 12:39:40,455] {processor.py:163} INFO - Started process (PID=514) to work on /home/airflow/.local/lib/python3.7/site-packages/airflow/example_dags/tutorial_taskflow_api_etl.py
[2022-02-08 12:39:40,463] {processor.py:642} INFO - Processing file /home/airflow/.local/lib/python3.7/site-packages/airflow/example_dags/tutorial_taskflow_api_etl.py for tasks to queue
[2022-02-08 12:39:40,473] {logging_mixin.py:109} INFO - [2022-02-08 12:39:40,472] {dagbag.py:500} INFO - Filling up the DagBag from /home/airflow/.local/lib/python3.7/site-packages/airflow/example_dags/tutorial_taskflow_api_etl.py
[2022-02-08 12:39:41,878] {processor.py:654} INFO - DAG(s) dict_keys(['tutorial_taskflow_api_etl']) retrieved from /home/airflow/.local/lib/python3.7/site-packages/airflow/example_dags/tutorial_taskflow_api_etl.py
[2022-02-08 12:39:58,708] {logging_mixin.py:109} INFO - [2022-02-08 12:39:58,708] {dag.py:2396} INFO - Sync 1 DAGs
[2022-02-08 12:39:59,563] {logging_mixin.py:109} INFO - [2022-02-08 12:39:59,562] {dag.py:2935} INFO - Setting next_dagrun for tutorial_taskflow_api_etl to None
[2022-02-08 12:40:00,384] {processor.py:171} INFO - Processing /home/airflow/.local/lib/python3.7/site-packages/airflow/example_dags/tutorial_taskflow_api_etl.py took 20.626 seconds
[2022-02-08 12:42:29,158] {processor.py:163} INFO - Started process (PID=685) to work on /home/airflow/.local/lib/python3.7/site-packages/airflow/example_dags/tutorial_taskflow_api_etl.py
[2022-02-08 12:42:29,177] {processor.py:642} INFO - Processing file /home/airflow/.local/lib/python3.7/site-packages/airflow/example_dags/tutorial_taskflow_api_etl.py for tasks to queue
[2022-02-08 12:42:29,201] {logging_mixin.py:109} INFO - [2022-02-08 12:42:29,200] {dagbag.py:500} INFO - Filling up the DagBag from /home/airflow/.local/lib/python3.7/site-packages/airflow/example_dags/tutorial_taskflow_api_etl.py
[2022-02-08 12:42:30,356] {processor.py:654} INFO - DAG(s) dict_keys(['tutorial_taskflow_api_etl']) retrieved from /home/airflow/.local/lib/python3.7/site-packages/airflow/example_dags/tutorial_taskflow_api_etl.py
[2022-02-08 12:42:47,559] {logging_mixin.py:109} INFO - [2022-02-08 12:42:47,558] {dag.py:2396} INFO - Sync 1 DAGs
[2022-02-08 12:42:48,407] {logging_mixin.py:109} INFO - [2022-02-08 12:42:48,407] {dag.py:2935} INFO - Setting next_dagrun for tutorial_taskflow_api_etl to None
[2022-02-08 12:42:48,859] {processor.py:171} INFO - Processing /home/airflow/.local/lib/python3.7/site-packages/airflow/example_dags/tutorial_taskflow_api_etl.py took 19.794 seconds
[2022-02-08 12:44:21,618] {processor.py:163} INFO - Started process (PID=843) to work on /home/airflow/.local/lib/python3.7/site-packages/airflow/example_dags/tutorial_taskflow_api_etl.py
[2022-02-08 12:44:21,661] {processor.py:642} INFO - Processing file /home/airflow/.local/lib/python3.7/site-packages/airflow/example_dags/tutorial_taskflow_api_etl.py for tasks to queue
[2022-02-08 12:44:21,734] {logging_mixin.py:109} INFO - [2022-02-08 12:44:21,724] {dagbag.py:500} INFO - Filling up the DagBag from /home/airflow/.local/lib/python3.7/site-packages/airflow/example_dags/tutorial_taskflow_api_etl.py
[2022-02-08 12:44:22,703] {processor.py:654} INFO - DAG(s) dict_keys(['tutorial_taskflow_api_etl']) retrieved from /home/airflow/.local/lib/python3.7/site-packages/airflow/example_dags/tutorial_taskflow_api_etl.py
[2022-02-08 12:44:48,748] {logging_mixin.py:109} INFO - [2022-02-08 12:44:48,719] {dag.py:2396} INFO - Sync 1 DAGs
[2022-02-08 12:44:49,441] {logging_mixin.py:109} INFO - [2022-02-08 12:44:49,441] {dag.py:2935} INFO - Setting next_dagrun for tutorial_taskflow_api_etl to None
[2022-02-08 12:44:49,903] {processor.py:171} INFO - Processing /home/airflow/.local/lib/python3.7/site-packages/airflow/example_dags/tutorial_taskflow_api_etl.py took 28.309 seconds
[2022-02-08 12:45:37,850] {processor.py:163} INFO - Started process (PID=943) to work on /home/airflow/.local/lib/python3.7/site-packages/airflow/example_dags/tutorial_taskflow_api_etl.py
[2022-02-08 12:45:37,918] {processor.py:642} INFO - Processing file /home/airflow/.local/lib/python3.7/site-packages/airflow/example_dags/tutorial_taskflow_api_etl.py for tasks to queue
[2022-02-08 12:45:37,945] {logging_mixin.py:109} INFO - [2022-02-08 12:45:37,944] {dagbag.py:500} INFO - Filling up the DagBag from /home/airflow/.local/lib/python3.7/site-packages/airflow/example_dags/tutorial_taskflow_api_etl.py
[2022-02-08 12:45:39,633] {processor.py:654} INFO - DAG(s) dict_keys(['tutorial_taskflow_api_etl']) retrieved from /home/airflow/.local/lib/python3.7/site-packages/airflow/example_dags/tutorial_taskflow_api_etl.py
[2022-02-08 12:45:57,360] {logging_mixin.py:109} INFO - [2022-02-08 12:45:57,359] {dag.py:2396} INFO - Sync 1 DAGs
[2022-02-08 12:45:58,314] {logging_mixin.py:109} INFO - [2022-02-08 12:45:58,314] {dag.py:2935} INFO - Setting next_dagrun for tutorial_taskflow_api_etl to None
[2022-02-08 12:45:58,818] {processor.py:171} INFO - Processing /home/airflow/.local/lib/python3.7/site-packages/airflow/example_dags/tutorial_taskflow_api_etl.py took 21.081 seconds
[2022-02-08 12:47:09,656] {processor.py:163} INFO - Started process (PID=1065) to work on /home/airflow/.local/lib/python3.7/site-packages/airflow/example_dags/tutorial_taskflow_api_etl.py
[2022-02-08 12:47:09,699] {processor.py:642} INFO - Processing file /home/airflow/.local/lib/python3.7/site-packages/airflow/example_dags/tutorial_taskflow_api_etl.py for tasks to queue
[2022-02-08 12:47:09,747] {logging_mixin.py:109} INFO - [2022-02-08 12:47:09,743] {dagbag.py:500} INFO - Filling up the DagBag from /home/airflow/.local/lib/python3.7/site-packages/airflow/example_dags/tutorial_taskflow_api_etl.py
[2022-02-08 12:47:13,356] {processor.py:654} INFO - DAG(s) dict_keys(['tutorial_taskflow_api_etl']) retrieved from /home/airflow/.local/lib/python3.7/site-packages/airflow/example_dags/tutorial_taskflow_api_etl.py
[2022-02-08 12:48:29,026] {logging_mixin.py:109} INFO - [2022-02-08 12:48:28,955] {dag.py:2396} INFO - Sync 1 DAGs
[2022-02-08 12:48:29,815] {logging_mixin.py:109} INFO - [2022-02-08 12:48:29,814] {dag.py:2935} INFO - Setting next_dagrun for tutorial_taskflow_api_etl to None
[2022-02-08 12:48:30,041] {processor.py:171} INFO - Processing /home/airflow/.local/lib/python3.7/site-packages/airflow/example_dags/tutorial_taskflow_api_etl.py took 80.568 seconds
[2022-02-08 12:49:09,049] {processor.py:163} INFO - Started process (PID=1166) to work on /home/airflow/.local/lib/python3.7/site-packages/airflow/example_dags/tutorial_taskflow_api_etl.py
[2022-02-08 12:49:09,183] {processor.py:642} INFO - Processing file /home/airflow/.local/lib/python3.7/site-packages/airflow/example_dags/tutorial_taskflow_api_etl.py for tasks to queue
[2022-02-08 12:49:09,316] {logging_mixin.py:109} INFO - [2022-02-08 12:49:09,315] {dagbag.py:500} INFO - Filling up the DagBag from /home/airflow/.local/lib/python3.7/site-packages/airflow/example_dags/tutorial_taskflow_api_etl.py
[2022-02-08 12:49:13,240] {processor.py:654} INFO - DAG(s) dict_keys(['tutorial_taskflow_api_etl']) retrieved from /home/airflow/.local/lib/python3.7/site-packages/airflow/example_dags/tutorial_taskflow_api_etl.py
[2022-02-08 12:49:46,092] {logging_mixin.py:109} INFO - [2022-02-08 12:49:46,044] {dag.py:2396} INFO - Sync 1 DAGs
[2022-02-08 12:49:48,766] {logging_mixin.py:109} INFO - [2022-02-08 12:49:48,765] {dag.py:2935} INFO - Setting next_dagrun for tutorial_taskflow_api_etl to None
[2022-02-08 12:49:52,270] {processor.py:171} INFO - Processing /home/airflow/.local/lib/python3.7/site-packages/airflow/example_dags/tutorial_taskflow_api_etl.py took 43.362 seconds
[2022-02-08 16:01:12,430] {processor.py:163} INFO - Started process (PID=263) to work on /home/airflow/.local/lib/python3.7/site-packages/airflow/example_dags/tutorial_taskflow_api_etl.py
[2022-02-08 16:01:12,451] {processor.py:642} INFO - Processing file /home/airflow/.local/lib/python3.7/site-packages/airflow/example_dags/tutorial_taskflow_api_etl.py for tasks to queue
[2022-02-08 16:01:12,460] {logging_mixin.py:109} INFO - [2022-02-08 16:01:12,458] {dagbag.py:500} INFO - Filling up the DagBag from /home/airflow/.local/lib/python3.7/site-packages/airflow/example_dags/tutorial_taskflow_api_etl.py
[2022-02-08 16:01:12,988] {processor.py:654} INFO - DAG(s) dict_keys(['tutorial_taskflow_api_etl']) retrieved from /home/airflow/.local/lib/python3.7/site-packages/airflow/example_dags/tutorial_taskflow_api_etl.py
[2022-02-08 16:01:19,644] {logging_mixin.py:109} INFO - [2022-02-08 16:01:19,643] {dag.py:2396} INFO - Sync 1 DAGs
[2022-02-08 16:01:19,926] {logging_mixin.py:109} INFO - [2022-02-08 16:01:19,925] {dag.py:2935} INFO - Setting next_dagrun for tutorial_taskflow_api_etl to None
[2022-02-08 16:01:20,179] {processor.py:171} INFO - Processing /home/airflow/.local/lib/python3.7/site-packages/airflow/example_dags/tutorial_taskflow_api_etl.py took 7.776 seconds
[2022-02-08 16:12:42,729] {processor.py:163} INFO - Started process (PID=291) to work on /home/airflow/.local/lib/python3.7/site-packages/airflow/example_dags/tutorial_taskflow_api_etl.py
[2022-02-08 16:12:42,747] {processor.py:642} INFO - Processing file /home/airflow/.local/lib/python3.7/site-packages/airflow/example_dags/tutorial_taskflow_api_etl.py for tasks to queue
[2022-02-08 16:12:42,760] {logging_mixin.py:109} INFO - [2022-02-08 16:12:42,760] {dagbag.py:500} INFO - Filling up the DagBag from /home/airflow/.local/lib/python3.7/site-packages/airflow/example_dags/tutorial_taskflow_api_etl.py
[2022-02-08 16:12:43,203] {processor.py:654} INFO - DAG(s) dict_keys(['tutorial_taskflow_api_etl']) retrieved from /home/airflow/.local/lib/python3.7/site-packages/airflow/example_dags/tutorial_taskflow_api_etl.py
[2022-02-08 16:12:49,735] {logging_mixin.py:109} INFO - [2022-02-08 16:12:49,735] {dag.py:2396} INFO - Sync 1 DAGs
[2022-02-08 16:12:50,030] {logging_mixin.py:109} INFO - [2022-02-08 16:12:50,025] {dag.py:2935} INFO - Setting next_dagrun for tutorial_taskflow_api_etl to None
[2022-02-08 16:12:50,229] {processor.py:171} INFO - Processing /home/airflow/.local/lib/python3.7/site-packages/airflow/example_dags/tutorial_taskflow_api_etl.py took 7.535 seconds
[2022-02-08 16:13:39,020] {processor.py:163} INFO - Started process (PID=412) to work on /home/airflow/.local/lib/python3.7/site-packages/airflow/example_dags/tutorial_taskflow_api_etl.py
[2022-02-08 16:13:39,040] {processor.py:642} INFO - Processing file /home/airflow/.local/lib/python3.7/site-packages/airflow/example_dags/tutorial_taskflow_api_etl.py for tasks to queue
[2022-02-08 16:13:39,056] {logging_mixin.py:109} INFO - [2022-02-08 16:13:39,049] {dagbag.py:500} INFO - Filling up the DagBag from /home/airflow/.local/lib/python3.7/site-packages/airflow/example_dags/tutorial_taskflow_api_etl.py
[2022-02-08 16:13:39,708] {processor.py:654} INFO - DAG(s) dict_keys(['tutorial_taskflow_api_etl']) retrieved from /home/airflow/.local/lib/python3.7/site-packages/airflow/example_dags/tutorial_taskflow_api_etl.py
[2022-02-08 16:13:53,273] {logging_mixin.py:109} INFO - [2022-02-08 16:13:53,268] {dag.py:2396} INFO - Sync 1 DAGs
[2022-02-08 16:13:54,074] {logging_mixin.py:109} INFO - [2022-02-08 16:13:54,074] {dag.py:2935} INFO - Setting next_dagrun for tutorial_taskflow_api_etl to None
[2022-02-08 16:13:54,488] {processor.py:171} INFO - Processing /home/airflow/.local/lib/python3.7/site-packages/airflow/example_dags/tutorial_taskflow_api_etl.py took 15.491 seconds
[2022-02-08 16:18:32,955] {processor.py:163} INFO - Started process (PID=529) to work on /home/airflow/.local/lib/python3.7/site-packages/airflow/example_dags/tutorial_taskflow_api_etl.py
[2022-02-08 16:18:32,980] {processor.py:642} INFO - Processing file /home/airflow/.local/lib/python3.7/site-packages/airflow/example_dags/tutorial_taskflow_api_etl.py for tasks to queue
[2022-02-08 16:18:32,992] {logging_mixin.py:109} INFO - [2022-02-08 16:18:32,987] {dagbag.py:500} INFO - Filling up the DagBag from /home/airflow/.local/lib/python3.7/site-packages/airflow/example_dags/tutorial_taskflow_api_etl.py
[2022-02-08 16:18:34,284] {processor.py:654} INFO - DAG(s) dict_keys(['tutorial_taskflow_api_etl']) retrieved from /home/airflow/.local/lib/python3.7/site-packages/airflow/example_dags/tutorial_taskflow_api_etl.py
[2022-02-08 16:21:10,242] {processor.py:163} INFO - Started process (PID=673) to work on /home/airflow/.local/lib/python3.7/site-packages/airflow/example_dags/tutorial_taskflow_api_etl.py
[2022-02-08 16:21:10,294] {processor.py:642} INFO - Processing file /home/airflow/.local/lib/python3.7/site-packages/airflow/example_dags/tutorial_taskflow_api_etl.py for tasks to queue
[2022-02-08 16:21:10,312] {logging_mixin.py:109} INFO - [2022-02-08 16:21:10,312] {dagbag.py:500} INFO - Filling up the DagBag from /home/airflow/.local/lib/python3.7/site-packages/airflow/example_dags/tutorial_taskflow_api_etl.py
[2022-02-08 16:21:12,792] {processor.py:654} INFO - DAG(s) dict_keys(['tutorial_taskflow_api_etl']) retrieved from /home/airflow/.local/lib/python3.7/site-packages/airflow/example_dags/tutorial_taskflow_api_etl.py
[2022-02-08 16:21:45,698] {logging_mixin.py:109} INFO - [2022-02-08 16:21:45,684] {dag.py:2396} INFO - Sync 1 DAGs
[2022-02-08 16:21:46,746] {logging_mixin.py:109} INFO - [2022-02-08 16:21:46,745] {dag.py:2935} INFO - Setting next_dagrun for tutorial_taskflow_api_etl to None
[2022-02-08 16:21:48,107] {processor.py:171} INFO - Processing /home/airflow/.local/lib/python3.7/site-packages/airflow/example_dags/tutorial_taskflow_api_etl.py took 38.138 seconds
[2022-02-08 16:29:39,413] {processor.py:163} INFO - Started process (PID=411) to work on /home/airflow/.local/lib/python3.7/site-packages/airflow/example_dags/tutorial_taskflow_api_etl.py
[2022-02-08 16:29:39,433] {processor.py:642} INFO - Processing file /home/airflow/.local/lib/python3.7/site-packages/airflow/example_dags/tutorial_taskflow_api_etl.py for tasks to queue
[2022-02-08 16:29:39,454] {logging_mixin.py:109} INFO - [2022-02-08 16:29:39,454] {dagbag.py:500} INFO - Filling up the DagBag from /home/airflow/.local/lib/python3.7/site-packages/airflow/example_dags/tutorial_taskflow_api_etl.py
[2022-02-08 16:29:39,754] {processor.py:654} INFO - DAG(s) dict_keys(['tutorial_taskflow_api_etl']) retrieved from /home/airflow/.local/lib/python3.7/site-packages/airflow/example_dags/tutorial_taskflow_api_etl.py
[2022-02-08 16:30:25,002] {logging_mixin.py:109} INFO - [2022-02-08 16:30:25,001] {dag.py:2396} INFO - Sync 1 DAGs
[2022-02-08 16:30:25,762] {logging_mixin.py:109} INFO - [2022-02-08 16:30:25,762] {dag.py:2935} INFO - Setting next_dagrun for tutorial_taskflow_api_etl to None
[2022-02-08 16:30:26,201] {processor.py:171} INFO - Processing /home/airflow/.local/lib/python3.7/site-packages/airflow/example_dags/tutorial_taskflow_api_etl.py took 11.685 seconds
[2022-02-08 16:32:16,790] {processor.py:163} INFO - Started process (PID=556) to work on /home/airflow/.local/lib/python3.7/site-packages/airflow/example_dags/tutorial_taskflow_api_etl.py
[2022-02-08 16:32:16,834] {processor.py:642} INFO - Processing file /home/airflow/.local/lib/python3.7/site-packages/airflow/example_dags/tutorial_taskflow_api_etl.py for tasks to queue
[2022-02-08 16:32:16,864] {logging_mixin.py:109} INFO - [2022-02-08 16:32:16,863] {dagbag.py:500} INFO - Filling up the DagBag from /home/airflow/.local/lib/python3.7/site-packages/airflow/example_dags/tutorial_taskflow_api_etl.py
[2022-02-08 16:32:17,903] {processor.py:654} INFO - DAG(s) dict_keys(['tutorial_taskflow_api_etl']) retrieved from /home/airflow/.local/lib/python3.7/site-packages/airflow/example_dags/tutorial_taskflow_api_etl.py
[2022-02-08 16:32:32,889] {logging_mixin.py:109} INFO - [2022-02-08 16:32:32,888] {dag.py:2396} INFO - Sync 1 DAGs
[2022-02-08 16:32:33,798] {logging_mixin.py:109} INFO - [2022-02-08 16:32:33,798] {dag.py:2935} INFO - Setting next_dagrun for tutorial_taskflow_api_etl to None
[2022-02-08 16:32:34,388] {processor.py:171} INFO - Processing /home/airflow/.local/lib/python3.7/site-packages/airflow/example_dags/tutorial_taskflow_api_etl.py took 18.057 seconds
[2022-02-08 16:35:38,315] {processor.py:163} INFO - Started process (PID=724) to work on /home/airflow/.local/lib/python3.7/site-packages/airflow/example_dags/tutorial_taskflow_api_etl.py
[2022-02-08 16:35:38,373] {processor.py:642} INFO - Processing file /home/airflow/.local/lib/python3.7/site-packages/airflow/example_dags/tutorial_taskflow_api_etl.py for tasks to queue
[2022-02-08 16:35:38,413] {logging_mixin.py:109} INFO - [2022-02-08 16:35:38,413] {dagbag.py:500} INFO - Filling up the DagBag from /home/airflow/.local/lib/python3.7/site-packages/airflow/example_dags/tutorial_taskflow_api_etl.py
[2022-02-08 16:35:39,870] {processor.py:654} INFO - DAG(s) dict_keys(['tutorial_taskflow_api_etl']) retrieved from /home/airflow/.local/lib/python3.7/site-packages/airflow/example_dags/tutorial_taskflow_api_etl.py
[2022-02-08 16:35:50,510] {logging_mixin.py:109} INFO - [2022-02-08 16:35:50,509] {dag.py:2396} INFO - Sync 1 DAGs
[2022-02-08 16:35:50,890] {logging_mixin.py:109} INFO - [2022-02-08 16:35:50,889] {dag.py:2935} INFO - Setting next_dagrun for tutorial_taskflow_api_etl to None
[2022-02-08 16:35:51,365] {processor.py:171} INFO - Processing /home/airflow/.local/lib/python3.7/site-packages/airflow/example_dags/tutorial_taskflow_api_etl.py took 13.159 seconds
[2022-02-08 16:38:19,736] {processor.py:163} INFO - Started process (PID=881) to work on /home/airflow/.local/lib/python3.7/site-packages/airflow/example_dags/tutorial_taskflow_api_etl.py
[2022-02-08 16:38:19,767] {processor.py:642} INFO - Processing file /home/airflow/.local/lib/python3.7/site-packages/airflow/example_dags/tutorial_taskflow_api_etl.py for tasks to queue
[2022-02-08 16:38:19,785] {logging_mixin.py:109} INFO - [2022-02-08 16:38:19,784] {dagbag.py:500} INFO - Filling up the DagBag from /home/airflow/.local/lib/python3.7/site-packages/airflow/example_dags/tutorial_taskflow_api_etl.py
[2022-02-08 16:38:20,939] {processor.py:654} INFO - DAG(s) dict_keys(['tutorial_taskflow_api_etl']) retrieved from /home/airflow/.local/lib/python3.7/site-packages/airflow/example_dags/tutorial_taskflow_api_etl.py
[2022-02-08 16:38:33,534] {logging_mixin.py:109} INFO - [2022-02-08 16:38:33,534] {dag.py:2396} INFO - Sync 1 DAGs
[2022-02-08 16:38:34,218] {logging_mixin.py:109} INFO - [2022-02-08 16:38:34,218] {dag.py:2935} INFO - Setting next_dagrun for tutorial_taskflow_api_etl to None
[2022-02-08 16:38:34,640] {processor.py:171} INFO - Processing /home/airflow/.local/lib/python3.7/site-packages/airflow/example_dags/tutorial_taskflow_api_etl.py took 14.963 seconds
[2022-02-08 17:12:46,648] {processor.py:163} INFO - Started process (PID=1059) to work on /home/airflow/.local/lib/python3.7/site-packages/airflow/example_dags/tutorial_taskflow_api_etl.py
[2022-02-08 17:12:46,675] {processor.py:642} INFO - Processing file /home/airflow/.local/lib/python3.7/site-packages/airflow/example_dags/tutorial_taskflow_api_etl.py for tasks to queue
[2022-02-08 17:12:46,702] {logging_mixin.py:109} INFO - [2022-02-08 17:12:46,701] {dagbag.py:500} INFO - Filling up the DagBag from /home/airflow/.local/lib/python3.7/site-packages/airflow/example_dags/tutorial_taskflow_api_etl.py
[2022-02-08 17:12:48,370] {processor.py:654} INFO - DAG(s) dict_keys(['tutorial_taskflow_api_etl']) retrieved from /home/airflow/.local/lib/python3.7/site-packages/airflow/example_dags/tutorial_taskflow_api_etl.py
[2022-02-08 17:13:05,914] {logging_mixin.py:109} INFO - [2022-02-08 17:13:05,914] {dag.py:2396} INFO - Sync 1 DAGs
[2022-02-08 17:13:06,901] {logging_mixin.py:109} INFO - [2022-02-08 17:13:06,900] {dag.py:2935} INFO - Setting next_dagrun for tutorial_taskflow_api_etl to None
[2022-02-08 17:13:07,455] {processor.py:171} INFO - Processing /home/airflow/.local/lib/python3.7/site-packages/airflow/example_dags/tutorial_taskflow_api_etl.py took 20.864 seconds
[2022-02-08 17:14:42,019] {processor.py:163} INFO - Started process (PID=1223) to work on /home/airflow/.local/lib/python3.7/site-packages/airflow/example_dags/tutorial_taskflow_api_etl.py
[2022-02-08 17:14:42,041] {processor.py:642} INFO - Processing file /home/airflow/.local/lib/python3.7/site-packages/airflow/example_dags/tutorial_taskflow_api_etl.py for tasks to queue
[2022-02-08 17:14:42,074] {logging_mixin.py:109} INFO - [2022-02-08 17:14:42,074] {dagbag.py:500} INFO - Filling up the DagBag from /home/airflow/.local/lib/python3.7/site-packages/airflow/example_dags/tutorial_taskflow_api_etl.py
[2022-02-08 17:14:43,350] {processor.py:654} INFO - DAG(s) dict_keys(['tutorial_taskflow_api_etl']) retrieved from /home/airflow/.local/lib/python3.7/site-packages/airflow/example_dags/tutorial_taskflow_api_etl.py
[2022-02-08 17:14:57,751] {logging_mixin.py:109} INFO - [2022-02-08 17:14:57,740] {dag.py:2396} INFO - Sync 1 DAGs
[2022-02-08 17:14:58,488] {logging_mixin.py:109} INFO - [2022-02-08 17:14:58,488] {dag.py:2935} INFO - Setting next_dagrun for tutorial_taskflow_api_etl to None
[2022-02-08 17:14:58,985] {processor.py:171} INFO - Processing /home/airflow/.local/lib/python3.7/site-packages/airflow/example_dags/tutorial_taskflow_api_etl.py took 17.064 seconds
[2022-02-08 17:15:50,629] {processor.py:163} INFO - Started process (PID=1325) to work on /home/airflow/.local/lib/python3.7/site-packages/airflow/example_dags/tutorial_taskflow_api_etl.py
[2022-02-08 17:15:50,719] {processor.py:642} INFO - Processing file /home/airflow/.local/lib/python3.7/site-packages/airflow/example_dags/tutorial_taskflow_api_etl.py for tasks to queue
[2022-02-08 17:15:50,728] {logging_mixin.py:109} INFO - [2022-02-08 17:15:50,727] {dagbag.py:500} INFO - Filling up the DagBag from /home/airflow/.local/lib/python3.7/site-packages/airflow/example_dags/tutorial_taskflow_api_etl.py
[2022-02-08 17:15:51,727] {processor.py:654} INFO - DAG(s) dict_keys(['tutorial_taskflow_api_etl']) retrieved from /home/airflow/.local/lib/python3.7/site-packages/airflow/example_dags/tutorial_taskflow_api_etl.py
[2022-02-08 17:16:25,559] {logging_mixin.py:109} INFO - [2022-02-08 17:16:25,532] {dag.py:2396} INFO - Sync 1 DAGs
[2022-02-08 17:16:26,217] {logging_mixin.py:109} INFO - [2022-02-08 17:16:26,216] {dag.py:2935} INFO - Setting next_dagrun for tutorial_taskflow_api_etl to None
[2022-02-08 17:16:26,690] {processor.py:171} INFO - Processing /home/airflow/.local/lib/python3.7/site-packages/airflow/example_dags/tutorial_taskflow_api_etl.py took 36.073 seconds
[2022-02-08 17:19:08,965] {processor.py:163} INFO - Started process (PID=1515) to work on /home/airflow/.local/lib/python3.7/site-packages/airflow/example_dags/tutorial_taskflow_api_etl.py
[2022-02-08 17:19:08,997] {processor.py:642} INFO - Processing file /home/airflow/.local/lib/python3.7/site-packages/airflow/example_dags/tutorial_taskflow_api_etl.py for tasks to queue
[2022-02-08 17:19:09,076] {logging_mixin.py:109} INFO - [2022-02-08 17:19:09,076] {dagbag.py:500} INFO - Filling up the DagBag from /home/airflow/.local/lib/python3.7/site-packages/airflow/example_dags/tutorial_taskflow_api_etl.py
[2022-02-08 17:19:10,174] {processor.py:654} INFO - DAG(s) dict_keys(['tutorial_taskflow_api_etl']) retrieved from /home/airflow/.local/lib/python3.7/site-packages/airflow/example_dags/tutorial_taskflow_api_etl.py
[2022-02-08 17:19:24,462] {logging_mixin.py:109} INFO - [2022-02-08 17:19:24,462] {dag.py:2396} INFO - Sync 1 DAGs
[2022-02-08 17:19:25,303] {logging_mixin.py:109} INFO - [2022-02-08 17:19:25,303] {dag.py:2935} INFO - Setting next_dagrun for tutorial_taskflow_api_etl to None
[2022-02-08 17:19:25,913] {processor.py:171} INFO - Processing /home/airflow/.local/lib/python3.7/site-packages/airflow/example_dags/tutorial_taskflow_api_etl.py took 17.007 seconds
[2022-02-08 17:21:11,274] {processor.py:163} INFO - Started process (PID=1670) to work on /home/airflow/.local/lib/python3.7/site-packages/airflow/example_dags/tutorial_taskflow_api_etl.py
[2022-02-08 17:21:11,311] {processor.py:642} INFO - Processing file /home/airflow/.local/lib/python3.7/site-packages/airflow/example_dags/tutorial_taskflow_api_etl.py for tasks to queue
[2022-02-08 17:21:11,342] {logging_mixin.py:109} INFO - [2022-02-08 17:21:11,336] {dagbag.py:500} INFO - Filling up the DagBag from /home/airflow/.local/lib/python3.7/site-packages/airflow/example_dags/tutorial_taskflow_api_etl.py
[2022-02-08 17:21:12,544] {processor.py:654} INFO - DAG(s) dict_keys(['tutorial_taskflow_api_etl']) retrieved from /home/airflow/.local/lib/python3.7/site-packages/airflow/example_dags/tutorial_taskflow_api_etl.py
[2022-02-08 17:21:24,967] {logging_mixin.py:109} INFO - [2022-02-08 17:21:24,965] {dag.py:2396} INFO - Sync 1 DAGs
[2022-02-08 17:21:25,613] {logging_mixin.py:109} INFO - [2022-02-08 17:21:25,612] {dag.py:2935} INFO - Setting next_dagrun for tutorial_taskflow_api_etl to None
[2022-02-08 17:21:26,110] {processor.py:171} INFO - Processing /home/airflow/.local/lib/python3.7/site-packages/airflow/example_dags/tutorial_taskflow_api_etl.py took 14.898 seconds
[2022-02-08 17:22:08,954] {processor.py:163} INFO - Started process (PID=1756) to work on /home/airflow/.local/lib/python3.7/site-packages/airflow/example_dags/tutorial_taskflow_api_etl.py
[2022-02-08 17:22:08,972] {processor.py:642} INFO - Processing file /home/airflow/.local/lib/python3.7/site-packages/airflow/example_dags/tutorial_taskflow_api_etl.py for tasks to queue
[2022-02-08 17:22:08,987] {logging_mixin.py:109} INFO - [2022-02-08 17:22:08,986] {dagbag.py:500} INFO - Filling up the DagBag from /home/airflow/.local/lib/python3.7/site-packages/airflow/example_dags/tutorial_taskflow_api_etl.py
[2022-02-08 17:22:09,699] {processor.py:654} INFO - DAG(s) dict_keys(['tutorial_taskflow_api_etl']) retrieved from /home/airflow/.local/lib/python3.7/site-packages/airflow/example_dags/tutorial_taskflow_api_etl.py
[2022-02-08 17:22:19,678] {logging_mixin.py:109} INFO - [2022-02-08 17:22:19,654] {dag.py:2396} INFO - Sync 1 DAGs
[2022-02-08 17:22:20,516] {logging_mixin.py:109} INFO - [2022-02-08 17:22:20,478] {dag.py:2935} INFO - Setting next_dagrun for tutorial_taskflow_api_etl to None
[2022-02-08 17:22:20,883] {processor.py:171} INFO - Processing /home/airflow/.local/lib/python3.7/site-packages/airflow/example_dags/tutorial_taskflow_api_etl.py took 11.972 seconds
[2022-02-08 17:24:11,739] {processor.py:163} INFO - Started process (PID=1860) to work on /home/airflow/.local/lib/python3.7/site-packages/airflow/example_dags/tutorial_taskflow_api_etl.py
[2022-02-08 17:24:11,807] {processor.py:642} INFO - Processing file /home/airflow/.local/lib/python3.7/site-packages/airflow/example_dags/tutorial_taskflow_api_etl.py for tasks to queue
[2022-02-08 17:24:11,833] {logging_mixin.py:109} INFO - [2022-02-08 17:24:11,832] {dagbag.py:500} INFO - Filling up the DagBag from /home/airflow/.local/lib/python3.7/site-packages/airflow/example_dags/tutorial_taskflow_api_etl.py
[2022-02-08 17:24:12,599] {processor.py:654} INFO - DAG(s) dict_keys(['tutorial_taskflow_api_etl']) retrieved from /home/airflow/.local/lib/python3.7/site-packages/airflow/example_dags/tutorial_taskflow_api_etl.py
[2022-02-08 17:24:22,738] {logging_mixin.py:109} INFO - [2022-02-08 17:24:22,731] {dag.py:2396} INFO - Sync 1 DAGs
[2022-02-08 17:24:23,167] {logging_mixin.py:109} INFO - [2022-02-08 17:24:23,167] {dag.py:2935} INFO - Setting next_dagrun for tutorial_taskflow_api_etl to None
[2022-02-08 17:24:23,455] {processor.py:171} INFO - Processing /home/airflow/.local/lib/python3.7/site-packages/airflow/example_dags/tutorial_taskflow_api_etl.py took 11.806 seconds
[2022-02-08 17:37:47,503] {processor.py:163} INFO - Started process (PID=2231) to work on /home/airflow/.local/lib/python3.7/site-packages/airflow/example_dags/tutorial_taskflow_api_etl.py
[2022-02-08 17:37:47,539] {processor.py:642} INFO - Processing file /home/airflow/.local/lib/python3.7/site-packages/airflow/example_dags/tutorial_taskflow_api_etl.py for tasks to queue
[2022-02-08 17:37:47,600] {logging_mixin.py:109} INFO - [2022-02-08 17:37:47,599] {dagbag.py:500} INFO - Filling up the DagBag from /home/airflow/.local/lib/python3.7/site-packages/airflow/example_dags/tutorial_taskflow_api_etl.py
[2022-02-08 17:37:49,708] {processor.py:654} INFO - DAG(s) dict_keys(['tutorial_taskflow_api_etl']) retrieved from /home/airflow/.local/lib/python3.7/site-packages/airflow/example_dags/tutorial_taskflow_api_etl.py
[2022-02-08 17:38:15,390] {logging_mixin.py:109} INFO - [2022-02-08 17:38:15,390] {dag.py:2396} INFO - Sync 1 DAGs
[2022-02-08 17:38:16,649] {logging_mixin.py:109} INFO - [2022-02-08 17:38:16,649] {dag.py:2935} INFO - Setting next_dagrun for tutorial_taskflow_api_etl to None
[2022-02-08 17:38:17,195] {processor.py:171} INFO - Processing /home/airflow/.local/lib/python3.7/site-packages/airflow/example_dags/tutorial_taskflow_api_etl.py took 29.847 seconds
[2022-02-08 17:45:31,495] {processor.py:163} INFO - Started process (PID=316) to work on /home/airflow/.local/lib/python3.7/site-packages/airflow/example_dags/tutorial_taskflow_api_etl.py
[2022-02-08 17:45:31,518] {processor.py:642} INFO - Processing file /home/airflow/.local/lib/python3.7/site-packages/airflow/example_dags/tutorial_taskflow_api_etl.py for tasks to queue
[2022-02-08 17:45:31,594] {logging_mixin.py:109} INFO - [2022-02-08 17:45:31,593] {dagbag.py:500} INFO - Filling up the DagBag from /home/airflow/.local/lib/python3.7/site-packages/airflow/example_dags/tutorial_taskflow_api_etl.py
[2022-02-08 17:45:32,803] {processor.py:654} INFO - DAG(s) dict_keys(['tutorial_taskflow_api_etl']) retrieved from /home/airflow/.local/lib/python3.7/site-packages/airflow/example_dags/tutorial_taskflow_api_etl.py
[2022-02-08 17:55:37,372] {processor.py:163} INFO - Started process (PID=523) to work on /home/airflow/.local/lib/python3.7/site-packages/airflow/example_dags/tutorial_taskflow_api_etl.py
[2022-02-08 17:55:37,440] {processor.py:642} INFO - Processing file /home/airflow/.local/lib/python3.7/site-packages/airflow/example_dags/tutorial_taskflow_api_etl.py for tasks to queue
[2022-02-08 17:55:37,467] {logging_mixin.py:109} INFO - [2022-02-08 17:55:37,466] {dagbag.py:500} INFO - Filling up the DagBag from /home/airflow/.local/lib/python3.7/site-packages/airflow/example_dags/tutorial_taskflow_api_etl.py
[2022-02-08 17:55:39,096] {processor.py:654} INFO - DAG(s) dict_keys(['tutorial_taskflow_api_etl']) retrieved from /home/airflow/.local/lib/python3.7/site-packages/airflow/example_dags/tutorial_taskflow_api_etl.py
[2022-02-08 17:56:26,564] {logging_mixin.py:109} INFO - [2022-02-08 17:56:26,549] {dag.py:2396} INFO - Sync 1 DAGs
[2022-02-08 17:56:29,127] {logging_mixin.py:109} INFO - [2022-02-08 17:56:29,096] {dag.py:2935} INFO - Setting next_dagrun for tutorial_taskflow_api_etl to None
[2022-02-08 17:56:30,945] {processor.py:171} INFO - Processing /home/airflow/.local/lib/python3.7/site-packages/airflow/example_dags/tutorial_taskflow_api_etl.py took 24.692 seconds
[2022-02-08 17:57:20,869] {processor.py:163} INFO - Started process (PID=589) to work on /home/airflow/.local/lib/python3.7/site-packages/airflow/example_dags/tutorial_taskflow_api_etl.py
[2022-02-08 17:57:20,988] {processor.py:642} INFO - Processing file /home/airflow/.local/lib/python3.7/site-packages/airflow/example_dags/tutorial_taskflow_api_etl.py for tasks to queue
[2022-02-08 17:57:21,091] {logging_mixin.py:109} INFO - [2022-02-08 17:57:21,071] {dagbag.py:500} INFO - Filling up the DagBag from /home/airflow/.local/lib/python3.7/site-packages/airflow/example_dags/tutorial_taskflow_api_etl.py
[2022-02-08 17:57:34,876] {processor.py:654} INFO - DAG(s) dict_keys(['tutorial_taskflow_api_etl']) retrieved from /home/airflow/.local/lib/python3.7/site-packages/airflow/example_dags/tutorial_taskflow_api_etl.py
[2022-02-08 18:00:43,802] {processor.py:163} INFO - Started process (PID=768) to work on /home/airflow/.local/lib/python3.7/site-packages/airflow/example_dags/tutorial_taskflow_api_etl.py
[2022-02-08 18:00:43,863] {processor.py:642} INFO - Processing file /home/airflow/.local/lib/python3.7/site-packages/airflow/example_dags/tutorial_taskflow_api_etl.py for tasks to queue
[2022-02-08 18:00:43,875] {logging_mixin.py:109} INFO - [2022-02-08 18:00:43,875] {dagbag.py:500} INFO - Filling up the DagBag from /home/airflow/.local/lib/python3.7/site-packages/airflow/example_dags/tutorial_taskflow_api_etl.py
[2022-02-08 18:00:45,295] {processor.py:654} INFO - DAG(s) dict_keys(['tutorial_taskflow_api_etl']) retrieved from /home/airflow/.local/lib/python3.7/site-packages/airflow/example_dags/tutorial_taskflow_api_etl.py
[2022-02-08 18:01:00,210] {logging_mixin.py:109} INFO - [2022-02-08 18:01:00,209] {dag.py:2396} INFO - Sync 1 DAGs
[2022-02-08 18:01:01,018] {logging_mixin.py:109} INFO - [2022-02-08 18:01:01,017] {dag.py:2935} INFO - Setting next_dagrun for tutorial_taskflow_api_etl to None
[2022-02-08 18:01:01,416] {processor.py:171} INFO - Processing /home/airflow/.local/lib/python3.7/site-packages/airflow/example_dags/tutorial_taskflow_api_etl.py took 17.660 seconds
[2022-02-08 18:02:43,803] {processor.py:163} INFO - Started process (PID=939) to work on /home/airflow/.local/lib/python3.7/site-packages/airflow/example_dags/tutorial_taskflow_api_etl.py
[2022-02-08 18:02:43,922] {processor.py:642} INFO - Processing file /home/airflow/.local/lib/python3.7/site-packages/airflow/example_dags/tutorial_taskflow_api_etl.py for tasks to queue
[2022-02-08 18:02:44,101] {logging_mixin.py:109} INFO - [2022-02-08 18:02:44,101] {dagbag.py:500} INFO - Filling up the DagBag from /home/airflow/.local/lib/python3.7/site-packages/airflow/example_dags/tutorial_taskflow_api_etl.py
[2022-02-08 18:02:45,662] {processor.py:654} INFO - DAG(s) dict_keys(['tutorial_taskflow_api_etl']) retrieved from /home/airflow/.local/lib/python3.7/site-packages/airflow/example_dags/tutorial_taskflow_api_etl.py
[2022-02-08 18:03:03,221] {logging_mixin.py:109} INFO - [2022-02-08 18:03:03,220] {dag.py:2396} INFO - Sync 1 DAGs
[2022-02-08 18:03:04,466] {logging_mixin.py:109} INFO - [2022-02-08 18:03:04,465] {dag.py:2935} INFO - Setting next_dagrun for tutorial_taskflow_api_etl to None
[2022-02-08 18:03:05,135] {processor.py:171} INFO - Processing /home/airflow/.local/lib/python3.7/site-packages/airflow/example_dags/tutorial_taskflow_api_etl.py took 21.567 seconds
[2022-02-08 18:04:28,402] {processor.py:163} INFO - Started process (PID=1071) to work on /home/airflow/.local/lib/python3.7/site-packages/airflow/example_dags/tutorial_taskflow_api_etl.py
[2022-02-08 18:04:28,484] {processor.py:642} INFO - Processing file /home/airflow/.local/lib/python3.7/site-packages/airflow/example_dags/tutorial_taskflow_api_etl.py for tasks to queue
[2022-02-08 18:04:28,513] {logging_mixin.py:109} INFO - [2022-02-08 18:04:28,512] {dagbag.py:500} INFO - Filling up the DagBag from /home/airflow/.local/lib/python3.7/site-packages/airflow/example_dags/tutorial_taskflow_api_etl.py
[2022-02-08 18:04:30,799] {processor.py:654} INFO - DAG(s) dict_keys(['tutorial_taskflow_api_etl']) retrieved from /home/airflow/.local/lib/python3.7/site-packages/airflow/example_dags/tutorial_taskflow_api_etl.py
[2022-02-08 18:05:45,472] {logging_mixin.py:109} INFO - [2022-02-08 18:05:45,443] {dag.py:2396} INFO - Sync 1 DAGs
[2022-02-08 18:05:45,791] {logging_mixin.py:109} INFO - [2022-02-08 18:05:45,791] {dag.py:2935} INFO - Setting next_dagrun for tutorial_taskflow_api_etl to None
[2022-02-08 18:05:46,695] {processor.py:171} INFO - Processing /home/airflow/.local/lib/python3.7/site-packages/airflow/example_dags/tutorial_taskflow_api_etl.py took 78.455 seconds
[2022-02-08 18:06:02,459] {processor.py:163} INFO - Started process (PID=1108) to work on /home/airflow/.local/lib/python3.7/site-packages/airflow/example_dags/tutorial_taskflow_api_etl.py
[2022-02-08 18:06:02,514] {processor.py:642} INFO - Processing file /home/airflow/.local/lib/python3.7/site-packages/airflow/example_dags/tutorial_taskflow_api_etl.py for tasks to queue
[2022-02-08 18:06:02,549] {logging_mixin.py:109} INFO - [2022-02-08 18:06:02,548] {dagbag.py:500} INFO - Filling up the DagBag from /home/airflow/.local/lib/python3.7/site-packages/airflow/example_dags/tutorial_taskflow_api_etl.py
[2022-02-08 18:06:03,831] {processor.py:654} INFO - DAG(s) dict_keys(['tutorial_taskflow_api_etl']) retrieved from /home/airflow/.local/lib/python3.7/site-packages/airflow/example_dags/tutorial_taskflow_api_etl.py
[2022-02-08 18:06:20,425] {logging_mixin.py:109} INFO - [2022-02-08 18:06:20,419] {dag.py:2396} INFO - Sync 1 DAGs
[2022-02-08 18:06:21,254] {logging_mixin.py:109} INFO - [2022-02-08 18:06:21,247] {dag.py:2935} INFO - Setting next_dagrun for tutorial_taskflow_api_etl to None
[2022-02-08 18:06:21,367] {processor.py:171} INFO - Processing /home/airflow/.local/lib/python3.7/site-packages/airflow/example_dags/tutorial_taskflow_api_etl.py took 19.002 seconds
