[2022-02-08 10:11:33,877] {processor.py:163} INFO - Started process (PID=405) to work on /home/airflow/.local/lib/python3.7/site-packages/airflow/example_dags/tutorial_etl_dag.py
[2022-02-08 10:11:33,888] {processor.py:642} INFO - Processing file /home/airflow/.local/lib/python3.7/site-packages/airflow/example_dags/tutorial_etl_dag.py for tasks to queue
[2022-02-08 10:11:33,893] {logging_mixin.py:109} INFO - [2022-02-08 10:11:33,892] {dagbag.py:500} INFO - Filling up the DagBag from /home/airflow/.local/lib/python3.7/site-packages/airflow/example_dags/tutorial_etl_dag.py
[2022-02-08 10:11:34,004] {processor.py:654} INFO - DAG(s) dict_keys(['tutorial_etl_dag']) retrieved from /home/airflow/.local/lib/python3.7/site-packages/airflow/example_dags/tutorial_etl_dag.py
[2022-02-08 10:11:48,794] {logging_mixin.py:109} INFO - [2022-02-08 10:11:48,794] {manager.py:496} INFO - Created Permission View: can read on DAG:tutorial_etl_dag
[2022-02-08 10:11:48,859] {logging_mixin.py:109} INFO - [2022-02-08 10:11:48,858] {manager.py:496} INFO - Created Permission View: can edit on DAG:tutorial_etl_dag
[2022-02-08 10:11:48,862] {logging_mixin.py:109} INFO - [2022-02-08 10:11:48,861] {dag.py:2396} INFO - Sync 1 DAGs
[2022-02-08 10:11:48,933] {logging_mixin.py:109} INFO - [2022-02-08 10:11:48,932] {dag.py:2415} INFO - Creating ORM DAG for tutorial_etl_dag
[2022-02-08 10:11:48,988] {logging_mixin.py:109} INFO - [2022-02-08 10:11:48,988] {dag.py:2935} INFO - Setting next_dagrun for tutorial_etl_dag to None
[2022-02-08 10:11:49,097] {processor.py:171} INFO - Processing /home/airflow/.local/lib/python3.7/site-packages/airflow/example_dags/tutorial_etl_dag.py took 15.229 seconds
[2022-02-08 10:13:59,986] {processor.py:163} INFO - Started process (PID=701) to work on /home/airflow/.local/lib/python3.7/site-packages/airflow/example_dags/tutorial_etl_dag.py
[2022-02-08 10:14:00,000] {processor.py:642} INFO - Processing file /home/airflow/.local/lib/python3.7/site-packages/airflow/example_dags/tutorial_etl_dag.py for tasks to queue
[2022-02-08 10:14:00,003] {logging_mixin.py:109} INFO - [2022-02-08 10:14:00,003] {dagbag.py:500} INFO - Filling up the DagBag from /home/airflow/.local/lib/python3.7/site-packages/airflow/example_dags/tutorial_etl_dag.py
[2022-02-08 10:14:00,107] {processor.py:654} INFO - DAG(s) dict_keys(['tutorial_etl_dag']) retrieved from /home/airflow/.local/lib/python3.7/site-packages/airflow/example_dags/tutorial_etl_dag.py
[2022-02-08 10:14:00,174] {logging_mixin.py:109} INFO - [2022-02-08 10:14:00,173] {dag.py:2396} INFO - Sync 1 DAGs
[2022-02-08 10:14:00,276] {logging_mixin.py:109} INFO - [2022-02-08 10:14:00,275] {dag.py:2935} INFO - Setting next_dagrun for tutorial_etl_dag to None
[2022-02-08 10:14:00,355] {processor.py:171} INFO - Processing /home/airflow/.local/lib/python3.7/site-packages/airflow/example_dags/tutorial_etl_dag.py took 0.382 seconds
[2022-02-08 10:14:30,996] {processor.py:163} INFO - Started process (PID=787) to work on /home/airflow/.local/lib/python3.7/site-packages/airflow/example_dags/tutorial_etl_dag.py
[2022-02-08 10:14:31,003] {processor.py:642} INFO - Processing file /home/airflow/.local/lib/python3.7/site-packages/airflow/example_dags/tutorial_etl_dag.py for tasks to queue
[2022-02-08 10:14:31,007] {logging_mixin.py:109} INFO - [2022-02-08 10:14:31,005] {dagbag.py:500} INFO - Filling up the DagBag from /home/airflow/.local/lib/python3.7/site-packages/airflow/example_dags/tutorial_etl_dag.py
[2022-02-08 10:14:31,125] {processor.py:654} INFO - DAG(s) dict_keys(['tutorial_etl_dag']) retrieved from /home/airflow/.local/lib/python3.7/site-packages/airflow/example_dags/tutorial_etl_dag.py
[2022-02-08 10:14:31,159] {logging_mixin.py:109} INFO - [2022-02-08 10:14:31,159] {dag.py:2396} INFO - Sync 1 DAGs
[2022-02-08 10:14:31,205] {logging_mixin.py:109} INFO - [2022-02-08 10:14:31,205] {dag.py:2935} INFO - Setting next_dagrun for tutorial_etl_dag to None
[2022-02-08 10:14:31,250] {processor.py:171} INFO - Processing /home/airflow/.local/lib/python3.7/site-packages/airflow/example_dags/tutorial_etl_dag.py took 0.265 seconds
[2022-02-08 10:15:02,395] {processor.py:163} INFO - Started process (PID=886) to work on /home/airflow/.local/lib/python3.7/site-packages/airflow/example_dags/tutorial_etl_dag.py
[2022-02-08 10:15:02,399] {processor.py:642} INFO - Processing file /home/airflow/.local/lib/python3.7/site-packages/airflow/example_dags/tutorial_etl_dag.py for tasks to queue
[2022-02-08 10:15:02,402] {logging_mixin.py:109} INFO - [2022-02-08 10:15:02,401] {dagbag.py:500} INFO - Filling up the DagBag from /home/airflow/.local/lib/python3.7/site-packages/airflow/example_dags/tutorial_etl_dag.py
[2022-02-08 10:15:02,513] {processor.py:654} INFO - DAG(s) dict_keys(['tutorial_etl_dag']) retrieved from /home/airflow/.local/lib/python3.7/site-packages/airflow/example_dags/tutorial_etl_dag.py
[2022-02-08 10:15:02,573] {logging_mixin.py:109} INFO - [2022-02-08 10:15:02,573] {dag.py:2396} INFO - Sync 1 DAGs
[2022-02-08 10:15:02,670] {logging_mixin.py:109} INFO - [2022-02-08 10:15:02,670] {dag.py:2935} INFO - Setting next_dagrun for tutorial_etl_dag to None
[2022-02-08 10:15:02,736] {processor.py:171} INFO - Processing /home/airflow/.local/lib/python3.7/site-packages/airflow/example_dags/tutorial_etl_dag.py took 0.357 seconds
[2022-02-08 10:21:01,140] {processor.py:163} INFO - Started process (PID=297) to work on /home/airflow/.local/lib/python3.7/site-packages/airflow/example_dags/tutorial_etl_dag.py
[2022-02-08 10:21:01,191] {processor.py:642} INFO - Processing file /home/airflow/.local/lib/python3.7/site-packages/airflow/example_dags/tutorial_etl_dag.py for tasks to queue
[2022-02-08 10:21:01,206] {logging_mixin.py:109} INFO - [2022-02-08 10:21:01,205] {dagbag.py:500} INFO - Filling up the DagBag from /home/airflow/.local/lib/python3.7/site-packages/airflow/example_dags/tutorial_etl_dag.py
[2022-02-08 10:21:02,131] {processor.py:654} INFO - DAG(s) dict_keys(['tutorial_etl_dag']) retrieved from /home/airflow/.local/lib/python3.7/site-packages/airflow/example_dags/tutorial_etl_dag.py
[2022-02-08 10:21:02,480] {logging_mixin.py:109} INFO - [2022-02-08 10:21:02,476] {dag.py:2396} INFO - Sync 1 DAGs
[2022-02-08 10:21:02,983] {logging_mixin.py:109} INFO - [2022-02-08 10:21:02,982] {dag.py:2935} INFO - Setting next_dagrun for tutorial_etl_dag to None
[2022-02-08 10:21:03,190] {processor.py:171} INFO - Processing /home/airflow/.local/lib/python3.7/site-packages/airflow/example_dags/tutorial_etl_dag.py took 2.101 seconds
[2022-02-08 10:22:52,407] {processor.py:163} INFO - Started process (PID=363) to work on /home/airflow/.local/lib/python3.7/site-packages/airflow/example_dags/tutorial_etl_dag.py
[2022-02-08 10:22:52,433] {processor.py:642} INFO - Processing file /home/airflow/.local/lib/python3.7/site-packages/airflow/example_dags/tutorial_etl_dag.py for tasks to queue
[2022-02-08 10:22:52,447] {logging_mixin.py:109} INFO - [2022-02-08 10:22:52,446] {dagbag.py:500} INFO - Filling up the DagBag from /home/airflow/.local/lib/python3.7/site-packages/airflow/example_dags/tutorial_etl_dag.py
[2022-02-08 10:22:52,891] {processor.py:654} INFO - DAG(s) dict_keys(['tutorial_etl_dag']) retrieved from /home/airflow/.local/lib/python3.7/site-packages/airflow/example_dags/tutorial_etl_dag.py
[2022-02-08 10:22:53,373] {logging_mixin.py:109} INFO - [2022-02-08 10:22:53,373] {dag.py:2396} INFO - Sync 1 DAGs
[2022-02-08 10:22:53,838] {logging_mixin.py:109} INFO - [2022-02-08 10:22:53,837] {dag.py:2935} INFO - Setting next_dagrun for tutorial_etl_dag to None
[2022-02-08 10:22:54,064] {processor.py:171} INFO - Processing /home/airflow/.local/lib/python3.7/site-packages/airflow/example_dags/tutorial_etl_dag.py took 1.697 seconds
[2022-02-08 10:24:42,989] {processor.py:163} INFO - Started process (PID=527) to work on /home/airflow/.local/lib/python3.7/site-packages/airflow/example_dags/tutorial_etl_dag.py
[2022-02-08 10:24:43,023] {processor.py:642} INFO - Processing file /home/airflow/.local/lib/python3.7/site-packages/airflow/example_dags/tutorial_etl_dag.py for tasks to queue
[2022-02-08 10:24:43,054] {logging_mixin.py:109} INFO - [2022-02-08 10:24:43,050] {dagbag.py:500} INFO - Filling up the DagBag from /home/airflow/.local/lib/python3.7/site-packages/airflow/example_dags/tutorial_etl_dag.py
[2022-02-08 10:24:44,065] {processor.py:654} INFO - DAG(s) dict_keys(['tutorial_etl_dag']) retrieved from /home/airflow/.local/lib/python3.7/site-packages/airflow/example_dags/tutorial_etl_dag.py
[2022-02-08 10:24:44,801] {logging_mixin.py:109} INFO - [2022-02-08 10:24:44,781] {dag.py:2396} INFO - Sync 1 DAGs
[2022-02-08 10:24:45,666] {logging_mixin.py:109} INFO - [2022-02-08 10:24:45,665] {dag.py:2935} INFO - Setting next_dagrun for tutorial_etl_dag to None
[2022-02-08 10:24:46,085] {processor.py:171} INFO - Processing /home/airflow/.local/lib/python3.7/site-packages/airflow/example_dags/tutorial_etl_dag.py took 3.343 seconds
[2022-02-08 10:26:38,139] {processor.py:163} INFO - Started process (PID=652) to work on /home/airflow/.local/lib/python3.7/site-packages/airflow/example_dags/tutorial_etl_dag.py
[2022-02-08 10:26:38,181] {processor.py:642} INFO - Processing file /home/airflow/.local/lib/python3.7/site-packages/airflow/example_dags/tutorial_etl_dag.py for tasks to queue
[2022-02-08 10:26:38,235] {logging_mixin.py:109} INFO - [2022-02-08 10:26:38,235] {dagbag.py:500} INFO - Filling up the DagBag from /home/airflow/.local/lib/python3.7/site-packages/airflow/example_dags/tutorial_etl_dag.py
[2022-02-08 10:26:39,785] {processor.py:654} INFO - DAG(s) dict_keys(['tutorial_etl_dag']) retrieved from /home/airflow/.local/lib/python3.7/site-packages/airflow/example_dags/tutorial_etl_dag.py
[2022-02-08 10:26:40,177] {logging_mixin.py:109} INFO - [2022-02-08 10:26:40,177] {dag.py:2396} INFO - Sync 1 DAGs
[2022-02-08 10:26:40,552] {logging_mixin.py:109} INFO - [2022-02-08 10:26:40,552] {dag.py:2935} INFO - Setting next_dagrun for tutorial_etl_dag to None
[2022-02-08 10:26:41,241] {processor.py:171} INFO - Processing /home/airflow/.local/lib/python3.7/site-packages/airflow/example_dags/tutorial_etl_dag.py took 3.185 seconds
[2022-02-08 11:05:35,043] {processor.py:163} INFO - Started process (PID=353) to work on /home/airflow/.local/lib/python3.7/site-packages/airflow/example_dags/tutorial_etl_dag.py
[2022-02-08 11:05:35,085] {processor.py:642} INFO - Processing file /home/airflow/.local/lib/python3.7/site-packages/airflow/example_dags/tutorial_etl_dag.py for tasks to queue
[2022-02-08 11:05:35,098] {logging_mixin.py:109} INFO - [2022-02-08 11:05:35,098] {dagbag.py:500} INFO - Filling up the DagBag from /home/airflow/.local/lib/python3.7/site-packages/airflow/example_dags/tutorial_etl_dag.py
[2022-02-08 11:05:35,743] {processor.py:654} INFO - DAG(s) dict_keys(['tutorial_etl_dag']) retrieved from /home/airflow/.local/lib/python3.7/site-packages/airflow/example_dags/tutorial_etl_dag.py
[2022-02-08 11:05:36,039] {logging_mixin.py:109} INFO - [2022-02-08 11:05:36,039] {dag.py:2396} INFO - Sync 1 DAGs
[2022-02-08 11:05:36,482] {logging_mixin.py:109} INFO - [2022-02-08 11:05:36,481] {dag.py:2935} INFO - Setting next_dagrun for tutorial_etl_dag to None
[2022-02-08 11:05:36,837] {processor.py:171} INFO - Processing /home/airflow/.local/lib/python3.7/site-packages/airflow/example_dags/tutorial_etl_dag.py took 1.822 seconds
[2022-02-08 11:08:19,816] {processor.py:163} INFO - Started process (PID=512) to work on /home/airflow/.local/lib/python3.7/site-packages/airflow/example_dags/tutorial_etl_dag.py
[2022-02-08 11:08:19,897] {processor.py:642} INFO - Processing file /home/airflow/.local/lib/python3.7/site-packages/airflow/example_dags/tutorial_etl_dag.py for tasks to queue
[2022-02-08 11:08:19,951] {logging_mixin.py:109} INFO - [2022-02-08 11:08:19,951] {dagbag.py:500} INFO - Filling up the DagBag from /home/airflow/.local/lib/python3.7/site-packages/airflow/example_dags/tutorial_etl_dag.py
[2022-02-08 11:08:21,739] {processor.py:654} INFO - DAG(s) dict_keys(['tutorial_etl_dag']) retrieved from /home/airflow/.local/lib/python3.7/site-packages/airflow/example_dags/tutorial_etl_dag.py
[2022-02-08 11:08:22,094] {logging_mixin.py:109} INFO - [2022-02-08 11:08:22,094] {dag.py:2396} INFO - Sync 1 DAGs
[2022-02-08 11:08:22,943] {logging_mixin.py:109} INFO - [2022-02-08 11:08:22,936] {dag.py:2935} INFO - Setting next_dagrun for tutorial_etl_dag to None
[2022-02-08 11:08:23,520] {processor.py:171} INFO - Processing /home/airflow/.local/lib/python3.7/site-packages/airflow/example_dags/tutorial_etl_dag.py took 3.870 seconds
[2022-02-08 11:19:35,157] {processor.py:163} INFO - Started process (PID=464) to work on /home/airflow/.local/lib/python3.7/site-packages/airflow/example_dags/tutorial_etl_dag.py
[2022-02-08 11:19:35,212] {processor.py:642} INFO - Processing file /home/airflow/.local/lib/python3.7/site-packages/airflow/example_dags/tutorial_etl_dag.py for tasks to queue
[2022-02-08 11:19:35,241] {logging_mixin.py:109} INFO - [2022-02-08 11:19:35,241] {dagbag.py:500} INFO - Filling up the DagBag from /home/airflow/.local/lib/python3.7/site-packages/airflow/example_dags/tutorial_etl_dag.py
[2022-02-08 11:19:36,225] {processor.py:654} INFO - DAG(s) dict_keys(['tutorial_etl_dag']) retrieved from /home/airflow/.local/lib/python3.7/site-packages/airflow/example_dags/tutorial_etl_dag.py
[2022-02-08 11:19:36,689] {logging_mixin.py:109} INFO - [2022-02-08 11:19:36,688] {dag.py:2396} INFO - Sync 1 DAGs
[2022-02-08 11:19:37,634] {logging_mixin.py:109} INFO - [2022-02-08 11:19:37,634] {dag.py:2935} INFO - Setting next_dagrun for tutorial_etl_dag to None
[2022-02-08 11:19:38,114] {processor.py:171} INFO - Processing /home/airflow/.local/lib/python3.7/site-packages/airflow/example_dags/tutorial_etl_dag.py took 3.062 seconds
[2022-02-08 11:22:35,295] {processor.py:163} INFO - Started process (PID=664) to work on /home/airflow/.local/lib/python3.7/site-packages/airflow/example_dags/tutorial_etl_dag.py
[2022-02-08 11:22:35,510] {processor.py:642} INFO - Processing file /home/airflow/.local/lib/python3.7/site-packages/airflow/example_dags/tutorial_etl_dag.py for tasks to queue
[2022-02-08 11:22:35,592] {logging_mixin.py:109} INFO - [2022-02-08 11:22:35,592] {dagbag.py:500} INFO - Filling up the DagBag from /home/airflow/.local/lib/python3.7/site-packages/airflow/example_dags/tutorial_etl_dag.py
[2022-02-08 11:22:38,917] {processor.py:654} INFO - DAG(s) dict_keys(['tutorial_etl_dag']) retrieved from /home/airflow/.local/lib/python3.7/site-packages/airflow/example_dags/tutorial_etl_dag.py
[2022-02-08 11:22:39,225] {logging_mixin.py:109} INFO - [2022-02-08 11:22:39,224] {dag.py:2396} INFO - Sync 1 DAGs
[2022-02-08 11:22:40,500] {logging_mixin.py:109} INFO - [2022-02-08 11:22:40,499] {dag.py:2935} INFO - Setting next_dagrun for tutorial_etl_dag to None
[2022-02-08 11:22:41,013] {processor.py:171} INFO - Processing /home/airflow/.local/lib/python3.7/site-packages/airflow/example_dags/tutorial_etl_dag.py took 5.992 seconds
[2022-02-08 11:33:04,463] {processor.py:163} INFO - Started process (PID=514) to work on /home/airflow/.local/lib/python3.7/site-packages/airflow/example_dags/tutorial_etl_dag.py
[2022-02-08 11:33:04,476] {processor.py:642} INFO - Processing file /home/airflow/.local/lib/python3.7/site-packages/airflow/example_dags/tutorial_etl_dag.py for tasks to queue
[2022-02-08 11:33:04,483] {logging_mixin.py:109} INFO - [2022-02-08 11:33:04,480] {dagbag.py:500} INFO - Filling up the DagBag from /home/airflow/.local/lib/python3.7/site-packages/airflow/example_dags/tutorial_etl_dag.py
[2022-02-08 12:35:27,775] {processor.py:163} INFO - Started process (PID=315) to work on /home/airflow/.local/lib/python3.7/site-packages/airflow/example_dags/tutorial_etl_dag.py
[2022-02-08 12:35:27,810] {processor.py:642} INFO - Processing file /home/airflow/.local/lib/python3.7/site-packages/airflow/example_dags/tutorial_etl_dag.py for tasks to queue
[2022-02-08 12:35:27,819] {logging_mixin.py:109} INFO - [2022-02-08 12:35:27,819] {dagbag.py:500} INFO - Filling up the DagBag from /home/airflow/.local/lib/python3.7/site-packages/airflow/example_dags/tutorial_etl_dag.py
[2022-02-08 12:35:28,254] {processor.py:654} INFO - DAG(s) dict_keys(['tutorial_etl_dag']) retrieved from /home/airflow/.local/lib/python3.7/site-packages/airflow/example_dags/tutorial_etl_dag.py
[2022-02-08 12:35:28,560] {logging_mixin.py:109} INFO - [2022-02-08 12:35:28,560] {dag.py:2396} INFO - Sync 1 DAGs
[2022-02-08 12:35:29,071] {logging_mixin.py:109} INFO - [2022-02-08 12:35:29,063] {dag.py:2935} INFO - Setting next_dagrun for tutorial_etl_dag to None
[2022-02-08 12:35:29,288] {processor.py:171} INFO - Processing /home/airflow/.local/lib/python3.7/site-packages/airflow/example_dags/tutorial_etl_dag.py took 1.552 seconds
[2022-02-08 12:36:25,443] {processor.py:163} INFO - Started process (PID=424) to work on /home/airflow/.local/lib/python3.7/site-packages/airflow/example_dags/tutorial_etl_dag.py
[2022-02-08 12:36:25,453] {processor.py:642} INFO - Processing file /home/airflow/.local/lib/python3.7/site-packages/airflow/example_dags/tutorial_etl_dag.py for tasks to queue
[2022-02-08 12:36:25,469] {logging_mixin.py:109} INFO - [2022-02-08 12:36:25,468] {dagbag.py:500} INFO - Filling up the DagBag from /home/airflow/.local/lib/python3.7/site-packages/airflow/example_dags/tutorial_etl_dag.py
[2022-02-08 12:36:26,088] {processor.py:654} INFO - DAG(s) dict_keys(['tutorial_etl_dag']) retrieved from /home/airflow/.local/lib/python3.7/site-packages/airflow/example_dags/tutorial_etl_dag.py
[2022-02-08 12:36:26,230] {logging_mixin.py:109} INFO - [2022-02-08 12:36:26,230] {dag.py:2396} INFO - Sync 1 DAGs
[2022-02-08 12:36:26,760] {logging_mixin.py:109} INFO - [2022-02-08 12:36:26,740] {dag.py:2935} INFO - Setting next_dagrun for tutorial_etl_dag to None
[2022-02-08 12:36:27,040] {processor.py:171} INFO - Processing /home/airflow/.local/lib/python3.7/site-packages/airflow/example_dags/tutorial_etl_dag.py took 1.644 seconds
[2022-02-08 12:40:00,913] {processor.py:163} INFO - Started process (PID=541) to work on /home/airflow/.local/lib/python3.7/site-packages/airflow/example_dags/tutorial_etl_dag.py
[2022-02-08 12:40:00,943] {processor.py:642} INFO - Processing file /home/airflow/.local/lib/python3.7/site-packages/airflow/example_dags/tutorial_etl_dag.py for tasks to queue
[2022-02-08 12:40:01,017] {logging_mixin.py:109} INFO - [2022-02-08 12:40:00,992] {dagbag.py:500} INFO - Filling up the DagBag from /home/airflow/.local/lib/python3.7/site-packages/airflow/example_dags/tutorial_etl_dag.py
[2022-02-08 12:40:02,062] {processor.py:654} INFO - DAG(s) dict_keys(['tutorial_etl_dag']) retrieved from /home/airflow/.local/lib/python3.7/site-packages/airflow/example_dags/tutorial_etl_dag.py
[2022-02-08 12:40:02,541] {logging_mixin.py:109} INFO - [2022-02-08 12:40:02,541] {dag.py:2396} INFO - Sync 1 DAGs
[2022-02-08 12:40:03,009] {logging_mixin.py:109} INFO - [2022-02-08 12:40:03,008] {dag.py:2935} INFO - Setting next_dagrun for tutorial_etl_dag to None
[2022-02-08 12:40:03,333] {processor.py:171} INFO - Processing /home/airflow/.local/lib/python3.7/site-packages/airflow/example_dags/tutorial_etl_dag.py took 2.458 seconds
[2022-02-08 12:42:45,859] {processor.py:163} INFO - Started process (PID=701) to work on /home/airflow/.local/lib/python3.7/site-packages/airflow/example_dags/tutorial_etl_dag.py
[2022-02-08 12:42:45,899] {processor.py:642} INFO - Processing file /home/airflow/.local/lib/python3.7/site-packages/airflow/example_dags/tutorial_etl_dag.py for tasks to queue
[2022-02-08 12:42:45,943] {logging_mixin.py:109} INFO - [2022-02-08 12:42:45,942] {dagbag.py:500} INFO - Filling up the DagBag from /home/airflow/.local/lib/python3.7/site-packages/airflow/example_dags/tutorial_etl_dag.py
[2022-02-08 12:42:46,932] {processor.py:654} INFO - DAG(s) dict_keys(['tutorial_etl_dag']) retrieved from /home/airflow/.local/lib/python3.7/site-packages/airflow/example_dags/tutorial_etl_dag.py
[2022-02-08 12:42:47,443] {logging_mixin.py:109} INFO - [2022-02-08 12:42:47,442] {dag.py:2396} INFO - Sync 1 DAGs
[2022-02-08 12:42:48,226] {logging_mixin.py:109} INFO - [2022-02-08 12:42:48,226] {dag.py:2935} INFO - Setting next_dagrun for tutorial_etl_dag to None
[2022-02-08 12:42:48,678] {processor.py:171} INFO - Processing /home/airflow/.local/lib/python3.7/site-packages/airflow/example_dags/tutorial_etl_dag.py took 2.896 seconds
[2022-02-08 12:44:46,375] {processor.py:163} INFO - Started process (PID=878) to work on /home/airflow/.local/lib/python3.7/site-packages/airflow/example_dags/tutorial_etl_dag.py
[2022-02-08 12:44:46,478] {processor.py:642} INFO - Processing file /home/airflow/.local/lib/python3.7/site-packages/airflow/example_dags/tutorial_etl_dag.py for tasks to queue
[2022-02-08 12:44:46,513] {logging_mixin.py:109} INFO - [2022-02-08 12:44:46,512] {dagbag.py:500} INFO - Filling up the DagBag from /home/airflow/.local/lib/python3.7/site-packages/airflow/example_dags/tutorial_etl_dag.py
[2022-02-08 12:44:47,671] {processor.py:654} INFO - DAG(s) dict_keys(['tutorial_etl_dag']) retrieved from /home/airflow/.local/lib/python3.7/site-packages/airflow/example_dags/tutorial_etl_dag.py
[2022-02-08 12:44:48,290] {logging_mixin.py:109} INFO - [2022-02-08 12:44:48,289] {dag.py:2396} INFO - Sync 1 DAGs
[2022-02-08 12:44:49,133] {logging_mixin.py:109} INFO - [2022-02-08 12:44:49,103] {dag.py:2935} INFO - Setting next_dagrun for tutorial_etl_dag to None
[2022-02-08 12:44:49,521] {processor.py:171} INFO - Processing /home/airflow/.local/lib/python3.7/site-packages/airflow/example_dags/tutorial_etl_dag.py took 3.359 seconds
[2022-02-08 12:45:59,595] {processor.py:163} INFO - Started process (PID=965) to work on /home/airflow/.local/lib/python3.7/site-packages/airflow/example_dags/tutorial_etl_dag.py
[2022-02-08 12:45:59,650] {processor.py:642} INFO - Processing file /home/airflow/.local/lib/python3.7/site-packages/airflow/example_dags/tutorial_etl_dag.py for tasks to queue
[2022-02-08 12:45:59,672] {logging_mixin.py:109} INFO - [2022-02-08 12:45:59,671] {dagbag.py:500} INFO - Filling up the DagBag from /home/airflow/.local/lib/python3.7/site-packages/airflow/example_dags/tutorial_etl_dag.py
[2022-02-08 12:46:00,614] {processor.py:654} INFO - DAG(s) dict_keys(['tutorial_etl_dag']) retrieved from /home/airflow/.local/lib/python3.7/site-packages/airflow/example_dags/tutorial_etl_dag.py
[2022-02-08 12:46:01,461] {logging_mixin.py:109} INFO - [2022-02-08 12:46:01,460] {dag.py:2396} INFO - Sync 1 DAGs
[2022-02-08 12:46:02,395] {logging_mixin.py:109} INFO - [2022-02-08 12:46:02,395] {dag.py:2935} INFO - Setting next_dagrun for tutorial_etl_dag to None
[2022-02-08 12:46:02,826] {processor.py:171} INFO - Processing /home/airflow/.local/lib/python3.7/site-packages/airflow/example_dags/tutorial_etl_dag.py took 3.378 seconds
[2022-02-08 12:49:45,456] {processor.py:163} INFO - Started process (PID=1207) to work on /home/airflow/.local/lib/python3.7/site-packages/airflow/example_dags/tutorial_etl_dag.py
[2022-02-08 12:49:45,555] {processor.py:642} INFO - Processing file /home/airflow/.local/lib/python3.7/site-packages/airflow/example_dags/tutorial_etl_dag.py for tasks to queue
[2022-02-08 12:49:45,608] {logging_mixin.py:109} INFO - [2022-02-08 12:49:45,608] {dagbag.py:500} INFO - Filling up the DagBag from /home/airflow/.local/lib/python3.7/site-packages/airflow/example_dags/tutorial_etl_dag.py
[2022-02-08 12:49:53,913] {processor.py:654} INFO - DAG(s) dict_keys(['tutorial_etl_dag']) retrieved from /home/airflow/.local/lib/python3.7/site-packages/airflow/example_dags/tutorial_etl_dag.py
[2022-02-08 12:49:57,384] {logging_mixin.py:109} INFO - [2022-02-08 12:49:57,383] {dag.py:2396} INFO - Sync 1 DAGs
[2022-02-08 12:49:58,996] {logging_mixin.py:109} INFO - [2022-02-08 12:49:58,992] {dag.py:2935} INFO - Setting next_dagrun for tutorial_etl_dag to None
[2022-02-08 12:49:59,963] {processor.py:171} INFO - Processing /home/airflow/.local/lib/python3.7/site-packages/airflow/example_dags/tutorial_etl_dag.py took 14.682 seconds
[2022-02-08 16:01:17,996] {processor.py:163} INFO - Started process (PID=269) to work on /home/airflow/.local/lib/python3.7/site-packages/airflow/example_dags/tutorial_etl_dag.py
[2022-02-08 16:01:18,009] {processor.py:642} INFO - Processing file /home/airflow/.local/lib/python3.7/site-packages/airflow/example_dags/tutorial_etl_dag.py for tasks to queue
[2022-02-08 16:01:18,025] {logging_mixin.py:109} INFO - [2022-02-08 16:01:18,022] {dagbag.py:500} INFO - Filling up the DagBag from /home/airflow/.local/lib/python3.7/site-packages/airflow/example_dags/tutorial_etl_dag.py
[2022-02-08 16:01:18,384] {processor.py:654} INFO - DAG(s) dict_keys(['tutorial_etl_dag']) retrieved from /home/airflow/.local/lib/python3.7/site-packages/airflow/example_dags/tutorial_etl_dag.py
[2022-02-08 16:01:18,617] {logging_mixin.py:109} INFO - [2022-02-08 16:01:18,617] {dag.py:2396} INFO - Sync 1 DAGs
[2022-02-08 16:01:18,868] {logging_mixin.py:109} INFO - [2022-02-08 16:01:18,868] {dag.py:2935} INFO - Setting next_dagrun for tutorial_etl_dag to None
[2022-02-08 16:01:19,043] {processor.py:171} INFO - Processing /home/airflow/.local/lib/python3.7/site-packages/airflow/example_dags/tutorial_etl_dag.py took 1.080 seconds
[2022-02-08 16:12:48,730] {processor.py:163} INFO - Started process (PID=310) to work on /home/airflow/.local/lib/python3.7/site-packages/airflow/example_dags/tutorial_etl_dag.py
[2022-02-08 16:12:48,756] {processor.py:642} INFO - Processing file /home/airflow/.local/lib/python3.7/site-packages/airflow/example_dags/tutorial_etl_dag.py for tasks to queue
[2022-02-08 16:12:48,767] {logging_mixin.py:109} INFO - [2022-02-08 16:12:48,767] {dagbag.py:500} INFO - Filling up the DagBag from /home/airflow/.local/lib/python3.7/site-packages/airflow/example_dags/tutorial_etl_dag.py
[2022-02-08 16:12:49,215] {processor.py:654} INFO - DAG(s) dict_keys(['tutorial_etl_dag']) retrieved from /home/airflow/.local/lib/python3.7/site-packages/airflow/example_dags/tutorial_etl_dag.py
[2022-02-08 16:12:49,418] {logging_mixin.py:109} INFO - [2022-02-08 16:12:49,417] {dag.py:2396} INFO - Sync 1 DAGs
[2022-02-08 16:12:49,741] {logging_mixin.py:109} INFO - [2022-02-08 16:12:49,740] {dag.py:2935} INFO - Setting next_dagrun for tutorial_etl_dag to None
[2022-02-08 16:12:49,940] {processor.py:171} INFO - Processing /home/airflow/.local/lib/python3.7/site-packages/airflow/example_dags/tutorial_etl_dag.py took 1.278 seconds
[2022-02-08 16:13:49,492] {processor.py:163} INFO - Started process (PID=429) to work on /home/airflow/.local/lib/python3.7/site-packages/airflow/example_dags/tutorial_etl_dag.py
[2022-02-08 16:13:49,534] {processor.py:642} INFO - Processing file /home/airflow/.local/lib/python3.7/site-packages/airflow/example_dags/tutorial_etl_dag.py for tasks to queue
[2022-02-08 16:13:49,583] {logging_mixin.py:109} INFO - [2022-02-08 16:13:49,579] {dagbag.py:500} INFO - Filling up the DagBag from /home/airflow/.local/lib/python3.7/site-packages/airflow/example_dags/tutorial_etl_dag.py
[2022-02-08 16:13:50,707] {processor.py:654} INFO - DAG(s) dict_keys(['tutorial_etl_dag']) retrieved from /home/airflow/.local/lib/python3.7/site-packages/airflow/example_dags/tutorial_etl_dag.py
[2022-02-08 16:13:51,092] {logging_mixin.py:109} INFO - [2022-02-08 16:13:51,092] {dag.py:2396} INFO - Sync 1 DAGs
[2022-02-08 16:13:51,663] {logging_mixin.py:109} INFO - [2022-02-08 16:13:51,662] {dag.py:2935} INFO - Setting next_dagrun for tutorial_etl_dag to None
[2022-02-08 16:13:52,030] {processor.py:171} INFO - Processing /home/airflow/.local/lib/python3.7/site-packages/airflow/example_dags/tutorial_etl_dag.py took 2.600 seconds
[2022-02-08 16:21:43,628] {processor.py:163} INFO - Started process (PID=696) to work on /home/airflow/.local/lib/python3.7/site-packages/airflow/example_dags/tutorial_etl_dag.py
[2022-02-08 16:21:43,660] {processor.py:642} INFO - Processing file /home/airflow/.local/lib/python3.7/site-packages/airflow/example_dags/tutorial_etl_dag.py for tasks to queue
[2022-02-08 16:21:43,688] {logging_mixin.py:109} INFO - [2022-02-08 16:21:43,687] {dagbag.py:500} INFO - Filling up the DagBag from /home/airflow/.local/lib/python3.7/site-packages/airflow/example_dags/tutorial_etl_dag.py
[2022-02-08 16:21:45,506] {processor.py:654} INFO - DAG(s) dict_keys(['tutorial_etl_dag']) retrieved from /home/airflow/.local/lib/python3.7/site-packages/airflow/example_dags/tutorial_etl_dag.py
[2022-02-08 16:21:46,564] {logging_mixin.py:109} INFO - [2022-02-08 16:21:46,563] {dag.py:2396} INFO - Sync 1 DAGs
[2022-02-08 16:21:47,649] {logging_mixin.py:109} INFO - [2022-02-08 16:21:47,648] {dag.py:2935} INFO - Setting next_dagrun for tutorial_etl_dag to None
[2022-02-08 16:21:48,191] {processor.py:171} INFO - Processing /home/airflow/.local/lib/python3.7/site-packages/airflow/example_dags/tutorial_etl_dag.py took 4.693 seconds
[2022-02-08 16:30:25,913] {processor.py:163} INFO - Started process (PID=427) to work on /home/airflow/.local/lib/python3.7/site-packages/airflow/example_dags/tutorial_etl_dag.py
[2022-02-08 16:30:25,927] {processor.py:642} INFO - Processing file /home/airflow/.local/lib/python3.7/site-packages/airflow/example_dags/tutorial_etl_dag.py for tasks to queue
[2022-02-08 16:30:25,974] {logging_mixin.py:109} INFO - [2022-02-08 16:30:25,956] {dagbag.py:500} INFO - Filling up the DagBag from /home/airflow/.local/lib/python3.7/site-packages/airflow/example_dags/tutorial_etl_dag.py
[2022-02-08 16:30:27,058] {processor.py:654} INFO - DAG(s) dict_keys(['tutorial_etl_dag']) retrieved from /home/airflow/.local/lib/python3.7/site-packages/airflow/example_dags/tutorial_etl_dag.py
[2022-02-08 16:30:27,828] {logging_mixin.py:109} INFO - [2022-02-08 16:30:27,828] {dag.py:2396} INFO - Sync 1 DAGs
[2022-02-08 16:30:28,323] {logging_mixin.py:109} INFO - [2022-02-08 16:30:28,322] {dag.py:2935} INFO - Setting next_dagrun for tutorial_etl_dag to None
[2022-02-08 16:30:28,560] {processor.py:171} INFO - Processing /home/airflow/.local/lib/python3.7/site-packages/airflow/example_dags/tutorial_etl_dag.py took 2.691 seconds
[2022-02-08 16:32:30,358] {processor.py:163} INFO - Started process (PID=578) to work on /home/airflow/.local/lib/python3.7/site-packages/airflow/example_dags/tutorial_etl_dag.py
[2022-02-08 16:32:30,408] {processor.py:642} INFO - Processing file /home/airflow/.local/lib/python3.7/site-packages/airflow/example_dags/tutorial_etl_dag.py for tasks to queue
[2022-02-08 16:32:30,459] {logging_mixin.py:109} INFO - [2022-02-08 16:32:30,458] {dagbag.py:500} INFO - Filling up the DagBag from /home/airflow/.local/lib/python3.7/site-packages/airflow/example_dags/tutorial_etl_dag.py
[2022-02-08 16:32:31,831] {processor.py:654} INFO - DAG(s) dict_keys(['tutorial_etl_dag']) retrieved from /home/airflow/.local/lib/python3.7/site-packages/airflow/example_dags/tutorial_etl_dag.py
[2022-02-08 16:32:32,532] {logging_mixin.py:109} INFO - [2022-02-08 16:32:32,532] {dag.py:2396} INFO - Sync 1 DAGs
[2022-02-08 16:32:33,341] {logging_mixin.py:109} INFO - [2022-02-08 16:32:33,341] {dag.py:2935} INFO - Setting next_dagrun for tutorial_etl_dag to None
[2022-02-08 16:32:33,965] {processor.py:171} INFO - Processing /home/airflow/.local/lib/python3.7/site-packages/airflow/example_dags/tutorial_etl_dag.py took 3.686 seconds
[2022-02-08 16:35:52,261] {processor.py:163} INFO - Started process (PID=736) to work on /home/airflow/.local/lib/python3.7/site-packages/airflow/example_dags/tutorial_etl_dag.py
[2022-02-08 16:35:52,295] {processor.py:642} INFO - Processing file /home/airflow/.local/lib/python3.7/site-packages/airflow/example_dags/tutorial_etl_dag.py for tasks to queue
[2022-02-08 16:35:52,353] {logging_mixin.py:109} INFO - [2022-02-08 16:35:52,353] {dagbag.py:500} INFO - Filling up the DagBag from /home/airflow/.local/lib/python3.7/site-packages/airflow/example_dags/tutorial_etl_dag.py
[2022-02-08 16:35:53,613] {processor.py:654} INFO - DAG(s) dict_keys(['tutorial_etl_dag']) retrieved from /home/airflow/.local/lib/python3.7/site-packages/airflow/example_dags/tutorial_etl_dag.py
[2022-02-08 16:35:54,317] {logging_mixin.py:109} INFO - [2022-02-08 16:35:54,317] {dag.py:2396} INFO - Sync 1 DAGs
[2022-02-08 16:35:55,634] {logging_mixin.py:109} INFO - [2022-02-08 16:35:55,620] {dag.py:2935} INFO - Setting next_dagrun for tutorial_etl_dag to None
[2022-02-08 16:35:56,050] {processor.py:171} INFO - Processing /home/airflow/.local/lib/python3.7/site-packages/airflow/example_dags/tutorial_etl_dag.py took 4.006 seconds
[2022-02-08 16:38:31,009] {processor.py:163} INFO - Started process (PID=904) to work on /home/airflow/.local/lib/python3.7/site-packages/airflow/example_dags/tutorial_etl_dag.py
[2022-02-08 16:38:31,027] {processor.py:642} INFO - Processing file /home/airflow/.local/lib/python3.7/site-packages/airflow/example_dags/tutorial_etl_dag.py for tasks to queue
[2022-02-08 16:38:31,072] {logging_mixin.py:109} INFO - [2022-02-08 16:38:31,072] {dagbag.py:500} INFO - Filling up the DagBag from /home/airflow/.local/lib/python3.7/site-packages/airflow/example_dags/tutorial_etl_dag.py
[2022-02-08 16:38:32,086] {processor.py:654} INFO - DAG(s) dict_keys(['tutorial_etl_dag']) retrieved from /home/airflow/.local/lib/python3.7/site-packages/airflow/example_dags/tutorial_etl_dag.py
[2022-02-08 16:38:32,690] {logging_mixin.py:109} INFO - [2022-02-08 16:38:32,688] {dag.py:2396} INFO - Sync 1 DAGs
[2022-02-08 16:38:33,411] {logging_mixin.py:109} INFO - [2022-02-08 16:38:33,411] {dag.py:2935} INFO - Setting next_dagrun for tutorial_etl_dag to None
[2022-02-08 16:38:33,810] {processor.py:171} INFO - Processing /home/airflow/.local/lib/python3.7/site-packages/airflow/example_dags/tutorial_etl_dag.py took 2.874 seconds
[2022-02-08 17:13:04,984] {processor.py:163} INFO - Started process (PID=1084) to work on /home/airflow/.local/lib/python3.7/site-packages/airflow/example_dags/tutorial_etl_dag.py
[2022-02-08 17:13:05,028] {processor.py:642} INFO - Processing file /home/airflow/.local/lib/python3.7/site-packages/airflow/example_dags/tutorial_etl_dag.py for tasks to queue
[2022-02-08 17:13:05,129] {logging_mixin.py:109} INFO - [2022-02-08 17:13:05,128] {dagbag.py:500} INFO - Filling up the DagBag from /home/airflow/.local/lib/python3.7/site-packages/airflow/example_dags/tutorial_etl_dag.py
[2022-02-08 17:13:06,328] {processor.py:654} INFO - DAG(s) dict_keys(['tutorial_etl_dag']) retrieved from /home/airflow/.local/lib/python3.7/site-packages/airflow/example_dags/tutorial_etl_dag.py
[2022-02-08 17:13:07,030] {logging_mixin.py:109} INFO - [2022-02-08 17:13:07,030] {dag.py:2396} INFO - Sync 1 DAGs
[2022-02-08 17:13:07,984] {logging_mixin.py:109} INFO - [2022-02-08 17:13:07,945] {dag.py:2935} INFO - Setting next_dagrun for tutorial_etl_dag to None
[2022-02-08 17:13:08,489] {processor.py:171} INFO - Processing /home/airflow/.local/lib/python3.7/site-packages/airflow/example_dags/tutorial_etl_dag.py took 3.636 seconds
[2022-02-08 17:14:56,107] {processor.py:163} INFO - Started process (PID=1247) to work on /home/airflow/.local/lib/python3.7/site-packages/airflow/example_dags/tutorial_etl_dag.py
[2022-02-08 17:14:56,169] {processor.py:642} INFO - Processing file /home/airflow/.local/lib/python3.7/site-packages/airflow/example_dags/tutorial_etl_dag.py for tasks to queue
[2022-02-08 17:14:56,215] {logging_mixin.py:109} INFO - [2022-02-08 17:14:56,215] {dagbag.py:500} INFO - Filling up the DagBag from /home/airflow/.local/lib/python3.7/site-packages/airflow/example_dags/tutorial_etl_dag.py
[2022-02-08 17:14:57,184] {processor.py:654} INFO - DAG(s) dict_keys(['tutorial_etl_dag']) retrieved from /home/airflow/.local/lib/python3.7/site-packages/airflow/example_dags/tutorial_etl_dag.py
[2022-02-08 17:14:57,685] {logging_mixin.py:109} INFO - [2022-02-08 17:14:57,684] {dag.py:2396} INFO - Sync 1 DAGs
[2022-02-08 17:14:58,449] {logging_mixin.py:109} INFO - [2022-02-08 17:14:58,448] {dag.py:2935} INFO - Setting next_dagrun for tutorial_etl_dag to None
[2022-02-08 17:14:58,811] {processor.py:171} INFO - Processing /home/airflow/.local/lib/python3.7/site-packages/airflow/example_dags/tutorial_etl_dag.py took 2.789 seconds
[2022-02-08 17:16:24,740] {processor.py:163} INFO - Started process (PID=1349) to work on /home/airflow/.local/lib/python3.7/site-packages/airflow/example_dags/tutorial_etl_dag.py
[2022-02-08 17:16:24,792] {processor.py:642} INFO - Processing file /home/airflow/.local/lib/python3.7/site-packages/airflow/example_dags/tutorial_etl_dag.py for tasks to queue
[2022-02-08 17:16:24,831] {logging_mixin.py:109} INFO - [2022-02-08 17:16:24,830] {dagbag.py:500} INFO - Filling up the DagBag from /home/airflow/.local/lib/python3.7/site-packages/airflow/example_dags/tutorial_etl_dag.py
[2022-02-08 17:16:25,687] {processor.py:654} INFO - DAG(s) dict_keys(['tutorial_etl_dag']) retrieved from /home/airflow/.local/lib/python3.7/site-packages/airflow/example_dags/tutorial_etl_dag.py
[2022-02-08 17:16:26,226] {logging_mixin.py:109} INFO - [2022-02-08 17:16:26,225] {dag.py:2396} INFO - Sync 1 DAGs
[2022-02-08 17:16:26,598] {logging_mixin.py:109} INFO - [2022-02-08 17:16:26,597] {dag.py:2935} INFO - Setting next_dagrun for tutorial_etl_dag to None
[2022-02-08 17:16:26,716] {processor.py:171} INFO - Processing /home/airflow/.local/lib/python3.7/site-packages/airflow/example_dags/tutorial_etl_dag.py took 2.077 seconds
[2022-02-08 17:19:25,337] {processor.py:163} INFO - Started process (PID=1543) to work on /home/airflow/.local/lib/python3.7/site-packages/airflow/example_dags/tutorial_etl_dag.py
[2022-02-08 17:19:25,385] {processor.py:642} INFO - Processing file /home/airflow/.local/lib/python3.7/site-packages/airflow/example_dags/tutorial_etl_dag.py for tasks to queue
[2022-02-08 17:19:25,413] {logging_mixin.py:109} INFO - [2022-02-08 17:19:25,412] {dagbag.py:500} INFO - Filling up the DagBag from /home/airflow/.local/lib/python3.7/site-packages/airflow/example_dags/tutorial_etl_dag.py
[2022-02-08 17:19:26,633] {processor.py:654} INFO - DAG(s) dict_keys(['tutorial_etl_dag']) retrieved from /home/airflow/.local/lib/python3.7/site-packages/airflow/example_dags/tutorial_etl_dag.py
[2022-02-08 17:19:27,271] {logging_mixin.py:109} INFO - [2022-02-08 17:19:27,271] {dag.py:2396} INFO - Sync 1 DAGs
[2022-02-08 17:19:28,156] {logging_mixin.py:109} INFO - [2022-02-08 17:19:28,155] {dag.py:2935} INFO - Setting next_dagrun for tutorial_etl_dag to None
[2022-02-08 17:19:28,665] {processor.py:171} INFO - Processing /home/airflow/.local/lib/python3.7/site-packages/airflow/example_dags/tutorial_etl_dag.py took 3.482 seconds
[2022-02-08 17:21:22,468] {processor.py:163} INFO - Started process (PID=1692) to work on /home/airflow/.local/lib/python3.7/site-packages/airflow/example_dags/tutorial_etl_dag.py
[2022-02-08 17:21:22,501] {processor.py:642} INFO - Processing file /home/airflow/.local/lib/python3.7/site-packages/airflow/example_dags/tutorial_etl_dag.py for tasks to queue
[2022-02-08 17:21:22,596] {logging_mixin.py:109} INFO - [2022-02-08 17:21:22,596] {dagbag.py:500} INFO - Filling up the DagBag from /home/airflow/.local/lib/python3.7/site-packages/airflow/example_dags/tutorial_etl_dag.py
[2022-02-08 17:21:23,556] {processor.py:654} INFO - DAG(s) dict_keys(['tutorial_etl_dag']) retrieved from /home/airflow/.local/lib/python3.7/site-packages/airflow/example_dags/tutorial_etl_dag.py
[2022-02-08 17:21:24,164] {logging_mixin.py:109} INFO - [2022-02-08 17:21:24,164] {dag.py:2396} INFO - Sync 1 DAGs
[2022-02-08 17:21:24,770] {logging_mixin.py:109} INFO - [2022-02-08 17:21:24,748] {dag.py:2935} INFO - Setting next_dagrun for tutorial_etl_dag to None
[2022-02-08 17:21:25,110] {processor.py:171} INFO - Processing /home/airflow/.local/lib/python3.7/site-packages/airflow/example_dags/tutorial_etl_dag.py took 2.739 seconds
[2022-02-08 17:22:18,834] {processor.py:163} INFO - Started process (PID=1782) to work on /home/airflow/.local/lib/python3.7/site-packages/airflow/example_dags/tutorial_etl_dag.py
[2022-02-08 17:22:18,862] {processor.py:642} INFO - Processing file /home/airflow/.local/lib/python3.7/site-packages/airflow/example_dags/tutorial_etl_dag.py for tasks to queue
[2022-02-08 17:22:18,884] {logging_mixin.py:109} INFO - [2022-02-08 17:22:18,884] {dagbag.py:500} INFO - Filling up the DagBag from /home/airflow/.local/lib/python3.7/site-packages/airflow/example_dags/tutorial_etl_dag.py
[2022-02-08 17:22:19,249] {processor.py:654} INFO - DAG(s) dict_keys(['tutorial_etl_dag']) retrieved from /home/airflow/.local/lib/python3.7/site-packages/airflow/example_dags/tutorial_etl_dag.py
[2022-02-08 17:22:19,335] {logging_mixin.py:109} INFO - [2022-02-08 17:22:19,335] {dag.py:2396} INFO - Sync 1 DAGs
[2022-02-08 17:22:20,074] {logging_mixin.py:109} INFO - [2022-02-08 17:22:20,040] {dag.py:2935} INFO - Setting next_dagrun for tutorial_etl_dag to None
[2022-02-08 17:22:20,556] {processor.py:171} INFO - Processing /home/airflow/.local/lib/python3.7/site-packages/airflow/example_dags/tutorial_etl_dag.py took 1.746 seconds
[2022-02-08 17:24:19,966] {processor.py:163} INFO - Started process (PID=1866) to work on /home/airflow/.local/lib/python3.7/site-packages/airflow/example_dags/tutorial_etl_dag.py
[2022-02-08 17:24:19,988] {processor.py:642} INFO - Processing file /home/airflow/.local/lib/python3.7/site-packages/airflow/example_dags/tutorial_etl_dag.py for tasks to queue
[2022-02-08 17:24:20,017] {logging_mixin.py:109} INFO - [2022-02-08 17:24:20,017] {dagbag.py:500} INFO - Filling up the DagBag from /home/airflow/.local/lib/python3.7/site-packages/airflow/example_dags/tutorial_etl_dag.py
[2022-02-08 17:24:20,755] {processor.py:654} INFO - DAG(s) dict_keys(['tutorial_etl_dag']) retrieved from /home/airflow/.local/lib/python3.7/site-packages/airflow/example_dags/tutorial_etl_dag.py
[2022-02-08 17:24:21,087] {logging_mixin.py:109} INFO - [2022-02-08 17:24:21,087] {dag.py:2396} INFO - Sync 1 DAGs
[2022-02-08 17:24:21,595] {logging_mixin.py:109} INFO - [2022-02-08 17:24:21,595] {dag.py:2935} INFO - Setting next_dagrun for tutorial_etl_dag to None
[2022-02-08 17:24:21,895] {processor.py:171} INFO - Processing /home/airflow/.local/lib/python3.7/site-packages/airflow/example_dags/tutorial_etl_dag.py took 1.945 seconds
[2022-02-08 17:38:16,152] {processor.py:163} INFO - Started process (PID=2247) to work on /home/airflow/.local/lib/python3.7/site-packages/airflow/example_dags/tutorial_etl_dag.py
[2022-02-08 17:38:16,224] {processor.py:642} INFO - Processing file /home/airflow/.local/lib/python3.7/site-packages/airflow/example_dags/tutorial_etl_dag.py for tasks to queue
[2022-02-08 17:38:16,274] {logging_mixin.py:109} INFO - [2022-02-08 17:38:16,274] {dagbag.py:500} INFO - Filling up the DagBag from /home/airflow/.local/lib/python3.7/site-packages/airflow/example_dags/tutorial_etl_dag.py
[2022-02-08 17:38:18,465] {processor.py:654} INFO - DAG(s) dict_keys(['tutorial_etl_dag']) retrieved from /home/airflow/.local/lib/python3.7/site-packages/airflow/example_dags/tutorial_etl_dag.py
[2022-02-08 17:38:19,850] {logging_mixin.py:109} INFO - [2022-02-08 17:38:19,843] {dag.py:2396} INFO - Sync 1 DAGs
[2022-02-08 17:38:27,938] {logging_mixin.py:109} INFO - [2022-02-08 17:38:27,935] {dag.py:2935} INFO - Setting next_dagrun for tutorial_etl_dag to None
[2022-02-08 17:38:29,297] {processor.py:171} INFO - Processing /home/airflow/.local/lib/python3.7/site-packages/airflow/example_dags/tutorial_etl_dag.py took 12.426 seconds
[2022-02-08 17:45:40,927] {processor.py:163} INFO - Started process (PID=328) to work on /home/airflow/.local/lib/python3.7/site-packages/airflow/example_dags/tutorial_etl_dag.py
[2022-02-08 17:45:40,980] {processor.py:642} INFO - Processing file /home/airflow/.local/lib/python3.7/site-packages/airflow/example_dags/tutorial_etl_dag.py for tasks to queue
[2022-02-08 17:45:41,100] {logging_mixin.py:109} INFO - [2022-02-08 17:45:41,073] {dagbag.py:500} INFO - Filling up the DagBag from /home/airflow/.local/lib/python3.7/site-packages/airflow/example_dags/tutorial_etl_dag.py
[2022-02-08 17:57:43,279] {processor.py:163} INFO - Started process (PID=604) to work on /home/airflow/.local/lib/python3.7/site-packages/airflow/example_dags/tutorial_etl_dag.py
[2022-02-08 17:57:43,286] {processor.py:642} INFO - Processing file /home/airflow/.local/lib/python3.7/site-packages/airflow/example_dags/tutorial_etl_dag.py for tasks to queue
[2022-02-08 17:57:43,312] {logging_mixin.py:109} INFO - [2022-02-08 17:57:43,309] {dagbag.py:500} INFO - Filling up the DagBag from /home/airflow/.local/lib/python3.7/site-packages/airflow/example_dags/tutorial_etl_dag.py
[2022-02-08 17:57:53,859] {processor.py:654} INFO - DAG(s) dict_keys(['tutorial_etl_dag']) retrieved from /home/airflow/.local/lib/python3.7/site-packages/airflow/example_dags/tutorial_etl_dag.py
[2022-02-08 17:57:54,617] {logging_mixin.py:109} INFO - [2022-02-08 17:57:54,613] {dag.py:2396} INFO - Sync 1 DAGs
[2022-02-08 17:57:54,913] {logging_mixin.py:109} INFO - [2022-02-08 17:57:54,912] {dag.py:2935} INFO - Setting next_dagrun for tutorial_etl_dag to None
[2022-02-08 17:57:55,684] {processor.py:171} INFO - Processing /home/airflow/.local/lib/python3.7/site-packages/airflow/example_dags/tutorial_etl_dag.py took 12.512 seconds
[2022-02-08 18:00:58,248] {processor.py:163} INFO - Started process (PID=788) to work on /home/airflow/.local/lib/python3.7/site-packages/airflow/example_dags/tutorial_etl_dag.py
[2022-02-08 18:00:58,308] {processor.py:642} INFO - Processing file /home/airflow/.local/lib/python3.7/site-packages/airflow/example_dags/tutorial_etl_dag.py for tasks to queue
[2022-02-08 18:00:58,321] {logging_mixin.py:109} INFO - [2022-02-08 18:00:58,320] {dagbag.py:500} INFO - Filling up the DagBag from /home/airflow/.local/lib/python3.7/site-packages/airflow/example_dags/tutorial_etl_dag.py
[2022-02-08 18:00:59,246] {processor.py:654} INFO - DAG(s) dict_keys(['tutorial_etl_dag']) retrieved from /home/airflow/.local/lib/python3.7/site-packages/airflow/example_dags/tutorial_etl_dag.py
[2022-02-08 18:00:59,751] {logging_mixin.py:109} INFO - [2022-02-08 18:00:59,751] {dag.py:2396} INFO - Sync 1 DAGs
[2022-02-08 18:01:00,515] {logging_mixin.py:109} INFO - [2022-02-08 18:01:00,514] {dag.py:2935} INFO - Setting next_dagrun for tutorial_etl_dag to None
[2022-02-08 18:01:00,867] {processor.py:171} INFO - Processing /home/airflow/.local/lib/python3.7/site-packages/airflow/example_dags/tutorial_etl_dag.py took 2.692 seconds
[2022-02-08 18:03:02,271] {processor.py:163} INFO - Started process (PID=960) to work on /home/airflow/.local/lib/python3.7/site-packages/airflow/example_dags/tutorial_etl_dag.py
[2022-02-08 18:03:02,318] {processor.py:642} INFO - Processing file /home/airflow/.local/lib/python3.7/site-packages/airflow/example_dags/tutorial_etl_dag.py for tasks to queue
[2022-02-08 18:03:02,407] {logging_mixin.py:109} INFO - [2022-02-08 18:03:02,373] {dagbag.py:500} INFO - Filling up the DagBag from /home/airflow/.local/lib/python3.7/site-packages/airflow/example_dags/tutorial_etl_dag.py
[2022-02-08 18:03:04,218] {processor.py:654} INFO - DAG(s) dict_keys(['tutorial_etl_dag']) retrieved from /home/airflow/.local/lib/python3.7/site-packages/airflow/example_dags/tutorial_etl_dag.py
[2022-02-08 18:03:04,867] {logging_mixin.py:109} INFO - [2022-02-08 18:03:04,839] {dag.py:2396} INFO - Sync 1 DAGs
[2022-02-08 18:03:05,673] {logging_mixin.py:109} INFO - [2022-02-08 18:03:05,672] {dag.py:2935} INFO - Setting next_dagrun for tutorial_etl_dag to None
[2022-02-08 18:03:06,050] {processor.py:171} INFO - Processing /home/airflow/.local/lib/python3.7/site-packages/airflow/example_dags/tutorial_etl_dag.py took 3.843 seconds
[2022-02-08 18:06:16,363] {processor.py:163} INFO - Started process (PID=1133) to work on /home/airflow/.local/lib/python3.7/site-packages/airflow/example_dags/tutorial_etl_dag.py
[2022-02-08 18:06:16,399] {processor.py:642} INFO - Processing file /home/airflow/.local/lib/python3.7/site-packages/airflow/example_dags/tutorial_etl_dag.py for tasks to queue
[2022-02-08 18:06:16,439] {logging_mixin.py:109} INFO - [2022-02-08 18:06:16,417] {dagbag.py:500} INFO - Filling up the DagBag from /home/airflow/.local/lib/python3.7/site-packages/airflow/example_dags/tutorial_etl_dag.py
[2022-02-08 18:06:17,519] {processor.py:654} INFO - DAG(s) dict_keys(['tutorial_etl_dag']) retrieved from /home/airflow/.local/lib/python3.7/site-packages/airflow/example_dags/tutorial_etl_dag.py
[2022-02-08 18:06:18,159] {logging_mixin.py:109} INFO - [2022-02-08 18:06:18,156] {dag.py:2396} INFO - Sync 1 DAGs
[2022-02-08 18:06:19,091] {logging_mixin.py:109} INFO - [2022-02-08 18:06:19,091] {dag.py:2935} INFO - Setting next_dagrun for tutorial_etl_dag to None
[2022-02-08 18:06:19,980] {processor.py:171} INFO - Processing /home/airflow/.local/lib/python3.7/site-packages/airflow/example_dags/tutorial_etl_dag.py took 3.704 seconds
